2023-05-08 10:04:26 [noon-ai-dis-was] info: [DIS-API] GET /env -  환경변수 조회 완료
2023-05-08 10:04:30 [noon-ai-dis-was] info: [DIS-API] POST /first-login -  1차 로그인 완료
2023-05-08 10:04:31 [noon-ai-dis-was] info: [DIS-API] PUT /login/failCount/clear -  로그인 실패 횟수 0 초기화
2023-05-08 10:04:31 [noon-ai-dis-was] info: [DIS-API] POST /login -  관리자 MHNCity 로그인 완료
2023-05-08 10:04:31 [noon-ai-dis-was] info: [DIS-API] PUT /login/lockCount -  lock_count 0 초기화
2023-05-08 10:04:31 [noon-ai-dis-was] info: [DIS-API] GET /signup/request -  가입요청 목록 조회 완료
2023-05-08 10:04:31 [noon-ai-dis-was] info: [DIS-API] GET /user -  유저 정보조회 완료
2023-05-08 10:04:34 [noon-ai-dis-was] info: [DIS-API] GET /env -  환경변수 조회 완료
2023-05-08 10:04:34 [noon-ai-dis-was] info: [NCP-API] GET /bucket/list -  버킷 목록 조회 완료
2023-05-08 10:04:34 [noon-ai-dis-was] info: [DIS-API] GET /tenant -  테넌트 목록 조회 완료
2023-05-08 10:04:34 [noon-ai-dis-was] info: [DIS-API] GET /user -  유저 정보조회 완료
2023-05-08 10:08:45 [noon-ai-dis-was] info: [DIS-API] GET /env -  환경변수 조회 완료
2023-05-08 10:08:46 [noon-ai-dis-was] info: [NCP-API] GET /bucket/list -  버킷 목록 조회 완료
2023-05-08 10:08:46 [noon-ai-dis-was] info: [DIS-API] GET /tenant -  테넌트 목록 조회 완료
2023-05-08 10:08:46 [noon-ai-dis-was] info: [DIS-API] GET /user -  유저 정보조회 완료
2023-05-08 10:10:06 [noon-ai-dis-was] info: [DIS-API] GET /env -  환경변수 조회 완료
2023-05-08 10:10:07 [noon-ai-dis-was] info: [NCP-API] GET /bucket/list -  버킷 목록 조회 완료
2023-05-08 10:10:07 [noon-ai-dis-was] info: [DIS-API] GET /tenant -  테넌트 목록 조회 완료
2023-05-08 10:10:07 [noon-ai-dis-was] info: [DIS-API] GET /user -  유저 정보조회 완료
2023-05-08 10:18:42 [noon-ai-dis-was] info: [DIS-API] GET /env -  환경변수 조회 완료
2023-05-08 10:18:43 [noon-ai-dis-was] info: [NCP-API] GET /bucket/list -  버킷 목록 조회 완료
2023-05-08 10:18:43 [noon-ai-dis-was] info: [DIS-API] GET /tenant -  테넌트 목록 조회 완료
2023-05-08 10:18:43 [noon-ai-dis-was] info: [DIS-API] GET /user -  유저 정보조회 완료
2023-05-08 10:18:50 [noon-ai-dis-was] info: [NCP-API] GET /database/instanceNumber -  데이터베이스 Instance No 조회 완료
2023-05-08 10:18:50 [noon-ai-dis-was] info: [NCP-API] DELETE /database -  dev-dis-tenant-79 삭제 완료
2023-05-08 10:18:53 [noon-ai-dis-was] info: [DIS-API] GET /env -  환경변수 조회 완료
2023-05-08 10:18:53 [noon-ai-dis-was] info: [NCP-API] GET /bucket/list -  버킷 목록 조회 완료
2023-05-08 10:18:53 [noon-ai-dis-was] info: [DIS-API] GET /tenant -  테넌트 목록 조회 완료
2023-05-08 10:18:53 [noon-ai-dis-was] info: [DIS-API] GET /user -  유저 정보조회 완료
2023-05-08 10:19:23 [noon-ai-dis-was] info: [DIS-API] GET /env -  환경변수 조회 완료
2023-05-08 10:19:23 [noon-ai-dis-was] info: [NCP-API] GET /bucket/list -  버킷 목록 조회 완료
2023-05-08 10:19:23 [noon-ai-dis-was] info: [DIS-API] GET /tenant -  테넌트 목록 조회 완료
2023-05-08 10:19:23 [noon-ai-dis-was] info: [DIS-API] GET /user -  유저 정보조회 완료
2023-05-08 10:22:14 [noon-ai-dis-was] info: [DIS-API] GET /env -  환경변수 조회 완료
2023-05-08 10:22:14 [noon-ai-dis-was] info: [NCP-API] GET /bucket/list -  버킷 목록 조회 완료
2023-05-08 10:22:14 [noon-ai-dis-was] info: [DIS-API] GET /tenant -  테넌트 목록 조회 완료
2023-05-08 10:22:14 [noon-ai-dis-was] info: [DIS-API] GET /user -  유저 정보조회 완료
2023-05-08 10:22:26 [noon-ai-dis-was] info: [NCP-API] GET /database/instanceNumber -  데이터베이스 Instance No 조회 완료
2023-05-08 10:22:26 [noon-ai-dis-was] info: [NCP-API] DELETE /database -  dev-dis-tenant-78 삭제 완료
2023-05-08 10:26:42 [noon-ai-dis-was] info: [DIS-API] GET /env -  환경변수 조회 완료
2023-05-08 10:26:42 [noon-ai-dis-was] info: [NCP-API] GET /bucket/list -  버킷 목록 조회 완료
2023-05-08 10:26:42 [noon-ai-dis-was] info: [DIS-API] GET /tenant -  테넌트 목록 조회 완료
2023-05-08 10:26:42 [noon-ai-dis-was] info: [DIS-API] GET /user -  유저 정보조회 완료
2023-05-08 10:26:51 [noon-ai-dis-was] info: [NCP-API] GET /database/instanceNumber -  데이터베이스 Instance No 조회 완료
2023-05-08 10:26:51 [noon-ai-dis-was] info: [NCP-API] DELETE /database -  dev-dis-tenant-77 삭제 완료
2023-05-08 10:26:56 [noon-ai-dis-was] info: [DIS-API] GET /env -  환경변수 조회 완료
2023-05-08 10:26:56 [noon-ai-dis-was] info: [NCP-API] GET /bucket/list -  버킷 목록 조회 완료
2023-05-08 10:26:56 [noon-ai-dis-was] info: [DIS-API] GET /tenant -  테넌트 목록 조회 완료
2023-05-08 10:26:56 [noon-ai-dis-was] info: [DIS-API] GET /user -  유저 정보조회 완료
2023-05-08 10:27:16 [noon-ai-dis-was] info: [DIS-API] GET /env -  환경변수 조회 완료
2023-05-08 10:27:16 [noon-ai-dis-was] info: [NCP-API] GET /bucket/list -  버킷 목록 조회 완료
2023-05-08 10:27:16 [noon-ai-dis-was] info: [DIS-API] GET /tenant -  테넌트 목록 조회 완료
2023-05-08 10:27:16 [noon-ai-dis-was] info: [DIS-API] GET /user -  유저 정보조회 완료
2023-05-08 10:27:19 [noon-ai-dis-was] info: [NCP-API] GET /database/instanceNumber -  데이터베이스 Instance No 조회 완료
2023-05-08 10:27:19 [noon-ai-dis-was] info: [NCP-API] DELETE /database -  dev-dis-tenant-76 삭제 완료
2023-05-08 10:27:29 [noon-ai-dis-was] info: [NCP-API] GET /database/instanceNumber -  데이터베이스 Instance No 조회 완료
2023-05-08 10:27:34 [noon-ai-dis-was] info: [DIS-API] GET /env -  환경변수 조회 완료
2023-05-08 10:27:34 [noon-ai-dis-was] info: [NCP-API] GET /bucket/list -  버킷 목록 조회 완료
2023-05-08 10:27:34 [noon-ai-dis-was] info: [DIS-API] GET /tenant -  테넌트 목록 조회 완료
2023-05-08 10:27:34 [noon-ai-dis-was] info: [DIS-API] GET /user -  유저 정보조회 완료
2023-05-08 14:23:55 [noon-ai-dis-was] info: [DIS-API] GET /env -  환경변수 조회 완료
2023-05-08 14:23:59 [noon-ai-dis-was] info: [DIS-API] POST /first-login -  1차 로그인 완료
2023-05-08 14:24:00 [noon-ai-dis-was] info: [DIS-API] PUT /login/failCount/clear -  로그인 실패 횟수 0 초기화
2023-05-08 14:24:00 [noon-ai-dis-was] info: [DIS-API] PUT /login/lockCount -  lock_count 0 초기화
2023-05-08 14:24:00 [noon-ai-dis-was] info: [DIS-API] POST /login -  관리자 MHNCity 로그인 완료
2023-05-08 14:24:00 [noon-ai-dis-was] info: [DIS-API] GET /signup/request -  가입요청 목록 조회 완료
2023-05-08 14:24:00 [noon-ai-dis-was] info: [DIS-API] GET /user -  유저 정보조회 완료
2023-05-08 14:24:45 [noon-ai-dis-was] info: [DIS-API] GET /env -  환경변수 조회 완료
2023-05-08 14:24:45 [noon-ai-dis-was] info: [NCP-API] GET /bucket/list -  버킷 목록 조회 완료
2023-05-08 14:24:45 [noon-ai-dis-was] info: [DIS-API] GET /tenant -  테넌트 목록 조회 완료
2023-05-08 14:24:45 [noon-ai-dis-was] info: [DIS-API] GET /user -  유저 정보조회 완료
2023-05-08 14:25:04 [noon-ai-dis-was] info: [DIS-API] GET /env -  환경변수 조회 완료
2023-05-08 14:25:48 [noon-ai-dis-was] info: [DIS-API] GET /env -  환경변수 조회 완료
2023-05-08 14:25:49 [noon-ai-dis-was] info: [NCP-API] GET /bucket/list -  버킷 목록 조회 완료
2023-05-08 14:25:49 [noon-ai-dis-was] info: [DIS-API] GET /tenant -  테넌트 목록 조회 완료
2023-05-08 14:25:49 [noon-ai-dis-was] info: [DIS-API] GET /user -  유저 정보조회 완료
2023-05-08 14:25:58 [noon-ai-dis-was] info: [DIS-API] GET /env -  환경변수 조회 완료
2023-05-08 14:25:59 [noon-ai-dis-was] info: [NCP-API] GET /bucket/list -  버킷 목록 조회 완료
2023-05-08 14:25:59 [noon-ai-dis-was] info: [DIS-API] GET /tenant -  테넌트 목록 조회 완료
2023-05-08 14:25:59 [noon-ai-dis-was] info: [DIS-API] GET /user -  유저 정보조회 완료
2023-05-08 14:26:14 [noon-ai-dis-was] info: [NCP-API] GET /database/instanceNumber -  데이터베이스 Instance No 조회 완료
2023-05-08 14:26:14 [noon-ai-dis-was] info: [NCP-API] DELETE /database -  dev-dis-tenant-79 삭제 완료
2023-05-08 14:28:48 [noon-ai-dis-was] info: [DIS-API] GET /env -  환경변수 조회 완료
2023-05-08 14:28:48 [noon-ai-dis-was] info: [NCP-API] GET /bucket/list -  버킷 목록 조회 완료
2023-05-08 14:28:48 [noon-ai-dis-was] info: [DIS-API] GET /tenant -  테넌트 목록 조회 완료
2023-05-08 14:28:48 [noon-ai-dis-was] info: [DIS-API] GET /user -  유저 정보조회 완료
2023-05-08 14:28:51 [noon-ai-dis-was] info: [NCP-API] GET /database/instanceNumber -  데이터베이스 Instance No 조회 완료
2023-05-08 14:28:51 [noon-ai-dis-was] info: [NCP-API] DELETE /database -  dev-dis-tenant-78 삭제 완료
2023-05-08 14:29:06 [noon-ai-dis-was] info: [DIS-API] GET /env -  환경변수 조회 완료
2023-05-08 14:29:06 [noon-ai-dis-was] info: [NCP-API] GET /bucket/list -  버킷 목록 조회 완료
2023-05-08 14:29:06 [noon-ai-dis-was] info: [DIS-API] GET /tenant -  테넌트 목록 조회 완료
2023-05-08 14:29:07 [noon-ai-dis-was] info: [DIS-API] GET /user -  유저 정보조회 완료
2023-05-08 14:29:09 [noon-ai-dis-was] info: [NCP-API] GET /database/instanceNumber -  데이터베이스 Instance No 조회 완료
2023-05-08 14:29:09 [noon-ai-dis-was] info: [NCP-API] DELETE /database -  dev-dis-tenant-77 삭제 완료
2023-05-08 14:31:58 [noon-ai-dis-was] info: [DIS-API] GET /env -  환경변수 조회 완료
2023-05-08 14:31:58 [noon-ai-dis-was] info: [NCP-API] GET /bucket/list -  버킷 목록 조회 완료
2023-05-08 14:31:58 [noon-ai-dis-was] info: [DIS-API] GET /tenant -  테넌트 목록 조회 완료
2023-05-08 14:31:58 [noon-ai-dis-was] info: [DIS-API] GET /user -  유저 정보조회 완료
2023-05-08 14:32:01 [noon-ai-dis-was] info: [NCP-API] GET /database/instanceNumber -  데이터베이스 Instance No 조회 완료
2023-05-08 14:32:01 [noon-ai-dis-was] info: [NCP-API] DELETE /database -  dev-dis-tenant-76 삭제 완료
2023-05-08 14:33:28 [noon-ai-dis-was] info: [DIS-API] GET /env -  환경변수 조회 완료
2023-05-08 14:33:28 [noon-ai-dis-was] info: [NCP-API] GET /bucket/list -  버킷 목록 조회 완료
2023-05-08 14:33:28 [noon-ai-dis-was] info: [DIS-API] GET /tenant -  테넌트 목록 조회 완료
2023-05-08 14:33:28 [noon-ai-dis-was] info: [DIS-API] GET /user -  유저 정보조회 완료
2023-05-08 14:33:31 [noon-ai-dis-was] info: [NCP-API] GET /database/instanceNumber -  데이터베이스 Instance No 조회 완료
2023-05-08 14:33:31 [noon-ai-dis-was] info: [NCP-API] DELETE /database -  dev-dis-tenant-75 삭제 완료
2023-05-08 14:33:47 [noon-ai-dis-was] info: [DIS-API] GET /env -  환경변수 조회 완료
2023-05-08 14:33:47 [noon-ai-dis-was] info: [NCP-API] GET /bucket/list -  버킷 목록 조회 완료
2023-05-08 14:33:47 [noon-ai-dis-was] info: [DIS-API] GET /tenant -  테넌트 목록 조회 완료
2023-05-08 14:33:47 [noon-ai-dis-was] info: [DIS-API] GET /user -  유저 정보조회 완료
2023-05-08 14:33:51 [noon-ai-dis-was] info: [NCP-API] GET /database/instanceNumber -  데이터베이스 Instance No 조회 완료
2023-05-08 14:33:51 [noon-ai-dis-was] info: [NCP-API] DELETE /database -  dev-dis-tenant-74 삭제 완료
2023-05-08 14:34:37 [noon-ai-dis-was] info: [DIS-API] GET /env -  환경변수 조회 완료
2023-05-08 14:34:38 [noon-ai-dis-was] info: [NCP-API] GET /bucket/list -  버킷 목록 조회 완료
2023-05-08 14:34:38 [noon-ai-dis-was] info: [DIS-API] GET /tenant -  테넌트 목록 조회 완료
2023-05-08 14:34:38 [noon-ai-dis-was] info: [DIS-API] GET /user -  유저 정보조회 완료
2023-05-08 14:34:42 [noon-ai-dis-was] info: [NCP-API] GET /database/instanceNumber -  데이터베이스 Instance No 조회 완료
2023-05-08 14:34:43 [noon-ai-dis-was] info: [NCP-API] DELETE /database -  dev-dis-tenant-73 삭제 완료
2023-05-08 14:35:45 [noon-ai-dis-was] info: [DIS-API] GET /env -  환경변수 조회 완료
2023-05-08 14:35:45 [noon-ai-dis-was] info: [NCP-API] GET /bucket/list -  버킷 목록 조회 완료
2023-05-08 14:35:45 [noon-ai-dis-was] info: [DIS-API] GET /tenant -  테넌트 목록 조회 완료
2023-05-08 14:35:45 [noon-ai-dis-was] info: [DIS-API] GET /user -  유저 정보조회 완료
2023-05-08 14:35:53 [noon-ai-dis-was] info: [NCP-API] GET /database/instanceNumber -  데이터베이스 Instance No 조회 완료
2023-05-08 14:35:53 [noon-ai-dis-was] info: [NCP-API] DELETE /database -  dev-dis-tenant-72 삭제 완료
2023-05-08 14:43:43 [noon-ai-dis-was] info: [DIS-API] GET /env -  환경변수 조회 완료
2023-05-08 14:43:44 [noon-ai-dis-was] info: [NCP-API] GET /bucket/list -  버킷 목록 조회 완료
2023-05-08 14:43:44 [noon-ai-dis-was] info: [DIS-API] GET /tenant -  테넌트 목록 조회 완료
2023-05-08 14:43:44 [noon-ai-dis-was] info: [DIS-API] GET /user -  유저 정보조회 완료
2023-05-08 14:44:22 [noon-ai-dis-was] info: [DIS-API] GET /env -  환경변수 조회 완료
2023-05-08 14:44:23 [noon-ai-dis-was] info: [NCP-API] GET /bucket/list -  버킷 목록 조회 완료
2023-05-08 14:44:23 [noon-ai-dis-was] info: [DIS-API] GET /tenant -  테넌트 목록 조회 완료
2023-05-08 14:44:23 [noon-ai-dis-was] info: [DIS-API] GET /user -  유저 정보조회 완료
2023-05-08 14:44:29 [noon-ai-dis-was] info: [NCP-API] DELETE /tenant/bucket -  dev-tenant-79 삭제 완료
2023-05-08 14:44:32 [noon-ai-dis-was] info: [DIS-API] GET /env -  환경변수 조회 완료
2023-05-08 14:44:32 [noon-ai-dis-was] info: [NCP-API] GET /bucket/list -  버킷 목록 조회 완료
2023-05-08 14:44:32 [noon-ai-dis-was] info: [DIS-API] GET /tenant -  테넌트 목록 조회 완료
2023-05-08 14:44:33 [noon-ai-dis-was] info: [DIS-API] GET /user -  유저 정보조회 완료
2023-05-08 14:45:03 [noon-ai-dis-was] info: [DIS-API] GET /env -  환경변수 조회 완료
2023-05-08 14:45:03 [noon-ai-dis-was] info: [NCP-API] GET /bucket/list -  버킷 목록 조회 완료
2023-05-08 14:45:03 [noon-ai-dis-was] info: [DIS-API] GET /tenant -  테넌트 목록 조회 완료
2023-05-08 14:45:03 [noon-ai-dis-was] info: [DIS-API] GET /user -  유저 정보조회 완료
2023-05-08 14:45:07 [noon-ai-dis-was] info: [NCP-API] DELETE /tenant/bucket -  dev-tenant-78 삭제 완료
2023-05-08 14:45:16 [noon-ai-dis-was] info: [DIS-API] GET /env -  환경변수 조회 완료
2023-05-08 14:45:16 [noon-ai-dis-was] info: [NCP-API] GET /bucket/list -  버킷 목록 조회 완료
2023-05-08 14:45:16 [noon-ai-dis-was] info: [DIS-API] GET /tenant -  테넌트 목록 조회 완료
2023-05-08 14:45:16 [noon-ai-dis-was] info: [DIS-API] GET /user -  유저 정보조회 완료
2023-05-08 14:49:25 [noon-ai-dis-was] info: [DIS-API] GET /env -  환경변수 조회 완료
2023-05-08 14:49:25 [noon-ai-dis-was] info: [NCP-API] GET /bucket/list -  버킷 목록 조회 완료
2023-05-08 14:49:25 [noon-ai-dis-was] info: [DIS-API] GET /tenant -  테넌트 목록 조회 완료
2023-05-08 14:49:25 [noon-ai-dis-was] info: [DIS-API] GET /user -  유저 정보조회 완료
2023-05-08 14:49:50 [noon-ai-dis-was] info: [DIS-API] GET /env -  환경변수 조회 완료
2023-05-08 14:49:50 [noon-ai-dis-was] info: [NCP-API] GET /bucket/list -  버킷 목록 조회 완료
2023-05-08 14:49:50 [noon-ai-dis-was] info: [DIS-API] GET /tenant -  테넌트 목록 조회 완료
2023-05-08 14:49:50 [noon-ai-dis-was] info: [DIS-API] GET /user -  유저 정보조회 완료
2023-05-08 14:50:46 [noon-ai-dis-was] info: [DIS-API] GET /env -  환경변수 조회 완료
2023-05-08 14:50:46 [noon-ai-dis-was] info: [NCP-API] GET /bucket/list -  버킷 목록 조회 완료
2023-05-08 14:50:46 [noon-ai-dis-was] info: [DIS-API] GET /tenant -  테넌트 목록 조회 완료
2023-05-08 14:50:46 [noon-ai-dis-was] info: [DIS-API] GET /user -  유저 정보조회 완료
2023-05-08 14:51:56 [noon-ai-dis-was] info: [DIS-API] GET /env -  환경변수 조회 완료
2023-05-08 14:51:56 [noon-ai-dis-was] info: [NCP-API] GET /bucket/list -  버킷 목록 조회 완료
2023-05-08 14:51:56 [noon-ai-dis-was] info: [DIS-API] GET /tenant -  테넌트 목록 조회 완료
2023-05-08 14:51:56 [noon-ai-dis-was] info: [DIS-API] GET /user -  유저 정보조회 완료
2023-05-08 14:52:08 [noon-ai-dis-was] info: [NCP-API] GET /database/instanceNumber -  데이터베이스 Instance No 조회 완료
2023-05-08 14:52:08 [noon-ai-dis-was] info: [NCP-API] DELETE /tenant/database -  dev-dis-tenant-76 삭제 완료
2023-05-08 14:52:11 [noon-ai-dis-was] info: [NCP-API] DELETE /tenant/bucket -  dev-tenant-76 삭제 완료
2023-05-08 14:52:20 [noon-ai-dis-was] info: [DIS-API] GET /env -  환경변수 조회 완료
2023-05-08 14:52:20 [noon-ai-dis-was] info: [NCP-API] GET /bucket/list -  버킷 목록 조회 완료
2023-05-08 14:52:20 [noon-ai-dis-was] info: [DIS-API] GET /tenant -  테넌트 목록 조회 완료
2023-05-08 14:52:20 [noon-ai-dis-was] info: [DIS-API] GET /user -  유저 정보조회 완료
2023-05-08 15:06:21 [noon-ai-dis-was] info: [DIS-API] GET /env -  환경변수 조회 완료
2023-05-08 15:06:21 [noon-ai-dis-was] info: [NCP-API] GET /bucket/list -  버킷 목록 조회 완료
2023-05-08 15:06:21 [noon-ai-dis-was] info: [DIS-API] GET /tenant -  테넌트 목록 조회 완료
2023-05-08 15:06:21 [noon-ai-dis-was] info: [DIS-API] GET /user -  유저 정보조회 완료
2023-05-08 15:06:27 [noon-ai-dis-was] info: [NCP-API] GET /database/instanceNumber -  데이터베이스 Instance No 조회 완료
2023-05-08 15:06:27 [noon-ai-dis-was] info: [NCP-API] DELETE /tenant/database -  dev-dis-tenant-75 삭제 완료
2023-05-08 15:06:28 [noon-ai-dis-was] info: [NCP-API] DELETE /tenant/bucket -  dev-tenant-75 삭제 완료
2023-05-08 15:06:38 [noon-ai-dis-was] info: [DIS-API] GET /env -  환경변수 조회 완료
2023-05-08 15:06:38 [noon-ai-dis-was] info: [NCP-API] GET /bucket/list -  버킷 목록 조회 완료
2023-05-08 15:06:38 [noon-ai-dis-was] info: [DIS-API] GET /tenant -  테넌트 목록 조회 완료
2023-05-08 15:06:39 [noon-ai-dis-was] info: [DIS-API] GET /user -  유저 정보조회 완료
2023-05-08 15:08:31 [noon-ai-dis-was] info: [DIS-API] GET /env -  환경변수 조회 완료
2023-05-08 15:08:31 [noon-ai-dis-was] info: [NCP-API] GET /bucket/list -  버킷 목록 조회 완료
2023-05-08 15:08:31 [noon-ai-dis-was] info: [DIS-API] GET /tenant -  테넌트 목록 조회 완료
2023-05-08 15:08:31 [noon-ai-dis-was] info: [DIS-API] GET /user -  유저 정보조회 완료
2023-05-08 15:12:53 [noon-ai-dis-was] info: [DIS-API] GET /env -  환경변수 조회 완료
2023-05-08 15:12:53 [noon-ai-dis-was] info: [NCP-API] GET /bucket/list -  버킷 목록 조회 완료
2023-05-08 15:12:53 [noon-ai-dis-was] info: [DIS-API] GET /tenant -  테넌트 목록 조회 완료
2023-05-08 15:12:53 [noon-ai-dis-was] info: [DIS-API] GET /user -  유저 정보조회 완료
2023-05-08 15:15:37 [noon-ai-dis-was] info: [DIS-API] GET /env -  환경변수 조회 완료
2023-05-08 15:15:37 [noon-ai-dis-was] info: [NCP-API] GET /bucket/list -  버킷 목록 조회 완료
2023-05-08 15:15:37 [noon-ai-dis-was] info: [DIS-API] GET /tenant -  테넌트 목록 조회 완료
2023-05-08 15:15:38 [noon-ai-dis-was] info: [DIS-API] GET /user -  유저 정보조회 완료
2023-05-08 15:15:53 [noon-ai-dis-was] info: [DIS-API] GET /env -  환경변수 조회 완료
2023-05-08 15:15:54 [noon-ai-dis-was] info: [NCP-API] GET /bucket/list -  버킷 목록 조회 완료
2023-05-08 15:15:54 [noon-ai-dis-was] info: [DIS-API] GET /tenant -  테넌트 목록 조회 완료
2023-05-08 15:15:54 [noon-ai-dis-was] info: [DIS-API] GET /user -  유저 정보조회 완료
2023-05-08 15:16:06 [noon-ai-dis-was] info: [DIS-API] GET /env -  환경변수 조회 완료
2023-05-08 15:16:06 [noon-ai-dis-was] info: [NCP-API] GET /bucket/list -  버킷 목록 조회 완료
2023-05-08 15:16:06 [noon-ai-dis-was] info: [DIS-API] GET /tenant -  테넌트 목록 조회 완료
2023-05-08 15:16:06 [noon-ai-dis-was] info: [DIS-API] GET /user -  유저 정보조회 완료
2023-05-08 15:16:15 [noon-ai-dis-was] info: [DIS-API] GET /env -  환경변수 조회 완료
2023-05-08 15:16:15 [noon-ai-dis-was] info: [NCP-API] GET /bucket/list -  버킷 목록 조회 완료
2023-05-08 15:16:15 [noon-ai-dis-was] info: [DIS-API] GET /tenant -  테넌트 목록 조회 완료
2023-05-08 15:16:15 [noon-ai-dis-was] info: [DIS-API] GET /user -  유저 정보조회 완료
2023-05-08 15:26:31 [noon-ai-dis-was] info: [DIS-API] GET /env -  환경변수 조회 완료
2023-05-08 15:26:34 [noon-ai-dis-was] info: [DIS-API] POST /first-login -  1차 로그인 완료
2023-05-08 15:26:35 [noon-ai-dis-was] info: [DIS-API] PUT /login/failCount/clear -  로그인 실패 횟수 0 초기화
2023-05-08 15:26:35 [noon-ai-dis-was] info: [DIS-API] PUT /login/lockCount -  lock_count 0 초기화
2023-05-08 15:26:35 [noon-ai-dis-was] info: [DIS-API] POST /login -  관리자 MHNCity 로그인 완료
2023-05-08 15:26:35 [noon-ai-dis-was] info: [DIS-API] GET /signup/request -  가입요청 목록 조회 완료
2023-05-08 15:26:35 [noon-ai-dis-was] info: [DIS-API] GET /user -  유저 정보조회 완료
2023-05-08 15:26:38 [noon-ai-dis-was] info: [DIS-API] GET /env -  환경변수 조회 완료
2023-05-08 15:26:38 [noon-ai-dis-was] info: [NCP-API] GET /bucket/list -  버킷 목록 조회 완료
2023-05-08 15:26:38 [noon-ai-dis-was] info: [DIS-API] GET /tenant -  테넌트 목록 조회 완료
2023-05-08 15:26:38 [noon-ai-dis-was] info: [DIS-API] GET /user -  유저 정보조회 완료
2023-05-08 15:27:18 [noon-ai-dis-was] info: [DIS-API] GET /env -  환경변수 조회 완료
2023-05-08 15:27:18 [noon-ai-dis-was] info: [NCP-API] GET /bucket/list -  버킷 목록 조회 완료
2023-05-08 15:27:18 [noon-ai-dis-was] info: [DIS-API] GET /tenant -  테넌트 목록 조회 완료
2023-05-08 15:27:18 [noon-ai-dis-was] info: [DIS-API] GET /user -  유저 정보조회 완료
2023-05-08 15:27:34 [noon-ai-dis-was] info: [DIS-API] GET /env -  환경변수 조회 완료
2023-05-08 15:27:34 [noon-ai-dis-was] info: [NCP-API] GET /bucket/list -  버킷 목록 조회 완료
2023-05-08 15:27:34 [noon-ai-dis-was] info: [DIS-API] GET /tenant -  테넌트 목록 조회 완료
2023-05-08 15:27:34 [noon-ai-dis-was] info: [DIS-API] GET /user -  유저 정보조회 완료
2023-05-08 15:27:39 [noon-ai-dis-was] info: [DIS-API] GET /env -  환경변수 조회 완료
2023-05-08 15:27:39 [noon-ai-dis-was] info: [NCP-API] GET /bucket/list -  버킷 목록 조회 완료
2023-05-08 15:27:39 [noon-ai-dis-was] info: [DIS-API] GET /tenant -  테넌트 목록 조회 완료
2023-05-08 15:27:39 [noon-ai-dis-was] info: [DIS-API] GET /user -  유저 정보조회 완료
2023-05-08 16:23:06 [noon-ai-dis-was] info: [DIS-API] GET /env -  환경변수 조회 완료
2023-05-08 16:23:07 [noon-ai-dis-was] info: [NCP-API] GET /bucket/list -  버킷 목록 조회 완료
2023-05-08 16:23:07 [noon-ai-dis-was] info: [DIS-API] GET /tenant -  테넌트 목록 조회 완료
2023-05-08 16:23:07 [noon-ai-dis-was] info: [DIS-API] GET /user -  유저 정보조회 완료
2023-05-08 16:23:08 [noon-ai-dis-was] info: [DIS-API] GET /logout -  관리자 MHNCity 로그아웃 완료
2023-05-08 16:23:08 [noon-ai-dis-was] info: [DIS-API] GET /env -  환경변수 조회 완료
2023-05-08 16:23:11 [noon-ai-dis-was] info: [DIS-API] POST /first-login -  1차 로그인 완료
2023-05-08 16:23:14 [noon-ai-dis-was] info: [DIS-API] PUT /login/failCount/clear -  로그인 실패 횟수 0 초기화
2023-05-08 16:23:14 [noon-ai-dis-was] info: [DIS-API] POST /login -  관리자 MHNCity 로그인 완료
2023-05-08 16:23:14 [noon-ai-dis-was] info: [DIS-API] PUT /login/lockCount -  lock_count 0 초기화
2023-05-08 16:23:14 [noon-ai-dis-was] info: [DIS-API] GET /signup/request -  가입요청 목록 조회 완료
2023-05-08 16:23:14 [noon-ai-dis-was] info: [DIS-API] GET /user -  유저 정보조회 완료
2023-05-08 16:24:13 [noon-ai-dis-was] info: [DIS-API] GET /logout -  관리자 MHNCity 로그아웃 완료
2023-05-08 16:24:13 [noon-ai-dis-was] info: [DIS-API] GET /env -  환경변수 조회 완료
2023-05-08 16:24:17 [noon-ai-dis-was] info: [DIS-API] POST /first-login -  1차 로그인 완료
2023-05-08 16:24:19 [noon-ai-dis-was] info: [DIS-API] PUT /login/failCount/clear -  로그인 실패 횟수 0 초기화
2023-05-08 16:24:19 [noon-ai-dis-was] info: [DIS-API] POST /login -  관리자 MHNCity 로그인 완료
2023-05-08 16:24:19 [noon-ai-dis-was] info: [DIS-API] PUT /login/lockCount -  lock_count 0 초기화
2023-05-08 16:24:19 [noon-ai-dis-was] info: [DIS-API] GET /signup/request -  가입요청 목록 조회 완료
2023-05-08 16:24:19 [noon-ai-dis-was] info: [DIS-API] GET /user -  유저 정보조회 완료
2023-05-08 16:24:33 [noon-ai-dis-was] info: [DIS-API] GET /logout -  관리자 MHNCity 로그아웃 완료
2023-05-08 16:24:33 [noon-ai-dis-was] info: [DIS-API] GET /env -  환경변수 조회 완료
2023-05-08 16:24:36 [noon-ai-dis-was] info: [DIS-API] POST /first-login -  1차 로그인 완료
2023-05-08 16:24:37 [noon-ai-dis-was] info: [DIS-API] PUT /login/failCount/clear -  로그인 실패 횟수 0 초기화
2023-05-08 16:24:37 [noon-ai-dis-was] info: [DIS-API] PUT /login/lockCount -  lock_count 0 초기화
2023-05-08 16:24:37 [noon-ai-dis-was] info: [DIS-API] POST /login -  관리자 MHNCity 로그인 완료
2023-05-08 16:24:37 [noon-ai-dis-was] info: [DIS-API] GET /signup/request -  가입요청 목록 조회 완료
2023-05-08 16:24:37 [noon-ai-dis-was] info: [DIS-API] GET /user -  유저 정보조회 완료
2023-05-08 16:24:48 [noon-ai-dis-was] info: [DIS-API] GET /logout -  관리자 MHNCity 로그아웃 완료
2023-05-08 16:24:48 [noon-ai-dis-was] info: [DIS-API] GET /env -  환경변수 조회 완료
2023-05-08 16:24:52 [noon-ai-dis-was] info: [DIS-API] POST /first-login -  1차 로그인 완료
2023-05-08 16:24:53 [noon-ai-dis-was] info: [DIS-API] PUT /login/failCount/clear -  로그인 실패 횟수 0 초기화
2023-05-08 16:24:53 [noon-ai-dis-was] info: [DIS-API] PUT /login/lockCount -  lock_count 0 초기화
2023-05-08 16:24:53 [noon-ai-dis-was] info: [DIS-API] POST /login -  관리자 이민형 로그인 완료
2023-05-08 16:24:53 [noon-ai-dis-was] info: [DIS-API] GET /signup/request -  가입요청 목록 조회 완료
2023-05-08 16:24:53 [noon-ai-dis-was] info: [DIS-API] GET /user -  유저 정보조회 완료
2023-05-08 16:25:00 [noon-ai-dis-was] info: [DIS-API] GET /logout -  관리자 이민형 로그아웃 완료
2023-05-08 16:25:00 [noon-ai-dis-was] info: [DIS-API] GET /env -  환경변수 조회 완료
2023-05-08 16:25:03 [noon-ai-dis-was] info: [DIS-API] POST /first-login -  1차 로그인 완료
2023-05-08 16:25:04 [noon-ai-dis-was] info: [DIS-API] PUT /login/failCount/clear -  로그인 실패 횟수 0 초기화
2023-05-08 16:25:05 [noon-ai-dis-was] info: [DIS-API] PUT /login/lockCount -  lock_count 0 초기화
2023-05-08 16:25:05 [noon-ai-dis-was] info: [DIS-API] POST /login -  관리자 MHNCity 로그인 완료
2023-05-08 16:25:05 [noon-ai-dis-was] info: [DIS-API] GET /signup/request -  가입요청 목록 조회 완료
2023-05-08 16:25:05 [noon-ai-dis-was] info: [DIS-API] GET /user -  유저 정보조회 완료
2023-05-08 16:28:23 [noon-ai-dis-was] info: [DIS-API] GET /signup/request -  가입요청 목록 조회 완료
2023-05-08 16:28:23 [noon-ai-dis-was] info: [DIS-API] GET /user -  유저 정보조회 완료
2023-05-08 16:28:24 [noon-ai-dis-was] info: [DIS-API] GET /logout -  관리자 MHNCity 로그아웃 완료
2023-05-08 16:28:24 [noon-ai-dis-was] info: [DIS-API] GET /env -  환경변수 조회 완료
2023-05-08 16:28:28 [noon-ai-dis-was] info: [DIS-API] POST /first-login -  패스워드 불일치
2023-05-08 16:47:31 [noon-ai-dis-was] info: [DIS-API] GET /env -  환경변수 조회 완료
2023-05-08 16:47:34 [noon-ai-dis-was] info: [DIS-API] POST /first-login -  1차 로그인 완료
2023-05-08 16:47:35 [noon-ai-dis-was] info: [DIS-API] PUT /login/failCount/clear -  로그인 실패 횟수 0 초기화
2023-05-08 16:47:35 [noon-ai-dis-was] info: [DIS-API] POST /login -  관리자 MHNCity 로그인 완료
2023-05-08 16:47:35 [noon-ai-dis-was] info: [DIS-API] GET /signup/request -  가입요청 목록 조회 완료
2023-05-08 16:47:35 [noon-ai-dis-was] info: [DIS-API] GET /user -  유저 정보조회 완료
2023-05-08 16:52:55 [noon-ai-dis-was] info: [DIS-API] GET /signup/request -  가입요청 목록 조회 완료
2023-05-08 16:52:55 [noon-ai-dis-was] info: [DIS-API] GET /user -  유저 정보조회 완료
2023-05-08 16:52:59 [noon-ai-dis-was] info: [DIS-API] GET /env -  환경변수 조회 완료
2023-05-08 16:52:59 [noon-ai-dis-was] info: [NCP-API] GET /bucket/list -  버킷 목록 조회 완료
2023-05-08 16:53:00 [noon-ai-dis-was] info: [DIS-API] GET /tenant -  테넌트 목록 조회 완료
2023-05-08 16:53:00 [noon-ai-dis-was] info: [DIS-API] GET /user -  유저 정보조회 완료
2023-05-08 16:53:13 [noon-ai-dis-was] info: [DIS-API] GET /env -  환경변수 조회 완료
2023-05-08 16:53:13 [noon-ai-dis-was] info: [NCP-API] GET /bucket/list -  버킷 목록 조회 완료
2023-05-08 16:53:13 [noon-ai-dis-was] info: [DIS-API] GET /tenant -  테넌트 목록 조회 완료
2023-05-08 16:53:13 [noon-ai-dis-was] info: [DIS-API] GET /user -  유저 정보조회 완료
2023-05-08 16:53:45 [noon-ai-dis-was] info: [DIS-API] GET /env -  환경변수 조회 완료
2023-05-08 16:53:45 [noon-ai-dis-was] info: [NCP-API] GET /bucket/list -  버킷 목록 조회 완료
2023-05-08 16:53:45 [noon-ai-dis-was] info: [DIS-API] GET /tenant -  테넌트 목록 조회 완료
2023-05-08 16:53:45 [noon-ai-dis-was] info: [DIS-API] GET /user -  유저 정보조회 완료
2023-05-08 16:54:27 [noon-ai-dis-was] info: [DIS-API] GET /env -  환경변수 조회 완료
2023-05-08 16:54:28 [noon-ai-dis-was] info: [NCP-API] GET /bucket/list -  버킷 목록 조회 완료
2023-05-08 16:54:28 [noon-ai-dis-was] info: [DIS-API] GET /tenant -  테넌트 목록 조회 완료
2023-05-08 16:54:28 [noon-ai-dis-was] info: [DIS-API] GET /user -  유저 정보조회 완료
2023-05-08 16:59:00 [noon-ai-dis-was] info: [DIS-API] GET /env -  환경변수 조회 완료
2023-05-08 16:59:00 [noon-ai-dis-was] info: [NCP-API] GET /bucket/list -  버킷 목록 조회 완료
2023-05-08 16:59:00 [noon-ai-dis-was] info: [DIS-API] GET /tenant -  테넌트 목록 조회 완료
2023-05-08 16:59:01 [noon-ai-dis-was] info: [DIS-API] GET /user -  유저 정보조회 완료
2023-05-08 16:59:28 [noon-ai-dis-was] info: [DIS-API] GET /env -  환경변수 조회 완료
2023-05-08 16:59:28 [noon-ai-dis-was] info: [NCP-API] GET /bucket/list -  버킷 목록 조회 완료
2023-05-08 16:59:28 [noon-ai-dis-was] info: [DIS-API] GET /tenant -  테넌트 목록 조회 완료
2023-05-08 16:59:28 [noon-ai-dis-was] info: [DIS-API] GET /user -  유저 정보조회 완료
2023-05-08 17:02:07 [noon-ai-dis-was] info: [DIS-API] GET /env -  환경변수 조회 완료
2023-05-08 17:02:07 [noon-ai-dis-was] info: [NCP-API] GET /bucket/list -  버킷 목록 조회 완료
2023-05-08 17:02:07 [noon-ai-dis-was] info: [DIS-API] GET /tenant -  테넌트 목록 조회 완료
2023-05-08 17:02:07 [noon-ai-dis-was] info: [DIS-API] GET /user -  유저 정보조회 완료
2023-05-08 17:02:23 [noon-ai-dis-was] info: [DIS-API] GET /env -  환경변수 조회 완료
2023-05-08 17:02:23 [noon-ai-dis-was] info: [NCP-API] GET /bucket/list -  버킷 목록 조회 완료
2023-05-08 17:02:23 [noon-ai-dis-was] info: [DIS-API] GET /tenant -  테넌트 목록 조회 완료
2023-05-08 17:02:23 [noon-ai-dis-was] info: [DIS-API] GET /user -  유저 정보조회 완료
2023-05-08 17:03:23 [noon-ai-dis-was] info: [DIS-API] GET /env -  환경변수 조회 완료
2023-05-08 17:03:27 [noon-ai-dis-was] info: [NCP-API] GET /bucket/list -  버킷 목록 조회 완료
2023-05-08 17:03:27 [noon-ai-dis-was] info: [DIS-API] GET /tenant -  테넌트 목록 조회 완료
2023-05-08 17:03:27 [noon-ai-dis-was] info: [DIS-API] GET /user -  유저 정보조회 완료
2023-05-08 17:04:21 [noon-ai-dis-was] info: [DIS-API] GET /env -  환경변수 조회 완료
2023-05-08 17:04:21 [noon-ai-dis-was] info: [NCP-API] GET /bucket/list -  버킷 목록 조회 완료
2023-05-08 17:04:22 [noon-ai-dis-was] info: [DIS-API] GET /tenant -  테넌트 목록 조회 완료
2023-05-08 17:04:22 [noon-ai-dis-was] info: [DIS-API] GET /user -  유저 정보조회 완료
2023-05-08 17:04:33 [noon-ai-dis-was] info: [DIS-API] GET /env -  환경변수 조회 완료
2023-05-08 17:04:33 [noon-ai-dis-was] info: [NCP-API] GET /bucket/list -  버킷 목록 조회 완료
2023-05-08 17:04:33 [noon-ai-dis-was] info: [DIS-API] GET /tenant -  테넌트 목록 조회 완료
2023-05-08 17:04:33 [noon-ai-dis-was] info: [DIS-API] GET /user -  유저 정보조회 완료
2023-05-08 17:04:58 [noon-ai-dis-was] info: [DIS-API] GET /env -  환경변수 조회 완료
2023-05-08 17:04:58 [noon-ai-dis-was] info: [NCP-API] GET /bucket/list -  버킷 목록 조회 완료
2023-05-08 17:04:58 [noon-ai-dis-was] info: [DIS-API] GET /tenant -  테넌트 목록 조회 완료
2023-05-08 17:04:58 [noon-ai-dis-was] info: [DIS-API] GET /user -  유저 정보조회 완료
2023-05-08 17:06:10 [noon-ai-dis-was] info: [DIS-API] GET /env -  환경변수 조회 완료
2023-05-08 17:06:11 [noon-ai-dis-was] info: [NCP-API] GET /bucket/list -  버킷 목록 조회 완료
2023-05-08 17:06:11 [noon-ai-dis-was] info: [DIS-API] GET /tenant -  테넌트 목록 조회 완료
2023-05-08 17:06:11 [noon-ai-dis-was] info: [DIS-API] GET /user -  유저 정보조회 완료
2023-05-08 17:06:56 [noon-ai-dis-was] info: [DIS-API] GET /env -  환경변수 조회 완료
2023-05-08 17:06:56 [noon-ai-dis-was] info: [NCP-API] GET /bucket/list -  버킷 목록 조회 완료
2023-05-08 17:06:57 [noon-ai-dis-was] info: [DIS-API] GET /tenant -  테넌트 목록 조회 완료
2023-05-08 17:06:57 [noon-ai-dis-was] info: [DIS-API] GET /user -  유저 정보조회 완료
2023-05-08 17:09:42 [noon-ai-dis-was] info: [DIS-API] GET /env -  환경변수 조회 완료
2023-05-08 17:09:42 [noon-ai-dis-was] info: [NCP-API] GET /bucket/list -  버킷 목록 조회 완료
2023-05-08 17:09:42 [noon-ai-dis-was] info: [DIS-API] GET /tenant -  테넌트 목록 조회 완료
2023-05-08 17:09:42 [noon-ai-dis-was] info: [DIS-API] GET /user -  유저 정보조회 완료
2023-05-08 17:11:40 [noon-ai-dis-was] info: [DIS-API] GET /env -  환경변수 조회 완료
2023-05-08 17:11:41 [noon-ai-dis-was] info: [NCP-API] GET /bucket/list -  버킷 목록 조회 완료
2023-05-08 17:11:41 [noon-ai-dis-was] info: [DIS-API] GET /tenant -  테넌트 목록 조회 완료
2023-05-08 17:11:41 [noon-ai-dis-was] info: [DIS-API] GET /user -  유저 정보조회 완료
2023-05-08 17:12:04 [noon-ai-dis-was] info: [DIS-API] GET /env -  환경변수 조회 완료
2023-05-08 17:12:04 [noon-ai-dis-was] info: [NCP-API] GET /bucket/list -  버킷 목록 조회 완료
2023-05-08 17:12:04 [noon-ai-dis-was] info: [DIS-API] GET /tenant -  테넌트 목록 조회 완료
2023-05-08 17:12:04 [noon-ai-dis-was] info: [DIS-API] GET /user -  유저 정보조회 완료
2023-05-08 17:12:39 [noon-ai-dis-was] info: [DIS-API] GET /env -  환경변수 조회 완료
2023-05-08 17:12:39 [noon-ai-dis-was] info: [NCP-API] GET /bucket/list -  버킷 목록 조회 완료
2023-05-08 17:12:40 [noon-ai-dis-was] info: [DIS-API] GET /tenant -  테넌트 목록 조회 완료
2023-05-08 17:12:40 [noon-ai-dis-was] info: [DIS-API] GET /user -  유저 정보조회 완료
2023-05-08 17:12:44 [noon-ai-dis-was] error: [NCP-API] DELETE /tenant/account -  ReferenceError: conn is not defined
2023-05-08 17:13:03 [noon-ai-dis-was] info: [DIS-API] GET /env -  환경변수 조회 완료
2023-05-08 17:13:03 [noon-ai-dis-was] info: [NCP-API] GET /bucket/list -  버킷 목록 조회 완료
2023-05-08 17:13:03 [noon-ai-dis-was] info: [DIS-API] GET /tenant -  테넌트 목록 조회 완료
2023-05-08 17:13:03 [noon-ai-dis-was] info: [DIS-API] GET /user -  유저 정보조회 완료
2023-05-08 17:13:50 [noon-ai-dis-was] info: [DIS-API] GET /env -  환경변수 조회 완료
2023-05-08 17:13:50 [noon-ai-dis-was] info: [NCP-API] GET /bucket/list -  버킷 목록 조회 완료
2023-05-08 17:13:50 [noon-ai-dis-was] info: [DIS-API] GET /tenant -  테넌트 목록 조회 완료
2023-05-08 17:13:50 [noon-ai-dis-was] info: [DIS-API] GET /user -  유저 정보조회 완료
2023-05-08 17:15:44 [noon-ai-dis-was] info: [DIS-API] GET /env -  환경변수 조회 완료
2023-05-08 17:15:45 [noon-ai-dis-was] info: [NCP-API] GET /bucket/list -  버킷 목록 조회 완료
2023-05-08 17:15:45 [noon-ai-dis-was] info: [DIS-API] GET /tenant -  테넌트 목록 조회 완료
2023-05-08 17:15:45 [noon-ai-dis-was] info: [DIS-API] GET /user -  유저 정보조회 완료
