2023-04-26 10:04:10 [noon-ai-dis-was] error: uncaughtException: Route.post() requires a callback function but got a [object Undefined]
Error: Route.post() requires a callback function but got a [object Undefined]
    at Route.<computed> [as post] (/app/node/node_modules/express/lib/router/route.js:211:15)
    at proto.<computed> [as post] (/app/node/node_modules/express/lib/router/index.js:521:19)
    at Object.<anonymous> (/app/node/api/api.js:20:8)
    at Module._compile (node:internal/modules/cjs/loader:1105:14)
    at Module._extensions..js (node:internal/modules/cjs/loader:1159:10)
    at Module.load (node:internal/modules/cjs/loader:981:32)
    at Module._load (node:internal/modules/cjs/loader:827:12)
    at Module.require (node:internal/modules/cjs/loader:1005:19)
    at require (node:internal/modules/cjs/helpers:102:18)
    at Object.<anonymous> (/app/node/index.js:58:75)
2023-04-26 10:04:14 [noon-ai-dis-was] error: uncaughtException: Route.post() requires a callback function but got a [object Undefined]
Error: Route.post() requires a callback function but got a [object Undefined]
    at Route.<computed> [as post] (/app/node/node_modules/express/lib/router/route.js:211:15)
    at proto.<computed> [as post] (/app/node/node_modules/express/lib/router/index.js:521:19)
    at Object.<anonymous> (/app/node/api/api.js:20:8)
    at Module._compile (node:internal/modules/cjs/loader:1105:14)
    at Module._extensions..js (node:internal/modules/cjs/loader:1159:10)
    at Module.load (node:internal/modules/cjs/loader:981:32)
    at Module._load (node:internal/modules/cjs/loader:827:12)
    at Module.require (node:internal/modules/cjs/loader:1005:19)
    at require (node:internal/modules/cjs/helpers:102:18)
    at Object.<anonymous> (/app/node/index.js:58:75)
2023-04-26 10:04:19 [noon-ai-dis-was] error: uncaughtException: Route.post() requires a callback function but got a [object Undefined]
Error: Route.post() requires a callback function but got a [object Undefined]
    at Route.<computed> [as post] (/app/node/node_modules/express/lib/router/route.js:211:15)
    at proto.<computed> [as post] (/app/node/node_modules/express/lib/router/index.js:521:19)
    at Object.<anonymous> (/app/node/api/api.js:20:8)
    at Module._compile (node:internal/modules/cjs/loader:1105:14)
    at Module._extensions..js (node:internal/modules/cjs/loader:1159:10)
    at Module.load (node:internal/modules/cjs/loader:981:32)
    at Module._load (node:internal/modules/cjs/loader:827:12)
    at Module.require (node:internal/modules/cjs/loader:1005:19)
    at require (node:internal/modules/cjs/helpers:102:18)
    at Object.<anonymous> (/app/node/index.js:58:75)
2023-04-26 10:04:23 [noon-ai-dis-was] error: uncaughtException: Route.post() requires a callback function but got a [object Undefined]
Error: Route.post() requires a callback function but got a [object Undefined]
    at Route.<computed> [as post] (/app/node/node_modules/express/lib/router/route.js:211:15)
    at proto.<computed> [as post] (/app/node/node_modules/express/lib/router/index.js:521:19)
    at Object.<anonymous> (/app/node/api/api.js:20:8)
    at Module._compile (node:internal/modules/cjs/loader:1105:14)
    at Module._extensions..js (node:internal/modules/cjs/loader:1159:10)
    at Module.load (node:internal/modules/cjs/loader:981:32)
    at Module._load (node:internal/modules/cjs/loader:827:12)
    at Module.require (node:internal/modules/cjs/loader:1005:19)
    at require (node:internal/modules/cjs/helpers:102:18)
    at Object.<anonymous> (/app/node/index.js:58:75)
2023-04-26 10:04:28 [noon-ai-dis-was] error: uncaughtException: Route.post() requires a callback function but got a [object Undefined]
Error: Route.post() requires a callback function but got a [object Undefined]
    at Route.<computed> [as post] (/app/node/node_modules/express/lib/router/route.js:211:15)
    at proto.<computed> [as post] (/app/node/node_modules/express/lib/router/index.js:521:19)
    at Object.<anonymous> (/app/node/api/api.js:20:8)
    at Module._compile (node:internal/modules/cjs/loader:1105:14)
    at Module._extensions..js (node:internal/modules/cjs/loader:1159:10)
    at Module.load (node:internal/modules/cjs/loader:981:32)
    at Module._load (node:internal/modules/cjs/loader:827:12)
    at Module.require (node:internal/modules/cjs/loader:1005:19)
    at require (node:internal/modules/cjs/helpers:102:18)
    at Object.<anonymous> (/app/node/index.js:58:75)
2023-04-26 10:04:34 [noon-ai-dis-was] error: uncaughtException: Route.post() requires a callback function but got a [object Undefined]
Error: Route.post() requires a callback function but got a [object Undefined]
    at Route.<computed> [as post] (/app/node/node_modules/express/lib/router/route.js:211:15)
    at proto.<computed> [as post] (/app/node/node_modules/express/lib/router/index.js:521:19)
    at Object.<anonymous> (/app/node/api/api.js:20:8)
    at Module._compile (node:internal/modules/cjs/loader:1105:14)
    at Module._extensions..js (node:internal/modules/cjs/loader:1159:10)
    at Module.load (node:internal/modules/cjs/loader:981:32)
    at Module._load (node:internal/modules/cjs/loader:827:12)
    at Module.require (node:internal/modules/cjs/loader:1005:19)
    at require (node:internal/modules/cjs/helpers:102:18)
    at Object.<anonymous> (/app/node/index.js:58:75)
2023-04-26 10:04:42 [noon-ai-dis-was] error: uncaughtException: Route.post() requires a callback function but got a [object Undefined]
Error: Route.post() requires a callback function but got a [object Undefined]
    at Route.<computed> [as post] (/app/node/node_modules/express/lib/router/route.js:211:15)
    at proto.<computed> [as post] (/app/node/node_modules/express/lib/router/index.js:521:19)
    at Object.<anonymous> (/app/node/api/api.js:20:8)
    at Module._compile (node:internal/modules/cjs/loader:1105:14)
    at Module._extensions..js (node:internal/modules/cjs/loader:1159:10)
    at Module.load (node:internal/modules/cjs/loader:981:32)
    at Module._load (node:internal/modules/cjs/loader:827:12)
    at Module.require (node:internal/modules/cjs/loader:1005:19)
    at require (node:internal/modules/cjs/helpers:102:18)
    at Object.<anonymous> (/app/node/index.js:58:75)
2023-04-26 10:04:52 [noon-ai-dis-was] error: uncaughtException: Route.post() requires a callback function but got a [object Undefined]
Error: Route.post() requires a callback function but got a [object Undefined]
    at Route.<computed> [as post] (/app/node/node_modules/express/lib/router/route.js:211:15)
    at proto.<computed> [as post] (/app/node/node_modules/express/lib/router/index.js:521:19)
    at Object.<anonymous> (/app/node/api/api.js:20:8)
    at Module._compile (node:internal/modules/cjs/loader:1105:14)
    at Module._extensions..js (node:internal/modules/cjs/loader:1159:10)
    at Module.load (node:internal/modules/cjs/loader:981:32)
    at Module._load (node:internal/modules/cjs/loader:827:12)
    at Module.require (node:internal/modules/cjs/loader:1005:19)
    at require (node:internal/modules/cjs/helpers:102:18)
    at Object.<anonymous> (/app/node/index.js:58:75)
2023-04-26 10:05:09 [noon-ai-dis-was] error: uncaughtException: Route.post() requires a callback function but got a [object Undefined]
Error: Route.post() requires a callback function but got a [object Undefined]
    at Route.<computed> [as post] (/app/node/node_modules/express/lib/router/route.js:211:15)
    at proto.<computed> [as post] (/app/node/node_modules/express/lib/router/index.js:521:19)
    at Object.<anonymous> (/app/node/api/api.js:20:8)
    at Module._compile (node:internal/modules/cjs/loader:1105:14)
    at Module._extensions..js (node:internal/modules/cjs/loader:1159:10)
    at Module.load (node:internal/modules/cjs/loader:981:32)
    at Module._load (node:internal/modules/cjs/loader:827:12)
    at Module.require (node:internal/modules/cjs/loader:1005:19)
    at require (node:internal/modules/cjs/helpers:102:18)
    at Object.<anonymous> (/app/node/index.js:58:75)
2023-04-26 10:05:39 [noon-ai-dis-was] error: uncaughtException: Route.post() requires a callback function but got a [object Undefined]
Error: Route.post() requires a callback function but got a [object Undefined]
    at Route.<computed> [as post] (/app/node/node_modules/express/lib/router/route.js:211:15)
    at proto.<computed> [as post] (/app/node/node_modules/express/lib/router/index.js:521:19)
    at Object.<anonymous> (/app/node/api/api.js:20:8)
    at Module._compile (node:internal/modules/cjs/loader:1105:14)
    at Module._extensions..js (node:internal/modules/cjs/loader:1159:10)
    at Module.load (node:internal/modules/cjs/loader:981:32)
    at Module._load (node:internal/modules/cjs/loader:827:12)
    at Module.require (node:internal/modules/cjs/loader:1005:19)
    at require (node:internal/modules/cjs/helpers:102:18)
    at Object.<anonymous> (/app/node/index.js:58:75)
2023-04-26 10:06:17 [noon-ai-dis-was] error: uncaughtException: Route.post() requires a callback function but got a [object Undefined]
Error: Route.post() requires a callback function but got a [object Undefined]
    at Route.<computed> [as post] (/app/node/node_modules/express/lib/router/route.js:211:15)
    at proto.<computed> [as post] (/app/node/node_modules/express/lib/router/index.js:521:19)
    at Object.<anonymous> (/app/node/api/api.js:20:8)
    at Module._compile (node:internal/modules/cjs/loader:1105:14)
    at Module._extensions..js (node:internal/modules/cjs/loader:1159:10)
    at Module.load (node:internal/modules/cjs/loader:981:32)
    at Module._load (node:internal/modules/cjs/loader:827:12)
    at Module.require (node:internal/modules/cjs/loader:1005:19)
    at require (node:internal/modules/cjs/helpers:102:18)
    at Object.<anonymous> (/app/node/index.js:58:75)
2023-04-26 10:06:21 [noon-ai-dis-was] error: uncaughtException: Route.post() requires a callback function but got a [object Undefined]
Error: Route.post() requires a callback function but got a [object Undefined]
    at Route.<computed> [as post] (/app/node/node_modules/express/lib/router/route.js:211:15)
    at proto.<computed> [as post] (/app/node/node_modules/express/lib/router/index.js:521:19)
    at Object.<anonymous> (/app/node/api/api.js:20:8)
    at Module._compile (node:internal/modules/cjs/loader:1105:14)
    at Module._extensions..js (node:internal/modules/cjs/loader:1159:10)
    at Module.load (node:internal/modules/cjs/loader:981:32)
    at Module._load (node:internal/modules/cjs/loader:827:12)
    at Module.require (node:internal/modules/cjs/loader:1005:19)
    at require (node:internal/modules/cjs/helpers:102:18)
    at Object.<anonymous> (/app/node/index.js:58:75)
2023-04-26 10:06:25 [noon-ai-dis-was] error: uncaughtException: Route.post() requires a callback function but got a [object Undefined]
Error: Route.post() requires a callback function but got a [object Undefined]
    at Route.<computed> [as post] (/app/node/node_modules/express/lib/router/route.js:211:15)
    at proto.<computed> [as post] (/app/node/node_modules/express/lib/router/index.js:521:19)
    at Object.<anonymous> (/app/node/api/api.js:20:8)
    at Module._compile (node:internal/modules/cjs/loader:1105:14)
    at Module._extensions..js (node:internal/modules/cjs/loader:1159:10)
    at Module.load (node:internal/modules/cjs/loader:981:32)
    at Module._load (node:internal/modules/cjs/loader:827:12)
    at Module.require (node:internal/modules/cjs/loader:1005:19)
    at require (node:internal/modules/cjs/helpers:102:18)
    at Object.<anonymous> (/app/node/index.js:58:75)
2023-04-26 10:06:30 [noon-ai-dis-was] error: uncaughtException: Route.post() requires a callback function but got a [object Undefined]
Error: Route.post() requires a callback function but got a [object Undefined]
    at Route.<computed> [as post] (/app/node/node_modules/express/lib/router/route.js:211:15)
    at proto.<computed> [as post] (/app/node/node_modules/express/lib/router/index.js:521:19)
    at Object.<anonymous> (/app/node/api/api.js:20:8)
    at Module._compile (node:internal/modules/cjs/loader:1105:14)
    at Module._extensions..js (node:internal/modules/cjs/loader:1159:10)
    at Module.load (node:internal/modules/cjs/loader:981:32)
    at Module._load (node:internal/modules/cjs/loader:827:12)
    at Module.require (node:internal/modules/cjs/loader:1005:19)
    at require (node:internal/modules/cjs/helpers:102:18)
    at Object.<anonymous> (/app/node/index.js:58:75)
2023-04-26 10:06:35 [noon-ai-dis-was] error: uncaughtException: Route.post() requires a callback function but got a [object Undefined]
Error: Route.post() requires a callback function but got a [object Undefined]
    at Route.<computed> [as post] (/app/node/node_modules/express/lib/router/route.js:211:15)
    at proto.<computed> [as post] (/app/node/node_modules/express/lib/router/index.js:521:19)
    at Object.<anonymous> (/app/node/api/api.js:20:8)
    at Module._compile (node:internal/modules/cjs/loader:1105:14)
    at Module._extensions..js (node:internal/modules/cjs/loader:1159:10)
    at Module.load (node:internal/modules/cjs/loader:981:32)
    at Module._load (node:internal/modules/cjs/loader:827:12)
    at Module.require (node:internal/modules/cjs/loader:1005:19)
    at require (node:internal/modules/cjs/helpers:102:18)
    at Object.<anonymous> (/app/node/index.js:58:75)
2023-04-26 10:06:40 [noon-ai-dis-was] error: uncaughtException: Route.post() requires a callback function but got a [object Undefined]
Error: Route.post() requires a callback function but got a [object Undefined]
    at Route.<computed> [as post] (/app/node/node_modules/express/lib/router/route.js:211:15)
    at proto.<computed> [as post] (/app/node/node_modules/express/lib/router/index.js:521:19)
    at Object.<anonymous> (/app/node/api/api.js:20:8)
    at Module._compile (node:internal/modules/cjs/loader:1105:14)
    at Module._extensions..js (node:internal/modules/cjs/loader:1159:10)
    at Module.load (node:internal/modules/cjs/loader:981:32)
    at Module._load (node:internal/modules/cjs/loader:827:12)
    at Module.require (node:internal/modules/cjs/loader:1005:19)
    at require (node:internal/modules/cjs/helpers:102:18)
    at Object.<anonymous> (/app/node/index.js:58:75)
2023-04-26 10:06:48 [noon-ai-dis-was] error: uncaughtException: Route.post() requires a callback function but got a [object Undefined]
Error: Route.post() requires a callback function but got a [object Undefined]
    at Route.<computed> [as post] (/app/node/node_modules/express/lib/router/route.js:211:15)
    at proto.<computed> [as post] (/app/node/node_modules/express/lib/router/index.js:521:19)
    at Object.<anonymous> (/app/node/api/api.js:20:8)
    at Module._compile (node:internal/modules/cjs/loader:1105:14)
    at Module._extensions..js (node:internal/modules/cjs/loader:1159:10)
    at Module.load (node:internal/modules/cjs/loader:981:32)
    at Module._load (node:internal/modules/cjs/loader:827:12)
    at Module.require (node:internal/modules/cjs/loader:1005:19)
    at require (node:internal/modules/cjs/helpers:102:18)
    at Object.<anonymous> (/app/node/index.js:58:75)
