2023-05-02 17:30:34 [noon-ai-dis-was] error: uncaughtException: Route.delete() requires a callback function but got a [object Undefined]
Error: Route.delete() requires a callback function but got a [object Undefined]
    at Route.<computed> [as delete] (/app/node/node_modules/express/lib/router/route.js:211:15)
    at proto.<computed> [as delete] (/app/node/node_modules/express/lib/router/index.js:521:19)
    at Object.<anonymous> (/app/node/api/tenant-api.js:13:14)
    at Module._compile (node:internal/modules/cjs/loader:1105:14)
    at Module._extensions..js (node:internal/modules/cjs/loader:1159:10)
    at Module.load (node:internal/modules/cjs/loader:981:32)
    at Module._load (node:internal/modules/cjs/loader:827:12)
    at Module.require (node:internal/modules/cjs/loader:1005:19)
    at require (node:internal/modules/cjs/helpers:102:18)
    at Object.<anonymous> (/app/node/index.js:62:81)
2023-05-02 17:30:39 [noon-ai-dis-was] error: uncaughtException: Route.delete() requires a callback function but got a [object Undefined]
Error: Route.delete() requires a callback function but got a [object Undefined]
    at Route.<computed> [as delete] (/app/node/node_modules/express/lib/router/route.js:211:15)
    at proto.<computed> [as delete] (/app/node/node_modules/express/lib/router/index.js:521:19)
    at Object.<anonymous> (/app/node/api/tenant-api.js:13:14)
    at Module._compile (node:internal/modules/cjs/loader:1105:14)
    at Module._extensions..js (node:internal/modules/cjs/loader:1159:10)
    at Module.load (node:internal/modules/cjs/loader:981:32)
    at Module._load (node:internal/modules/cjs/loader:827:12)
    at Module.require (node:internal/modules/cjs/loader:1005:19)
    at require (node:internal/modules/cjs/helpers:102:18)
    at Object.<anonymous> (/app/node/index.js:62:81)
2023-05-02 17:30:43 [noon-ai-dis-was] error: uncaughtException: Route.delete() requires a callback function but got a [object Undefined]
Error: Route.delete() requires a callback function but got a [object Undefined]
    at Route.<computed> [as delete] (/app/node/node_modules/express/lib/router/route.js:211:15)
    at proto.<computed> [as delete] (/app/node/node_modules/express/lib/router/index.js:521:19)
    at Object.<anonymous> (/app/node/api/tenant-api.js:13:14)
    at Module._compile (node:internal/modules/cjs/loader:1105:14)
    at Module._extensions..js (node:internal/modules/cjs/loader:1159:10)
    at Module.load (node:internal/modules/cjs/loader:981:32)
    at Module._load (node:internal/modules/cjs/loader:827:12)
    at Module.require (node:internal/modules/cjs/loader:1005:19)
    at require (node:internal/modules/cjs/helpers:102:18)
    at Object.<anonymous> (/app/node/index.js:62:81)
2023-05-02 17:30:48 [noon-ai-dis-was] error: uncaughtException: Route.delete() requires a callback function but got a [object Undefined]
Error: Route.delete() requires a callback function but got a [object Undefined]
    at Route.<computed> [as delete] (/app/node/node_modules/express/lib/router/route.js:211:15)
    at proto.<computed> [as delete] (/app/node/node_modules/express/lib/router/index.js:521:19)
    at Object.<anonymous> (/app/node/api/tenant-api.js:13:14)
    at Module._compile (node:internal/modules/cjs/loader:1105:14)
    at Module._extensions..js (node:internal/modules/cjs/loader:1159:10)
    at Module.load (node:internal/modules/cjs/loader:981:32)
    at Module._load (node:internal/modules/cjs/loader:827:12)
    at Module.require (node:internal/modules/cjs/loader:1005:19)
    at require (node:internal/modules/cjs/helpers:102:18)
    at Object.<anonymous> (/app/node/index.js:62:81)
2023-05-02 17:30:54 [noon-ai-dis-was] error: uncaughtException: Route.delete() requires a callback function but got a [object Undefined]
Error: Route.delete() requires a callback function but got a [object Undefined]
    at Route.<computed> [as delete] (/app/node/node_modules/express/lib/router/route.js:211:15)
    at proto.<computed> [as delete] (/app/node/node_modules/express/lib/router/index.js:521:19)
    at Object.<anonymous> (/app/node/api/tenant-api.js:13:14)
    at Module._compile (node:internal/modules/cjs/loader:1105:14)
    at Module._extensions..js (node:internal/modules/cjs/loader:1159:10)
    at Module.load (node:internal/modules/cjs/loader:981:32)
    at Module._load (node:internal/modules/cjs/loader:827:12)
    at Module.require (node:internal/modules/cjs/loader:1005:19)
    at require (node:internal/modules/cjs/helpers:102:18)
    at Object.<anonymous> (/app/node/index.js:62:81)
2023-05-02 17:31:00 [noon-ai-dis-was] error: uncaughtException: Route.delete() requires a callback function but got a [object Undefined]
Error: Route.delete() requires a callback function but got a [object Undefined]
    at Route.<computed> [as delete] (/app/node/node_modules/express/lib/router/route.js:211:15)
    at proto.<computed> [as delete] (/app/node/node_modules/express/lib/router/index.js:521:19)
    at Object.<anonymous> (/app/node/api/tenant-api.js:13:14)
    at Module._compile (node:internal/modules/cjs/loader:1105:14)
    at Module._extensions..js (node:internal/modules/cjs/loader:1159:10)
    at Module.load (node:internal/modules/cjs/loader:981:32)
    at Module._load (node:internal/modules/cjs/loader:827:12)
    at Module.require (node:internal/modules/cjs/loader:1005:19)
    at require (node:internal/modules/cjs/helpers:102:18)
    at Object.<anonymous> (/app/node/index.js:62:81)
2023-05-02 17:31:07 [noon-ai-dis-was] error: uncaughtException: Route.delete() requires a callback function but got a [object Undefined]
Error: Route.delete() requires a callback function but got a [object Undefined]
    at Route.<computed> [as delete] (/app/node/node_modules/express/lib/router/route.js:211:15)
    at proto.<computed> [as delete] (/app/node/node_modules/express/lib/router/index.js:521:19)
    at Object.<anonymous> (/app/node/api/tenant-api.js:13:14)
    at Module._compile (node:internal/modules/cjs/loader:1105:14)
    at Module._extensions..js (node:internal/modules/cjs/loader:1159:10)
    at Module.load (node:internal/modules/cjs/loader:981:32)
    at Module._load (node:internal/modules/cjs/loader:827:12)
    at Module.require (node:internal/modules/cjs/loader:1005:19)
    at require (node:internal/modules/cjs/helpers:102:18)
    at Object.<anonymous> (/app/node/index.js:62:81)
2023-05-02 17:31:18 [noon-ai-dis-was] error: uncaughtException: Route.delete() requires a callback function but got a [object Undefined]
Error: Route.delete() requires a callback function but got a [object Undefined]
    at Route.<computed> [as delete] (/app/node/node_modules/express/lib/router/route.js:211:15)
    at proto.<computed> [as delete] (/app/node/node_modules/express/lib/router/index.js:521:19)
    at Object.<anonymous> (/app/node/api/tenant-api.js:13:14)
    at Module._compile (node:internal/modules/cjs/loader:1105:14)
    at Module._extensions..js (node:internal/modules/cjs/loader:1159:10)
    at Module.load (node:internal/modules/cjs/loader:981:32)
    at Module._load (node:internal/modules/cjs/loader:827:12)
    at Module.require (node:internal/modules/cjs/loader:1005:19)
    at require (node:internal/modules/cjs/helpers:102:18)
    at Object.<anonymous> (/app/node/index.js:62:81)
2023-05-02 17:31:35 [noon-ai-dis-was] error: uncaughtException: Route.delete() requires a callback function but got a [object Undefined]
Error: Route.delete() requires a callback function but got a [object Undefined]
    at Route.<computed> [as delete] (/app/node/node_modules/express/lib/router/route.js:211:15)
    at proto.<computed> [as delete] (/app/node/node_modules/express/lib/router/index.js:521:19)
    at Object.<anonymous> (/app/node/api/tenant-api.js:13:14)
    at Module._compile (node:internal/modules/cjs/loader:1105:14)
    at Module._extensions..js (node:internal/modules/cjs/loader:1159:10)
    at Module.load (node:internal/modules/cjs/loader:981:32)
    at Module._load (node:internal/modules/cjs/loader:827:12)
    at Module.require (node:internal/modules/cjs/loader:1005:19)
    at require (node:internal/modules/cjs/helpers:102:18)
    at Object.<anonymous> (/app/node/index.js:62:81)
2023-05-02 17:32:05 [noon-ai-dis-was] error: uncaughtException: Route.delete() requires a callback function but got a [object Undefined]
Error: Route.delete() requires a callback function but got a [object Undefined]
    at Route.<computed> [as delete] (/app/node/node_modules/express/lib/router/route.js:211:15)
    at proto.<computed> [as delete] (/app/node/node_modules/express/lib/router/index.js:521:19)
    at Object.<anonymous> (/app/node/api/tenant-api.js:13:14)
    at Module._compile (node:internal/modules/cjs/loader:1105:14)
    at Module._extensions..js (node:internal/modules/cjs/loader:1159:10)
    at Module.load (node:internal/modules/cjs/loader:981:32)
    at Module._load (node:internal/modules/cjs/loader:827:12)
    at Module.require (node:internal/modules/cjs/loader:1005:19)
    at require (node:internal/modules/cjs/helpers:102:18)
    at Object.<anonymous> (/app/node/index.js:62:81)
2023-05-02 17:33:01 [noon-ai-dis-was] error: uncaughtException: Route.delete() requires a callback function but got a [object Undefined]
Error: Route.delete() requires a callback function but got a [object Undefined]
    at Route.<computed> [as delete] (/app/node/node_modules/express/lib/router/route.js:211:15)
    at proto.<computed> [as delete] (/app/node/node_modules/express/lib/router/index.js:521:19)
    at Object.<anonymous> (/app/node/api/tenant-api.js:13:14)
    at Module._compile (node:internal/modules/cjs/loader:1105:14)
    at Module._extensions..js (node:internal/modules/cjs/loader:1159:10)
    at Module.load (node:internal/modules/cjs/loader:981:32)
    at Module._load (node:internal/modules/cjs/loader:827:12)
    at Module.require (node:internal/modules/cjs/loader:1005:19)
    at require (node:internal/modules/cjs/helpers:102:18)
    at Object.<anonymous> (/app/node/index.js:62:81)
2023-05-02 17:34:05 [noon-ai-dis-was] error: uncaughtException: Route.delete() requires a callback function but got a [object Undefined]
Error: Route.delete() requires a callback function but got a [object Undefined]
    at Route.<computed> [as delete] (/app/node/node_modules/express/lib/router/route.js:211:15)
    at proto.<computed> [as delete] (/app/node/node_modules/express/lib/router/index.js:521:19)
    at Object.<anonymous> (/app/node/api/tenant-api.js:13:14)
    at Module._compile (node:internal/modules/cjs/loader:1105:14)
    at Module._extensions..js (node:internal/modules/cjs/loader:1159:10)
    at Module.load (node:internal/modules/cjs/loader:981:32)
    at Module._load (node:internal/modules/cjs/loader:827:12)
    at Module.require (node:internal/modules/cjs/loader:1005:19)
    at require (node:internal/modules/cjs/helpers:102:18)
    at Object.<anonymous> (/app/node/index.js:62:81)
2023-05-02 17:35:10 [noon-ai-dis-was] error: uncaughtException: Route.delete() requires a callback function but got a [object Undefined]
Error: Route.delete() requires a callback function but got a [object Undefined]
    at Route.<computed> [as delete] (/app/node/node_modules/express/lib/router/route.js:211:15)
    at proto.<computed> [as delete] (/app/node/node_modules/express/lib/router/index.js:521:19)
    at Object.<anonymous> (/app/node/api/tenant-api.js:13:14)
    at Module._compile (node:internal/modules/cjs/loader:1105:14)
    at Module._extensions..js (node:internal/modules/cjs/loader:1159:10)
    at Module.load (node:internal/modules/cjs/loader:981:32)
    at Module._load (node:internal/modules/cjs/loader:827:12)
    at Module.require (node:internal/modules/cjs/loader:1005:19)
    at require (node:internal/modules/cjs/helpers:102:18)
    at Object.<anonymous> (/app/node/index.js:62:81)
2023-05-02 17:36:14 [noon-ai-dis-was] error: uncaughtException: Route.delete() requires a callback function but got a [object Undefined]
Error: Route.delete() requires a callback function but got a [object Undefined]
    at Route.<computed> [as delete] (/app/node/node_modules/express/lib/router/route.js:211:15)
    at proto.<computed> [as delete] (/app/node/node_modules/express/lib/router/index.js:521:19)
    at Object.<anonymous> (/app/node/api/tenant-api.js:13:14)
    at Module._compile (node:internal/modules/cjs/loader:1105:14)
    at Module._extensions..js (node:internal/modules/cjs/loader:1159:10)
    at Module.load (node:internal/modules/cjs/loader:981:32)
    at Module._load (node:internal/modules/cjs/loader:827:12)
    at Module.require (node:internal/modules/cjs/loader:1005:19)
    at require (node:internal/modules/cjs/helpers:102:18)
    at Object.<anonymous> (/app/node/index.js:62:81)
2023-05-02 17:37:19 [noon-ai-dis-was] error: uncaughtException: Route.delete() requires a callback function but got a [object Undefined]
Error: Route.delete() requires a callback function but got a [object Undefined]
    at Route.<computed> [as delete] (/app/node/node_modules/express/lib/router/route.js:211:15)
    at proto.<computed> [as delete] (/app/node/node_modules/express/lib/router/index.js:521:19)
    at Object.<anonymous> (/app/node/api/tenant-api.js:13:14)
    at Module._compile (node:internal/modules/cjs/loader:1105:14)
    at Module._extensions..js (node:internal/modules/cjs/loader:1159:10)
    at Module.load (node:internal/modules/cjs/loader:981:32)
    at Module._load (node:internal/modules/cjs/loader:827:12)
    at Module.require (node:internal/modules/cjs/loader:1005:19)
    at require (node:internal/modules/cjs/helpers:102:18)
    at Object.<anonymous> (/app/node/index.js:62:81)
2023-05-02 17:38:23 [noon-ai-dis-was] error: uncaughtException: Route.delete() requires a callback function but got a [object Undefined]
Error: Route.delete() requires a callback function but got a [object Undefined]
    at Route.<computed> [as delete] (/app/node/node_modules/express/lib/router/route.js:211:15)
    at proto.<computed> [as delete] (/app/node/node_modules/express/lib/router/index.js:521:19)
    at Object.<anonymous> (/app/node/api/tenant-api.js:13:14)
    at Module._compile (node:internal/modules/cjs/loader:1105:14)
    at Module._extensions..js (node:internal/modules/cjs/loader:1159:10)
    at Module.load (node:internal/modules/cjs/loader:981:32)
    at Module._load (node:internal/modules/cjs/loader:827:12)
    at Module.require (node:internal/modules/cjs/loader:1005:19)
    at require (node:internal/modules/cjs/helpers:102:18)
    at Object.<anonymous> (/app/node/index.js:62:81)
2023-05-02 17:39:27 [noon-ai-dis-was] error: uncaughtException: Route.delete() requires a callback function but got a [object Undefined]
Error: Route.delete() requires a callback function but got a [object Undefined]
    at Route.<computed> [as delete] (/app/node/node_modules/express/lib/router/route.js:211:15)
    at proto.<computed> [as delete] (/app/node/node_modules/express/lib/router/index.js:521:19)
    at Object.<anonymous> (/app/node/api/tenant-api.js:13:14)
    at Module._compile (node:internal/modules/cjs/loader:1105:14)
    at Module._extensions..js (node:internal/modules/cjs/loader:1159:10)
    at Module.load (node:internal/modules/cjs/loader:981:32)
    at Module._load (node:internal/modules/cjs/loader:827:12)
    at Module.require (node:internal/modules/cjs/loader:1005:19)
    at require (node:internal/modules/cjs/helpers:102:18)
    at Object.<anonymous> (/app/node/index.js:62:81)
2023-05-02 17:40:32 [noon-ai-dis-was] error: uncaughtException: Route.delete() requires a callback function but got a [object Undefined]
Error: Route.delete() requires a callback function but got a [object Undefined]
    at Route.<computed> [as delete] (/app/node/node_modules/express/lib/router/route.js:211:15)
    at proto.<computed> [as delete] (/app/node/node_modules/express/lib/router/index.js:521:19)
    at Object.<anonymous> (/app/node/api/tenant-api.js:13:14)
    at Module._compile (node:internal/modules/cjs/loader:1105:14)
    at Module._extensions..js (node:internal/modules/cjs/loader:1159:10)
    at Module.load (node:internal/modules/cjs/loader:981:32)
    at Module._load (node:internal/modules/cjs/loader:827:12)
    at Module.require (node:internal/modules/cjs/loader:1005:19)
    at require (node:internal/modules/cjs/helpers:102:18)
    at Object.<anonymous> (/app/node/index.js:62:81)
2023-05-02 17:41:36 [noon-ai-dis-was] error: uncaughtException: Route.delete() requires a callback function but got a [object Undefined]
Error: Route.delete() requires a callback function but got a [object Undefined]
    at Route.<computed> [as delete] (/app/node/node_modules/express/lib/router/route.js:211:15)
    at proto.<computed> [as delete] (/app/node/node_modules/express/lib/router/index.js:521:19)
    at Object.<anonymous> (/app/node/api/tenant-api.js:13:14)
    at Module._compile (node:internal/modules/cjs/loader:1105:14)
    at Module._extensions..js (node:internal/modules/cjs/loader:1159:10)
    at Module.load (node:internal/modules/cjs/loader:981:32)
    at Module._load (node:internal/modules/cjs/loader:827:12)
    at Module.require (node:internal/modules/cjs/loader:1005:19)
    at require (node:internal/modules/cjs/helpers:102:18)
    at Object.<anonymous> (/app/node/index.js:62:81)
2023-05-02 17:42:41 [noon-ai-dis-was] error: uncaughtException: Route.delete() requires a callback function but got a [object Undefined]
Error: Route.delete() requires a callback function but got a [object Undefined]
    at Route.<computed> [as delete] (/app/node/node_modules/express/lib/router/route.js:211:15)
    at proto.<computed> [as delete] (/app/node/node_modules/express/lib/router/index.js:521:19)
    at Object.<anonymous> (/app/node/api/tenant-api.js:13:14)
    at Module._compile (node:internal/modules/cjs/loader:1105:14)
    at Module._extensions..js (node:internal/modules/cjs/loader:1159:10)
    at Module.load (node:internal/modules/cjs/loader:981:32)
    at Module._load (node:internal/modules/cjs/loader:827:12)
    at Module.require (node:internal/modules/cjs/loader:1005:19)
    at require (node:internal/modules/cjs/helpers:102:18)
    at Object.<anonymous> (/app/node/index.js:62:81)
2023-05-02 17:43:45 [noon-ai-dis-was] error: uncaughtException: Route.delete() requires a callback function but got a [object Undefined]
Error: Route.delete() requires a callback function but got a [object Undefined]
    at Route.<computed> [as delete] (/app/node/node_modules/express/lib/router/route.js:211:15)
    at proto.<computed> [as delete] (/app/node/node_modules/express/lib/router/index.js:521:19)
    at Object.<anonymous> (/app/node/api/tenant-api.js:13:14)
    at Module._compile (node:internal/modules/cjs/loader:1105:14)
    at Module._extensions..js (node:internal/modules/cjs/loader:1159:10)
    at Module.load (node:internal/modules/cjs/loader:981:32)
    at Module._load (node:internal/modules/cjs/loader:827:12)
    at Module.require (node:internal/modules/cjs/loader:1005:19)
    at require (node:internal/modules/cjs/helpers:102:18)
    at Object.<anonymous> (/app/node/index.js:62:81)
2023-05-02 17:44:49 [noon-ai-dis-was] error: uncaughtException: Route.delete() requires a callback function but got a [object Undefined]
Error: Route.delete() requires a callback function but got a [object Undefined]
    at Route.<computed> [as delete] (/app/node/node_modules/express/lib/router/route.js:211:15)
    at proto.<computed> [as delete] (/app/node/node_modules/express/lib/router/index.js:521:19)
    at Object.<anonymous> (/app/node/api/tenant-api.js:13:14)
    at Module._compile (node:internal/modules/cjs/loader:1105:14)
    at Module._extensions..js (node:internal/modules/cjs/loader:1159:10)
    at Module.load (node:internal/modules/cjs/loader:981:32)
    at Module._load (node:internal/modules/cjs/loader:827:12)
    at Module.require (node:internal/modules/cjs/loader:1005:19)
    at require (node:internal/modules/cjs/helpers:102:18)
    at Object.<anonymous> (/app/node/index.js:62:81)
2023-05-02 17:45:54 [noon-ai-dis-was] error: uncaughtException: Route.delete() requires a callback function but got a [object Undefined]
Error: Route.delete() requires a callback function but got a [object Undefined]
    at Route.<computed> [as delete] (/app/node/node_modules/express/lib/router/route.js:211:15)
    at proto.<computed> [as delete] (/app/node/node_modules/express/lib/router/index.js:521:19)
    at Object.<anonymous> (/app/node/api/tenant-api.js:13:14)
    at Module._compile (node:internal/modules/cjs/loader:1105:14)
    at Module._extensions..js (node:internal/modules/cjs/loader:1159:10)
    at Module.load (node:internal/modules/cjs/loader:981:32)
    at Module._load (node:internal/modules/cjs/loader:827:12)
    at Module.require (node:internal/modules/cjs/loader:1005:19)
    at require (node:internal/modules/cjs/helpers:102:18)
    at Object.<anonymous> (/app/node/index.js:62:81)
2023-05-02 17:46:58 [noon-ai-dis-was] error: uncaughtException: Route.delete() requires a callback function but got a [object Undefined]
Error: Route.delete() requires a callback function but got a [object Undefined]
    at Route.<computed> [as delete] (/app/node/node_modules/express/lib/router/route.js:211:15)
    at proto.<computed> [as delete] (/app/node/node_modules/express/lib/router/index.js:521:19)
    at Object.<anonymous> (/app/node/api/tenant-api.js:13:14)
    at Module._compile (node:internal/modules/cjs/loader:1105:14)
    at Module._extensions..js (node:internal/modules/cjs/loader:1159:10)
    at Module.load (node:internal/modules/cjs/loader:981:32)
    at Module._load (node:internal/modules/cjs/loader:827:12)
    at Module.require (node:internal/modules/cjs/loader:1005:19)
    at require (node:internal/modules/cjs/helpers:102:18)
    at Object.<anonymous> (/app/node/index.js:62:81)
2023-05-02 17:48:03 [noon-ai-dis-was] error: uncaughtException: Route.delete() requires a callback function but got a [object Undefined]
Error: Route.delete() requires a callback function but got a [object Undefined]
    at Route.<computed> [as delete] (/app/node/node_modules/express/lib/router/route.js:211:15)
    at proto.<computed> [as delete] (/app/node/node_modules/express/lib/router/index.js:521:19)
    at Object.<anonymous> (/app/node/api/tenant-api.js:13:14)
    at Module._compile (node:internal/modules/cjs/loader:1105:14)
    at Module._extensions..js (node:internal/modules/cjs/loader:1159:10)
    at Module.load (node:internal/modules/cjs/loader:981:32)
    at Module._load (node:internal/modules/cjs/loader:827:12)
    at Module.require (node:internal/modules/cjs/loader:1005:19)
    at require (node:internal/modules/cjs/helpers:102:18)
    at Object.<anonymous> (/app/node/index.js:62:81)
2023-05-02 17:49:07 [noon-ai-dis-was] error: uncaughtException: Route.delete() requires a callback function but got a [object Undefined]
Error: Route.delete() requires a callback function but got a [object Undefined]
    at Route.<computed> [as delete] (/app/node/node_modules/express/lib/router/route.js:211:15)
    at proto.<computed> [as delete] (/app/node/node_modules/express/lib/router/index.js:521:19)
    at Object.<anonymous> (/app/node/api/tenant-api.js:13:14)
    at Module._compile (node:internal/modules/cjs/loader:1105:14)
    at Module._extensions..js (node:internal/modules/cjs/loader:1159:10)
    at Module.load (node:internal/modules/cjs/loader:981:32)
    at Module._load (node:internal/modules/cjs/loader:827:12)
    at Module.require (node:internal/modules/cjs/loader:1005:19)
    at require (node:internal/modules/cjs/helpers:102:18)
    at Object.<anonymous> (/app/node/index.js:62:81)
2023-05-02 17:50:12 [noon-ai-dis-was] error: uncaughtException: Route.delete() requires a callback function but got a [object Undefined]
Error: Route.delete() requires a callback function but got a [object Undefined]
    at Route.<computed> [as delete] (/app/node/node_modules/express/lib/router/route.js:211:15)
    at proto.<computed> [as delete] (/app/node/node_modules/express/lib/router/index.js:521:19)
    at Object.<anonymous> (/app/node/api/tenant-api.js:13:14)
    at Module._compile (node:internal/modules/cjs/loader:1105:14)
    at Module._extensions..js (node:internal/modules/cjs/loader:1159:10)
    at Module.load (node:internal/modules/cjs/loader:981:32)
    at Module._load (node:internal/modules/cjs/loader:827:12)
    at Module.require (node:internal/modules/cjs/loader:1005:19)
    at require (node:internal/modules/cjs/helpers:102:18)
    at Object.<anonymous> (/app/node/index.js:62:81)
2023-05-02 17:51:16 [noon-ai-dis-was] error: uncaughtException: Route.delete() requires a callback function but got a [object Undefined]
Error: Route.delete() requires a callback function but got a [object Undefined]
    at Route.<computed> [as delete] (/app/node/node_modules/express/lib/router/route.js:211:15)
    at proto.<computed> [as delete] (/app/node/node_modules/express/lib/router/index.js:521:19)
    at Object.<anonymous> (/app/node/api/tenant-api.js:13:14)
    at Module._compile (node:internal/modules/cjs/loader:1105:14)
    at Module._extensions..js (node:internal/modules/cjs/loader:1159:10)
    at Module.load (node:internal/modules/cjs/loader:981:32)
    at Module._load (node:internal/modules/cjs/loader:827:12)
    at Module.require (node:internal/modules/cjs/loader:1005:19)
    at require (node:internal/modules/cjs/helpers:102:18)
    at Object.<anonymous> (/app/node/index.js:62:81)
2023-05-02 17:52:20 [noon-ai-dis-was] error: uncaughtException: Route.delete() requires a callback function but got a [object Undefined]
Error: Route.delete() requires a callback function but got a [object Undefined]
    at Route.<computed> [as delete] (/app/node/node_modules/express/lib/router/route.js:211:15)
    at proto.<computed> [as delete] (/app/node/node_modules/express/lib/router/index.js:521:19)
    at Object.<anonymous> (/app/node/api/tenant-api.js:13:14)
    at Module._compile (node:internal/modules/cjs/loader:1105:14)
    at Module._extensions..js (node:internal/modules/cjs/loader:1159:10)
    at Module.load (node:internal/modules/cjs/loader:981:32)
    at Module._load (node:internal/modules/cjs/loader:827:12)
    at Module.require (node:internal/modules/cjs/loader:1005:19)
    at require (node:internal/modules/cjs/helpers:102:18)
    at Object.<anonymous> (/app/node/index.js:62:81)
2023-05-02 17:53:25 [noon-ai-dis-was] error: uncaughtException: Route.delete() requires a callback function but got a [object Undefined]
Error: Route.delete() requires a callback function but got a [object Undefined]
    at Route.<computed> [as delete] (/app/node/node_modules/express/lib/router/route.js:211:15)
    at proto.<computed> [as delete] (/app/node/node_modules/express/lib/router/index.js:521:19)
    at Object.<anonymous> (/app/node/api/tenant-api.js:13:14)
    at Module._compile (node:internal/modules/cjs/loader:1105:14)
    at Module._extensions..js (node:internal/modules/cjs/loader:1159:10)
    at Module.load (node:internal/modules/cjs/loader:981:32)
    at Module._load (node:internal/modules/cjs/loader:827:12)
    at Module.require (node:internal/modules/cjs/loader:1005:19)
    at require (node:internal/modules/cjs/helpers:102:18)
    at Object.<anonymous> (/app/node/index.js:62:81)
2023-05-02 17:54:29 [noon-ai-dis-was] error: uncaughtException: Route.delete() requires a callback function but got a [object Undefined]
Error: Route.delete() requires a callback function but got a [object Undefined]
    at Route.<computed> [as delete] (/app/node/node_modules/express/lib/router/route.js:211:15)
    at proto.<computed> [as delete] (/app/node/node_modules/express/lib/router/index.js:521:19)
    at Object.<anonymous> (/app/node/api/tenant-api.js:13:14)
    at Module._compile (node:internal/modules/cjs/loader:1105:14)
    at Module._extensions..js (node:internal/modules/cjs/loader:1159:10)
    at Module.load (node:internal/modules/cjs/loader:981:32)
    at Module._load (node:internal/modules/cjs/loader:827:12)
    at Module.require (node:internal/modules/cjs/loader:1005:19)
    at require (node:internal/modules/cjs/helpers:102:18)
    at Object.<anonymous> (/app/node/index.js:62:81)
2023-05-02 17:55:34 [noon-ai-dis-was] error: uncaughtException: Route.delete() requires a callback function but got a [object Undefined]
Error: Route.delete() requires a callback function but got a [object Undefined]
    at Route.<computed> [as delete] (/app/node/node_modules/express/lib/router/route.js:211:15)
    at proto.<computed> [as delete] (/app/node/node_modules/express/lib/router/index.js:521:19)
    at Object.<anonymous> (/app/node/api/tenant-api.js:13:14)
    at Module._compile (node:internal/modules/cjs/loader:1105:14)
    at Module._extensions..js (node:internal/modules/cjs/loader:1159:10)
    at Module.load (node:internal/modules/cjs/loader:981:32)
    at Module._load (node:internal/modules/cjs/loader:827:12)
    at Module.require (node:internal/modules/cjs/loader:1005:19)
    at require (node:internal/modules/cjs/helpers:102:18)
    at Object.<anonymous> (/app/node/index.js:62:81)
2023-05-02 17:56:38 [noon-ai-dis-was] error: uncaughtException: Route.delete() requires a callback function but got a [object Undefined]
Error: Route.delete() requires a callback function but got a [object Undefined]
    at Route.<computed> [as delete] (/app/node/node_modules/express/lib/router/route.js:211:15)
    at proto.<computed> [as delete] (/app/node/node_modules/express/lib/router/index.js:521:19)
    at Object.<anonymous> (/app/node/api/tenant-api.js:13:14)
    at Module._compile (node:internal/modules/cjs/loader:1105:14)
    at Module._extensions..js (node:internal/modules/cjs/loader:1159:10)
    at Module.load (node:internal/modules/cjs/loader:981:32)
    at Module._load (node:internal/modules/cjs/loader:827:12)
    at Module.require (node:internal/modules/cjs/loader:1005:19)
    at require (node:internal/modules/cjs/helpers:102:18)
    at Object.<anonymous> (/app/node/index.js:62:81)
2023-05-02 17:57:42 [noon-ai-dis-was] error: uncaughtException: Route.delete() requires a callback function but got a [object Undefined]
Error: Route.delete() requires a callback function but got a [object Undefined]
    at Route.<computed> [as delete] (/app/node/node_modules/express/lib/router/route.js:211:15)
    at proto.<computed> [as delete] (/app/node/node_modules/express/lib/router/index.js:521:19)
    at Object.<anonymous> (/app/node/api/tenant-api.js:13:14)
    at Module._compile (node:internal/modules/cjs/loader:1105:14)
    at Module._extensions..js (node:internal/modules/cjs/loader:1159:10)
    at Module.load (node:internal/modules/cjs/loader:981:32)
    at Module._load (node:internal/modules/cjs/loader:827:12)
    at Module.require (node:internal/modules/cjs/loader:1005:19)
    at require (node:internal/modules/cjs/helpers:102:18)
    at Object.<anonymous> (/app/node/index.js:62:81)
2023-05-02 17:58:47 [noon-ai-dis-was] error: uncaughtException: Route.delete() requires a callback function but got a [object Undefined]
Error: Route.delete() requires a callback function but got a [object Undefined]
    at Route.<computed> [as delete] (/app/node/node_modules/express/lib/router/route.js:211:15)
    at proto.<computed> [as delete] (/app/node/node_modules/express/lib/router/index.js:521:19)
    at Object.<anonymous> (/app/node/api/tenant-api.js:13:14)
    at Module._compile (node:internal/modules/cjs/loader:1105:14)
    at Module._extensions..js (node:internal/modules/cjs/loader:1159:10)
    at Module.load (node:internal/modules/cjs/loader:981:32)
    at Module._load (node:internal/modules/cjs/loader:827:12)
    at Module.require (node:internal/modules/cjs/loader:1005:19)
    at require (node:internal/modules/cjs/helpers:102:18)
    at Object.<anonymous> (/app/node/index.js:62:81)
2023-05-02 17:59:51 [noon-ai-dis-was] error: uncaughtException: Route.delete() requires a callback function but got a [object Undefined]
Error: Route.delete() requires a callback function but got a [object Undefined]
    at Route.<computed> [as delete] (/app/node/node_modules/express/lib/router/route.js:211:15)
    at proto.<computed> [as delete] (/app/node/node_modules/express/lib/router/index.js:521:19)
    at Object.<anonymous> (/app/node/api/tenant-api.js:13:14)
    at Module._compile (node:internal/modules/cjs/loader:1105:14)
    at Module._extensions..js (node:internal/modules/cjs/loader:1159:10)
    at Module.load (node:internal/modules/cjs/loader:981:32)
    at Module._load (node:internal/modules/cjs/loader:827:12)
    at Module.require (node:internal/modules/cjs/loader:1005:19)
    at require (node:internal/modules/cjs/helpers:102:18)
    at Object.<anonymous> (/app/node/index.js:62:81)
2023-05-02 18:00:56 [noon-ai-dis-was] error: uncaughtException: Route.delete() requires a callback function but got a [object Undefined]
Error: Route.delete() requires a callback function but got a [object Undefined]
    at Route.<computed> [as delete] (/app/node/node_modules/express/lib/router/route.js:211:15)
    at proto.<computed> [as delete] (/app/node/node_modules/express/lib/router/index.js:521:19)
    at Object.<anonymous> (/app/node/api/tenant-api.js:13:14)
    at Module._compile (node:internal/modules/cjs/loader:1105:14)
    at Module._extensions..js (node:internal/modules/cjs/loader:1159:10)
    at Module.load (node:internal/modules/cjs/loader:981:32)
    at Module._load (node:internal/modules/cjs/loader:827:12)
    at Module.require (node:internal/modules/cjs/loader:1005:19)
    at require (node:internal/modules/cjs/helpers:102:18)
    at Object.<anonymous> (/app/node/index.js:62:81)
2023-05-02 18:02:00 [noon-ai-dis-was] error: uncaughtException: Route.delete() requires a callback function but got a [object Undefined]
Error: Route.delete() requires a callback function but got a [object Undefined]
    at Route.<computed> [as delete] (/app/node/node_modules/express/lib/router/route.js:211:15)
    at proto.<computed> [as delete] (/app/node/node_modules/express/lib/router/index.js:521:19)
    at Object.<anonymous> (/app/node/api/tenant-api.js:13:14)
    at Module._compile (node:internal/modules/cjs/loader:1105:14)
    at Module._extensions..js (node:internal/modules/cjs/loader:1159:10)
    at Module.load (node:internal/modules/cjs/loader:981:32)
    at Module._load (node:internal/modules/cjs/loader:827:12)
    at Module.require (node:internal/modules/cjs/loader:1005:19)
    at require (node:internal/modules/cjs/helpers:102:18)
    at Object.<anonymous> (/app/node/index.js:62:81)
2023-05-02 18:03:05 [noon-ai-dis-was] error: uncaughtException: Route.delete() requires a callback function but got a [object Undefined]
Error: Route.delete() requires a callback function but got a [object Undefined]
    at Route.<computed> [as delete] (/app/node/node_modules/express/lib/router/route.js:211:15)
    at proto.<computed> [as delete] (/app/node/node_modules/express/lib/router/index.js:521:19)
    at Object.<anonymous> (/app/node/api/tenant-api.js:13:14)
    at Module._compile (node:internal/modules/cjs/loader:1105:14)
    at Module._extensions..js (node:internal/modules/cjs/loader:1159:10)
    at Module.load (node:internal/modules/cjs/loader:981:32)
    at Module._load (node:internal/modules/cjs/loader:827:12)
    at Module.require (node:internal/modules/cjs/loader:1005:19)
    at require (node:internal/modules/cjs/helpers:102:18)
    at Object.<anonymous> (/app/node/index.js:62:81)
2023-05-02 18:04:09 [noon-ai-dis-was] error: uncaughtException: Route.delete() requires a callback function but got a [object Undefined]
Error: Route.delete() requires a callback function but got a [object Undefined]
    at Route.<computed> [as delete] (/app/node/node_modules/express/lib/router/route.js:211:15)
    at proto.<computed> [as delete] (/app/node/node_modules/express/lib/router/index.js:521:19)
    at Object.<anonymous> (/app/node/api/tenant-api.js:13:14)
    at Module._compile (node:internal/modules/cjs/loader:1105:14)
    at Module._extensions..js (node:internal/modules/cjs/loader:1159:10)
    at Module.load (node:internal/modules/cjs/loader:981:32)
    at Module._load (node:internal/modules/cjs/loader:827:12)
    at Module.require (node:internal/modules/cjs/loader:1005:19)
    at require (node:internal/modules/cjs/helpers:102:18)
    at Object.<anonymous> (/app/node/index.js:62:81)
2023-05-02 18:05:13 [noon-ai-dis-was] error: uncaughtException: Route.delete() requires a callback function but got a [object Undefined]
Error: Route.delete() requires a callback function but got a [object Undefined]
    at Route.<computed> [as delete] (/app/node/node_modules/express/lib/router/route.js:211:15)
    at proto.<computed> [as delete] (/app/node/node_modules/express/lib/router/index.js:521:19)
    at Object.<anonymous> (/app/node/api/tenant-api.js:13:14)
    at Module._compile (node:internal/modules/cjs/loader:1105:14)
    at Module._extensions..js (node:internal/modules/cjs/loader:1159:10)
    at Module.load (node:internal/modules/cjs/loader:981:32)
    at Module._load (node:internal/modules/cjs/loader:827:12)
    at Module.require (node:internal/modules/cjs/loader:1005:19)
    at require (node:internal/modules/cjs/helpers:102:18)
    at Object.<anonymous> (/app/node/index.js:62:81)
2023-05-02 18:06:18 [noon-ai-dis-was] error: uncaughtException: Route.delete() requires a callback function but got a [object Undefined]
Error: Route.delete() requires a callback function but got a [object Undefined]
    at Route.<computed> [as delete] (/app/node/node_modules/express/lib/router/route.js:211:15)
    at proto.<computed> [as delete] (/app/node/node_modules/express/lib/router/index.js:521:19)
    at Object.<anonymous> (/app/node/api/tenant-api.js:13:14)
    at Module._compile (node:internal/modules/cjs/loader:1105:14)
    at Module._extensions..js (node:internal/modules/cjs/loader:1159:10)
    at Module.load (node:internal/modules/cjs/loader:981:32)
    at Module._load (node:internal/modules/cjs/loader:827:12)
    at Module.require (node:internal/modules/cjs/loader:1005:19)
    at require (node:internal/modules/cjs/helpers:102:18)
    at Object.<anonymous> (/app/node/index.js:62:81)
2023-05-02 18:07:22 [noon-ai-dis-was] error: uncaughtException: Route.delete() requires a callback function but got a [object Undefined]
Error: Route.delete() requires a callback function but got a [object Undefined]
    at Route.<computed> [as delete] (/app/node/node_modules/express/lib/router/route.js:211:15)
    at proto.<computed> [as delete] (/app/node/node_modules/express/lib/router/index.js:521:19)
    at Object.<anonymous> (/app/node/api/tenant-api.js:13:14)
    at Module._compile (node:internal/modules/cjs/loader:1105:14)
    at Module._extensions..js (node:internal/modules/cjs/loader:1159:10)
    at Module.load (node:internal/modules/cjs/loader:981:32)
    at Module._load (node:internal/modules/cjs/loader:827:12)
    at Module.require (node:internal/modules/cjs/loader:1005:19)
    at require (node:internal/modules/cjs/helpers:102:18)
    at Object.<anonymous> (/app/node/index.js:62:81)
2023-05-02 18:08:27 [noon-ai-dis-was] error: uncaughtException: Route.delete() requires a callback function but got a [object Undefined]
Error: Route.delete() requires a callback function but got a [object Undefined]
    at Route.<computed> [as delete] (/app/node/node_modules/express/lib/router/route.js:211:15)
    at proto.<computed> [as delete] (/app/node/node_modules/express/lib/router/index.js:521:19)
    at Object.<anonymous> (/app/node/api/tenant-api.js:13:14)
    at Module._compile (node:internal/modules/cjs/loader:1105:14)
    at Module._extensions..js (node:internal/modules/cjs/loader:1159:10)
    at Module.load (node:internal/modules/cjs/loader:981:32)
    at Module._load (node:internal/modules/cjs/loader:827:12)
    at Module.require (node:internal/modules/cjs/loader:1005:19)
    at require (node:internal/modules/cjs/helpers:102:18)
    at Object.<anonymous> (/app/node/index.js:62:81)
2023-05-02 18:09:31 [noon-ai-dis-was] error: uncaughtException: Route.delete() requires a callback function but got a [object Undefined]
Error: Route.delete() requires a callback function but got a [object Undefined]
    at Route.<computed> [as delete] (/app/node/node_modules/express/lib/router/route.js:211:15)
    at proto.<computed> [as delete] (/app/node/node_modules/express/lib/router/index.js:521:19)
    at Object.<anonymous> (/app/node/api/tenant-api.js:13:14)
    at Module._compile (node:internal/modules/cjs/loader:1105:14)
    at Module._extensions..js (node:internal/modules/cjs/loader:1159:10)
    at Module.load (node:internal/modules/cjs/loader:981:32)
    at Module._load (node:internal/modules/cjs/loader:827:12)
    at Module.require (node:internal/modules/cjs/loader:1005:19)
    at require (node:internal/modules/cjs/helpers:102:18)
    at Object.<anonymous> (/app/node/index.js:62:81)
2023-05-02 18:10:35 [noon-ai-dis-was] error: uncaughtException: Route.delete() requires a callback function but got a [object Undefined]
Error: Route.delete() requires a callback function but got a [object Undefined]
    at Route.<computed> [as delete] (/app/node/node_modules/express/lib/router/route.js:211:15)
    at proto.<computed> [as delete] (/app/node/node_modules/express/lib/router/index.js:521:19)
    at Object.<anonymous> (/app/node/api/tenant-api.js:13:14)
    at Module._compile (node:internal/modules/cjs/loader:1105:14)
    at Module._extensions..js (node:internal/modules/cjs/loader:1159:10)
    at Module.load (node:internal/modules/cjs/loader:981:32)
    at Module._load (node:internal/modules/cjs/loader:827:12)
    at Module.require (node:internal/modules/cjs/loader:1005:19)
    at require (node:internal/modules/cjs/helpers:102:18)
    at Object.<anonymous> (/app/node/index.js:62:81)
2023-05-02 18:11:40 [noon-ai-dis-was] error: uncaughtException: Route.delete() requires a callback function but got a [object Undefined]
Error: Route.delete() requires a callback function but got a [object Undefined]
    at Route.<computed> [as delete] (/app/node/node_modules/express/lib/router/route.js:211:15)
    at proto.<computed> [as delete] (/app/node/node_modules/express/lib/router/index.js:521:19)
    at Object.<anonymous> (/app/node/api/tenant-api.js:13:14)
    at Module._compile (node:internal/modules/cjs/loader:1105:14)
    at Module._extensions..js (node:internal/modules/cjs/loader:1159:10)
    at Module.load (node:internal/modules/cjs/loader:981:32)
    at Module._load (node:internal/modules/cjs/loader:827:12)
    at Module.require (node:internal/modules/cjs/loader:1005:19)
    at require (node:internal/modules/cjs/helpers:102:18)
    at Object.<anonymous> (/app/node/index.js:62:81)
2023-05-02 18:12:44 [noon-ai-dis-was] error: uncaughtException: Route.delete() requires a callback function but got a [object Undefined]
Error: Route.delete() requires a callback function but got a [object Undefined]
    at Route.<computed> [as delete] (/app/node/node_modules/express/lib/router/route.js:211:15)
    at proto.<computed> [as delete] (/app/node/node_modules/express/lib/router/index.js:521:19)
    at Object.<anonymous> (/app/node/api/tenant-api.js:13:14)
    at Module._compile (node:internal/modules/cjs/loader:1105:14)
    at Module._extensions..js (node:internal/modules/cjs/loader:1159:10)
    at Module.load (node:internal/modules/cjs/loader:981:32)
    at Module._load (node:internal/modules/cjs/loader:827:12)
    at Module.require (node:internal/modules/cjs/loader:1005:19)
    at require (node:internal/modules/cjs/helpers:102:18)
    at Object.<anonymous> (/app/node/index.js:62:81)
2023-05-02 18:13:49 [noon-ai-dis-was] error: uncaughtException: Route.delete() requires a callback function but got a [object Undefined]
Error: Route.delete() requires a callback function but got a [object Undefined]
    at Route.<computed> [as delete] (/app/node/node_modules/express/lib/router/route.js:211:15)
    at proto.<computed> [as delete] (/app/node/node_modules/express/lib/router/index.js:521:19)
    at Object.<anonymous> (/app/node/api/tenant-api.js:13:14)
    at Module._compile (node:internal/modules/cjs/loader:1105:14)
    at Module._extensions..js (node:internal/modules/cjs/loader:1159:10)
    at Module.load (node:internal/modules/cjs/loader:981:32)
    at Module._load (node:internal/modules/cjs/loader:827:12)
    at Module.require (node:internal/modules/cjs/loader:1005:19)
    at require (node:internal/modules/cjs/helpers:102:18)
    at Object.<anonymous> (/app/node/index.js:62:81)
2023-05-02 18:14:54 [noon-ai-dis-was] error: uncaughtException: Route.delete() requires a callback function but got a [object Undefined]
Error: Route.delete() requires a callback function but got a [object Undefined]
    at Route.<computed> [as delete] (/app/node/node_modules/express/lib/router/route.js:211:15)
    at proto.<computed> [as delete] (/app/node/node_modules/express/lib/router/index.js:521:19)
    at Object.<anonymous> (/app/node/api/tenant-api.js:13:14)
    at Module._compile (node:internal/modules/cjs/loader:1105:14)
    at Module._extensions..js (node:internal/modules/cjs/loader:1159:10)
    at Module.load (node:internal/modules/cjs/loader:981:32)
    at Module._load (node:internal/modules/cjs/loader:827:12)
    at Module.require (node:internal/modules/cjs/loader:1005:19)
    at require (node:internal/modules/cjs/helpers:102:18)
    at Object.<anonymous> (/app/node/index.js:62:81)
2023-05-02 18:15:03 [noon-ai-dis-was] error: uncaughtException: Route.delete() requires a callback function but got a [object Undefined]
Error: Route.delete() requires a callback function but got a [object Undefined]
    at Route.<computed> [as delete] (/app/node/node_modules/express/lib/router/route.js:211:15)
    at proto.<computed> [as delete] (/app/node/node_modules/express/lib/router/index.js:521:19)
    at Object.<anonymous> (/app/node/api/tenant-api.js:13:14)
    at Module._compile (node:internal/modules/cjs/loader:1105:14)
    at Module._extensions..js (node:internal/modules/cjs/loader:1159:10)
    at Module.load (node:internal/modules/cjs/loader:981:32)
    at Module._load (node:internal/modules/cjs/loader:827:12)
    at Module.require (node:internal/modules/cjs/loader:1005:19)
    at require (node:internal/modules/cjs/helpers:102:18)
    at Object.<anonymous> (/app/node/index.js:62:81)
2023-05-02 18:15:07 [noon-ai-dis-was] error: uncaughtException: Route.delete() requires a callback function but got a [object Undefined]
Error: Route.delete() requires a callback function but got a [object Undefined]
    at Route.<computed> [as delete] (/app/node/node_modules/express/lib/router/route.js:211:15)
    at proto.<computed> [as delete] (/app/node/node_modules/express/lib/router/index.js:521:19)
    at Object.<anonymous> (/app/node/api/tenant-api.js:13:14)
    at Module._compile (node:internal/modules/cjs/loader:1105:14)
    at Module._extensions..js (node:internal/modules/cjs/loader:1159:10)
    at Module.load (node:internal/modules/cjs/loader:981:32)
    at Module._load (node:internal/modules/cjs/loader:827:12)
    at Module.require (node:internal/modules/cjs/loader:1005:19)
    at require (node:internal/modules/cjs/helpers:102:18)
    at Object.<anonymous> (/app/node/index.js:62:81)
2023-05-02 18:15:12 [noon-ai-dis-was] error: uncaughtException: Route.delete() requires a callback function but got a [object Undefined]
Error: Route.delete() requires a callback function but got a [object Undefined]
    at Route.<computed> [as delete] (/app/node/node_modules/express/lib/router/route.js:211:15)
    at proto.<computed> [as delete] (/app/node/node_modules/express/lib/router/index.js:521:19)
    at Object.<anonymous> (/app/node/api/tenant-api.js:13:14)
    at Module._compile (node:internal/modules/cjs/loader:1105:14)
    at Module._extensions..js (node:internal/modules/cjs/loader:1159:10)
    at Module.load (node:internal/modules/cjs/loader:981:32)
    at Module._load (node:internal/modules/cjs/loader:827:12)
    at Module.require (node:internal/modules/cjs/loader:1005:19)
    at require (node:internal/modules/cjs/helpers:102:18)
    at Object.<anonymous> (/app/node/index.js:62:81)
2023-05-02 18:15:17 [noon-ai-dis-was] error: uncaughtException: Route.delete() requires a callback function but got a [object Undefined]
Error: Route.delete() requires a callback function but got a [object Undefined]
    at Route.<computed> [as delete] (/app/node/node_modules/express/lib/router/route.js:211:15)
    at proto.<computed> [as delete] (/app/node/node_modules/express/lib/router/index.js:521:19)
    at Object.<anonymous> (/app/node/api/tenant-api.js:13:14)
    at Module._compile (node:internal/modules/cjs/loader:1105:14)
    at Module._extensions..js (node:internal/modules/cjs/loader:1159:10)
    at Module.load (node:internal/modules/cjs/loader:981:32)
    at Module._load (node:internal/modules/cjs/loader:827:12)
    at Module.require (node:internal/modules/cjs/loader:1005:19)
    at require (node:internal/modules/cjs/helpers:102:18)
    at Object.<anonymous> (/app/node/index.js:62:81)
2023-05-02 18:15:22 [noon-ai-dis-was] error: uncaughtException: Route.delete() requires a callback function but got a [object Undefined]
Error: Route.delete() requires a callback function but got a [object Undefined]
    at Route.<computed> [as delete] (/app/node/node_modules/express/lib/router/route.js:211:15)
    at proto.<computed> [as delete] (/app/node/node_modules/express/lib/router/index.js:521:19)
    at Object.<anonymous> (/app/node/api/tenant-api.js:13:14)
    at Module._compile (node:internal/modules/cjs/loader:1105:14)
    at Module._extensions..js (node:internal/modules/cjs/loader:1159:10)
    at Module.load (node:internal/modules/cjs/loader:981:32)
    at Module._load (node:internal/modules/cjs/loader:827:12)
    at Module.require (node:internal/modules/cjs/loader:1005:19)
    at require (node:internal/modules/cjs/helpers:102:18)
    at Object.<anonymous> (/app/node/index.js:62:81)
2023-05-02 18:15:28 [noon-ai-dis-was] error: uncaughtException: Route.delete() requires a callback function but got a [object Undefined]
Error: Route.delete() requires a callback function but got a [object Undefined]
    at Route.<computed> [as delete] (/app/node/node_modules/express/lib/router/route.js:211:15)
    at proto.<computed> [as delete] (/app/node/node_modules/express/lib/router/index.js:521:19)
    at Object.<anonymous> (/app/node/api/tenant-api.js:13:14)
    at Module._compile (node:internal/modules/cjs/loader:1105:14)
    at Module._extensions..js (node:internal/modules/cjs/loader:1159:10)
    at Module.load (node:internal/modules/cjs/loader:981:32)
    at Module._load (node:internal/modules/cjs/loader:827:12)
    at Module.require (node:internal/modules/cjs/loader:1005:19)
    at require (node:internal/modules/cjs/helpers:102:18)
    at Object.<anonymous> (/app/node/index.js:62:81)
2023-05-02 18:15:36 [noon-ai-dis-was] error: uncaughtException: Route.delete() requires a callback function but got a [object Undefined]
Error: Route.delete() requires a callback function but got a [object Undefined]
    at Route.<computed> [as delete] (/app/node/node_modules/express/lib/router/route.js:211:15)
    at proto.<computed> [as delete] (/app/node/node_modules/express/lib/router/index.js:521:19)
    at Object.<anonymous> (/app/node/api/tenant-api.js:13:14)
    at Module._compile (node:internal/modules/cjs/loader:1105:14)
    at Module._extensions..js (node:internal/modules/cjs/loader:1159:10)
    at Module.load (node:internal/modules/cjs/loader:981:32)
    at Module._load (node:internal/modules/cjs/loader:827:12)
    at Module.require (node:internal/modules/cjs/loader:1005:19)
    at require (node:internal/modules/cjs/helpers:102:18)
    at Object.<anonymous> (/app/node/index.js:62:81)
2023-05-02 18:15:47 [noon-ai-dis-was] error: uncaughtException: Route.delete() requires a callback function but got a [object Undefined]
Error: Route.delete() requires a callback function but got a [object Undefined]
    at Route.<computed> [as delete] (/app/node/node_modules/express/lib/router/route.js:211:15)
    at proto.<computed> [as delete] (/app/node/node_modules/express/lib/router/index.js:521:19)
    at Object.<anonymous> (/app/node/api/tenant-api.js:13:14)
    at Module._compile (node:internal/modules/cjs/loader:1105:14)
    at Module._extensions..js (node:internal/modules/cjs/loader:1159:10)
    at Module.load (node:internal/modules/cjs/loader:981:32)
    at Module._load (node:internal/modules/cjs/loader:827:12)
    at Module.require (node:internal/modules/cjs/loader:1005:19)
    at require (node:internal/modules/cjs/helpers:102:18)
    at Object.<anonymous> (/app/node/index.js:62:81)
2023-05-02 18:16:04 [noon-ai-dis-was] error: uncaughtException: Route.delete() requires a callback function but got a [object Undefined]
Error: Route.delete() requires a callback function but got a [object Undefined]
    at Route.<computed> [as delete] (/app/node/node_modules/express/lib/router/route.js:211:15)
    at proto.<computed> [as delete] (/app/node/node_modules/express/lib/router/index.js:521:19)
    at Object.<anonymous> (/app/node/api/tenant-api.js:13:14)
    at Module._compile (node:internal/modules/cjs/loader:1105:14)
    at Module._extensions..js (node:internal/modules/cjs/loader:1159:10)
    at Module.load (node:internal/modules/cjs/loader:981:32)
    at Module._load (node:internal/modules/cjs/loader:827:12)
    at Module.require (node:internal/modules/cjs/loader:1005:19)
    at require (node:internal/modules/cjs/helpers:102:18)
    at Object.<anonymous> (/app/node/index.js:62:81)
2023-05-02 18:16:34 [noon-ai-dis-was] error: uncaughtException: Route.delete() requires a callback function but got a [object Undefined]
Error: Route.delete() requires a callback function but got a [object Undefined]
    at Route.<computed> [as delete] (/app/node/node_modules/express/lib/router/route.js:211:15)
    at proto.<computed> [as delete] (/app/node/node_modules/express/lib/router/index.js:521:19)
    at Object.<anonymous> (/app/node/api/tenant-api.js:13:14)
    at Module._compile (node:internal/modules/cjs/loader:1105:14)
    at Module._extensions..js (node:internal/modules/cjs/loader:1159:10)
    at Module.load (node:internal/modules/cjs/loader:981:32)
    at Module._load (node:internal/modules/cjs/loader:827:12)
    at Module.require (node:internal/modules/cjs/loader:1005:19)
    at require (node:internal/modules/cjs/helpers:102:18)
    at Object.<anonymous> (/app/node/index.js:62:81)
2023-05-02 18:16:58 [noon-ai-dis-was] error: uncaughtException: Cannot read properties of undefined (reading 'returnMessage')
TypeError: Cannot read properties of undefined (reading 'returnMessage')
    at Request._callback (/app/node/controller/Tenant.Api.Controller.js:156:72)
    at self.callback (/app/node/node_modules/request/request.js:185:22)
    at Request.emit (node:events:527:28)
    at Request.emit (node:domain:475:12)
    at Request.<anonymous> (/app/node/node_modules/request/request.js:1154:10)
    at Request.emit (node:events:527:28)
    at Request.emit (node:domain:475:12)
    at IncomingMessage.<anonymous> (/app/node/node_modules/request/request.js:1076:12)
    at Object.onceWrapper (node:events:641:28)
    at IncomingMessage.emit (node:events:539:35)
2023-05-02 18:18:15 [noon-ai-dis-was] error: uncaughtException: Cannot read properties of undefined (reading 'returnMessage')
TypeError: Cannot read properties of undefined (reading 'returnMessage')
    at Request._callback (/app/node/controller/Tenant.Api.Controller.js:159:72)
    at self.callback (/app/node/node_modules/request/request.js:185:22)
    at Request.emit (node:events:527:28)
    at Request.emit (node:domain:475:12)
    at Request.<anonymous> (/app/node/node_modules/request/request.js:1154:10)
    at Request.emit (node:events:527:28)
    at Request.emit (node:domain:475:12)
    at IncomingMessage.<anonymous> (/app/node/node_modules/request/request.js:1076:12)
    at Object.onceWrapper (node:events:641:28)
    at IncomingMessage.emit (node:events:539:35)
2023-05-02 18:20:30 [noon-ai-dis-was] error: uncaughtException: Cannot read properties of undefined (reading 'returnMessage')
TypeError: Cannot read properties of undefined (reading 'returnMessage')
    at Request._callback (/app/node/controller/Tenant.Api.Controller.js:161:72)
    at self.callback (/app/node/node_modules/request/request.js:185:22)
    at Request.emit (node:events:527:28)
    at Request.emit (node:domain:475:12)
    at Request.<anonymous> (/app/node/node_modules/request/request.js:1154:10)
    at Request.emit (node:events:527:28)
    at Request.emit (node:domain:475:12)
    at IncomingMessage.<anonymous> (/app/node/node_modules/request/request.js:1076:12)
    at Object.onceWrapper (node:events:641:28)
    at IncomingMessage.emit (node:events:539:35)
2023-05-02 18:27:47 [noon-ai-dis-was] error: uncaughtException: Cannot read properties of undefined (reading 'returnMessage')
TypeError: Cannot read properties of undefined (reading 'returnMessage')
    at Request._callback (/app/node/controller/Tenant.Api.Controller.js:161:72)
    at self.callback (/app/node/node_modules/request/request.js:185:22)
    at Request.emit (node:events:527:28)
    at Request.emit (node:domain:475:12)
    at Request.<anonymous> (/app/node/node_modules/request/request.js:1154:10)
    at Request.emit (node:events:527:28)
    at Request.emit (node:domain:475:12)
    at IncomingMessage.<anonymous> (/app/node/node_modules/request/request.js:1076:12)
    at Object.onceWrapper (node:events:641:28)
    at IncomingMessage.emit (node:events:539:35)
2023-05-02 18:29:09 [noon-ai-dis-was] error: uncaughtException: Cannot read properties of undefined (reading 'returnMessage')
TypeError: Cannot read properties of undefined (reading 'returnMessage')
    at Request._callback (/app/node/controller/Tenant.Api.Controller.js:162:72)
    at self.callback (/app/node/node_modules/request/request.js:185:22)
    at Request.emit (node:events:527:28)
    at Request.emit (node:domain:475:12)
    at Request.<anonymous> (/app/node/node_modules/request/request.js:1154:10)
    at Request.emit (node:events:527:28)
    at Request.emit (node:domain:475:12)
    at IncomingMessage.<anonymous> (/app/node/node_modules/request/request.js:1076:12)
    at Object.onceWrapper (node:events:641:28)
    at IncomingMessage.emit (node:events:539:35)
2023-05-02 18:29:32 [noon-ai-dis-was] error: uncaughtException: Cannot read properties of undefined (reading 'returnMessage')
TypeError: Cannot read properties of undefined (reading 'returnMessage')
    at Request._callback (/app/node/controller/Tenant.Api.Controller.js:159:72)
    at self.callback (/app/node/node_modules/request/request.js:185:22)
    at Request.emit (node:events:527:28)
    at Request.emit (node:domain:475:12)
    at Request.<anonymous> (/app/node/node_modules/request/request.js:1154:10)
    at Request.emit (node:events:527:28)
    at Request.emit (node:domain:475:12)
    at IncomingMessage.<anonymous> (/app/node/node_modules/request/request.js:1076:12)
    at Object.onceWrapper (node:events:641:28)
    at IncomingMessage.emit (node:events:539:35)
2023-05-02 18:30:18 [noon-ai-dis-was] error: uncaughtException: Cannot read properties of undefined (reading 'returnMessage')
TypeError: Cannot read properties of undefined (reading 'returnMessage')
    at Request._callback (/app/node/controller/Tenant.Api.Controller.js:159:72)
    at self.callback (/app/node/node_modules/request/request.js:185:22)
    at Request.emit (node:events:527:28)
    at Request.emit (node:domain:475:12)
    at Request.<anonymous> (/app/node/node_modules/request/request.js:1154:10)
    at Request.emit (node:events:527:28)
    at Request.emit (node:domain:475:12)
    at IncomingMessage.<anonymous> (/app/node/node_modules/request/request.js:1076:12)
    at Object.onceWrapper (node:events:641:28)
    at IncomingMessage.emit (node:events:539:35)
2023-05-02 18:31:35 [noon-ai-dis-was] error: uncaughtException: Cannot read properties of undefined (reading 'returnMessage')
TypeError: Cannot read properties of undefined (reading 'returnMessage')
    at Request._callback (/app/node/controller/Tenant.Api.Controller.js:159:72)
    at self.callback (/app/node/node_modules/request/request.js:185:22)
    at Request.emit (node:events:527:28)
    at Request.emit (node:domain:475:12)
    at Request.<anonymous> (/app/node/node_modules/request/request.js:1154:10)
    at Request.emit (node:events:527:28)
    at Request.emit (node:domain:475:12)
    at IncomingMessage.<anonymous> (/app/node/node_modules/request/request.js:1076:12)
    at Object.onceWrapper (node:events:641:28)
    at IncomingMessage.emit (node:events:539:35)
2023-05-02 18:32:01 [noon-ai-dis-was] error: uncaughtException: Cannot read properties of undefined (reading 'returnMessage')
TypeError: Cannot read properties of undefined (reading 'returnMessage')
    at Request._callback (/app/node/controller/Tenant.Api.Controller.js:159:72)
    at self.callback (/app/node/node_modules/request/request.js:185:22)
    at Request.emit (node:events:527:28)
    at Request.emit (node:domain:475:12)
    at Request.<anonymous> (/app/node/node_modules/request/request.js:1154:10)
    at Request.emit (node:events:527:28)
    at Request.emit (node:domain:475:12)
    at IncomingMessage.<anonymous> (/app/node/node_modules/request/request.js:1076:12)
    at Object.onceWrapper (node:events:641:28)
    at IncomingMessage.emit (node:events:539:35)
2023-05-02 18:32:43 [noon-ai-dis-was] error: uncaughtException: Cannot read properties of undefined (reading 'returnMessage')
TypeError: Cannot read properties of undefined (reading 'returnMessage')
    at Request._callback (/app/node/controller/Tenant.Api.Controller.js:160:72)
    at self.callback (/app/node/node_modules/request/request.js:185:22)
    at Request.emit (node:events:527:28)
    at Request.emit (node:domain:475:12)
    at Request.<anonymous> (/app/node/node_modules/request/request.js:1154:10)
    at Request.emit (node:events:527:28)
    at Request.emit (node:domain:475:12)
    at IncomingMessage.<anonymous> (/app/node/node_modules/request/request.js:1076:12)
    at Object.onceWrapper (node:events:641:28)
    at IncomingMessage.emit (node:events:539:35)
2023-05-02 18:33:03 [noon-ai-dis-was] error: uncaughtException: Cannot read properties of undefined (reading 'returnMessage')
TypeError: Cannot read properties of undefined (reading 'returnMessage')
    at Request._callback (/app/node/controller/Tenant.Api.Controller.js:160:72)
    at self.callback (/app/node/node_modules/request/request.js:185:22)
    at Request.emit (node:events:527:28)
    at Request.emit (node:domain:475:12)
    at Request.<anonymous> (/app/node/node_modules/request/request.js:1154:10)
    at Request.emit (node:events:527:28)
    at Request.emit (node:domain:475:12)
    at IncomingMessage.<anonymous> (/app/node/node_modules/request/request.js:1076:12)
    at Object.onceWrapper (node:events:641:28)
    at IncomingMessage.emit (node:events:539:35)
2023-05-02 18:34:13 [noon-ai-dis-was] error: uncaughtException: Cannot read properties of undefined (reading 'returnMessage')
TypeError: Cannot read properties of undefined (reading 'returnMessage')
    at Request._callback (/app/node/controller/Tenant.Api.Controller.js:160:72)
    at self.callback (/app/node/node_modules/request/request.js:185:22)
    at Request.emit (node:events:527:28)
    at Request.emit (node:domain:475:12)
    at Request.<anonymous> (/app/node/node_modules/request/request.js:1154:10)
    at Request.emit (node:events:527:28)
    at Request.emit (node:domain:475:12)
    at IncomingMessage.<anonymous> (/app/node/node_modules/request/request.js:1076:12)
    at Object.onceWrapper (node:events:641:28)
    at IncomingMessage.emit (node:events:539:35)
