2023-05-02 13:36:21 [noon-ai-dis-was] info: [DIS-API] GET /env -  환경변수 조회 완료
2023-05-02 13:37:23 [noon-ai-dis-was] info: [DIS-API] POST /first-login -  1차 로그인 완료
2023-05-02 13:37:24 [noon-ai-dis-was] info: [DIS-API] PUT /login/failCount/clear -  로그인 실패 횟수 0 초기화
2023-05-02 13:37:24 [noon-ai-dis-was] info: [DIS-API] POST /login -  관리자 MHNCity 로그인 완료
2023-05-02 13:37:24 [noon-ai-dis-was] info: [DIS-API] PUT /login/lockCount -  lock_count 0 초기화
2023-05-02 13:37:25 [noon-ai-dis-was] info: [DIS-API] GET /signup/request -  가입요청 목록 조회 완료
2023-05-02 13:37:25 [noon-ai-dis-was] info: [DIS-API] GET /user -  유저 정보조회 완료
2023-05-02 13:37:27 [noon-ai-dis-was] info: [DIS-API] GET /user -  유저 정보조회 완료
2023-05-02 13:37:28 [noon-ai-dis-was] info: [DIS-API] GET /manager -  관리자 계정 정보 요청 완료
2023-05-02 13:37:28 [noon-ai-dis-was] info: [DIS-API] GET /user -  유저 정보조회 완료
2023-05-02 13:37:29 [noon-ai-dis-was] info: [DIS-API] GET /user -  유저 정보조회 완료
2023-05-02 13:37:29 [noon-ai-dis-was] info: [DIS-API] GET /user -  유저 정보조회 완료
2023-05-02 13:37:32 [noon-ai-dis-was] info: [DIS-API] GET /user -  유저 정보조회 완료
2023-05-02 13:37:32 [noon-ai-dis-was] info: [DIS-API] POST /passwordCheck -  비밀번호 확인 완료
2023-05-02 13:54:44 [noon-ai-dis-was] info: [DIS-API] POST /manager -  관리자 계정 생성 완료
2023-05-02 13:54:45 [noon-ai-dis-was] info: [DIS-API] GET /user -  유저 정보조회 완료
2023-05-02 13:54:45 [noon-ai-dis-was] info: [DIS-API] GET /manager -  관리자 계정 정보 요청 완료
2023-05-02 13:54:45 [noon-ai-dis-was] info: [DIS-API] GET /user -  유저 정보조회 완료
2023-05-02 13:54:46 [noon-ai-dis-was] info: [DIS-API] GET /user -  유저 정보조회 완료
2023-05-02 13:54:46 [noon-ai-dis-was] info: [DIS-API] GET /manager -  관리자 계정 정보 요청 완료
2023-05-02 13:54:46 [noon-ai-dis-was] info: [DIS-API] GET /user -  유저 정보조회 완료
2023-05-02 13:54:46 [noon-ai-dis-was] info: [DIS-API] GET /user -  유저 정보조회 완료
2023-05-02 13:54:46 [noon-ai-dis-was] info: [DIS-API] GET /manager -  관리자 계정 정보 요청 완료
2023-05-02 13:54:46 [noon-ai-dis-was] info: [DIS-API] GET /user -  유저 정보조회 완료
2023-05-02 13:55:06 [noon-ai-dis-was] info: [DIS-API] GET /logout -  관리자 MHNCity 로그아웃 완료
2023-05-02 13:55:06 [noon-ai-dis-was] info: [DIS-API] GET /env -  환경변수 조회 완료
2023-05-02 13:55:09 [noon-ai-dis-was] info: [DIS-API] POST /first-login -  유저 존재하지 않음
2023-05-02 13:55:09 [noon-ai-dis-was] info: [DIS-API] POST /selectLockStatus -  로그인 시도 이력 업데이트 완료
2023-05-02 13:55:09 [noon-ai-dis-was] error: [DIS-API] POST /first-login -  TypeError: Cannot read properties of undefined (reading 'login_fail_count')
2023-05-02 13:55:15 [noon-ai-dis-was] info: [DIS-API] POST /first-login -  1차 로그인 완료
2023-05-02 13:55:16 [noon-ai-dis-was] info: [DIS-API] PUT /login/failCount/clear -  로그인 실패 횟수 0 초기화
2023-05-02 13:55:16 [noon-ai-dis-was] info: [DIS-API] POST /login -  관리자 asdasd 로그인 완료
2023-05-02 13:55:16 [noon-ai-dis-was] info: [DIS-API] PUT /login/lockCount -  lock_count 0 초기화
2023-05-02 13:55:16 [noon-ai-dis-was] info: [DIS-API] GET /signup/request -  가입요청 목록 조회 완료
2023-05-02 13:55:16 [noon-ai-dis-was] info: [DIS-API] GET /user -  유저 정보조회 완료
2023-05-02 13:55:19 [noon-ai-dis-was] info: [DIS-API] GET /user -  유저 정보조회 완료
2023-05-02 13:55:19 [noon-ai-dis-was] info: [DIS-API] GET /manager -  관리자 계정 정보 요청 완료
2023-05-02 13:55:19 [noon-ai-dis-was] info: [DIS-API] GET /user -  유저 정보조회 완료
2023-05-02 13:55:25 [noon-ai-dis-was] info: [DIS-API] GET /logout -  관리자 asdasd 로그아웃 완료
2023-05-02 13:55:25 [noon-ai-dis-was] info: [DIS-API] GET /env -  환경변수 조회 완료
2023-05-02 13:55:30 [noon-ai-dis-was] info: [DIS-API] POST /first-login -  1차 로그인 완료
2023-05-02 13:55:31 [noon-ai-dis-was] info: [DIS-API] PUT /login/failCount/clear -  로그인 실패 횟수 0 초기화
2023-05-02 13:55:31 [noon-ai-dis-was] info: [DIS-API] POST /login -  관리자 MHNCity 로그인 완료
2023-05-02 13:55:31 [noon-ai-dis-was] info: [DIS-API] PUT /login/lockCount -  lock_count 0 초기화
2023-05-02 13:55:32 [noon-ai-dis-was] info: [DIS-API] GET /signup/request -  가입요청 목록 조회 완료
2023-05-02 13:55:32 [noon-ai-dis-was] info: [DIS-API] GET /user -  유저 정보조회 완료
2023-05-02 13:55:34 [noon-ai-dis-was] info: [DIS-API] GET /user -  유저 정보조회 완료
2023-05-02 13:55:34 [noon-ai-dis-was] info: [DIS-API] GET /manager -  관리자 계정 정보 요청 완료
2023-05-02 13:55:34 [noon-ai-dis-was] info: [DIS-API] GET /user -  유저 정보조회 완료
2023-05-02 13:55:41 [noon-ai-dis-was] info: [DIS-API] GET /user -  유저 정보조회 완료
2023-05-02 13:55:41 [noon-ai-dis-was] info: [DIS-API] POST /passwordCheck -  비밀번호 확인 완료
2023-05-02 13:55:41 [noon-ai-dis-was] info: [DIS-API] DELETE /manager -  관리자 계정 삭제 완료
2023-05-02 13:55:43 [noon-ai-dis-was] info: [DIS-API] GET /user -  유저 정보조회 완료
2023-05-02 13:55:43 [noon-ai-dis-was] info: [DIS-API] GET /manager -  관리자 계정 정보 요청 완료
2023-05-02 13:55:43 [noon-ai-dis-was] info: [DIS-API] GET /user -  유저 정보조회 완료
2023-05-02 13:55:44 [noon-ai-dis-was] info: [DIS-API] GET /user -  유저 정보조회 완료
2023-05-02 13:55:44 [noon-ai-dis-was] info: [DIS-API] GET /manager -  관리자 계정 정보 요청 완료
2023-05-02 13:55:45 [noon-ai-dis-was] info: [DIS-API] GET /user -  유저 정보조회 완료
2023-05-02 14:00:35 [noon-ai-dis-was] info: [DIS-API] GET /user -  유저 정보조회 완료
2023-05-02 14:00:35 [noon-ai-dis-was] info: [DIS-API] GET /manager -  관리자 계정 정보 요청 완료
2023-05-02 14:00:35 [noon-ai-dis-was] info: [DIS-API] GET /user -  유저 정보조회 완료
2023-05-02 14:00:35 [noon-ai-dis-was] info: [DIS-API] GET /user -  유저 정보조회 완료
2023-05-02 14:02:30 [noon-ai-dis-was] info: [DIS-API] GET /user -  유저 정보조회 완료
2023-05-02 14:02:30 [noon-ai-dis-was] info: [DIS-API] GET /manager -  관리자 계정 정보 요청 완료
2023-05-02 14:02:30 [noon-ai-dis-was] info: [DIS-API] GET /user -  유저 정보조회 완료
2023-05-02 14:02:30 [noon-ai-dis-was] info: [DIS-API] GET /user -  유저 정보조회 완료
2023-05-02 14:02:30 [noon-ai-dis-was] info: [DIS-API] GET /user -  유저 정보조회 완료
2023-05-02 14:02:30 [noon-ai-dis-was] info: [DIS-API] GET /user -  유저 정보조회 완료
2023-05-02 14:02:31 [noon-ai-dis-was] info: [DIS-API] GET /manager -  관리자 계정 정보 요청 완료
2023-05-02 14:02:31 [noon-ai-dis-was] info: [DIS-API] GET /user -  유저 정보조회 완료
2023-05-02 14:02:31 [noon-ai-dis-was] info: [DIS-API] GET /user -  유저 정보조회 완료
2023-05-02 14:02:31 [noon-ai-dis-was] info: [DIS-API] GET /user -  유저 정보조회 완료
2023-05-02 14:02:34 [noon-ai-dis-was] info: [DIS-API] GET /logout -  관리자 MHNCity 로그아웃 완료
2023-05-02 14:02:34 [noon-ai-dis-was] info: [DIS-API] GET /env -  환경변수 조회 완료
2023-05-02 14:02:39 [noon-ai-dis-was] info: [DIS-API] POST /first-login -  1차 로그인 완료
2023-05-02 14:02:40 [noon-ai-dis-was] info: [DIS-API] PUT /login/failCount/clear -  로그인 실패 횟수 0 초기화
2023-05-02 14:02:40 [noon-ai-dis-was] info: [DIS-API] POST /login -  관리자 이민형 로그인 완료
2023-05-02 14:02:40 [noon-ai-dis-was] info: [DIS-API] PUT /login/lockCount -  lock_count 0 초기화
2023-05-02 14:02:40 [noon-ai-dis-was] info: [DIS-API] GET /signup/request -  가입요청 목록 조회 완료
2023-05-02 14:02:41 [noon-ai-dis-was] info: [DIS-API] GET /user -  유저 정보조회 완료
2023-05-02 14:02:43 [noon-ai-dis-was] info: [DIS-API] GET /user -  유저 정보조회 완료
2023-05-02 14:02:43 [noon-ai-dis-was] info: [DIS-API] GET /manager -  관리자 계정 정보 요청 완료
2023-05-02 14:02:43 [noon-ai-dis-was] info: [DIS-API] GET /user -  유저 정보조회 완료
2023-05-02 14:02:43 [noon-ai-dis-was] info: [DIS-API] GET /user -  유저 정보조회 완료
2023-05-02 14:02:43 [noon-ai-dis-was] info: [DIS-API] GET /user -  유저 정보조회 완료
2023-05-02 14:02:48 [noon-ai-dis-was] info: [DIS-API] GET /logout -  관리자 이민형 로그아웃 완료
2023-05-02 14:02:48 [noon-ai-dis-was] info: [DIS-API] GET /env -  환경변수 조회 완료
2023-05-02 14:02:52 [noon-ai-dis-was] info: [DIS-API] POST /first-login -  1차 로그인 완료
2023-05-02 14:02:53 [noon-ai-dis-was] info: [DIS-API] PUT /login/failCount/clear -  로그인 실패 횟수 0 초기화
2023-05-02 14:02:53 [noon-ai-dis-was] info: [DIS-API] POST /login -  관리자 MHNCity 로그인 완료
2023-05-02 14:02:53 [noon-ai-dis-was] info: [DIS-API] PUT /login/lockCount -  lock_count 0 초기화
2023-05-02 14:02:53 [noon-ai-dis-was] info: [DIS-API] GET /signup/request -  가입요청 목록 조회 완료
2023-05-02 14:02:53 [noon-ai-dis-was] info: [DIS-API] GET /user -  유저 정보조회 완료
2023-05-02 14:02:55 [noon-ai-dis-was] info: [DIS-API] GET /user -  유저 정보조회 완료
2023-05-02 14:02:55 [noon-ai-dis-was] info: [DIS-API] GET /manager -  관리자 계정 정보 요청 완료
2023-05-02 14:02:55 [noon-ai-dis-was] info: [DIS-API] GET /user -  유저 정보조회 완료
2023-05-02 14:02:55 [noon-ai-dis-was] info: [DIS-API] GET /user -  유저 정보조회 완료
2023-05-02 14:02:55 [noon-ai-dis-was] info: [DIS-API] GET /user -  유저 정보조회 완료
2023-05-02 14:02:59 [noon-ai-dis-was] info: [DIS-API] GET /logout -  관리자 MHNCity 로그아웃 완료
2023-05-02 14:02:59 [noon-ai-dis-was] info: [DIS-API] GET /env -  환경변수 조회 완료
2023-05-02 14:03:02 [noon-ai-dis-was] info: [DIS-API] POST /first-login -  패스워드 불일치
2023-05-02 14:03:02 [noon-ai-dis-was] info: [DIS-API] POST /selectLockStatus -  로그인 시도 이력 업데이트 완료
2023-05-02 14:03:04 [noon-ai-dis-was] info: [DIS-API] POST /first-login -  패스워드 불일치
2023-05-02 14:03:04 [noon-ai-dis-was] info: [DIS-API] POST /selectLockStatus -  로그인 시도 이력 업데이트 완료
2023-05-02 14:03:05 [noon-ai-dis-was] info: [DIS-API] POST /first-login -  패스워드 불일치
2023-05-02 14:03:05 [noon-ai-dis-was] info: [DIS-API] POST /selectLockStatus -  로그인 시도 이력 업데이트 완료
2023-05-02 14:03:06 [noon-ai-dis-was] info: [DIS-API] POST /first-login -  패스워드 불일치
2023-05-02 14:03:06 [noon-ai-dis-was] info: [DIS-API] POST /selectLockStatus -  로그인 시도 이력 업데이트 완료
2023-05-02 14:03:07 [noon-ai-dis-was] info: [DIS-API] POST /first-login -  패스워드 불일치
2023-05-02 14:03:07 [noon-ai-dis-was] info: [DIS-API] POST /selectLockStatus -  로그인 시도 이력 업데이트 완료
2023-05-02 14:03:07 [noon-ai-dis-was] info: [DIS-API] PUT /login/lockStatus -  로그인 잠금
2023-05-02 14:03:09 [noon-ai-dis-was] info: [DIS-API] POST /first-login -  패스워드 불일치
2023-05-02 14:03:09 [noon-ai-dis-was] info: [DIS-API] POST /selectLockStatus -  로그인 시도 이력 업데이트 완료
2023-05-02 14:03:09 [noon-ai-dis-was] info: [DIS-API] PUT /login/lockStatus -  로그인 잠금
2023-05-02 14:03:13 [noon-ai-dis-was] info: [DIS-API] POST /first-login -  1차 로그인 완료
2023-05-02 14:03:17 [noon-ai-dis-was] info: [DIS-API] POST /first-login -  1차 로그인 완료
2023-05-02 14:03:18 [noon-ai-dis-was] info: [DIS-API] POST /first-login -  1차 로그인 완료
2023-05-02 14:03:20 [noon-ai-dis-was] info: [DIS-API] POST /first-login -  1차 로그인 완료
2023-05-02 14:03:21 [noon-ai-dis-was] info: [DIS-API] POST /first-login -  1차 로그인 완료
2023-05-02 14:03:22 [noon-ai-dis-was] info: [DIS-API] POST /first-login -  1차 로그인 완료
2023-05-02 14:03:23 [noon-ai-dis-was] info: [DIS-API] POST /first-login -  1차 로그인 완료
2023-05-02 14:03:47 [noon-ai-dis-was] info: [DIS-API] POST /first-login -  1차 로그인 완료
2023-05-02 14:04:35 [noon-ai-dis-was] info: [DIS-API] POST /first-login -  1차 로그인 완료
2023-05-02 14:04:48 [noon-ai-dis-was] info: [DIS-API] POST /first-login -  1차 로그인 완료
2023-05-02 14:05:17 [noon-ai-dis-was] info: [DIS-API] POST /first-login -  1차 로그인 완료
2023-05-02 14:05:18 [noon-ai-dis-was] info: [DIS-API] PUT /login/failCount/clear -  로그인 실패 횟수 0 초기화
2023-05-02 14:05:18 [noon-ai-dis-was] info: [DIS-API] POST /login -  관리자 이민형 로그인 완료
2023-05-02 14:05:18 [noon-ai-dis-was] info: [DIS-API] GET /signup/request -  가입요청 목록 조회 완료
2023-05-02 14:05:18 [noon-ai-dis-was] info: [DIS-API] GET /user -  유저 정보조회 완료
2023-05-02 14:05:23 [noon-ai-dis-was] info: [DIS-API] GET /logout -  관리자 이민형 로그아웃 완료
2023-05-02 14:05:23 [noon-ai-dis-was] info: [DIS-API] GET /env -  환경변수 조회 완료
2023-05-02 14:05:42 [noon-ai-dis-was] info: [DIS-API] POST /first-login -  1차 로그인 완료
2023-05-02 14:05:44 [noon-ai-dis-was] info: [DIS-API] PUT /login/failCount/clear -  로그인 실패 횟수 0 초기화
2023-05-02 14:05:44 [noon-ai-dis-was] info: [DIS-API] POST /login -  관리자 이민형 로그인 완료
2023-05-02 14:05:44 [noon-ai-dis-was] info: [DIS-API] PUT /login/lockCount -  lock_count 0 초기화
2023-05-02 14:05:44 [noon-ai-dis-was] info: [DIS-API] GET /signup/request -  가입요청 목록 조회 완료
2023-05-02 14:05:44 [noon-ai-dis-was] info: [DIS-API] GET /user -  유저 정보조회 완료
2023-05-02 14:06:00 [noon-ai-dis-was] info: [NCP-API] GET /usage -  월간 미터링 정보 조회 완료
2023-05-02 14:06:00 [noon-ai-dis-was] info: [DIS-API] GET /user -  유저 정보조회 완료
2023-05-02 14:06:01 [noon-ai-dis-was] info: [DIS-API] GET /signup/request -  가입요청 목록 조회 완료
2023-05-02 14:06:01 [noon-ai-dis-was] info: [DIS-API] GET /user -  유저 정보조회 완료
2023-05-02 14:06:07 [noon-ai-dis-was] info: [NCP-API] GET /usage -  월간 미터링 정보 조회 완료
2023-05-02 14:06:07 [noon-ai-dis-was] info: [DIS-API] GET /user -  유저 정보조회 완료
2023-05-02 14:06:20 [noon-ai-dis-was] info: [NCP-API] GET /usage -  월간 미터링 정보 조회 완료
2023-05-02 14:06:20 [noon-ai-dis-was] info: [DIS-API] GET /user -  유저 정보조회 완료
2023-05-02 14:06:21 [noon-ai-dis-was] info: [DIS-API] GET /user -  유저 정보조회 완료
2023-05-02 14:06:21 [noon-ai-dis-was] info: [DIS-API] GET /manager -  관리자 계정 정보 요청 완료
2023-05-02 14:06:21 [noon-ai-dis-was] info: [DIS-API] GET /user -  유저 정보조회 완료
2023-05-02 14:06:21 [noon-ai-dis-was] info: [DIS-API] GET /user -  유저 정보조회 완료
2023-05-02 14:06:24 [noon-ai-dis-was] info: [DIS-API] GET /tenant -  테넌트 목록 조회 완료
2023-05-02 14:06:24 [noon-ai-dis-was] info: [DIS-API] GET /user -  유저 정보조회 완료
2023-05-02 14:06:26 [noon-ai-dis-was] info: [DIS-API] GET /user -  유저 정보조회 완료
2023-05-02 14:06:26 [noon-ai-dis-was] info: [DIS-API] GET /manager -  관리자 계정 정보 요청 완료
2023-05-02 14:06:26 [noon-ai-dis-was] info: [DIS-API] GET /user -  유저 정보조회 완료
2023-05-02 14:06:26 [noon-ai-dis-was] info: [DIS-API] GET /user -  유저 정보조회 완료
2023-05-02 14:06:27 [noon-ai-dis-was] info: [DIS-API] GET /tenant -  테넌트 목록 조회 완료
2023-05-02 14:06:27 [noon-ai-dis-was] info: [DIS-API] GET /user -  유저 정보조회 완료
2023-05-02 14:06:35 [noon-ai-dis-was] info: [DIS-API] GET /signup/request -  가입요청 목록 조회 완료
2023-05-02 14:06:35 [noon-ai-dis-was] info: [DIS-API] GET /user -  유저 정보조회 완료
2023-05-02 14:06:37 [noon-ai-dis-was] info: [DIS-API] GET /tenant -  테넌트 목록 조회 완료
2023-05-02 14:06:37 [noon-ai-dis-was] info: [DIS-API] GET /user -  유저 정보조회 완료
2023-05-02 14:07:03 [noon-ai-dis-was] info: [DIS-API] GET /tenant -  테넌트 목록 조회 완료
2023-05-02 14:07:03 [noon-ai-dis-was] info: [DIS-API] GET /user -  유저 정보조회 완료
2023-05-02 14:07:15 [noon-ai-dis-was] info: [DIS-API] GET /tenant -  테넌트 목록 조회 완료
2023-05-02 14:07:15 [noon-ai-dis-was] info: [DIS-API] GET /user -  유저 정보조회 완료
2023-05-02 14:07:16 [noon-ai-dis-was] info: [DIS-API] GET /tenant -  테넌트 목록 조회 완료
2023-05-02 14:07:16 [noon-ai-dis-was] info: [DIS-API] GET /user -  유저 정보조회 완료
2023-05-02 14:40:42 [noon-ai-dis-was] info: [DIS-API] GET /signup/request -  가입요청 목록 조회 완료
2023-05-02 14:40:42 [noon-ai-dis-was] info: [DIS-API] GET /user -  유저 정보조회 완료
2023-05-02 14:41:05 [noon-ai-dis-was] info: [DIS-API] GET /signup/request -  가입요청 목록 조회 완료
2023-05-02 14:41:05 [noon-ai-dis-was] info: [DIS-API] GET /user -  유저 정보조회 완료
2023-05-02 14:45:11 [noon-ai-dis-was] info: [DIS-API] GET /env -  환경변수 조회 완료
2023-05-02 14:45:12 [noon-ai-dis-was] info: [DIS-API] GET /env -  환경변수 조회 완료
2023-05-02 14:47:34 [noon-ai-dis-was] info: [DIS-API] GET /env -  환경변수 조회 완료
2023-05-02 14:47:37 [noon-ai-dis-was] info: [DIS-API] POST /first-login -  이미 로그인중인 사용자
2023-05-02 14:47:46 [noon-ai-dis-was] info: [DIS-API] GET /signup/request -  가입요청 목록 조회 완료
2023-05-02 14:47:46 [noon-ai-dis-was] info: [DIS-API] GET /user -  유저 정보조회 완료
2023-05-02 14:48:16 [noon-ai-dis-was] info: [DIS-API] GET /signup/request -  가입요청 목록 조회 완료
2023-05-02 14:48:16 [noon-ai-dis-was] info: [DIS-API] GET /user -  유저 정보조회 완료
2023-05-02 14:48:39 [noon-ai-dis-was] info: [DIS-API] GET /signup/request -  가입요청 목록 조회 완료
2023-05-02 14:48:39 [noon-ai-dis-was] info: [DIS-API] GET /user -  유저 정보조회 완료
2023-05-02 14:49:10 [noon-ai-dis-was] info: [DIS-API] GET /signup/request -  가입요청 목록 조회 완료
2023-05-02 14:49:10 [noon-ai-dis-was] info: [DIS-API] GET /user -  유저 정보조회 완료
2023-05-02 14:50:20 [noon-ai-dis-was] info: [DIS-API] GET /signup/request -  가입요청 목록 조회 완료
2023-05-02 14:50:20 [noon-ai-dis-was] info: [DIS-API] GET /user -  유저 정보조회 완료
2023-05-02 14:50:22 [noon-ai-dis-was] info: [DIS-API] GET /logout -  관리자 이민형 로그아웃 완료
2023-05-02 14:50:23 [noon-ai-dis-was] info: [DIS-API] GET /env -  환경변수 조회 완료
2023-05-02 14:50:26 [noon-ai-dis-was] info: [DIS-API] POST /first-login -  1차 로그인 완료
2023-05-02 14:50:52 [noon-ai-dis-was] info: [DIS-API] GET /env -  환경변수 조회 완료
2023-05-02 14:50:55 [noon-ai-dis-was] info: [DIS-API] POST /first-login -  1차 로그인 완료
2023-05-02 14:50:56 [noon-ai-dis-was] info: [DIS-API] PUT /login/failCount/clear -  로그인 실패 횟수 0 초기화
2023-05-02 14:50:56 [noon-ai-dis-was] info: [DIS-API] PUT /login/lockCount -  lock_count 0 초기화
2023-05-02 14:50:56 [noon-ai-dis-was] info: [DIS-API] POST /login -  관리자 MHNCity 로그인 완료
2023-05-02 14:50:56 [noon-ai-dis-was] info: [DIS-API] GET /signup/request -  가입요청 목록 조회 완료
2023-05-02 14:50:56 [noon-ai-dis-was] info: [DIS-API] GET /user -  유저 정보조회 완료
2023-05-02 14:50:58 [noon-ai-dis-was] info: [DIS-API] GET /logout -  관리자 MHNCity 로그아웃 완료
2023-05-02 14:50:58 [noon-ai-dis-was] info: [DIS-API] GET /env -  환경변수 조회 완료
2023-05-02 14:55:47 [noon-ai-dis-was] info: [DIS-API] GET /env -  환경변수 조회 완료
2023-05-02 14:55:50 [noon-ai-dis-was] info: [DIS-API] GET /env -  환경변수 조회 완료
2023-05-02 14:55:53 [noon-ai-dis-was] info: [DIS-API] POST /first-login -  1차 로그인 완료
2023-05-02 14:55:56 [noon-ai-dis-was] info: [DIS-API] PUT /login/failCount/clear -  로그인 실패 횟수 0 초기화
2023-05-02 14:55:56 [noon-ai-dis-was] info: [DIS-API] POST /login -  관리자 MHNCity 로그인 완료
2023-05-02 14:55:56 [noon-ai-dis-was] info: [DIS-API] PUT /login/lockCount -  lock_count 0 초기화
2023-05-02 14:55:56 [noon-ai-dis-was] info: [DIS-API] GET /signup/request -  가입요청 목록 조회 완료
2023-05-02 14:55:56 [noon-ai-dis-was] info: [DIS-API] GET /user -  유저 정보조회 완료
2023-05-02 14:56:01 [noon-ai-dis-was] info: [DIS-API] GET /user -  유저 정보조회 완료
2023-05-02 14:56:01 [noon-ai-dis-was] info: [DIS-API] GET /manager -  관리자 계정 정보 요청 완료
2023-05-02 14:56:01 [noon-ai-dis-was] info: [DIS-API] GET /user -  유저 정보조회 완료
2023-05-02 14:56:01 [noon-ai-dis-was] info: [DIS-API] GET /user -  유저 정보조회 완료
2023-05-02 14:56:11 [noon-ai-dis-was] info: [DIS-API] GET /env -  환경변수 조회 완료
2023-05-02 14:56:15 [noon-ai-dis-was] info: [DIS-API] POST /first-login -  패스워드 불일치
2023-05-02 14:56:15 [noon-ai-dis-was] info: [DIS-API] POST /selectLockStatus -  로그인 시도 이력 업데이트 완료
2023-05-02 14:56:16 [noon-ai-dis-was] info: [DIS-API] POST /first-login -  패스워드 불일치
2023-05-02 14:56:16 [noon-ai-dis-was] info: [DIS-API] POST /selectLockStatus -  로그인 시도 이력 업데이트 완료
2023-05-02 14:56:17 [noon-ai-dis-was] info: [DIS-API] POST /first-login -  패스워드 불일치
2023-05-02 14:56:17 [noon-ai-dis-was] info: [DIS-API] POST /selectLockStatus -  로그인 시도 이력 업데이트 완료
2023-05-02 14:56:19 [noon-ai-dis-was] info: [DIS-API] POST /first-login -  패스워드 불일치
2023-05-02 14:56:19 [noon-ai-dis-was] info: [DIS-API] POST /selectLockStatus -  로그인 시도 이력 업데이트 완료
2023-05-02 14:56:20 [noon-ai-dis-was] info: [DIS-API] POST /first-login -  패스워드 불일치
2023-05-02 14:56:20 [noon-ai-dis-was] info: [DIS-API] POST /selectLockStatus -  로그인 시도 이력 업데이트 완료
2023-05-02 14:56:20 [noon-ai-dis-was] info: [DIS-API] PUT /login/lockStatus -  로그인 잠금
2023-05-02 14:56:21 [noon-ai-dis-was] info: [DIS-API] POST /first-login -  패스워드 불일치
2023-05-02 14:56:21 [noon-ai-dis-was] info: [DIS-API] POST /selectLockStatus -  로그인 시도 이력 업데이트 완료
2023-05-02 14:56:21 [noon-ai-dis-was] info: [DIS-API] PUT /login/lockStatus -  로그인 잠금
2023-05-02 14:56:23 [noon-ai-dis-was] info: [DIS-API] GET /user -  유저 정보조회 완료
2023-05-02 14:56:23 [noon-ai-dis-was] info: [DIS-API] GET /manager -  관리자 계정 정보 요청 완료
2023-05-02 14:56:23 [noon-ai-dis-was] info: [DIS-API] GET /user -  유저 정보조회 완료
2023-05-02 14:56:23 [noon-ai-dis-was] info: [DIS-API] GET /user -  유저 정보조회 완료
2023-05-02 14:56:25 [noon-ai-dis-was] info: [DIS-API] GET /user -  유저 정보조회 완료
2023-05-02 14:56:25 [noon-ai-dis-was] info: [DIS-API] GET /manager -  관리자 계정 정보 요청 완료
2023-05-02 14:56:25 [noon-ai-dis-was] info: [DIS-API] GET /user -  유저 정보조회 완료
2023-05-02 14:56:25 [noon-ai-dis-was] info: [DIS-API] GET /user -  유저 정보조회 완료
2023-05-02 14:56:28 [noon-ai-dis-was] info: [DIS-API] GET /manager/unlock -  관리자 계정 잠금 해제 완료
2023-05-02 14:56:29 [noon-ai-dis-was] info: [DIS-API] GET /user -  유저 정보조회 완료
2023-05-02 14:56:29 [noon-ai-dis-was] info: [DIS-API] GET /manager -  관리자 계정 정보 요청 완료
2023-05-02 14:56:29 [noon-ai-dis-was] info: [DIS-API] GET /user -  유저 정보조회 완료
2023-05-02 14:56:29 [noon-ai-dis-was] info: [DIS-API] GET /user -  유저 정보조회 완료
2023-05-02 14:56:33 [noon-ai-dis-was] info: [DIS-API] POST /first-login -  1차 로그인 완료
2023-05-02 14:56:34 [noon-ai-dis-was] info: [DIS-API] PUT /login/failCount/clear -  로그인 실패 횟수 0 초기화
2023-05-02 14:56:34 [noon-ai-dis-was] info: [DIS-API] POST /login -  관리자 이민형 로그인 완료
2023-05-02 14:56:35 [noon-ai-dis-was] info: [DIS-API] GET /signup/request -  가입요청 목록 조회 완료
2023-05-02 14:56:35 [noon-ai-dis-was] info: [DIS-API] GET /user -  유저 정보조회 완료
2023-05-02 14:57:17 [noon-ai-dis-was] info: [DIS-API] GET /user -  유저 정보조회 완료
2023-05-02 14:57:17 [noon-ai-dis-was] info: [DIS-API] GET /manager -  관리자 계정 정보 요청 완료
2023-05-02 14:57:17 [noon-ai-dis-was] info: [DIS-API] GET /user -  유저 정보조회 완료
2023-05-02 14:57:17 [noon-ai-dis-was] info: [DIS-API] GET /user -  유저 정보조회 완료
2023-05-02 14:57:20 [noon-ai-dis-was] info: [DIS-API] GET /signup/request -  가입요청 목록 조회 완료
2023-05-02 14:57:20 [noon-ai-dis-was] info: [DIS-API] GET /user -  유저 정보조회 완료
2023-05-02 14:57:23 [noon-ai-dis-was] info: [DIS-API] GET /tenant -  테넌트 목록 조회 완료
2023-05-02 14:57:23 [noon-ai-dis-was] info: [DIS-API] GET /user -  유저 정보조회 완료
2023-05-02 15:13:55 [noon-ai-dis-was] info: [DIS-API] GET /tenant -  테넌트 목록 조회 완료
2023-05-02 15:13:55 [noon-ai-dis-was] info: [DIS-API] GET /user -  유저 정보조회 완료
2023-05-02 15:14:04 [noon-ai-dis-was] info: [DIS-API] GET /env -  환경변수 조회 완료
2023-05-02 15:14:09 [noon-ai-dis-was] info: [DIS-API] POST /first-login -  1차 로그인 완료
2023-05-02 15:14:10 [noon-ai-dis-was] info: [DIS-API] PUT /login/failCount/clear -  로그인 실패 횟수 0 초기화
2023-05-02 15:14:10 [noon-ai-dis-was] info: [DIS-API] POST /login -  관리자 MHNCity 로그인 완료
2023-05-02 15:14:10 [noon-ai-dis-was] info: [DIS-API] PUT /login/lockCount -  lock_count 0 초기화
2023-05-02 15:14:11 [noon-ai-dis-was] info: [DIS-API] GET /signup/request -  가입요청 목록 조회 완료
2023-05-02 15:14:11 [noon-ai-dis-was] info: [DIS-API] GET /user -  유저 정보조회 완료
2023-05-02 15:14:13 [noon-ai-dis-was] info: [DIS-API] GET /tenant -  테넌트 목록 조회 완료
2023-05-02 15:14:13 [noon-ai-dis-was] info: [DIS-API] GET /user -  유저 정보조회 완료
2023-05-02 15:14:17 [noon-ai-dis-was] info: [DIS-API] GET /signup/request -  가입요청 목록 조회 완료
2023-05-02 15:14:17 [noon-ai-dis-was] info: [DIS-API] GET /user -  유저 정보조회 완료
2023-05-02 15:14:18 [noon-ai-dis-was] info: [DIS-API] GET /signup/request -  가입요청 목록 조회 완료
2023-05-02 15:14:18 [noon-ai-dis-was] info: [DIS-API] GET /user -  유저 정보조회 완료
2023-05-02 16:22:53 [noon-ai-dis-was] info: [DIS-API] GET /env -  환경변수 조회 완료
2023-05-02 16:23:00 [noon-ai-dis-was] info: [DIS-API] POST /first-login -  1차 로그인 완료
2023-05-02 16:23:02 [noon-ai-dis-was] info: [DIS-API] PUT /login/failCount/clear -  로그인 실패 횟수 0 초기화
2023-05-02 16:23:02 [noon-ai-dis-was] info: [DIS-API] POST /login -  관리자 MHNCity 로그인 완료
2023-05-02 16:23:02 [noon-ai-dis-was] info: [DIS-API] PUT /login/lockCount -  lock_count 0 초기화
2023-05-02 16:23:02 [noon-ai-dis-was] info: [DIS-API] GET /signup/request -  가입요청 목록 조회 완료
2023-05-02 16:23:02 [noon-ai-dis-was] info: [DIS-API] GET /user -  유저 정보조회 완료
2023-05-02 16:25:48 [noon-ai-dis-was] info: [DIS-API] GET /signup/request -  가입요청 목록 조회 완료
2023-05-02 16:25:48 [noon-ai-dis-was] info: [DIS-API] GET /user -  유저 정보조회 완료
2023-05-02 16:25:55 [noon-ai-dis-was] info: [DIS-API] GET /env -  환경변수 조회 완료
2023-05-02 16:25:59 [noon-ai-dis-was] info: [DIS-API] POST /first-login -  이미 로그인중인 사용자
2023-05-02 16:26:04 [noon-ai-dis-was] info: [DIS-API] POST /first-login -  이미 로그인중인 사용자
2023-05-02 16:26:28 [noon-ai-dis-was] info: [DIS-API] GET /env -  환경변수 조회 완료
2023-05-02 16:26:32 [noon-ai-dis-was] info: [DIS-API] POST /first-login -  1차 로그인 완료
2023-05-02 16:26:35 [noon-ai-dis-was] info: [DIS-API] PUT /login/failCount/clear -  로그인 실패 횟수 0 초기화
2023-05-02 16:26:35 [noon-ai-dis-was] info: [DIS-API] POST /login -  관리자 MHNCity 로그인 완료
2023-05-02 16:26:35 [noon-ai-dis-was] info: [DIS-API] PUT /login/lockCount -  lock_count 0 초기화
2023-05-02 16:26:35 [noon-ai-dis-was] info: [DIS-API] GET /signup/request -  가입요청 목록 조회 완료
2023-05-02 16:26:35 [noon-ai-dis-was] info: [DIS-API] GET /user -  유저 정보조회 완료
2023-05-02 16:27:20 [noon-ai-dis-was] info: [DIS-API] GET /logout -  관리자 MHNCity 로그아웃 완료
2023-05-02 16:27:20 [noon-ai-dis-was] info: [DIS-API] GET /env -  환경변수 조회 완료
2023-05-02 16:27:23 [noon-ai-dis-was] info: [DIS-API] POST /first-login -  1차 로그인 완료
2023-05-02 16:27:26 [noon-ai-dis-was] info: [DIS-API] PUT /login/failCount/clear -  로그인 실패 횟수 0 초기화
2023-05-02 16:27:26 [noon-ai-dis-was] info: [DIS-API] POST /login -  관리자 MHNCity 로그인 완료
2023-05-02 16:27:26 [noon-ai-dis-was] info: [DIS-API] PUT /login/lockCount -  lock_count 0 초기화
2023-05-02 16:27:26 [noon-ai-dis-was] info: [DIS-API] GET /signup/request -  가입요청 목록 조회 완료
2023-05-02 16:27:26 [noon-ai-dis-was] info: [DIS-API] GET /user -  유저 정보조회 완료
2023-05-02 16:29:06 [noon-ai-dis-was] info: [DIS-API] GET /logout -  관리자 MHNCity 로그아웃 완료
2023-05-02 16:29:06 [noon-ai-dis-was] info: [DIS-API] GET /env -  환경변수 조회 완료
2023-05-02 16:29:10 [noon-ai-dis-was] info: [DIS-API] GET /logout -  관리자 MHNCity 로그아웃 완료
2023-05-02 16:29:10 [noon-ai-dis-was] info: [DIS-API] GET /env -  환경변수 조회 완료
2023-05-02 16:29:26 [noon-ai-dis-was] info: [DIS-API] POST /first-login -  1차 로그인 완료
2023-05-02 16:29:27 [noon-ai-dis-was] info: [DIS-API] PUT /login/failCount/clear -  로그인 실패 횟수 0 초기화
2023-05-02 16:29:27 [noon-ai-dis-was] info: [DIS-API] POST /login -  관리자 MHNCity 로그인 완료
2023-05-02 16:29:27 [noon-ai-dis-was] info: [DIS-API] PUT /login/lockCount -  lock_count 0 초기화
2023-05-02 16:29:27 [noon-ai-dis-was] info: [DIS-API] GET /signup/request -  가입요청 목록 조회 완료
2023-05-02 16:29:27 [noon-ai-dis-was] info: [DIS-API] GET /user -  유저 정보조회 완료
2023-05-02 16:31:35 [noon-ai-dis-was] info: [DIS-API] GET /signup/request -  가입요청 목록 조회 완료
2023-05-02 16:31:35 [noon-ai-dis-was] info: [DIS-API] GET /user -  유저 정보조회 완료
2023-05-02 16:31:37 [noon-ai-dis-was] info: [DIS-API] GET /logout -  관리자 MHNCity 로그아웃 완료
2023-05-02 16:31:37 [noon-ai-dis-was] info: [DIS-API] GET /env -  환경변수 조회 완료
2023-05-02 16:31:40 [noon-ai-dis-was] info: [DIS-API] POST /first-login -  1차 로그인 완료
2023-05-02 16:31:42 [noon-ai-dis-was] info: [DIS-API] PUT /login/failCount/clear -  로그인 실패 횟수 0 초기화
2023-05-02 16:31:42 [noon-ai-dis-was] info: [DIS-API] POST /login -  관리자 MHNCity 로그인 완료
2023-05-02 16:31:42 [noon-ai-dis-was] info: [DIS-API] PUT /login/lockCount -  lock_count 0 초기화
2023-05-02 16:31:42 [noon-ai-dis-was] info: [DIS-API] GET /signup/request -  가입요청 목록 조회 완료
2023-05-02 16:31:42 [noon-ai-dis-was] info: [DIS-API] GET /user -  유저 정보조회 완료
2023-05-02 16:31:52 [noon-ai-dis-was] info: [DIS-API] GET /env -  환경변수 조회 완료
2023-05-02 16:31:56 [noon-ai-dis-was] info: [DIS-API] POST /first-login -  1차 로그인 완료
2023-05-02 16:31:57 [noon-ai-dis-was] info: [DIS-API] PUT /login/failCount/clear -  로그인 실패 횟수 0 초기화
2023-05-02 16:31:57 [noon-ai-dis-was] info: [DIS-API] POST /login -  관리자 MHNCity 로그인 완료
2023-05-02 16:31:57 [noon-ai-dis-was] info: [DIS-API] PUT /login/lockCount -  lock_count 0 초기화
2023-05-02 16:31:57 [noon-ai-dis-was] info: [DIS-API] GET /signup/request -  가입요청 목록 조회 완료
2023-05-02 16:31:57 [noon-ai-dis-was] info: [DIS-API] GET /user -  유저 정보조회 완료
2023-05-02 16:32:00 [noon-ai-dis-was] info: [DIS-API] GET /env -  환경변수 조회 완료
2023-05-02 16:32:07 [noon-ai-dis-was] info: [DIS-API] GET /env -  환경변수 조회 완료
2023-05-02 16:32:08 [noon-ai-dis-was] info: [DIS-API] GET /env -  환경변수 조회 완료
2023-05-02 16:32:12 [noon-ai-dis-was] info: [DIS-API] POST /first-login -  1차 로그인 완료
2023-05-02 16:32:14 [noon-ai-dis-was] info: [DIS-API] PUT /login/failCount/clear -  로그인 실패 횟수 0 초기화
2023-05-02 16:32:14 [noon-ai-dis-was] info: [DIS-API] POST /login -  관리자 MHNCity 로그인 완료
2023-05-02 16:32:14 [noon-ai-dis-was] info: [DIS-API] PUT /login/lockCount -  lock_count 0 초기화
2023-05-02 16:32:14 [noon-ai-dis-was] info: [DIS-API] GET /signup/request -  가입요청 목록 조회 완료
2023-05-02 16:32:14 [noon-ai-dis-was] info: [DIS-API] GET /user -  유저 정보조회 완료
2023-05-02 16:32:20 [noon-ai-dis-was] info: [DIS-API] GET /env -  환경변수 조회 완료
2023-05-02 16:32:23 [noon-ai-dis-was] info: [DIS-API] POST /first-login -  1차 로그인 완료
2023-05-02 16:32:25 [noon-ai-dis-was] info: [DIS-API] PUT /login/failCount/clear -  로그인 실패 횟수 0 초기화
2023-05-02 16:32:25 [noon-ai-dis-was] info: [DIS-API] POST /login -  관리자 MHNCity 로그인 완료
2023-05-02 16:32:25 [noon-ai-dis-was] info: [DIS-API] PUT /login/lockCount -  lock_count 0 초기화
2023-05-02 16:32:25 [noon-ai-dis-was] info: [DIS-API] GET /signup/request -  가입요청 목록 조회 완료
2023-05-02 16:32:25 [noon-ai-dis-was] info: [DIS-API] GET /user -  유저 정보조회 완료
2023-05-02 16:32:34 [noon-ai-dis-was] info: [DIS-API] GET /env -  환경변수 조회 완료
2023-05-02 16:32:38 [noon-ai-dis-was] info: [DIS-API] POST /first-login -  1차 로그인 완료
2023-05-02 16:32:39 [noon-ai-dis-was] info: [DIS-API] PUT /login/failCount/clear -  로그인 실패 횟수 0 초기화
2023-05-02 16:32:39 [noon-ai-dis-was] info: [DIS-API] PUT /login/lockCount -  lock_count 0 초기화
2023-05-02 16:32:39 [noon-ai-dis-was] info: [DIS-API] POST /login -  관리자 MHNCity 로그인 완료
2023-05-02 16:32:40 [noon-ai-dis-was] info: [DIS-API] GET /signup/request -  가입요청 목록 조회 완료
2023-05-02 16:32:40 [noon-ai-dis-was] info: [DIS-API] GET /user -  유저 정보조회 완료
2023-05-02 16:32:41 [noon-ai-dis-was] info: [DIS-API] GET /env -  환경변수 조회 완료
2023-05-02 16:39:03 [noon-ai-dis-was] info: [DIS-API] GET /signup/request -  가입요청 목록 조회 완료
2023-05-02 16:39:03 [noon-ai-dis-was] info: [DIS-API] GET /user -  유저 정보조회 완료
2023-05-02 17:28:50 [noon-ai-dis-was] info: [DIS-API] GET /signup/request -  가입요청 목록 조회 완료
2023-05-02 17:28:50 [noon-ai-dis-was] info: [DIS-API] GET /user -  유저 정보조회 완료
2023-05-02 17:29:36 [noon-ai-dis-was] info: [DIS-API] GET /signup/request -  가입요청 목록 조회 완료
2023-05-02 17:29:36 [noon-ai-dis-was] info: [DIS-API] GET /user -  유저 정보조회 완료
2023-05-02 17:29:41 [noon-ai-dis-was] info: [DIS-API] GET /tenant -  테넌트 목록 조회 완료
2023-05-02 17:29:41 [noon-ai-dis-was] info: [DIS-API] GET /user -  유저 정보조회 완료
2023-05-02 17:29:41 [noon-ai-dis-was] info: [NCP-API] GET /database/instanceNumber -  데이터베이스 Instance No 조회 완료
2023-05-02 18:16:50 [noon-ai-dis-was] info: [DIS-API] GET /env -  환경변수 조회 완료
2023-05-02 18:16:54 [noon-ai-dis-was] info: [DIS-API] POST /first-login -  1차 로그인 완료
2023-05-02 18:16:56 [noon-ai-dis-was] info: [DIS-API] PUT /login/failCount/clear -  로그인 실패 횟수 0 초기화
2023-05-02 18:16:56 [noon-ai-dis-was] info: [DIS-API] POST /login -  관리자 MHNCity 로그인 완료
2023-05-02 18:16:56 [noon-ai-dis-was] info: [DIS-API] PUT /login/lockCount -  lock_count 0 초기화
2023-05-02 18:16:56 [noon-ai-dis-was] info: [DIS-API] GET /signup/request -  가입요청 목록 조회 완료
2023-05-02 18:16:56 [noon-ai-dis-was] info: [DIS-API] GET /user -  유저 정보조회 완료
2023-05-02 18:16:58 [noon-ai-dis-was] info: [DIS-API] GET /tenant -  테넌트 목록 조회 완료
2023-05-02 18:16:58 [noon-ai-dis-was] info: [NCP-API] GET /database/instanceNumber -  데이터베이스 Instance No 조회 완료
2023-05-02 18:16:58 [noon-ai-dis-was] info: [DIS-API] GET /user -  유저 정보조회 완료
2023-05-02 18:18:15 [noon-ai-dis-was] info: [DIS-API] GET /tenant -  테넌트 목록 조회 완료
2023-05-02 18:18:15 [noon-ai-dis-was] info: [NCP-API] GET /database/instanceNumber -  데이터베이스 Instance No 조회 완료
2023-05-02 18:18:15 [noon-ai-dis-was] info: [DIS-API] GET /user -  유저 정보조회 완료
2023-05-02 18:20:30 [noon-ai-dis-was] info: [DIS-API] GET /tenant -  테넌트 목록 조회 완료
2023-05-02 18:20:30 [noon-ai-dis-was] info: [NCP-API] GET /database/instanceNumber -  데이터베이스 Instance No 조회 완료
2023-05-02 18:20:30 [noon-ai-dis-was] info: [DIS-API] GET /user -  유저 정보조회 완료
2023-05-02 18:21:40 [noon-ai-dis-was] info: [DIS-API] GET /tenant -  테넌트 목록 조회 완료
2023-05-02 18:21:40 [noon-ai-dis-was] info: [NCP-API] GET /database/instanceNumber -  데이터베이스 Instance No 조회 완료
2023-05-02 18:21:40 [noon-ai-dis-was] info: [DIS-API] GET /user -  유저 정보조회 완료
2023-05-02 18:25:51 [noon-ai-dis-was] info: [DIS-API] GET /tenant -  테넌트 목록 조회 완료
2023-05-02 18:25:51 [noon-ai-dis-was] info: [NCP-API] GET /database/instanceNumber -  데이터베이스 Instance No 조회 완료
2023-05-02 18:25:51 [noon-ai-dis-was] info: [DIS-API] GET /user -  유저 정보조회 완료
2023-05-02 18:26:37 [noon-ai-dis-was] info: [DIS-API] GET /tenant -  테넌트 목록 조회 완료
2023-05-02 18:26:37 [noon-ai-dis-was] info: [DIS-API] GET /user -  유저 정보조회 완료
2023-05-02 18:26:37 [noon-ai-dis-was] info: [NCP-API] GET /database/instanceNumber -  데이터베이스 Instance No 조회 완료
2023-05-02 18:27:47 [noon-ai-dis-was] info: [DIS-API] GET /tenant -  테넌트 목록 조회 완료
2023-05-02 18:27:47 [noon-ai-dis-was] info: [DIS-API] GET /user -  유저 정보조회 완료
2023-05-02 18:27:47 [noon-ai-dis-was] info: [NCP-API] GET /database/instanceNumber -  데이터베이스 Instance No 조회 완료
2023-05-02 18:29:08 [noon-ai-dis-was] info: [DIS-API] GET /tenant -  테넌트 목록 조회 완료
2023-05-02 18:29:08 [noon-ai-dis-was] info: [DIS-API] GET /user -  유저 정보조회 완료
2023-05-02 18:29:08 [noon-ai-dis-was] info: [NCP-API] GET /database/instanceNumber -  데이터베이스 Instance No 조회 완료
2023-05-02 18:29:32 [noon-ai-dis-was] info: [DIS-API] GET /tenant -  테넌트 목록 조회 완료
2023-05-02 18:29:32 [noon-ai-dis-was] info: [DIS-API] GET /user -  유저 정보조회 완료
2023-05-02 18:29:32 [noon-ai-dis-was] info: [NCP-API] GET /database/instanceNumber -  데이터베이스 Instance No 조회 완료
2023-05-02 18:30:18 [noon-ai-dis-was] info: [DIS-API] GET /tenant -  테넌트 목록 조회 완료
2023-05-02 18:30:18 [noon-ai-dis-was] info: [NCP-API] GET /database/instanceNumber -  데이터베이스 Instance No 조회 완료
2023-05-02 18:30:18 [noon-ai-dis-was] info: [DIS-API] GET /user -  유저 정보조회 완료
2023-05-02 18:31:35 [noon-ai-dis-was] info: [DIS-API] GET /tenant -  테넌트 목록 조회 완료
2023-05-02 18:31:35 [noon-ai-dis-was] info: [DIS-API] GET /user -  유저 정보조회 완료
2023-05-02 18:31:35 [noon-ai-dis-was] info: [NCP-API] GET /database/instanceNumber -  데이터베이스 Instance No 조회 완료
2023-05-02 18:31:58 [noon-ai-dis-was] info: [DIS-API] GET /tenant -  테넌트 목록 조회 완료
2023-05-02 18:31:58 [noon-ai-dis-was] info: [DIS-API] GET /user -  유저 정보조회 완료
2023-05-02 18:31:58 [noon-ai-dis-was] info: [NCP-API] GET /database/instanceNumber -  데이터베이스 Instance No 조회 완료
2023-05-02 18:32:40 [noon-ai-dis-was] info: [DIS-API] GET /tenant -  테넌트 목록 조회 완료
2023-05-02 18:32:40 [noon-ai-dis-was] info: [DIS-API] GET /user -  유저 정보조회 완료
2023-05-02 18:32:40 [noon-ai-dis-was] info: [NCP-API] GET /database/instanceNumber -  데이터베이스 Instance No 조회 완료
2023-05-02 18:33:00 [noon-ai-dis-was] info: [DIS-API] GET /tenant -  테넌트 목록 조회 완료
2023-05-02 18:33:00 [noon-ai-dis-was] info: [DIS-API] GET /user -  유저 정보조회 완료
2023-05-02 18:33:00 [noon-ai-dis-was] info: [NCP-API] GET /database/instanceNumber -  데이터베이스 Instance No 조회 완료
2023-05-02 18:34:07 [noon-ai-dis-was] info: [DIS-API] GET /tenant -  테넌트 목록 조회 완료
2023-05-02 18:34:07 [noon-ai-dis-was] info: [DIS-API] GET /user -  유저 정보조회 완료
2023-05-02 18:34:07 [noon-ai-dis-was] info: [NCP-API] GET /database/instanceNumber -  데이터베이스 Instance No 조회 완료
2023-05-02 18:35:41 [noon-ai-dis-was] info: [DIS-API] GET /tenant -  테넌트 목록 조회 완료
2023-05-02 18:35:41 [noon-ai-dis-was] info: [DIS-API] GET /user -  유저 정보조회 완료
2023-05-02 18:35:42 [noon-ai-dis-was] info: [NCP-API] GET /database/instanceNumber -  데이터베이스 Instance No 조회 완료
2023-05-02 18:35:48 [noon-ai-dis-was] info: [NCP-API] DELETE /database -  dev-dis-tenant-60 삭제 완료
2023-05-02 18:37:13 [noon-ai-dis-was] info: [DIS-API] GET /tenant -  테넌트 목록 조회 완료
2023-05-02 18:37:13 [noon-ai-dis-was] info: [DIS-API] GET /user -  유저 정보조회 완료
2023-05-02 18:53:47 [noon-ai-dis-was] info: [DIS-API] GET /tenant -  테넌트 목록 조회 완료
2023-05-02 18:53:47 [noon-ai-dis-was] info: [DIS-API] GET /user -  유저 정보조회 완료
2023-05-02 18:53:47 [noon-ai-dis-was] info: [DIS-API] GET /tenant -  테넌트 목록 조회 완료
2023-05-02 18:53:47 [noon-ai-dis-was] info: [DIS-API] GET /user -  유저 정보조회 완료
2023-05-02 18:53:48 [noon-ai-dis-was] info: [DIS-API] GET /tenant -  테넌트 목록 조회 완료
2023-05-02 18:53:48 [noon-ai-dis-was] info: [DIS-API] GET /user -  유저 정보조회 완료
2023-05-02 18:53:48 [noon-ai-dis-was] info: [DIS-API] GET /tenant -  테넌트 목록 조회 완료
2023-05-02 18:53:48 [noon-ai-dis-was] info: [DIS-API] GET /user -  유저 정보조회 완료
2023-05-02 18:53:49 [noon-ai-dis-was] info: [DIS-API] GET /tenant -  테넌트 목록 조회 완료
2023-05-02 18:53:49 [noon-ai-dis-was] info: [DIS-API] GET /user -  유저 정보조회 완료
2023-05-02 18:53:49 [noon-ai-dis-was] info: [DIS-API] GET /tenant -  테넌트 목록 조회 완료
2023-05-02 18:53:49 [noon-ai-dis-was] info: [DIS-API] GET /user -  유저 정보조회 완료
2023-05-02 18:53:52 [noon-ai-dis-was] info: [DIS-API] GET /tenant -  테넌트 목록 조회 완료
2023-05-02 18:53:52 [noon-ai-dis-was] info: [DIS-API] GET /user -  유저 정보조회 완료
2023-05-02 18:53:53 [noon-ai-dis-was] info: [DIS-API] GET /tenant -  테넌트 목록 조회 완료
2023-05-02 18:53:53 [noon-ai-dis-was] info: [DIS-API] GET /user -  유저 정보조회 완료
2023-05-02 18:56:45 [noon-ai-dis-was] info: [DIS-API] GET /tenant -  테넌트 목록 조회 완료
2023-05-02 18:56:45 [noon-ai-dis-was] info: [DIS-API] GET /user -  유저 정보조회 완료
2023-05-02 18:56:52 [noon-ai-dis-was] info: [DIS-API] GET /tenant -  테넌트 목록 조회 완료
2023-05-02 18:56:52 [noon-ai-dis-was] info: [DIS-API] GET /user -  유저 정보조회 완료
2023-05-02 18:57:08 [noon-ai-dis-was] info: [DIS-API] GET /tenant -  테넌트 목록 조회 완료
2023-05-02 18:57:08 [noon-ai-dis-was] info: [DIS-API] GET /user -  유저 정보조회 완료
2023-05-02 18:58:03 [noon-ai-dis-was] info: [DIS-API] GET /tenant -  테넌트 목록 조회 완료
2023-05-02 18:58:03 [noon-ai-dis-was] info: [DIS-API] GET /user -  유저 정보조회 완료
2023-05-02 19:03:44 [noon-ai-dis-was] info: [DIS-API] GET /tenant -  테넌트 목록 조회 완료
2023-05-02 19:03:44 [noon-ai-dis-was] info: [DIS-API] GET /user -  유저 정보조회 완료
2023-05-02 19:07:28 [noon-ai-dis-was] error: [DIS-API] GET /signup/request -  TypeError: Cannot read properties of undefined (reading 'SCHEMA_NAME')
2023-05-02 19:07:30 [noon-ai-dis-was] info: [DIS-API] GET /user -  유저 정보조회 완료
2023-05-02 19:08:24 [noon-ai-dis-was] info: [DIS-API] GET /tenant -  테넌트 목록 조회 완료
2023-05-02 19:08:24 [noon-ai-dis-was] info: [DIS-API] GET /user -  유저 정보조회 완료
2023-05-02 19:08:53 [noon-ai-dis-was] info: [DIS-API] GET /tenant -  테넌트 목록 조회 완료
2023-05-02 19:08:53 [noon-ai-dis-was] info: [DIS-API] GET /user -  유저 정보조회 완료
2023-05-02 19:11:31 [noon-ai-dis-was] info: [DIS-API] GET /tenant -  테넌트 목록 조회 완료
2023-05-02 19:11:31 [noon-ai-dis-was] info: [DIS-API] GET /user -  유저 정보조회 완료
2023-05-02 19:33:48 [noon-ai-dis-was] info: [DIS-API] GET /env -  환경변수 조회 완료
2023-05-02 19:33:53 [noon-ai-dis-was] info: [DIS-API] POST /first-login -  1차 로그인 완료
2023-05-02 19:33:54 [noon-ai-dis-was] info: [DIS-API] PUT /login/failCount/clear -  로그인 실패 횟수 0 초기화
2023-05-02 19:33:54 [noon-ai-dis-was] info: [DIS-API] POST /login -  관리자 MHNCity 로그인 완료
2023-05-02 19:33:54 [noon-ai-dis-was] info: [DIS-API] PUT /login/lockCount -  lock_count 0 초기화
2023-05-02 19:33:54 [noon-ai-dis-was] info: [DIS-API] GET /signup/request -  가입요청 목록 조회 완료
2023-05-02 19:33:54 [noon-ai-dis-was] info: [DIS-API] GET /user -  유저 정보조회 완료
2023-05-02 19:33:57 [noon-ai-dis-was] info: [DIS-API] GET /user -  유저 정보조회 완료
2023-05-02 19:34:16 [noon-ai-dis-was] info: [DIS-API] GET /env -  환경변수 조회 완료
2023-05-02 19:34:16 [noon-ai-dis-was] info: [DIS-API] GET /tenant -  테넌트 목록 조회 완료
2023-05-02 19:34:16 [noon-ai-dis-was] info: [DIS-API] GET /user -  유저 정보조회 완료
2023-05-02 19:34:33 [noon-ai-dis-was] info: [DIS-API] GET /env -  환경변수 조회 완료
2023-05-02 19:34:33 [noon-ai-dis-was] info: [DIS-API] GET /tenant -  테넌트 목록 조회 완료
2023-05-02 19:34:33 [noon-ai-dis-was] info: [DIS-API] GET /user -  유저 정보조회 완료
2023-05-02 19:39:40 [noon-ai-dis-was] info: [DIS-API] GET /env -  환경변수 조회 완료
2023-05-02 19:39:40 [noon-ai-dis-was] info: [DIS-API] GET /tenant -  테넌트 목록 조회 완료
2023-05-02 19:39:40 [noon-ai-dis-was] info: [DIS-API] GET /user -  유저 정보조회 완료
2023-05-02 19:39:42 [noon-ai-dis-was] info: [DIS-API] GET /env -  환경변수 조회 완료
2023-05-02 19:39:42 [noon-ai-dis-was] info: [DIS-API] GET /tenant -  테넌트 목록 조회 완료
2023-05-02 19:39:42 [noon-ai-dis-was] info: [DIS-API] GET /user -  유저 정보조회 완료
2023-05-02 19:39:42 [noon-ai-dis-was] info: [DIS-API] GET /env -  환경변수 조회 완료
2023-05-02 19:39:42 [noon-ai-dis-was] info: [DIS-API] GET /tenant -  테넌트 목록 조회 완료
2023-05-02 19:39:42 [noon-ai-dis-was] info: [DIS-API] GET /user -  유저 정보조회 완료
2023-05-02 19:39:43 [noon-ai-dis-was] info: [DIS-API] GET /env -  환경변수 조회 완료
2023-05-02 19:39:43 [noon-ai-dis-was] info: [DIS-API] GET /tenant -  테넌트 목록 조회 완료
2023-05-02 19:39:43 [noon-ai-dis-was] info: [DIS-API] GET /user -  유저 정보조회 완료
2023-05-02 19:39:43 [noon-ai-dis-was] info: [DIS-API] GET /env -  환경변수 조회 완료
2023-05-02 19:39:43 [noon-ai-dis-was] info: [DIS-API] GET /tenant -  테넌트 목록 조회 완료
2023-05-02 19:39:43 [noon-ai-dis-was] info: [DIS-API] GET /user -  유저 정보조회 완료
2023-05-02 19:39:43 [noon-ai-dis-was] info: [DIS-API] GET /env -  환경변수 조회 완료
2023-05-02 19:39:43 [noon-ai-dis-was] info: [DIS-API] GET /tenant -  테넌트 목록 조회 완료
2023-05-02 19:39:43 [noon-ai-dis-was] info: [DIS-API] GET /user -  유저 정보조회 완료
2023-05-02 19:39:43 [noon-ai-dis-was] info: [DIS-API] GET /env -  환경변수 조회 완료
2023-05-02 19:39:43 [noon-ai-dis-was] info: [DIS-API] GET /tenant -  테넌트 목록 조회 완료
2023-05-02 19:39:43 [noon-ai-dis-was] info: [DIS-API] GET /user -  유저 정보조회 완료
2023-05-02 19:39:44 [noon-ai-dis-was] info: [DIS-API] GET /env -  환경변수 조회 완료
2023-05-02 19:39:44 [noon-ai-dis-was] info: [DIS-API] GET /tenant -  테넌트 목록 조회 완료
2023-05-02 19:39:44 [noon-ai-dis-was] info: [DIS-API] GET /user -  유저 정보조회 완료
2023-05-02 19:39:44 [noon-ai-dis-was] info: [DIS-API] GET /env -  환경변수 조회 완료
2023-05-02 19:39:44 [noon-ai-dis-was] info: [DIS-API] GET /tenant -  테넌트 목록 조회 완료
2023-05-02 19:39:44 [noon-ai-dis-was] info: [DIS-API] GET /user -  유저 정보조회 완료
2023-05-02 19:39:44 [noon-ai-dis-was] info: [DIS-API] GET /env -  환경변수 조회 완료
2023-05-02 19:39:44 [noon-ai-dis-was] info: [DIS-API] GET /tenant -  테넌트 목록 조회 완료
2023-05-02 19:39:44 [noon-ai-dis-was] info: [DIS-API] GET /user -  유저 정보조회 완료
2023-05-02 19:39:45 [noon-ai-dis-was] info: [DIS-API] GET /env -  환경변수 조회 완료
2023-05-02 19:39:45 [noon-ai-dis-was] info: [DIS-API] GET /tenant -  테넌트 목록 조회 완료
2023-05-02 19:39:45 [noon-ai-dis-was] info: [DIS-API] GET /user -  유저 정보조회 완료
2023-05-02 19:39:45 [noon-ai-dis-was] info: [DIS-API] GET /env -  환경변수 조회 완료
2023-05-02 19:39:45 [noon-ai-dis-was] info: [DIS-API] GET /tenant -  테넌트 목록 조회 완료
2023-05-02 19:39:45 [noon-ai-dis-was] info: [DIS-API] GET /user -  유저 정보조회 완료
2023-05-02 19:39:45 [noon-ai-dis-was] info: [DIS-API] GET /env -  환경변수 조회 완료
2023-05-02 19:39:45 [noon-ai-dis-was] info: [DIS-API] GET /tenant -  테넌트 목록 조회 완료
2023-05-02 19:39:45 [noon-ai-dis-was] info: [DIS-API] GET /user -  유저 정보조회 완료
2023-05-02 19:39:46 [noon-ai-dis-was] info: [DIS-API] GET /env -  환경변수 조회 완료
2023-05-02 19:39:46 [noon-ai-dis-was] info: [DIS-API] GET /tenant -  테넌트 목록 조회 완료
2023-05-02 19:39:46 [noon-ai-dis-was] info: [DIS-API] GET /user -  유저 정보조회 완료
2023-05-02 19:39:46 [noon-ai-dis-was] info: [DIS-API] GET /env -  환경변수 조회 완료
2023-05-02 19:39:46 [noon-ai-dis-was] info: [DIS-API] GET /tenant -  테넌트 목록 조회 완료
2023-05-02 19:39:46 [noon-ai-dis-was] info: [DIS-API] GET /user -  유저 정보조회 완료
2023-05-02 19:39:46 [noon-ai-dis-was] info: [DIS-API] GET /env -  환경변수 조회 완료
2023-05-02 19:39:46 [noon-ai-dis-was] info: [DIS-API] GET /tenant -  테넌트 목록 조회 완료
2023-05-02 19:39:46 [noon-ai-dis-was] info: [DIS-API] GET /user -  유저 정보조회 완료
2023-05-02 19:39:47 [noon-ai-dis-was] info: [DIS-API] GET /env -  환경변수 조회 완료
2023-05-02 19:39:47 [noon-ai-dis-was] info: [DIS-API] GET /tenant -  테넌트 목록 조회 완료
2023-05-02 19:39:47 [noon-ai-dis-was] info: [DIS-API] GET /user -  유저 정보조회 완료
2023-05-02 19:39:51 [noon-ai-dis-was] info: [DIS-API] GET /env -  환경변수 조회 완료
2023-05-02 19:39:51 [noon-ai-dis-was] info: [DIS-API] GET /tenant -  테넌트 목록 조회 완료
2023-05-02 19:39:51 [noon-ai-dis-was] info: [DIS-API] GET /user -  유저 정보조회 완료
2023-05-02 19:39:52 [noon-ai-dis-was] info: [DIS-API] GET /env -  환경변수 조회 완료
2023-05-02 19:39:52 [noon-ai-dis-was] info: [DIS-API] GET /tenant -  테넌트 목록 조회 완료
2023-05-02 19:39:52 [noon-ai-dis-was] info: [DIS-API] GET /user -  유저 정보조회 완료
2023-05-02 19:39:53 [noon-ai-dis-was] info: [DIS-API] GET /env -  환경변수 조회 완료
2023-05-02 19:39:53 [noon-ai-dis-was] info: [DIS-API] GET /tenant -  테넌트 목록 조회 완료
2023-05-02 19:39:53 [noon-ai-dis-was] info: [DIS-API] GET /user -  유저 정보조회 완료
2023-05-02 19:39:53 [noon-ai-dis-was] info: [DIS-API] GET /env -  환경변수 조회 완료
2023-05-02 19:39:53 [noon-ai-dis-was] info: [DIS-API] GET /tenant -  테넌트 목록 조회 완료
2023-05-02 19:39:54 [noon-ai-dis-was] info: [DIS-API] GET /user -  유저 정보조회 완료
2023-05-02 19:39:54 [noon-ai-dis-was] info: [DIS-API] GET /env -  환경변수 조회 완료
2023-05-02 19:39:54 [noon-ai-dis-was] info: [DIS-API] GET /tenant -  테넌트 목록 조회 완료
2023-05-02 19:39:54 [noon-ai-dis-was] info: [DIS-API] GET /user -  유저 정보조회 완료
2023-05-02 19:39:54 [noon-ai-dis-was] info: [DIS-API] GET /env -  환경변수 조회 완료
2023-05-02 19:39:54 [noon-ai-dis-was] info: [DIS-API] GET /tenant -  테넌트 목록 조회 완료
2023-05-02 19:39:54 [noon-ai-dis-was] info: [DIS-API] GET /user -  유저 정보조회 완료
2023-05-02 19:39:54 [noon-ai-dis-was] info: [DIS-API] GET /env -  환경변수 조회 완료
2023-05-02 19:39:55 [noon-ai-dis-was] info: [DIS-API] GET /tenant -  테넌트 목록 조회 완료
2023-05-02 19:39:55 [noon-ai-dis-was] info: [DIS-API] GET /user -  유저 정보조회 완료
2023-05-02 19:39:55 [noon-ai-dis-was] info: [DIS-API] GET /env -  환경변수 조회 완료
2023-05-02 19:39:55 [noon-ai-dis-was] info: [DIS-API] GET /tenant -  테넌트 목록 조회 완료
2023-05-02 19:39:55 [noon-ai-dis-was] info: [DIS-API] GET /user -  유저 정보조회 완료
2023-05-02 19:39:55 [noon-ai-dis-was] info: [DIS-API] GET /env -  환경변수 조회 완료
2023-05-02 19:39:55 [noon-ai-dis-was] info: [DIS-API] GET /tenant -  테넌트 목록 조회 완료
2023-05-02 19:39:55 [noon-ai-dis-was] info: [DIS-API] GET /user -  유저 정보조회 완료
2023-05-02 19:39:55 [noon-ai-dis-was] info: [DIS-API] GET /env -  환경변수 조회 완료
2023-05-02 19:39:55 [noon-ai-dis-was] info: [DIS-API] GET /tenant -  테넌트 목록 조회 완료
2023-05-02 19:39:55 [noon-ai-dis-was] info: [DIS-API] GET /user -  유저 정보조회 완료
2023-05-02 19:40:10 [noon-ai-dis-was] info: [DIS-API] GET /env -  환경변수 조회 완료
2023-05-02 19:40:10 [noon-ai-dis-was] info: [DIS-API] GET /tenant -  테넌트 목록 조회 완료
2023-05-02 19:40:10 [noon-ai-dis-was] info: [DIS-API] GET /user -  유저 정보조회 완료
2023-05-02 19:42:44 [noon-ai-dis-was] info: [DIS-API] GET /env -  환경변수 조회 완료
2023-05-02 19:42:44 [noon-ai-dis-was] info: [DIS-API] GET /tenant -  테넌트 목록 조회 완료
2023-05-02 19:42:44 [noon-ai-dis-was] info: [DIS-API] GET /user -  유저 정보조회 완료
2023-05-02 19:49:24 [noon-ai-dis-was] info: [DIS-API] GET /env -  환경변수 조회 완료
2023-05-02 19:49:24 [noon-ai-dis-was] info: [DIS-API] GET /tenant -  테넌트 목록 조회 완료
2023-05-02 19:49:24 [noon-ai-dis-was] info: [DIS-API] GET /user -  유저 정보조회 완료
2023-05-02 19:51:57 [noon-ai-dis-was] info: [DIS-API] GET /env -  환경변수 조회 완료
2023-05-02 19:51:57 [noon-ai-dis-was] info: [DIS-API] GET /tenant -  테넌트 목록 조회 완료
2023-05-02 19:51:57 [noon-ai-dis-was] info: [DIS-API] GET /user -  유저 정보조회 완료
2023-05-02 19:51:57 [noon-ai-dis-was] info: [NCP-API] GET /bucket/list -  버킷 목록 조회 완료
2023-05-02 19:52:32 [noon-ai-dis-was] info: [DIS-API] GET /env -  환경변수 조회 완료
2023-05-02 19:52:33 [noon-ai-dis-was] info: [NCP-API] GET /bucket/list -  버킷 목록 조회 완료
2023-05-02 19:52:33 [noon-ai-dis-was] info: [DIS-API] GET /tenant -  테넌트 목록 조회 완료
2023-05-02 19:52:33 [noon-ai-dis-was] info: [DIS-API] GET /user -  유저 정보조회 완료
2023-05-02 19:53:27 [noon-ai-dis-was] info: [DIS-API] GET /env -  환경변수 조회 완료
2023-05-02 19:53:27 [noon-ai-dis-was] info: [NCP-API] GET /bucket/list -  버킷 목록 조회 완료
2023-05-02 19:53:27 [noon-ai-dis-was] info: [DIS-API] GET /tenant -  테넌트 목록 조회 완료
2023-05-02 19:53:27 [noon-ai-dis-was] info: [DIS-API] GET /user -  유저 정보조회 완료
2023-05-02 19:54:18 [noon-ai-dis-was] info: [DIS-API] GET /env -  환경변수 조회 완료
2023-05-02 19:54:18 [noon-ai-dis-was] info: [NCP-API] GET /bucket/list -  버킷 목록 조회 완료
2023-05-02 19:54:18 [noon-ai-dis-was] info: [DIS-API] GET /tenant -  테넌트 목록 조회 완료
2023-05-02 19:54:18 [noon-ai-dis-was] info: [DIS-API] GET /user -  유저 정보조회 완료
2023-05-02 19:54:28 [noon-ai-dis-was] info: [DIS-API] GET /env -  환경변수 조회 완료
2023-05-02 19:54:28 [noon-ai-dis-was] info: [NCP-API] GET /bucket/list -  버킷 목록 조회 완료
2023-05-02 19:54:28 [noon-ai-dis-was] info: [DIS-API] GET /tenant -  테넌트 목록 조회 완료
2023-05-02 19:54:28 [noon-ai-dis-was] info: [DIS-API] GET /user -  유저 정보조회 완료
2023-05-02 19:54:56 [noon-ai-dis-was] info: [DIS-API] GET /env -  환경변수 조회 완료
2023-05-02 19:54:56 [noon-ai-dis-was] info: [NCP-API] GET /bucket/list -  버킷 목록 조회 완료
2023-05-02 19:54:57 [noon-ai-dis-was] info: [DIS-API] GET /tenant -  테넌트 목록 조회 완료
2023-05-02 19:54:57 [noon-ai-dis-was] info: [DIS-API] GET /user -  유저 정보조회 완료
2023-05-02 19:55:26 [noon-ai-dis-was] info: [DIS-API] GET /env -  환경변수 조회 완료
2023-05-02 19:55:26 [noon-ai-dis-was] info: [NCP-API] GET /bucket/list -  버킷 목록 조회 완료
2023-05-02 19:55:26 [noon-ai-dis-was] info: [DIS-API] GET /tenant -  테넌트 목록 조회 완료
2023-05-02 19:55:26 [noon-ai-dis-was] info: [DIS-API] GET /user -  유저 정보조회 완료
2023-05-02 19:55:34 [noon-ai-dis-was] info: [DIS-API] GET /env -  환경변수 조회 완료
2023-05-02 19:55:34 [noon-ai-dis-was] info: [NCP-API] GET /bucket/list -  버킷 목록 조회 완료
2023-05-02 19:55:34 [noon-ai-dis-was] info: [DIS-API] GET /tenant -  테넌트 목록 조회 완료
2023-05-02 19:55:34 [noon-ai-dis-was] info: [DIS-API] GET /user -  유저 정보조회 완료
2023-05-02 19:55:42 [noon-ai-dis-was] info: [DIS-API] GET /env -  환경변수 조회 완료
2023-05-02 19:55:42 [noon-ai-dis-was] info: [NCP-API] GET /bucket/list -  버킷 목록 조회 완료
2023-05-02 19:55:42 [noon-ai-dis-was] info: [DIS-API] GET /tenant -  테넌트 목록 조회 완료
2023-05-02 19:55:42 [noon-ai-dis-was] info: [DIS-API] GET /user -  유저 정보조회 완료
2023-05-02 19:57:23 [noon-ai-dis-was] info: [DIS-API] GET /env -  환경변수 조회 완료
2023-05-02 19:57:23 [noon-ai-dis-was] info: [NCP-API] GET /bucket/list -  버킷 목록 조회 완료
2023-05-02 19:57:23 [noon-ai-dis-was] info: [DIS-API] GET /tenant -  테넌트 목록 조회 완료
2023-05-02 19:57:23 [noon-ai-dis-was] info: [DIS-API] GET /user -  유저 정보조회 완료
2023-05-02 19:57:47 [noon-ai-dis-was] info: [DIS-API] GET /env -  환경변수 조회 완료
2023-05-02 19:57:47 [noon-ai-dis-was] info: [NCP-API] GET /bucket/list -  버킷 목록 조회 완료
2023-05-02 19:57:47 [noon-ai-dis-was] info: [DIS-API] GET /tenant -  테넌트 목록 조회 완료
2023-05-02 19:57:47 [noon-ai-dis-was] info: [DIS-API] GET /user -  유저 정보조회 완료
2023-05-02 19:57:59 [noon-ai-dis-was] info: [DIS-API] GET /env -  환경변수 조회 완료
2023-05-02 19:57:59 [noon-ai-dis-was] info: [NCP-API] GET /bucket/list -  버킷 목록 조회 완료
2023-05-02 19:57:59 [noon-ai-dis-was] info: [DIS-API] GET /tenant -  테넌트 목록 조회 완료
2023-05-02 19:57:59 [noon-ai-dis-was] info: [DIS-API] GET /user -  유저 정보조회 완료
2023-05-02 19:58:37 [noon-ai-dis-was] info: [DIS-API] GET /env -  환경변수 조회 완료
2023-05-02 19:58:38 [noon-ai-dis-was] info: [NCP-API] GET /bucket/list -  버킷 목록 조회 완료
2023-05-02 19:58:38 [noon-ai-dis-was] info: [DIS-API] GET /tenant -  테넌트 목록 조회 완료
2023-05-02 19:58:38 [noon-ai-dis-was] info: [DIS-API] GET /user -  유저 정보조회 완료
2023-05-02 19:58:47 [noon-ai-dis-was] info: [DIS-API] GET /env -  환경변수 조회 완료
2023-05-02 19:58:47 [noon-ai-dis-was] info: [NCP-API] GET /bucket/list -  버킷 목록 조회 완료
2023-05-02 19:58:47 [noon-ai-dis-was] info: [DIS-API] GET /tenant -  테넌트 목록 조회 완료
2023-05-02 19:58:47 [noon-ai-dis-was] info: [DIS-API] GET /user -  유저 정보조회 완료
2023-05-02 19:58:53 [noon-ai-dis-was] info: [DIS-API] GET /env -  환경변수 조회 완료
2023-05-02 19:58:54 [noon-ai-dis-was] info: [NCP-API] GET /bucket/list -  버킷 목록 조회 완료
2023-05-02 19:58:54 [noon-ai-dis-was] info: [DIS-API] GET /tenant -  테넌트 목록 조회 완료
2023-05-02 19:58:54 [noon-ai-dis-was] info: [DIS-API] GET /user -  유저 정보조회 완료
2023-05-02 19:58:58 [noon-ai-dis-was] info: [DIS-API] GET /env -  환경변수 조회 완료
2023-05-02 19:58:58 [noon-ai-dis-was] info: [NCP-API] GET /bucket/list -  버킷 목록 조회 완료
2023-05-02 19:58:58 [noon-ai-dis-was] info: [DIS-API] GET /tenant -  테넌트 목록 조회 완료
2023-05-02 19:58:58 [noon-ai-dis-was] info: [DIS-API] GET /user -  유저 정보조회 완료
2023-05-02 19:59:59 [noon-ai-dis-was] info: [DIS-API] GET /env -  환경변수 조회 완료
2023-05-02 19:59:59 [noon-ai-dis-was] info: [NCP-API] GET /bucket/list -  버킷 목록 조회 완료
2023-05-02 19:59:59 [noon-ai-dis-was] info: [DIS-API] GET /tenant -  테넌트 목록 조회 완료
2023-05-02 19:59:59 [noon-ai-dis-was] info: [DIS-API] GET /user -  유저 정보조회 완료
2023-05-02 20:00:22 [noon-ai-dis-was] info: [DIS-API] GET /env -  환경변수 조회 완료
2023-05-02 20:00:22 [noon-ai-dis-was] info: [NCP-API] GET /bucket/list -  버킷 목록 조회 완료
2023-05-02 20:00:22 [noon-ai-dis-was] info: [DIS-API] GET /tenant -  테넌트 목록 조회 완료
2023-05-02 20:00:22 [noon-ai-dis-was] info: [DIS-API] GET /user -  유저 정보조회 완료
2023-05-02 20:02:34 [noon-ai-dis-was] info: [DIS-API] GET /env -  환경변수 조회 완료
2023-05-02 20:02:34 [noon-ai-dis-was] info: [NCP-API] GET /bucket/list -  버킷 목록 조회 완료
2023-05-02 20:02:34 [noon-ai-dis-was] info: [DIS-API] GET /tenant -  테넌트 목록 조회 완료
2023-05-02 20:02:34 [noon-ai-dis-was] info: [DIS-API] GET /user -  유저 정보조회 완료
