2023-04-26 08:48:34 [noon-ai-dis-was] info: [DIS-API] GET /env -  환경변수 조회 완료
2023-04-26 08:48:41 [noon-ai-dis-was] info: [DIS-API] POST /login -  관리자 이민형 로그인 완료
2023-04-26 08:48:41 [noon-ai-dis-was] info: [DIS-API] GET /signup/request -  가입요청 목록 조회 완료
2023-04-26 08:48:41 [noon-ai-dis-was] info: [DIS-API] GET /user -  유저 정보조회 완료
2023-04-26 08:51:50 [noon-ai-dis-was] info: [DIS-API] GET /signup/request -  가입요청 목록 조회 완료
2023-04-26 08:51:50 [noon-ai-dis-was] info: [DIS-API] GET /user -  유저 정보조회 완료
2023-04-26 09:30:11 [noon-ai-dis-was] info: [DIS-API] GET /signup/request -  가입요청 목록 조회 완료
2023-04-26 09:30:11 [noon-ai-dis-was] info: [DIS-API] GET /user -  유저 정보조회 완료
2023-04-26 09:30:13 [noon-ai-dis-was] info: [DIS-API] GET /logout -  관리자 이민형 로그아웃 완료
2023-04-26 09:30:14 [noon-ai-dis-was] info: [DIS-API] GET /env -  환경변수 조회 완료
2023-04-26 09:30:38 [noon-ai-dis-was] info: [DIS-API] GET /env -  환경변수 조회 완료
2023-04-26 09:30:41 [noon-ai-dis-was] error: [DIS-API] POST /first-login -  Error: You have an error in your SQL syntax; check the manual that corresponds to your MySQL server version for the right syntax to use near 'COUNT(1) CNT FROM admin WHERE account_name=NULL AND is_lock=0' at line 1
2023-04-26 09:31:16 [noon-ai-dis-was] info: [DIS-API] GET /env -  환경변수 조회 완료
2023-04-26 09:31:20 [noon-ai-dis-was] error: [DIS-API] POST /first-login -  Error: You have an error in your SQL syntax; check the manual that corresponds to your MySQL server version for the right syntax to use near 'COUNT(1) CNT FROM admin WHERE account_name=NULL AND is_lock='0'' at line 1
2023-04-26 09:32:09 [noon-ai-dis-was] info: [DIS-API] GET /env -  환경변수 조회 완료
2023-04-26 09:32:33 [noon-ai-dis-was] info: [DIS-API] GET /env -  환경변수 조회 완료
2023-04-26 09:33:52 [noon-ai-dis-was] info: [DIS-API] GET /env -  환경변수 조회 완료
2023-04-26 09:34:12 [noon-ai-dis-was] info: [DIS-API] GET /env -  환경변수 조회 완료
2023-04-26 09:34:29 [noon-ai-dis-was] info: [DIS-API] GET /env -  환경변수 조회 완료
2023-04-26 09:35:03 [noon-ai-dis-was] info: [DIS-API] GET /env -  환경변수 조회 완료
2023-04-26 09:50:44 [noon-ai-dis-was] info: [DIS-API] GET /env -  환경변수 조회 완료
2023-04-26 09:51:22 [noon-ai-dis-was] info: [DIS-API] GET /env -  환경변수 조회 완료
2023-04-26 09:51:42 [noon-ai-dis-was] info: [DIS-API] GET /env -  환경변수 조회 완료
2023-04-26 09:59:43 [noon-ai-dis-was] info: [DIS-API] GET /env -  환경변수 조회 완료
2023-04-26 09:59:59 [noon-ai-dis-was] info: [DIS-API] GET /env -  환경변수 조회 완료
2023-04-26 10:00:23 [noon-ai-dis-was] info: [DIS-API] GET /env -  환경변수 조회 완료
2023-04-26 10:03:26 [noon-ai-dis-was] info: [DIS-API] GET /env -  환경변수 조회 완료
2023-04-26 10:03:30 [noon-ai-dis-was] info: [DIS-API] POST /first-login -  패스워드 불일치
2023-04-26 10:03:30 [noon-ai-dis-was] error: [DIS-API] POST /first-login -  ReferenceError: curDatetime is not defined
2023-04-26 10:06:58 [noon-ai-dis-was] info: [DIS-API] GET /env -  환경변수 조회 완료
2023-04-26 10:07:07 [noon-ai-dis-was] info: [DIS-API] POST /first-login -  패스워드 불일치
2023-04-26 10:07:08 [noon-ai-dis-was] info: [DIS-API] POST /selectLockStatus -  로그인 시도 이력 업데이트 완료
2023-04-26 10:09:51 [noon-ai-dis-was] info: [DIS-API] GET /env -  환경변수 조회 완료
2023-04-26 10:09:54 [noon-ai-dis-was] info: [DIS-API] POST /first-login -  패스워드 불일치
2023-04-26 10:09:54 [noon-ai-dis-was] info: [DIS-API] POST /selectLockStatus -  로그인 시도 이력 업데이트 완료
2023-04-26 10:10:51 [noon-ai-dis-was] info: [DIS-API] GET /env -  환경변수 조회 완료
2023-04-26 10:10:54 [noon-ai-dis-was] info: [DIS-API] POST /first-login -  패스워드 불일치
2023-04-26 10:10:54 [noon-ai-dis-was] info: [DIS-API] POST /selectLockStatus -  로그인 시도 이력 업데이트 완료
2023-04-26 10:12:42 [noon-ai-dis-was] info: [DIS-API] GET /env -  환경변수 조회 완료
2023-04-26 10:15:59 [noon-ai-dis-was] info: [DIS-API] GET /env -  환경변수 조회 완료
2023-04-26 10:16:05 [noon-ai-dis-was] info: [DIS-API] POST /first-login -  유저 존재하지 않음
2023-04-26 10:16:05 [noon-ai-dis-was] info: [DIS-API] POST /selectLockStatus -  로그인 시도 이력 업데이트 완료
2023-04-26 10:16:13 [noon-ai-dis-was] info: [DIS-API] POST /first-login -  패스워드 불일치
2023-04-26 10:16:13 [noon-ai-dis-was] info: [DIS-API] POST /selectLockStatus -  로그인 시도 이력 업데이트 완료
2023-04-26 10:20:29 [noon-ai-dis-was] info: [DIS-API] GET /env -  환경변수 조회 완료
2023-04-26 10:20:34 [noon-ai-dis-was] info: [DIS-API] POST /first-login -  패스워드 불일치
2023-04-26 10:20:34 [noon-ai-dis-was] info: [DIS-API] POST /selectLockStatus -  로그인 시도 이력 업데이트 완료
2023-04-26 10:20:34 [noon-ai-dis-was] error: [DIS-API] POST /first-login -  TypeError: Cannot read properties of undefined (reading 'login_fail_count')
2023-04-26 10:21:20 [noon-ai-dis-was] info: [DIS-API] GET /env -  환경변수 조회 완료
2023-04-26 10:21:24 [noon-ai-dis-was] info: [DIS-API] POST /first-login -  패스워드 불일치
2023-04-26 10:21:24 [noon-ai-dis-was] info: [DIS-API] POST /selectLockStatus -  로그인 시도 이력 업데이트 완료
2023-04-26 10:24:03 [noon-ai-dis-was] info: [DIS-API] GET /env -  환경변수 조회 완료
2023-04-26 10:24:06 [noon-ai-dis-was] info: [DIS-API] POST /first-login -  패스워드 불일치
2023-04-26 10:24:06 [noon-ai-dis-was] info: [DIS-API] POST /selectLockStatus -  로그인 시도 이력 업데이트 완료
2023-04-26 10:24:06 [noon-ai-dis-was] error: [DIS-API] POST /first-login -  Error: You have an error in your SQL syntax; check the manual that corresponds to your MySQL server version for the right syntax to use near '?' at line 1
2023-04-26 10:24:36 [noon-ai-dis-was] info: [DIS-API] GET /env -  환경변수 조회 완료
2023-04-26 10:24:39 [noon-ai-dis-was] info: [DIS-API] POST /first-login -  패스워드 불일치
2023-04-26 10:24:39 [noon-ai-dis-was] info: [DIS-API] POST /selectLockStatus -  로그인 시도 이력 업데이트 완료
2023-04-26 10:29:24 [noon-ai-dis-was] info: [DIS-API] GET /env -  환경변수 조회 완료
2023-04-26 10:29:31 [noon-ai-dis-was] info: [DIS-API] POST /first-login -  패스워드 불일치
2023-04-26 10:29:31 [noon-ai-dis-was] info: [DIS-API] POST /selectLockStatus -  로그인 시도 이력 업데이트 완료
2023-04-26 10:30:22 [noon-ai-dis-was] info: [DIS-API] GET /env -  환경변수 조회 완료
2023-04-26 10:30:24 [noon-ai-dis-was] info: [DIS-API] POST /first-login -  패스워드 불일치
2023-04-26 10:30:24 [noon-ai-dis-was] info: [DIS-API] POST /selectLockStatus -  로그인 시도 이력 업데이트 완료
2023-04-26 10:31:13 [noon-ai-dis-was] info: [DIS-API] GET /env -  환경변수 조회 완료
2023-04-26 10:31:15 [noon-ai-dis-was] info: [DIS-API] POST /first-login -  패스워드 불일치
2023-04-26 10:31:15 [noon-ai-dis-was] info: [DIS-API] POST /selectLockStatus -  로그인 시도 이력 업데이트 완료
2023-04-26 10:31:15 [noon-ai-dis-was] info: [DIS-API] PUT /login/lockStatus -  로그인 잠금
2023-04-26 10:31:42 [noon-ai-dis-was] info: [DIS-API] GET /env -  환경변수 조회 완료
2023-04-26 10:31:46 [noon-ai-dis-was] info: [DIS-API] POST /first-login -  패스워드 불일치
2023-04-26 10:31:46 [noon-ai-dis-was] info: [DIS-API] POST /selectLockStatus -  로그인 시도 이력 업데이트 완료
2023-04-26 10:31:46 [noon-ai-dis-was] info: [DIS-API] PUT /login/lockStatus -  로그인 잠금
2023-04-26 10:34:21 [noon-ai-dis-was] info: [DIS-API] GET /env -  환경변수 조회 완료
2023-04-26 10:34:26 [noon-ai-dis-was] info: [DIS-API] POST /first-login -  패스워드 불일치
2023-04-26 10:34:57 [noon-ai-dis-was] info: [DIS-API] GET /env -  환경변수 조회 완료
2023-04-26 10:35:01 [noon-ai-dis-was] info: [DIS-API] POST /first-login -  패스워드 불일치
2023-04-26 10:35:01 [noon-ai-dis-was] info: [DIS-API] POST /selectLockStatus -  로그인 시도 이력 업데이트 완료
2023-04-26 10:35:15 [noon-ai-dis-was] info: [DIS-API] GET /env -  환경변수 조회 완료
2023-04-26 10:35:18 [noon-ai-dis-was] info: [DIS-API] POST /first-login -  패스워드 불일치
2023-04-26 10:35:18 [noon-ai-dis-was] info: [DIS-API] POST /selectLockStatus -  로그인 시도 이력 업데이트 완료
2023-04-26 10:35:18 [noon-ai-dis-was] info: [DIS-API] PUT /login/lockStatus -  로그인 잠금
2023-04-26 10:35:30 [noon-ai-dis-was] info: [DIS-API] GET /env -  환경변수 조회 완료
2023-04-26 10:35:34 [noon-ai-dis-was] info: [DIS-API] POST /first-login -  패스워드 불일치
2023-04-26 10:35:34 [noon-ai-dis-was] info: [DIS-API] POST /selectLockStatus -  로그인 시도 이력 업데이트 완료
2023-04-26 10:35:35 [noon-ai-dis-was] info: [DIS-API] POST /first-login -  패스워드 불일치
2023-04-26 10:35:35 [noon-ai-dis-was] info: [DIS-API] POST /selectLockStatus -  로그인 시도 이력 업데이트 완료
2023-04-26 10:35:36 [noon-ai-dis-was] info: [DIS-API] POST /first-login -  패스워드 불일치
2023-04-26 10:35:36 [noon-ai-dis-was] info: [DIS-API] POST /selectLockStatus -  로그인 시도 이력 업데이트 완료
2023-04-26 10:35:37 [noon-ai-dis-was] info: [DIS-API] POST /first-login -  패스워드 불일치
2023-04-26 10:35:37 [noon-ai-dis-was] info: [DIS-API] POST /selectLockStatus -  로그인 시도 이력 업데이트 완료
2023-04-26 10:35:42 [noon-ai-dis-was] info: [DIS-API] POST /first-login -  패스워드 불일치
2023-04-26 10:35:42 [noon-ai-dis-was] info: [DIS-API] POST /selectLockStatus -  로그인 시도 이력 업데이트 완료
2023-04-26 10:35:42 [noon-ai-dis-was] info: [DIS-API] PUT /login/lockStatus -  로그인 잠금
2023-04-26 10:41:07 [noon-ai-dis-was] info: [DIS-API] GET /env -  환경변수 조회 완료
2023-04-26 10:41:10 [noon-ai-dis-was] info: [DIS-API] POST /selectLockStatus -  로그인 시도 이력 업데이트 완료
2023-04-26 10:41:10 [noon-ai-dis-was] info: [DIS-API] PUT /login/lockStatus -  로그인 잠금
2023-04-26 10:41:16 [noon-ai-dis-was] info: [DIS-API] PUT /login/lockStatus -  로그인 잠금
2023-04-26 10:41:16 [noon-ai-dis-was] info: [DIS-API] POST /login -  관리자 이민형 로그인 완료
2023-04-26 10:41:16 [noon-ai-dis-was] info: [DIS-API] GET /signup/request -  가입요청 목록 조회 완료
2023-04-26 10:41:16 [noon-ai-dis-was] info: [DIS-API] GET /user -  유저 정보조회 완료
2023-04-26 11:05:56 [noon-ai-dis-was] info: [DIS-API] GET /logout -  관리자 이민형 로그아웃 완료
2023-04-26 11:13:18 [noon-ai-dis-was] info: [DIS-API] GET /env -  환경변수 조회 완료
2023-04-26 11:13:28 [noon-ai-dis-was] info: [DIS-API] GET /env -  환경변수 조회 완료
2023-04-26 11:13:29 [noon-ai-dis-was] info: [DIS-API] GET /env -  환경변수 조회 완료
2023-04-26 11:15:04 [noon-ai-dis-was] info: [DIS-API] GET /env -  환경변수 조회 완료
2023-04-26 11:15:10 [noon-ai-dis-was] info: [DIS-API] GET /env -  환경변수 조회 완료
2023-04-26 11:15:11 [noon-ai-dis-was] info: [DIS-API] GET /env -  환경변수 조회 완료
2023-04-26 11:17:10 [noon-ai-dis-was] info: [DIS-API] GET /env -  환경변수 조회 완료
2023-04-26 11:17:16 [noon-ai-dis-was] info: [DIS-API] GET /env -  환경변수 조회 완료
2023-04-26 11:30:14 [noon-ai-dis-was] info: [DIS-API] GET /env -  환경변수 조회 완료
2023-04-26 13:10:37 [noon-ai-dis-was] info: [DIS-API] GET /env -  환경변수 조회 완료
2023-04-26 13:10:38 [noon-ai-dis-was] info: [DIS-API] GET /env -  환경변수 조회 완료
2023-04-26 13:10:40 [noon-ai-dis-was] info: [DIS-API] GET /env -  환경변수 조회 완료
2023-04-26 13:13:37 [noon-ai-dis-was] info: [DIS-API] GET /env -  환경변수 조회 완료
2023-04-26 13:13:38 [noon-ai-dis-was] info: [DIS-API] GET /env -  환경변수 조회 완료
2023-04-26 13:13:39 [noon-ai-dis-was] info: [DIS-API] GET /env -  환경변수 조회 완료
2023-04-26 13:13:40 [noon-ai-dis-was] info: [DIS-API] GET /env -  환경변수 조회 완료
2023-04-26 13:17:51 [noon-ai-dis-was] info: [DIS-API] GET /env -  환경변수 조회 완료
2023-04-26 13:21:56 [noon-ai-dis-was] info: [DIS-API] GET /env -  환경변수 조회 완료
2023-04-26 13:22:22 [noon-ai-dis-was] info: [DIS-API] GET /env -  환경변수 조회 완료
2023-04-26 13:25:29 [noon-ai-dis-was] info: [DIS-API] GET /env -  환경변수 조회 완료
2023-04-26 13:25:57 [noon-ai-dis-was] info: [DIS-API] GET /env -  환경변수 조회 완료
2023-04-26 13:32:11 [noon-ai-dis-was] info: [DIS-API] GET /env -  환경변수 조회 완료
2023-04-26 13:32:27 [noon-ai-dis-was] info: [DIS-API] POST /selectLockStatus -  로그인 시도 이력 업데이트 완료
2023-04-26 13:34:57 [noon-ai-dis-was] info: [DIS-API] GET /env -  환경변수 조회 완료
2023-04-26 13:35:02 [noon-ai-dis-was] info: [DIS-API] POST /selectLockStatus -  로그인 시도 이력 업데이트 완료
2023-04-26 13:41:41 [noon-ai-dis-was] info: [DIS-API] GET /env -  환경변수 조회 완료
2023-04-26 13:41:45 [noon-ai-dis-was] info: [DIS-API] POST /first-login -  패스워드 불일치
2023-04-26 13:41:47 [noon-ai-dis-was] info: [DIS-API] POST /first-login -  패스워드 불일치
2023-04-26 13:41:48 [noon-ai-dis-was] info: [DIS-API] POST /first-login -  패스워드 불일치
2023-04-26 13:41:49 [noon-ai-dis-was] info: [DIS-API] POST /first-login -  패스워드 불일치
2023-04-26 13:41:50 [noon-ai-dis-was] info: [DIS-API] POST /first-login -  패스워드 불일치
2023-04-26 13:41:51 [noon-ai-dis-was] info: [DIS-API] GET /env -  환경변수 조회 완료
2023-04-26 13:41:55 [noon-ai-dis-was] info: [DIS-API] POST /selectLockStatus -  로그인 시도 이력 업데이트 완료
2023-04-26 13:42:26 [noon-ai-dis-was] info: [DIS-API] GET /env -  환경변수 조회 완료
2023-04-26 13:42:30 [noon-ai-dis-was] info: [DIS-API] POST /first-login -  패스워드 불일치
2023-04-26 13:42:30 [noon-ai-dis-was] info: [DIS-API] POST /selectLockStatus -  로그인 시도 이력 업데이트 완료
2023-04-26 13:42:41 [noon-ai-dis-was] info: [DIS-API] GET /env -  환경변수 조회 완료
2023-04-26 13:42:45 [noon-ai-dis-was] info: [DIS-API] POST /first-login -  패스워드 불일치
2023-04-26 13:42:45 [noon-ai-dis-was] info: [DIS-API] POST /selectLockStatus -  로그인 시도 이력 업데이트 완료
2023-04-26 13:42:53 [noon-ai-dis-was] info: [DIS-API] POST /first-login -  패스워드 불일치
2023-04-26 13:42:53 [noon-ai-dis-was] info: [DIS-API] POST /selectLockStatus -  로그인 시도 이력 업데이트 완료
2023-04-26 13:42:53 [noon-ai-dis-was] info: [DIS-API] PUT /login/lockStatus -  로그인 잠금
2023-04-26 13:43:08 [noon-ai-dis-was] info: [DIS-API] POST /first-login -  패스워드 불일치
2023-04-26 13:43:08 [noon-ai-dis-was] info: [DIS-API] POST /selectLockStatus -  로그인 시도 이력 업데이트 완료
2023-04-26 13:43:08 [noon-ai-dis-was] info: [DIS-API] PUT /login/lockStatus -  로그인 잠금
2023-04-26 13:43:26 [noon-ai-dis-was] info: [DIS-API] GET /env -  환경변수 조회 완료
2023-04-26 13:43:30 [noon-ai-dis-was] info: [DIS-API] POST /first-login -  패스워드 불일치
2023-04-26 13:43:30 [noon-ai-dis-was] info: [DIS-API] POST /selectLockStatus -  로그인 시도 이력 업데이트 완료
2023-04-26 13:43:30 [noon-ai-dis-was] info: [DIS-API] PUT /login/lockStatus -  로그인 잠금
2023-04-26 13:44:15 [noon-ai-dis-was] info: [DIS-API] GET /env -  환경변수 조회 완료
2023-04-26 13:44:17 [noon-ai-dis-was] info: [DIS-API] POST /first-login -  패스워드 불일치
2023-04-26 13:44:17 [noon-ai-dis-was] info: [DIS-API] POST /selectLockStatus -  로그인 시도 이력 업데이트 완료
2023-04-26 13:44:17 [noon-ai-dis-was] info: [DIS-API] PUT /login/lockStatus -  로그인 잠금
2023-04-26 13:45:29 [noon-ai-dis-was] info: [DIS-API] GET /env -  환경변수 조회 완료
2023-04-26 13:45:31 [noon-ai-dis-was] info: [DIS-API] POST /first-login -  패스워드 불일치
2023-04-26 13:45:31 [noon-ai-dis-was] info: [DIS-API] POST /selectLockStatus -  로그인 시도 이력 업데이트 완료
2023-04-26 13:45:31 [noon-ai-dis-was] info: [DIS-API] PUT /login/lockStatus -  로그인 잠금
2023-04-26 13:50:10 [noon-ai-dis-was] info: [DIS-API] GET /env -  환경변수 조회 완료
2023-04-26 13:50:13 [noon-ai-dis-was] info: [DIS-API] POST /first-login -  패스워드 불일치
2023-04-26 13:50:13 [noon-ai-dis-was] info: [DIS-API] POST /selectLockStatus -  로그인 시도 이력 업데이트 완료
2023-04-26 13:50:14 [noon-ai-dis-was] info: [DIS-API] POST /first-login -  패스워드 불일치
2023-04-26 13:50:14 [noon-ai-dis-was] info: [DIS-API] POST /selectLockStatus -  로그인 시도 이력 업데이트 완료
2023-04-26 13:50:16 [noon-ai-dis-was] info: [DIS-API] POST /first-login -  패스워드 불일치
2023-04-26 13:50:16 [noon-ai-dis-was] info: [DIS-API] POST /selectLockStatus -  로그인 시도 이력 업데이트 완료
2023-04-26 13:50:18 [noon-ai-dis-was] info: [DIS-API] POST /first-login -  패스워드 불일치
2023-04-26 13:50:18 [noon-ai-dis-was] info: [DIS-API] POST /selectLockStatus -  로그인 시도 이력 업데이트 완료
2023-04-26 13:50:25 [noon-ai-dis-was] info: [DIS-API] POST /first-login -  패스워드 불일치
2023-04-26 13:50:25 [noon-ai-dis-was] info: [DIS-API] POST /selectLockStatus -  로그인 시도 이력 업데이트 완료
2023-04-26 13:50:25 [noon-ai-dis-was] info: [DIS-API] PUT /login/lockStatus -  로그인 잠금
2023-04-26 13:50:31 [noon-ai-dis-was] info: [DIS-API] POST /first-login -  패스워드 불일치
2023-04-26 13:50:31 [noon-ai-dis-was] info: [DIS-API] POST /selectLockStatus -  로그인 시도 이력 업데이트 완료
2023-04-26 13:50:31 [noon-ai-dis-was] info: [DIS-API] PUT /login/lockStatus -  로그인 잠금
2023-04-26 13:51:37 [noon-ai-dis-was] info: [DIS-API] GET /env -  환경변수 조회 완료
2023-04-26 13:52:08 [noon-ai-dis-was] info: [DIS-API] GET /env -  환경변수 조회 완료
2023-04-26 13:52:33 [noon-ai-dis-was] info: [DIS-API] GET /env -  환경변수 조회 완료
2023-04-26 13:52:52 [noon-ai-dis-was] info: [DIS-API] GET /env -  환경변수 조회 완료
2023-04-26 13:53:14 [noon-ai-dis-was] info: [DIS-API] GET /env -  환경변수 조회 완료
2023-04-26 13:53:44 [noon-ai-dis-was] info: [DIS-API] PUT /login/failCount/clear -  로그인 실패 횟수 0 초기화
2023-04-26 13:53:44 [noon-ai-dis-was] info: [DIS-API] POST /login -  관리자 이민형 로그인 완료
2023-04-26 13:53:44 [noon-ai-dis-was] info: [DIS-API] GET /signup/request -  가입요청 목록 조회 완료
2023-04-26 13:53:44 [noon-ai-dis-was] info: [DIS-API] GET /user -  유저 정보조회 완료
2023-04-26 13:53:46 [noon-ai-dis-was] info: [DIS-API] GET /logout -  관리자 이민형 로그아웃 완료
2023-04-26 13:53:46 [noon-ai-dis-was] info: [DIS-API] GET /env -  환경변수 조회 완료
2023-04-26 13:56:32 [noon-ai-dis-was] info: [DIS-API] GET /env -  환경변수 조회 완료
2023-04-26 13:56:37 [noon-ai-dis-was] info: [DIS-API] PUT /login/failCount/clear -  로그인 실패 횟수 0 초기화
2023-04-26 13:56:37 [noon-ai-dis-was] info: [DIS-API] POST /login -  관리자 이민형 로그인 완료
2023-04-26 13:56:37 [noon-ai-dis-was] info: [DIS-API] PUT /login/lockCount -  lock_count 0 초기화
2023-04-26 13:56:37 [noon-ai-dis-was] info: [DIS-API] GET /signup/request -  가입요청 목록 조회 완료
2023-04-26 13:56:37 [noon-ai-dis-was] info: [DIS-API] GET /user -  유저 정보조회 완료
2023-04-26 13:58:15 [noon-ai-dis-was] info: [DIS-API] GET /logout -  관리자 이민형 로그아웃 완료
2023-04-26 13:58:15 [noon-ai-dis-was] info: [DIS-API] GET /env -  환경변수 조회 완료
2023-04-26 13:58:20 [noon-ai-dis-was] info: [DIS-API] POST /login -  관리자 이민형 로그인 완료
2023-04-26 13:58:20 [noon-ai-dis-was] info: [DIS-API] PUT /login/failCount/clear -  로그인 실패 횟수 0 초기화
2023-04-26 13:58:22 [noon-ai-dis-was] info: [DIS-API] GET /signup/request -  가입요청 목록 조회 완료
2023-04-26 13:58:22 [noon-ai-dis-was] info: [DIS-API] GET /user -  유저 정보조회 완료
2023-04-26 13:59:10 [noon-ai-dis-was] info: [DIS-API] GET /logout -  관리자 이민형 로그아웃 완료
2023-04-26 13:59:10 [noon-ai-dis-was] info: [DIS-API] GET /env -  환경변수 조회 완료
2023-04-26 13:59:11 [noon-ai-dis-was] info: [DIS-API] GET /env -  환경변수 조회 완료
2023-04-26 13:59:16 [noon-ai-dis-was] info: [DIS-API] PUT /login/failCount/clear -  로그인 실패 횟수 0 초기화
2023-04-26 13:59:16 [noon-ai-dis-was] info: [DIS-API] POST /login -  관리자 이민형 로그인 완료
2023-04-26 13:59:16 [noon-ai-dis-was] info: [DIS-API] PUT /login/lockCount -  lock_count 0 초기화
2023-04-26 13:59:16 [noon-ai-dis-was] info: [DIS-API] GET /signup/request -  가입요청 목록 조회 완료
2023-04-26 13:59:16 [noon-ai-dis-was] info: [DIS-API] GET /user -  유저 정보조회 완료
2023-04-26 13:59:18 [noon-ai-dis-was] info: [DIS-API] GET /logout -  관리자 이민형 로그아웃 완료
2023-04-26 14:00:48 [noon-ai-dis-was] info: [DIS-API] GET /env -  환경변수 조회 완료
2023-04-26 14:01:11 [noon-ai-dis-was] info: [DIS-API] PUT /login/failCount/clear -  로그인 실패 횟수 0 초기화
2023-04-26 14:01:11 [noon-ai-dis-was] info: [DIS-API] POST /login -  관리자 이민형 로그인 완료
2023-04-26 14:01:11 [noon-ai-dis-was] info: [DIS-API] PUT /login/lockCount -  lock_count 0 초기화
2023-04-26 14:01:11 [noon-ai-dis-was] info: [DIS-API] GET /signup/request -  가입요청 목록 조회 완료
2023-04-26 14:01:11 [noon-ai-dis-was] info: [DIS-API] GET /user -  유저 정보조회 완료
2023-04-26 14:01:16 [noon-ai-dis-was] info: [DIS-API] GET /logout -  관리자 이민형 로그아웃 완료
2023-04-26 14:01:16 [noon-ai-dis-was] info: [DIS-API] GET /env -  환경변수 조회 완료
2023-04-26 14:01:17 [noon-ai-dis-was] info: [DIS-API] GET /env -  환경변수 조회 완료
2023-04-26 14:01:31 [noon-ai-dis-was] info: [DIS-API] PUT /login/failCount/clear -  로그인 실패 횟수 0 초기화
2023-04-26 14:01:31 [noon-ai-dis-was] info: [DIS-API] POST /login -  관리자 이민형 로그인 완료
2023-04-26 14:01:31 [noon-ai-dis-was] info: [DIS-API] PUT /login/lockCount -  lock_count 0 초기화
2023-04-26 14:01:31 [noon-ai-dis-was] info: [DIS-API] GET /signup/request -  가입요청 목록 조회 완료
2023-04-26 14:01:31 [noon-ai-dis-was] info: [DIS-API] GET /user -  유저 정보조회 완료
2023-04-26 14:01:33 [noon-ai-dis-was] info: [DIS-API] GET /logout -  관리자 이민형 로그아웃 완료
2023-04-26 14:01:33 [noon-ai-dis-was] info: [DIS-API] GET /env -  환경변수 조회 완료
2023-04-26 14:01:37 [noon-ai-dis-was] info: [DIS-API] POST /first-login -  패스워드 불일치
2023-04-26 14:01:37 [noon-ai-dis-was] info: [DIS-API] POST /selectLockStatus -  로그인 시도 이력 업데이트 완료
2023-04-26 14:01:38 [noon-ai-dis-was] info: [DIS-API] POST /first-login -  패스워드 불일치
2023-04-26 14:01:38 [noon-ai-dis-was] info: [DIS-API] POST /selectLockStatus -  로그인 시도 이력 업데이트 완료
2023-04-26 14:01:39 [noon-ai-dis-was] info: [DIS-API] POST /first-login -  패스워드 불일치
2023-04-26 14:01:39 [noon-ai-dis-was] info: [DIS-API] POST /selectLockStatus -  로그인 시도 이력 업데이트 완료
2023-04-26 14:01:53 [noon-ai-dis-was] info: [DIS-API] POST /first-login -  패스워드 불일치
2023-04-26 14:01:53 [noon-ai-dis-was] info: [DIS-API] POST /selectLockStatus -  로그인 시도 이력 업데이트 완료
2023-04-26 14:01:56 [noon-ai-dis-was] info: [DIS-API] POST /first-login -  패스워드 불일치
2023-04-26 14:01:56 [noon-ai-dis-was] info: [DIS-API] POST /selectLockStatus -  로그인 시도 이력 업데이트 완료
2023-04-26 14:01:56 [noon-ai-dis-was] info: [DIS-API] PUT /login/lockStatus -  로그인 잠금
2023-04-26 14:16:36 [noon-ai-dis-was] info: [DIS-API] GET /env -  환경변수 조회 완료
2023-04-26 14:19:07 [noon-ai-dis-was] info: [DIS-API] GET /env -  환경변수 조회 완료
2023-04-26 14:19:14 [noon-ai-dis-was] info: [DIS-API] PUT /login/failCount/clear -  로그인 실패 횟수 0 초기화
2023-04-26 14:19:14 [noon-ai-dis-was] info: [DIS-API] POST /login -  관리자 이민형 로그인 완료
2023-04-26 14:19:14 [noon-ai-dis-was] info: [DIS-API] PUT /login/lockCount -  lock_count 0 초기화
2023-04-26 14:19:14 [noon-ai-dis-was] info: [DIS-API] GET /signup/request -  가입요청 목록 조회 완료
2023-04-26 14:19:14 [noon-ai-dis-was] info: [DIS-API] GET /user -  유저 정보조회 완료
2023-04-26 14:19:16 [noon-ai-dis-was] info: [DIS-API] GET /logout -  관리자 이민형 로그아웃 완료
2023-04-26 14:19:16 [noon-ai-dis-was] info: [DIS-API] GET /env -  환경변수 조회 완료
2023-04-26 14:19:21 [noon-ai-dis-was] info: [DIS-API] POST /first-login -  패스워드 불일치
2023-04-26 14:19:21 [noon-ai-dis-was] info: [DIS-API] POST /selectLockStatus -  로그인 시도 이력 업데이트 완료
2023-04-26 14:19:23 [noon-ai-dis-was] info: [DIS-API] POST /first-login -  패스워드 불일치
2023-04-26 14:19:23 [noon-ai-dis-was] info: [DIS-API] POST /selectLockStatus -  로그인 시도 이력 업데이트 완료
2023-04-26 14:19:24 [noon-ai-dis-was] info: [DIS-API] POST /first-login -  패스워드 불일치
2023-04-26 14:19:24 [noon-ai-dis-was] info: [DIS-API] POST /selectLockStatus -  로그인 시도 이력 업데이트 완료
2023-04-26 14:19:25 [noon-ai-dis-was] info: [DIS-API] POST /first-login -  패스워드 불일치
2023-04-26 14:19:25 [noon-ai-dis-was] info: [DIS-API] POST /selectLockStatus -  로그인 시도 이력 업데이트 완료
2023-04-26 14:19:27 [noon-ai-dis-was] info: [DIS-API] POST /first-login -  패스워드 불일치
2023-04-26 14:19:27 [noon-ai-dis-was] info: [DIS-API] POST /selectLockStatus -  로그인 시도 이력 업데이트 완료
2023-04-26 14:19:27 [noon-ai-dis-was] info: [DIS-API] PUT /login/lockStatus -  로그인 잠금
2023-04-26 14:19:28 [noon-ai-dis-was] info: [DIS-API] POST /first-login -  패스워드 불일치
2023-04-26 14:19:28 [noon-ai-dis-was] info: [DIS-API] POST /selectLockStatus -  로그인 시도 이력 업데이트 완료
2023-04-26 14:19:28 [noon-ai-dis-was] info: [DIS-API] PUT /login/lockStatus -  로그인 잠금
2023-04-26 14:21:07 [noon-ai-dis-was] info: [DIS-API] POST /first-login -  패스워드 불일치
2023-04-26 14:21:07 [noon-ai-dis-was] info: [DIS-API] POST /selectLockStatus -  로그인 시도 이력 업데이트 완료
2023-04-26 14:21:07 [noon-ai-dis-was] info: [DIS-API] PUT /login/lockStatus -  로그인 잠금
2023-04-26 14:21:08 [noon-ai-dis-was] info: [DIS-API] POST /first-login -  패스워드 불일치
2023-04-26 14:21:08 [noon-ai-dis-was] info: [DIS-API] POST /selectLockStatus -  로그인 시도 이력 업데이트 완료
2023-04-26 14:21:08 [noon-ai-dis-was] info: [DIS-API] PUT /login/lockStatus -  로그인 잠금
2023-04-26 14:21:09 [noon-ai-dis-was] info: [DIS-API] POST /first-login -  패스워드 불일치
2023-04-26 14:21:09 [noon-ai-dis-was] info: [DIS-API] POST /selectLockStatus -  로그인 시도 이력 업데이트 완료
2023-04-26 14:21:09 [noon-ai-dis-was] info: [DIS-API] PUT /login/lockStatus -  로그인 잠금
2023-04-26 14:21:10 [noon-ai-dis-was] info: [DIS-API] POST /first-login -  패스워드 불일치
2023-04-26 14:21:10 [noon-ai-dis-was] info: [DIS-API] POST /selectLockStatus -  로그인 시도 이력 업데이트 완료
2023-04-26 14:21:10 [noon-ai-dis-was] info: [DIS-API] PUT /login/lockStatus -  로그인 잠금
2023-04-26 14:21:12 [noon-ai-dis-was] info: [DIS-API] POST /first-login -  패스워드 불일치
2023-04-26 14:21:12 [noon-ai-dis-was] info: [DIS-API] POST /selectLockStatus -  로그인 시도 이력 업데이트 완료
2023-04-26 14:21:12 [noon-ai-dis-was] info: [DIS-API] PUT /login/lockStatus -  로그인 잠금
2023-04-26 14:21:20 [noon-ai-dis-was] info: [DIS-API] POST /first-login -  패스워드 불일치
2023-04-26 14:21:20 [noon-ai-dis-was] info: [DIS-API] POST /selectLockStatus -  로그인 시도 이력 업데이트 완료
2023-04-26 14:21:20 [noon-ai-dis-was] info: [DIS-API] PUT /login/lockStatus -  로그인 잠금
2023-04-26 14:26:14 [noon-ai-dis-was] info: [DIS-API] GET /env -  환경변수 조회 완료
2023-04-26 14:27:09 [noon-ai-dis-was] info: [DIS-API] GET /env -  환경변수 조회 완료
2023-04-26 14:28:08 [noon-ai-dis-was] info: [DIS-API] GET /env -  환경변수 조회 완료
2023-04-26 14:28:37 [noon-ai-dis-was] info: [DIS-API] GET /env -  환경변수 조회 완료
2023-04-26 14:32:09 [noon-ai-dis-was] info: [DIS-API] GET /env -  환경변수 조회 완료
2023-04-26 14:32:13 [noon-ai-dis-was] info: [DIS-API] PUT /login/failCount/clear -  로그인 실패 횟수 0 초기화
2023-04-26 14:32:13 [noon-ai-dis-was] info: [DIS-API] POST /login -  관리자 이민형 로그인 완료
2023-04-26 14:32:13 [noon-ai-dis-was] info: [DIS-API] PUT /login/lockCount -  lock_count 0 초기화
2023-04-26 14:32:13 [noon-ai-dis-was] info: [DIS-API] GET /signup/request -  가입요청 목록 조회 완료
2023-04-26 14:32:13 [noon-ai-dis-was] info: [DIS-API] GET /user -  유저 정보조회 완료
2023-04-26 14:32:15 [noon-ai-dis-was] info: [DIS-API] GET /logout -  관리자 이민형 로그아웃 완료
2023-04-26 14:32:15 [noon-ai-dis-was] info: [DIS-API] GET /env -  환경변수 조회 완료
2023-04-26 14:32:18 [noon-ai-dis-was] info: [DIS-API] POST /first-login -  패스워드 불일치
2023-04-26 14:32:18 [noon-ai-dis-was] info: [DIS-API] POST /selectLockStatus -  로그인 시도 이력 업데이트 완료
2023-04-26 14:32:20 [noon-ai-dis-was] info: [DIS-API] POST /first-login -  패스워드 불일치
2023-04-26 14:32:20 [noon-ai-dis-was] info: [DIS-API] POST /selectLockStatus -  로그인 시도 이력 업데이트 완료
2023-04-26 14:32:21 [noon-ai-dis-was] info: [DIS-API] POST /first-login -  패스워드 불일치
2023-04-26 14:32:21 [noon-ai-dis-was] info: [DIS-API] POST /selectLockStatus -  로그인 시도 이력 업데이트 완료
2023-04-26 14:32:22 [noon-ai-dis-was] info: [DIS-API] POST /first-login -  패스워드 불일치
2023-04-26 14:32:22 [noon-ai-dis-was] info: [DIS-API] POST /selectLockStatus -  로그인 시도 이력 업데이트 완료
2023-04-26 14:32:23 [noon-ai-dis-was] info: [DIS-API] POST /first-login -  패스워드 불일치
2023-04-26 14:32:23 [noon-ai-dis-was] info: [DIS-API] POST /selectLockStatus -  로그인 시도 이력 업데이트 완료
2023-04-26 14:32:38 [noon-ai-dis-was] info: [DIS-API] GET /env -  환경변수 조회 완료
2023-04-26 14:32:42 [noon-ai-dis-was] info: [DIS-API] POST /first-login -  패스워드 불일치
2023-04-26 14:32:42 [noon-ai-dis-was] info: [DIS-API] POST /selectLockStatus -  로그인 시도 이력 업데이트 완료
2023-04-26 14:32:42 [noon-ai-dis-was] info: [DIS-API] PUT /login/lockStatus -  로그인 잠금
2023-04-26 14:32:48 [noon-ai-dis-was] info: [DIS-API] POST /first-login -  패스워드 불일치
2023-04-26 14:32:48 [noon-ai-dis-was] info: [DIS-API] POST /selectLockStatus -  로그인 시도 이력 업데이트 완료
2023-04-26 14:32:48 [noon-ai-dis-was] info: [DIS-API] PUT /login/lockStatus -  로그인 잠금
2023-04-26 14:33:34 [noon-ai-dis-was] info: [DIS-API] GET /env -  환경변수 조회 완료
2023-04-26 14:33:37 [noon-ai-dis-was] info: [DIS-API] POST /first-login -  패스워드 불일치
2023-04-26 14:33:37 [noon-ai-dis-was] info: [DIS-API] POST /selectLockStatus -  로그인 시도 이력 업데이트 완료
2023-04-26 14:33:37 [noon-ai-dis-was] info: [DIS-API] PUT /login/lockStatus -  로그인 잠금
2023-04-26 14:34:00 [noon-ai-dis-was] info: [DIS-API] GET /env -  환경변수 조회 완료
2023-04-26 14:34:03 [noon-ai-dis-was] info: [DIS-API] POST /first-login -  패스워드 불일치
2023-04-26 14:34:03 [noon-ai-dis-was] info: [DIS-API] POST /selectLockStatus -  로그인 시도 이력 업데이트 완료
2023-04-26 14:34:03 [noon-ai-dis-was] info: [DIS-API] PUT /login/lockStatus -  로그인 잠금
2023-04-26 14:34:10 [noon-ai-dis-was] info: [DIS-API] POST /first-login -  패스워드 불일치
2023-04-26 14:34:10 [noon-ai-dis-was] info: [DIS-API] POST /selectLockStatus -  로그인 시도 이력 업데이트 완료
2023-04-26 14:34:10 [noon-ai-dis-was] info: [DIS-API] PUT /login/lockStatus -  로그인 잠금
2023-04-26 14:34:24 [noon-ai-dis-was] info: [DIS-API] POST /first-login -  패스워드 불일치
2023-04-26 14:34:24 [noon-ai-dis-was] info: [DIS-API] POST /selectLockStatus -  로그인 시도 이력 업데이트 완료
2023-04-26 14:34:24 [noon-ai-dis-was] info: [DIS-API] PUT /login/lockStatus -  로그인 잠금
2023-04-26 14:34:25 [noon-ai-dis-was] info: [DIS-API] POST /first-login -  패스워드 불일치
2023-04-26 14:34:25 [noon-ai-dis-was] info: [DIS-API] POST /selectLockStatus -  로그인 시도 이력 업데이트 완료
2023-04-26 14:34:25 [noon-ai-dis-was] info: [DIS-API] PUT /login/lockStatus -  로그인 잠금
2023-04-26 14:34:26 [noon-ai-dis-was] info: [DIS-API] POST /first-login -  패스워드 불일치
2023-04-26 14:34:26 [noon-ai-dis-was] info: [DIS-API] POST /selectLockStatus -  로그인 시도 이력 업데이트 완료
2023-04-26 14:34:26 [noon-ai-dis-was] info: [DIS-API] PUT /login/lockStatus -  로그인 잠금
2023-04-26 14:34:27 [noon-ai-dis-was] info: [DIS-API] POST /first-login -  패스워드 불일치
2023-04-26 14:34:27 [noon-ai-dis-was] info: [DIS-API] POST /selectLockStatus -  로그인 시도 이력 업데이트 완료
2023-04-26 14:34:27 [noon-ai-dis-was] info: [DIS-API] PUT /login/lockStatus -  로그인 잠금
2023-04-26 14:34:28 [noon-ai-dis-was] info: [DIS-API] POST /first-login -  패스워드 불일치
2023-04-26 14:34:28 [noon-ai-dis-was] info: [DIS-API] POST /selectLockStatus -  로그인 시도 이력 업데이트 완료
2023-04-26 14:34:28 [noon-ai-dis-was] info: [DIS-API] PUT /login/lockStatus -  로그인 잠금
2023-04-26 14:35:13 [noon-ai-dis-was] info: [DIS-API] GET /env -  환경변수 조회 완료
2023-04-26 14:35:41 [noon-ai-dis-was] info: [DIS-API] PUT /login/failCount/clear -  로그인 실패 횟수 0 초기화
2023-04-26 14:35:41 [noon-ai-dis-was] info: [DIS-API] POST /login -  관리자 이민형 로그인 완료
2023-04-26 14:35:41 [noon-ai-dis-was] info: [DIS-API] PUT /login/lockCount -  lock_count 0 초기화
2023-04-26 14:35:41 [noon-ai-dis-was] info: [DIS-API] GET /signup/request -  가입요청 목록 조회 완료
2023-04-26 14:35:41 [noon-ai-dis-was] info: [DIS-API] GET /user -  유저 정보조회 완료
2023-04-26 14:43:11 [noon-ai-dis-was] info: [DIS-API] GET /signup/request -  가입요청 목록 조회 완료
2023-04-26 14:43:11 [noon-ai-dis-was] info: [DIS-API] GET /user -  유저 정보조회 완료
2023-04-26 14:45:45 [noon-ai-dis-was] info: [DIS-API] GET /user -  유저 정보조회 완료
2023-04-26 14:46:03 [noon-ai-dis-was] info: [DIS-API] GET /user -  유저 정보조회 완료
2023-04-26 14:47:04 [noon-ai-dis-was] info: [DIS-API] GET /user -  유저 정보조회 완료
2023-04-26 14:47:05 [noon-ai-dis-was] info: [DIS-API] GET /user -  유저 정보조회 완료
2023-04-26 14:48:14 [noon-ai-dis-was] info: [DIS-API] GET /user -  유저 정보조회 완료
2023-04-26 14:48:17 [noon-ai-dis-was] info: [DIS-API] GET /user -  유저 정보조회 완료
2023-04-26 14:48:53 [noon-ai-dis-was] info: [DIS-API] GET /user -  유저 정보조회 완료
2023-04-26 14:49:56 [noon-ai-dis-was] info: [DIS-API] GET /user -  유저 정보조회 완료
2023-04-26 14:49:57 [noon-ai-dis-was] info: [DIS-API] GET /user -  유저 정보조회 완료
2023-04-26 14:49:57 [noon-ai-dis-was] info: [DIS-API] GET /user -  유저 정보조회 완료
2023-04-26 14:49:57 [noon-ai-dis-was] info: [DIS-API] GET /user -  유저 정보조회 완료
2023-04-26 14:49:58 [noon-ai-dis-was] info: [DIS-API] GET /user -  유저 정보조회 완료
2023-04-26 14:49:58 [noon-ai-dis-was] info: [DIS-API] GET /user -  유저 정보조회 완료
2023-04-26 14:49:58 [noon-ai-dis-was] info: [DIS-API] GET /user -  유저 정보조회 완료
2023-04-26 14:50:04 [noon-ai-dis-was] info: [DIS-API] GET /user -  유저 정보조회 완료
2023-04-26 14:50:05 [noon-ai-dis-was] info: [DIS-API] GET /user -  유저 정보조회 완료
2023-04-26 14:50:05 [noon-ai-dis-was] info: [DIS-API] GET /user -  유저 정보조회 완료
2023-04-26 14:50:06 [noon-ai-dis-was] info: [DIS-API] GET /user -  유저 정보조회 완료
2023-04-26 14:50:06 [noon-ai-dis-was] info: [DIS-API] GET /user -  유저 정보조회 완료
2023-04-26 14:50:06 [noon-ai-dis-was] info: [DIS-API] GET /user -  유저 정보조회 완료
2023-04-26 14:50:06 [noon-ai-dis-was] info: [DIS-API] GET /user -  유저 정보조회 완료
2023-04-26 14:50:07 [noon-ai-dis-was] info: [DIS-API] GET /user -  유저 정보조회 완료
2023-04-26 14:50:07 [noon-ai-dis-was] info: [DIS-API] GET /user -  유저 정보조회 완료
2023-04-26 14:50:07 [noon-ai-dis-was] info: [DIS-API] GET /user -  유저 정보조회 완료
2023-04-26 14:50:07 [noon-ai-dis-was] info: [DIS-API] GET /user -  유저 정보조회 완료
2023-04-26 14:50:07 [noon-ai-dis-was] info: [DIS-API] GET /user -  유저 정보조회 완료
2023-04-26 14:50:08 [noon-ai-dis-was] info: [DIS-API] GET /user -  유저 정보조회 완료
2023-04-26 14:50:08 [noon-ai-dis-was] info: [DIS-API] GET /user -  유저 정보조회 완료
2023-04-26 14:50:08 [noon-ai-dis-was] info: [DIS-API] GET /user -  유저 정보조회 완료
2023-04-26 14:50:08 [noon-ai-dis-was] info: [DIS-API] GET /user -  유저 정보조회 완료
2023-04-26 14:50:40 [noon-ai-dis-was] info: [DIS-API] GET /user -  유저 정보조회 완료
2023-04-26 14:51:15 [noon-ai-dis-was] info: [DIS-API] GET /user -  유저 정보조회 완료
2023-04-26 14:51:17 [noon-ai-dis-was] info: [DIS-API] GET /user -  유저 정보조회 완료
2023-04-26 14:51:18 [noon-ai-dis-was] info: [DIS-API] GET /user -  유저 정보조회 완료
2023-04-26 14:51:18 [noon-ai-dis-was] info: [DIS-API] GET /user -  유저 정보조회 완료
2023-04-26 14:51:19 [noon-ai-dis-was] info: [DIS-API] GET /user -  유저 정보조회 완료
2023-04-26 14:52:41 [noon-ai-dis-was] info: [DIS-API] GET /user -  유저 정보조회 완료
2023-04-26 14:52:42 [noon-ai-dis-was] info: [DIS-API] GET /signup/request -  가입요청 목록 조회 완료
2023-04-26 14:52:42 [noon-ai-dis-was] info: [DIS-API] GET /user -  유저 정보조회 완료
2023-04-26 14:52:44 [noon-ai-dis-was] info: [DIS-API] GET /user -  유저 정보조회 완료
2023-04-26 14:52:58 [noon-ai-dis-was] info: [DIS-API] GET /user -  유저 정보조회 완료
2023-04-26 14:53:17 [noon-ai-dis-was] info: [DIS-API] GET /user -  유저 정보조회 완료
2023-04-26 14:53:18 [noon-ai-dis-was] info: [DIS-API] GET /tenant -  테넌트 목록 조회 완료
2023-04-26 14:53:18 [noon-ai-dis-was] info: [DIS-API] GET /user -  유저 정보조회 완료
2023-04-26 14:53:21 [noon-ai-dis-was] info: [DIS-API] GET /signup/request -  가입요청 목록 조회 완료
2023-04-26 14:53:21 [noon-ai-dis-was] info: [DIS-API] GET /user -  유저 정보조회 완료
2023-04-26 14:53:22 [noon-ai-dis-was] info: [NCP-API] GET /usage -  월간 미터링 정보 조회 완료
2023-04-26 14:53:22 [noon-ai-dis-was] info: [DIS-API] GET /user -  유저 정보조회 완료
2023-04-26 14:53:35 [noon-ai-dis-was] info: [DIS-API] GET /signup/request -  가입요청 목록 조회 완료
2023-04-26 14:53:35 [noon-ai-dis-was] info: [DIS-API] GET /user -  유저 정보조회 완료
2023-04-26 14:53:39 [noon-ai-dis-was] info: [DIS-API] GET /user -  유저 정보조회 완료
2023-04-26 14:54:16 [noon-ai-dis-was] info: [DIS-API] GET /signup/request -  가입요청 목록 조회 완료
2023-04-26 14:54:16 [noon-ai-dis-was] info: [DIS-API] GET /user -  유저 정보조회 완료
2023-04-26 14:54:17 [noon-ai-dis-was] info: [NCP-API] GET /usage -  월간 미터링 정보 조회 완료
2023-04-26 14:54:17 [noon-ai-dis-was] info: [DIS-API] GET /user -  유저 정보조회 완료
2023-04-26 14:54:19 [noon-ai-dis-was] info: [DIS-API] GET /signup/request -  가입요청 목록 조회 완료
2023-04-26 14:54:19 [noon-ai-dis-was] info: [DIS-API] GET /user -  유저 정보조회 완료
2023-04-26 14:54:25 [noon-ai-dis-was] info: [DIS-API] GET /user -  유저 정보조회 완료
2023-04-26 14:54:49 [noon-ai-dis-was] info: [DIS-API] GET /signup/request -  가입요청 목록 조회 완료
2023-04-26 14:54:49 [noon-ai-dis-was] info: [DIS-API] GET /user -  유저 정보조회 완료
2023-04-26 14:54:52 [noon-ai-dis-was] info: [NCP-API] GET /usage -  월간 미터링 정보 조회 완료
2023-04-26 14:54:52 [noon-ai-dis-was] info: [DIS-API] GET /user -  유저 정보조회 완료
2023-04-26 14:54:53 [noon-ai-dis-was] info: [DIS-API] GET /user -  유저 정보조회 완료
2023-04-26 14:56:23 [noon-ai-dis-was] info: [DIS-API] GET /user -  유저 정보조회 완료
2023-04-26 16:50:40 [noon-ai-dis-was] info: [DIS-API] GET /env -  환경변수 조회 완료
2023-04-26 16:50:45 [noon-ai-dis-was] info: [DIS-API] POST /first-login -  1차 로그인 완료
2023-04-26 16:50:47 [noon-ai-dis-was] info: [DIS-API] PUT /login/failCount/clear -  로그인 실패 횟수 0 초기화
2023-04-26 16:50:47 [noon-ai-dis-was] info: [DIS-API] POST /login -  관리자 이민형 로그인 완료
2023-04-26 16:50:47 [noon-ai-dis-was] info: [DIS-API] PUT /login/lockCount -  lock_count 0 초기화
2023-04-26 16:50:47 [noon-ai-dis-was] info: [DIS-API] GET /signup/request -  가입요청 목록 조회 완료
2023-04-26 16:50:47 [noon-ai-dis-was] info: [DIS-API] GET /user -  유저 정보조회 완료
2023-04-26 16:50:49 [noon-ai-dis-was] info: [DIS-API] GET /manager -  관리자 계정 정보 요청 완료
2023-04-26 16:50:49 [noon-ai-dis-was] info: [DIS-API] GET /user -  유저 정보조회 완료
2023-04-26 16:51:51 [noon-ai-dis-was] info: [DIS-API] GET /manager -  관리자 계정 정보 요청 완료
2023-04-26 16:51:51 [noon-ai-dis-was] info: [DIS-API] GET /user -  유저 정보조회 완료
2023-04-26 16:52:30 [noon-ai-dis-was] info: [DIS-API] GET /manager -  관리자 계정 정보 요청 완료
2023-04-26 16:52:30 [noon-ai-dis-was] info: [DIS-API] GET /user -  유저 정보조회 완료
2023-04-26 16:52:34 [noon-ai-dis-was] info: [DIS-API] GET /manager -  관리자 계정 정보 요청 완료
2023-04-26 16:52:34 [noon-ai-dis-was] info: [DIS-API] GET /user -  유저 정보조회 완료
2023-04-26 16:54:53 [noon-ai-dis-was] info: [DIS-API] GET /manager -  관리자 계정 정보 요청 완료
2023-04-26 16:54:53 [noon-ai-dis-was] info: [DIS-API] GET /user -  유저 정보조회 완료
2023-04-26 16:54:54 [noon-ai-dis-was] info: [DIS-API] GET /manager -  관리자 계정 정보 요청 완료
2023-04-26 16:54:54 [noon-ai-dis-was] info: [DIS-API] GET /user -  유저 정보조회 완료
2023-04-26 16:54:55 [noon-ai-dis-was] info: [DIS-API] GET /manager -  관리자 계정 정보 요청 완료
2023-04-26 16:54:55 [noon-ai-dis-was] info: [DIS-API] GET /user -  유저 정보조회 완료
2023-04-26 16:55:44 [noon-ai-dis-was] info: [DIS-API] GET /manager -  관리자 계정 정보 요청 완료
2023-04-26 16:55:44 [noon-ai-dis-was] info: [DIS-API] GET /user -  유저 정보조회 완료
2023-04-26 16:56:17 [noon-ai-dis-was] info: [DIS-API] GET /manager -  관리자 계정 정보 요청 완료
2023-04-26 16:56:17 [noon-ai-dis-was] info: [DIS-API] GET /user -  유저 정보조회 완료
2023-04-26 16:57:00 [noon-ai-dis-was] info: [DIS-API] GET /manager -  관리자 계정 정보 요청 완료
2023-04-26 16:57:00 [noon-ai-dis-was] info: [DIS-API] GET /user -  유저 정보조회 완료
2023-04-26 16:57:01 [noon-ai-dis-was] info: [DIS-API] GET /manager -  관리자 계정 정보 요청 완료
2023-04-26 16:57:01 [noon-ai-dis-was] info: [DIS-API] GET /user -  유저 정보조회 완료
2023-04-26 16:57:01 [noon-ai-dis-was] info: [DIS-API] GET /manager -  관리자 계정 정보 요청 완료
2023-04-26 16:57:01 [noon-ai-dis-was] info: [DIS-API] GET /user -  유저 정보조회 완료
2023-04-26 16:57:01 [noon-ai-dis-was] info: [DIS-API] GET /manager -  관리자 계정 정보 요청 완료
2023-04-26 16:57:01 [noon-ai-dis-was] info: [DIS-API] GET /user -  유저 정보조회 완료
2023-04-26 16:57:02 [noon-ai-dis-was] info: [DIS-API] GET /manager -  관리자 계정 정보 요청 완료
2023-04-26 16:57:02 [noon-ai-dis-was] info: [DIS-API] GET /user -  유저 정보조회 완료
2023-04-26 16:57:02 [noon-ai-dis-was] info: [DIS-API] GET /manager -  관리자 계정 정보 요청 완료
2023-04-26 16:57:02 [noon-ai-dis-was] info: [DIS-API] GET /user -  유저 정보조회 완료
2023-04-26 16:57:02 [noon-ai-dis-was] info: [DIS-API] GET /manager -  관리자 계정 정보 요청 완료
2023-04-26 16:57:02 [noon-ai-dis-was] info: [DIS-API] GET /user -  유저 정보조회 완료
2023-04-26 16:57:02 [noon-ai-dis-was] info: [DIS-API] GET /manager -  관리자 계정 정보 요청 완료
2023-04-26 16:57:03 [noon-ai-dis-was] info: [DIS-API] GET /user -  유저 정보조회 완료
2023-04-26 16:57:03 [noon-ai-dis-was] info: [DIS-API] GET /manager -  관리자 계정 정보 요청 완료
2023-04-26 16:57:03 [noon-ai-dis-was] info: [DIS-API] GET /user -  유저 정보조회 완료
2023-04-26 16:57:03 [noon-ai-dis-was] info: [DIS-API] GET /manager -  관리자 계정 정보 요청 완료
2023-04-26 16:57:03 [noon-ai-dis-was] info: [DIS-API] GET /user -  유저 정보조회 완료
2023-04-26 16:57:03 [noon-ai-dis-was] info: [DIS-API] GET /manager -  관리자 계정 정보 요청 완료
2023-04-26 16:57:03 [noon-ai-dis-was] info: [DIS-API] GET /user -  유저 정보조회 완료
2023-04-26 16:57:03 [noon-ai-dis-was] info: [DIS-API] GET /manager -  관리자 계정 정보 요청 완료
2023-04-26 16:57:03 [noon-ai-dis-was] info: [DIS-API] GET /user -  유저 정보조회 완료
2023-04-26 16:57:04 [noon-ai-dis-was] info: [DIS-API] GET /manager -  관리자 계정 정보 요청 완료
2023-04-26 16:57:04 [noon-ai-dis-was] info: [DIS-API] GET /user -  유저 정보조회 완료
2023-04-26 16:57:04 [noon-ai-dis-was] info: [DIS-API] GET /manager -  관리자 계정 정보 요청 완료
2023-04-26 16:57:04 [noon-ai-dis-was] info: [DIS-API] GET /user -  유저 정보조회 완료
2023-04-26 16:57:04 [noon-ai-dis-was] info: [DIS-API] GET /manager -  관리자 계정 정보 요청 완료
2023-04-26 16:57:04 [noon-ai-dis-was] info: [DIS-API] GET /user -  유저 정보조회 완료
2023-04-26 16:57:04 [noon-ai-dis-was] info: [DIS-API] GET /manager -  관리자 계정 정보 요청 완료
2023-04-26 16:57:04 [noon-ai-dis-was] info: [DIS-API] GET /user -  유저 정보조회 완료
2023-04-26 16:57:04 [noon-ai-dis-was] info: [DIS-API] GET /manager -  관리자 계정 정보 요청 완료
2023-04-26 16:57:04 [noon-ai-dis-was] info: [DIS-API] GET /user -  유저 정보조회 완료
2023-04-26 16:57:05 [noon-ai-dis-was] info: [DIS-API] GET /manager -  관리자 계정 정보 요청 완료
2023-04-26 16:57:05 [noon-ai-dis-was] info: [DIS-API] GET /user -  유저 정보조회 완료
2023-04-26 16:57:05 [noon-ai-dis-was] info: [DIS-API] GET /manager -  관리자 계정 정보 요청 완료
2023-04-26 16:57:05 [noon-ai-dis-was] info: [DIS-API] GET /user -  유저 정보조회 완료
2023-04-26 16:57:05 [noon-ai-dis-was] info: [DIS-API] GET /manager -  관리자 계정 정보 요청 완료
2023-04-26 16:57:05 [noon-ai-dis-was] info: [DIS-API] GET /user -  유저 정보조회 완료
2023-04-26 16:57:06 [noon-ai-dis-was] info: [DIS-API] GET /manager -  관리자 계정 정보 요청 완료
2023-04-26 16:57:06 [noon-ai-dis-was] info: [DIS-API] GET /user -  유저 정보조회 완료
2023-04-26 16:57:06 [noon-ai-dis-was] info: [DIS-API] GET /manager -  관리자 계정 정보 요청 완료
2023-04-26 16:57:06 [noon-ai-dis-was] info: [DIS-API] GET /user -  유저 정보조회 완료
2023-04-26 16:57:25 [noon-ai-dis-was] info: [DIS-API] GET /manager -  관리자 계정 정보 요청 완료
2023-04-26 16:57:25 [noon-ai-dis-was] info: [DIS-API] GET /user -  유저 정보조회 완료
2023-04-26 16:57:26 [noon-ai-dis-was] info: [DIS-API] GET /manager -  관리자 계정 정보 요청 완료
2023-04-26 16:57:26 [noon-ai-dis-was] info: [DIS-API] GET /user -  유저 정보조회 완료
2023-04-26 16:57:39 [noon-ai-dis-was] info: [DIS-API] GET /manager -  관리자 계정 정보 요청 완료
2023-04-26 16:57:39 [noon-ai-dis-was] info: [DIS-API] GET /user -  유저 정보조회 완료
2023-04-26 16:57:43 [noon-ai-dis-was] info: [DIS-API] GET /manager -  관리자 계정 정보 요청 완료
2023-04-26 16:57:43 [noon-ai-dis-was] info: [DIS-API] GET /user -  유저 정보조회 완료
2023-04-26 16:57:43 [noon-ai-dis-was] info: [DIS-API] GET /manager -  관리자 계정 정보 요청 완료
2023-04-26 16:57:43 [noon-ai-dis-was] info: [DIS-API] GET /user -  유저 정보조회 완료
2023-04-26 16:57:44 [noon-ai-dis-was] info: [DIS-API] GET /manager -  관리자 계정 정보 요청 완료
2023-04-26 16:57:44 [noon-ai-dis-was] info: [DIS-API] GET /user -  유저 정보조회 완료
2023-04-26 16:57:44 [noon-ai-dis-was] info: [DIS-API] GET /manager -  관리자 계정 정보 요청 완료
2023-04-26 16:57:44 [noon-ai-dis-was] info: [DIS-API] GET /user -  유저 정보조회 완료
2023-04-26 16:57:44 [noon-ai-dis-was] info: [DIS-API] GET /manager -  관리자 계정 정보 요청 완료
2023-04-26 16:57:44 [noon-ai-dis-was] info: [DIS-API] GET /user -  유저 정보조회 완료
2023-04-26 16:57:44 [noon-ai-dis-was] info: [DIS-API] GET /manager -  관리자 계정 정보 요청 완료
2023-04-26 16:57:44 [noon-ai-dis-was] info: [DIS-API] GET /user -  유저 정보조회 완료
2023-04-26 16:57:44 [noon-ai-dis-was] info: [DIS-API] GET /manager -  관리자 계정 정보 요청 완료
2023-04-26 16:57:44 [noon-ai-dis-was] info: [DIS-API] GET /user -  유저 정보조회 완료
2023-04-26 16:57:44 [noon-ai-dis-was] info: [DIS-API] GET /manager -  관리자 계정 정보 요청 완료
2023-04-26 16:57:44 [noon-ai-dis-was] info: [DIS-API] GET /user -  유저 정보조회 완료
2023-04-26 16:57:45 [noon-ai-dis-was] info: [DIS-API] GET /manager -  관리자 계정 정보 요청 완료
2023-04-26 16:57:45 [noon-ai-dis-was] info: [DIS-API] GET /user -  유저 정보조회 완료
2023-04-26 16:57:45 [noon-ai-dis-was] info: [DIS-API] GET /manager -  관리자 계정 정보 요청 완료
2023-04-26 16:57:45 [noon-ai-dis-was] info: [DIS-API] GET /user -  유저 정보조회 완료
2023-04-26 16:57:45 [noon-ai-dis-was] info: [DIS-API] GET /manager -  관리자 계정 정보 요청 완료
2023-04-26 16:57:45 [noon-ai-dis-was] info: [DIS-API] GET /user -  유저 정보조회 완료
2023-04-26 16:57:45 [noon-ai-dis-was] info: [DIS-API] GET /manager -  관리자 계정 정보 요청 완료
2023-04-26 16:57:45 [noon-ai-dis-was] info: [DIS-API] GET /user -  유저 정보조회 완료
2023-04-26 16:57:45 [noon-ai-dis-was] info: [DIS-API] GET /manager -  관리자 계정 정보 요청 완료
2023-04-26 16:57:45 [noon-ai-dis-was] info: [DIS-API] GET /user -  유저 정보조회 완료
2023-04-26 16:57:45 [noon-ai-dis-was] info: [DIS-API] GET /manager -  관리자 계정 정보 요청 완료
2023-04-26 16:57:45 [noon-ai-dis-was] info: [DIS-API] GET /user -  유저 정보조회 완료
2023-04-26 16:57:46 [noon-ai-dis-was] info: [DIS-API] GET /manager -  관리자 계정 정보 요청 완료
2023-04-26 16:57:46 [noon-ai-dis-was] info: [DIS-API] GET /user -  유저 정보조회 완료
2023-04-26 16:57:46 [noon-ai-dis-was] info: [DIS-API] GET /manager -  관리자 계정 정보 요청 완료
2023-04-26 16:57:46 [noon-ai-dis-was] info: [DIS-API] GET /user -  유저 정보조회 완료
2023-04-26 16:57:46 [noon-ai-dis-was] info: [DIS-API] GET /manager -  관리자 계정 정보 요청 완료
2023-04-26 16:57:46 [noon-ai-dis-was] info: [DIS-API] GET /user -  유저 정보조회 완료
2023-04-26 16:57:46 [noon-ai-dis-was] info: [DIS-API] GET /manager -  관리자 계정 정보 요청 완료
2023-04-26 16:57:46 [noon-ai-dis-was] info: [DIS-API] GET /user -  유저 정보조회 완료
2023-04-26 16:57:46 [noon-ai-dis-was] info: [DIS-API] GET /manager -  관리자 계정 정보 요청 완료
2023-04-26 16:57:46 [noon-ai-dis-was] info: [DIS-API] GET /user -  유저 정보조회 완료
2023-04-26 16:57:46 [noon-ai-dis-was] info: [DIS-API] GET /manager -  관리자 계정 정보 요청 완료
2023-04-26 16:57:46 [noon-ai-dis-was] info: [DIS-API] GET /user -  유저 정보조회 완료
2023-04-26 16:57:46 [noon-ai-dis-was] info: [DIS-API] GET /manager -  관리자 계정 정보 요청 완료
2023-04-26 16:57:46 [noon-ai-dis-was] info: [DIS-API] GET /user -  유저 정보조회 완료
2023-04-26 16:57:47 [noon-ai-dis-was] info: [DIS-API] GET /manager -  관리자 계정 정보 요청 완료
2023-04-26 16:57:47 [noon-ai-dis-was] info: [DIS-API] GET /user -  유저 정보조회 완료
2023-04-26 16:57:47 [noon-ai-dis-was] info: [DIS-API] GET /manager -  관리자 계정 정보 요청 완료
2023-04-26 16:57:47 [noon-ai-dis-was] info: [DIS-API] GET /user -  유저 정보조회 완료
2023-04-26 16:57:47 [noon-ai-dis-was] info: [DIS-API] GET /manager -  관리자 계정 정보 요청 완료
2023-04-26 16:57:47 [noon-ai-dis-was] info: [DIS-API] GET /user -  유저 정보조회 완료
2023-04-26 16:57:47 [noon-ai-dis-was] info: [DIS-API] GET /manager -  관리자 계정 정보 요청 완료
2023-04-26 16:57:47 [noon-ai-dis-was] info: [DIS-API] GET /user -  유저 정보조회 완료
2023-04-26 16:57:47 [noon-ai-dis-was] info: [DIS-API] GET /manager -  관리자 계정 정보 요청 완료
2023-04-26 16:57:47 [noon-ai-dis-was] info: [DIS-API] GET /user -  유저 정보조회 완료
2023-04-26 16:57:47 [noon-ai-dis-was] info: [DIS-API] GET /manager -  관리자 계정 정보 요청 완료
2023-04-26 16:57:47 [noon-ai-dis-was] info: [DIS-API] GET /user -  유저 정보조회 완료
2023-04-26 17:00:46 [noon-ai-dis-was] info: [DIS-API] GET /manager -  관리자 계정 정보 요청 완료
2023-04-26 17:00:46 [noon-ai-dis-was] info: [DIS-API] GET /user -  유저 정보조회 완료
2023-04-26 17:00:47 [noon-ai-dis-was] info: [DIS-API] GET /manager -  관리자 계정 정보 요청 완료
2023-04-26 17:00:47 [noon-ai-dis-was] info: [DIS-API] GET /user -  유저 정보조회 완료
2023-04-26 17:00:47 [noon-ai-dis-was] info: [DIS-API] GET /manager -  관리자 계정 정보 요청 완료
2023-04-26 17:00:47 [noon-ai-dis-was] info: [DIS-API] GET /user -  유저 정보조회 완료
2023-04-26 17:00:47 [noon-ai-dis-was] info: [DIS-API] GET /manager -  관리자 계정 정보 요청 완료
2023-04-26 17:00:47 [noon-ai-dis-was] info: [DIS-API] GET /user -  유저 정보조회 완료
2023-04-26 17:00:48 [noon-ai-dis-was] info: [DIS-API] GET /manager -  관리자 계정 정보 요청 완료
2023-04-26 17:00:48 [noon-ai-dis-was] info: [DIS-API] GET /user -  유저 정보조회 완료
2023-04-26 17:00:48 [noon-ai-dis-was] info: [DIS-API] GET /manager -  관리자 계정 정보 요청 완료
2023-04-26 17:00:48 [noon-ai-dis-was] info: [DIS-API] GET /user -  유저 정보조회 완료
2023-04-26 17:00:48 [noon-ai-dis-was] info: [DIS-API] GET /manager -  관리자 계정 정보 요청 완료
2023-04-26 17:00:48 [noon-ai-dis-was] info: [DIS-API] GET /user -  유저 정보조회 완료
2023-04-26 17:00:48 [noon-ai-dis-was] info: [DIS-API] GET /manager -  관리자 계정 정보 요청 완료
2023-04-26 17:00:48 [noon-ai-dis-was] info: [DIS-API] GET /user -  유저 정보조회 완료
2023-04-26 17:00:48 [noon-ai-dis-was] info: [DIS-API] GET /manager -  관리자 계정 정보 요청 완료
2023-04-26 17:00:48 [noon-ai-dis-was] info: [DIS-API] GET /user -  유저 정보조회 완료
2023-04-26 17:00:48 [noon-ai-dis-was] info: [DIS-API] GET /manager -  관리자 계정 정보 요청 완료
2023-04-26 17:00:48 [noon-ai-dis-was] info: [DIS-API] GET /user -  유저 정보조회 완료
2023-04-26 17:00:48 [noon-ai-dis-was] info: [DIS-API] GET /manager -  관리자 계정 정보 요청 완료
2023-04-26 17:00:48 [noon-ai-dis-was] info: [DIS-API] GET /user -  유저 정보조회 완료
2023-04-26 17:00:49 [noon-ai-dis-was] info: [DIS-API] GET /manager -  관리자 계정 정보 요청 완료
2023-04-26 17:00:49 [noon-ai-dis-was] info: [DIS-API] GET /user -  유저 정보조회 완료
2023-04-26 17:00:49 [noon-ai-dis-was] info: [DIS-API] GET /manager -  관리자 계정 정보 요청 완료
2023-04-26 17:00:49 [noon-ai-dis-was] info: [DIS-API] GET /user -  유저 정보조회 완료
2023-04-26 17:00:49 [noon-ai-dis-was] info: [DIS-API] GET /manager -  관리자 계정 정보 요청 완료
2023-04-26 17:00:49 [noon-ai-dis-was] info: [DIS-API] GET /user -  유저 정보조회 완료
2023-04-26 17:00:49 [noon-ai-dis-was] info: [DIS-API] GET /manager -  관리자 계정 정보 요청 완료
2023-04-26 17:00:49 [noon-ai-dis-was] info: [DIS-API] GET /user -  유저 정보조회 완료
2023-04-26 17:00:49 [noon-ai-dis-was] info: [DIS-API] GET /manager -  관리자 계정 정보 요청 완료
2023-04-26 17:00:49 [noon-ai-dis-was] info: [DIS-API] GET /user -  유저 정보조회 완료
2023-04-26 17:00:49 [noon-ai-dis-was] info: [DIS-API] GET /manager -  관리자 계정 정보 요청 완료
2023-04-26 17:00:49 [noon-ai-dis-was] info: [DIS-API] GET /user -  유저 정보조회 완료
2023-04-26 17:00:49 [noon-ai-dis-was] info: [DIS-API] GET /manager -  관리자 계정 정보 요청 완료
2023-04-26 17:00:49 [noon-ai-dis-was] info: [DIS-API] GET /user -  유저 정보조회 완료
2023-04-26 17:00:50 [noon-ai-dis-was] info: [DIS-API] GET /manager -  관리자 계정 정보 요청 완료
2023-04-26 17:00:50 [noon-ai-dis-was] info: [DIS-API] GET /user -  유저 정보조회 완료
2023-04-26 17:00:50 [noon-ai-dis-was] info: [DIS-API] GET /manager -  관리자 계정 정보 요청 완료
2023-04-26 17:00:50 [noon-ai-dis-was] info: [DIS-API] GET /user -  유저 정보조회 완료
2023-04-26 17:00:50 [noon-ai-dis-was] info: [DIS-API] GET /manager -  관리자 계정 정보 요청 완료
2023-04-26 17:00:50 [noon-ai-dis-was] info: [DIS-API] GET /user -  유저 정보조회 완료
2023-04-26 17:00:50 [noon-ai-dis-was] info: [DIS-API] GET /manager -  관리자 계정 정보 요청 완료
2023-04-26 17:00:50 [noon-ai-dis-was] info: [DIS-API] GET /user -  유저 정보조회 완료
2023-04-26 17:00:50 [noon-ai-dis-was] info: [DIS-API] GET /manager -  관리자 계정 정보 요청 완료
2023-04-26 17:00:50 [noon-ai-dis-was] info: [DIS-API] GET /user -  유저 정보조회 완료
2023-04-26 17:00:50 [noon-ai-dis-was] info: [DIS-API] GET /manager -  관리자 계정 정보 요청 완료
2023-04-26 17:00:50 [noon-ai-dis-was] info: [DIS-API] GET /user -  유저 정보조회 완료
2023-04-26 17:00:50 [noon-ai-dis-was] info: [DIS-API] GET /manager -  관리자 계정 정보 요청 완료
2023-04-26 17:00:51 [noon-ai-dis-was] info: [DIS-API] GET /user -  유저 정보조회 완료
2023-04-26 17:00:51 [noon-ai-dis-was] info: [DIS-API] GET /manager -  관리자 계정 정보 요청 완료
2023-04-26 17:00:51 [noon-ai-dis-was] info: [DIS-API] GET /user -  유저 정보조회 완료
2023-04-26 17:00:51 [noon-ai-dis-was] info: [DIS-API] GET /manager -  관리자 계정 정보 요청 완료
2023-04-26 17:00:51 [noon-ai-dis-was] info: [DIS-API] GET /user -  유저 정보조회 완료
2023-04-26 17:00:51 [noon-ai-dis-was] info: [DIS-API] GET /manager -  관리자 계정 정보 요청 완료
2023-04-26 17:00:51 [noon-ai-dis-was] info: [DIS-API] GET /user -  유저 정보조회 완료
2023-04-26 17:00:51 [noon-ai-dis-was] info: [DIS-API] GET /manager -  관리자 계정 정보 요청 완료
2023-04-26 17:00:51 [noon-ai-dis-was] info: [DIS-API] GET /user -  유저 정보조회 완료
2023-04-26 17:00:51 [noon-ai-dis-was] info: [DIS-API] GET /manager -  관리자 계정 정보 요청 완료
2023-04-26 17:00:51 [noon-ai-dis-was] info: [DIS-API] GET /user -  유저 정보조회 완료
2023-04-26 17:00:51 [noon-ai-dis-was] info: [DIS-API] GET /manager -  관리자 계정 정보 요청 완료
2023-04-26 17:00:51 [noon-ai-dis-was] info: [DIS-API] GET /user -  유저 정보조회 완료
2023-04-26 17:00:52 [noon-ai-dis-was] info: [DIS-API] GET /manager -  관리자 계정 정보 요청 완료
2023-04-26 17:00:52 [noon-ai-dis-was] info: [DIS-API] GET /user -  유저 정보조회 완료
2023-04-26 17:00:52 [noon-ai-dis-was] info: [DIS-API] GET /manager -  관리자 계정 정보 요청 완료
2023-04-26 17:00:52 [noon-ai-dis-was] info: [DIS-API] GET /user -  유저 정보조회 완료
2023-04-26 17:00:52 [noon-ai-dis-was] info: [DIS-API] GET /manager -  관리자 계정 정보 요청 완료
2023-04-26 17:00:52 [noon-ai-dis-was] info: [DIS-API] GET /user -  유저 정보조회 완료
2023-04-26 17:00:52 [noon-ai-dis-was] info: [DIS-API] GET /manager -  관리자 계정 정보 요청 완료
2023-04-26 17:00:52 [noon-ai-dis-was] info: [DIS-API] GET /user -  유저 정보조회 완료
2023-04-26 17:00:52 [noon-ai-dis-was] info: [DIS-API] GET /manager -  관리자 계정 정보 요청 완료
2023-04-26 17:00:52 [noon-ai-dis-was] info: [DIS-API] GET /user -  유저 정보조회 완료
2023-04-26 17:00:52 [noon-ai-dis-was] info: [DIS-API] GET /manager -  관리자 계정 정보 요청 완료
2023-04-26 17:00:52 [noon-ai-dis-was] info: [DIS-API] GET /user -  유저 정보조회 완료
2023-04-26 17:00:53 [noon-ai-dis-was] info: [DIS-API] GET /manager -  관리자 계정 정보 요청 완료
2023-04-26 17:00:53 [noon-ai-dis-was] info: [DIS-API] GET /user -  유저 정보조회 완료
2023-04-26 17:00:53 [noon-ai-dis-was] info: [DIS-API] GET /manager -  관리자 계정 정보 요청 완료
2023-04-26 17:00:53 [noon-ai-dis-was] info: [DIS-API] GET /user -  유저 정보조회 완료
2023-04-26 17:00:53 [noon-ai-dis-was] info: [DIS-API] GET /manager -  관리자 계정 정보 요청 완료
2023-04-26 17:00:53 [noon-ai-dis-was] info: [DIS-API] GET /user -  유저 정보조회 완료
2023-04-26 17:00:53 [noon-ai-dis-was] info: [DIS-API] GET /manager -  관리자 계정 정보 요청 완료
2023-04-26 17:00:53 [noon-ai-dis-was] info: [DIS-API] GET /user -  유저 정보조회 완료
2023-04-26 17:00:53 [noon-ai-dis-was] info: [DIS-API] GET /manager -  관리자 계정 정보 요청 완료
2023-04-26 17:00:53 [noon-ai-dis-was] info: [DIS-API] GET /user -  유저 정보조회 완료
2023-04-26 17:00:53 [noon-ai-dis-was] info: [DIS-API] GET /manager -  관리자 계정 정보 요청 완료
2023-04-26 17:00:53 [noon-ai-dis-was] info: [DIS-API] GET /user -  유저 정보조회 완료
2023-04-26 17:00:54 [noon-ai-dis-was] info: [DIS-API] GET /manager -  관리자 계정 정보 요청 완료
2023-04-26 17:00:54 [noon-ai-dis-was] info: [DIS-API] GET /user -  유저 정보조회 완료
2023-04-26 17:00:54 [noon-ai-dis-was] info: [DIS-API] GET /manager -  관리자 계정 정보 요청 완료
2023-04-26 17:00:54 [noon-ai-dis-was] info: [DIS-API] GET /user -  유저 정보조회 완료
2023-04-26 17:00:54 [noon-ai-dis-was] info: [DIS-API] GET /manager -  관리자 계정 정보 요청 완료
2023-04-26 17:00:54 [noon-ai-dis-was] info: [DIS-API] GET /user -  유저 정보조회 완료
2023-04-26 17:00:54 [noon-ai-dis-was] info: [DIS-API] GET /manager -  관리자 계정 정보 요청 완료
2023-04-26 17:00:54 [noon-ai-dis-was] info: [DIS-API] GET /user -  유저 정보조회 완료
2023-04-26 17:00:54 [noon-ai-dis-was] info: [DIS-API] GET /manager -  관리자 계정 정보 요청 완료
2023-04-26 17:00:54 [noon-ai-dis-was] info: [DIS-API] GET /user -  유저 정보조회 완료
2023-04-26 17:00:54 [noon-ai-dis-was] info: [DIS-API] GET /manager -  관리자 계정 정보 요청 완료
2023-04-26 17:00:54 [noon-ai-dis-was] info: [DIS-API] GET /user -  유저 정보조회 완료
2023-04-26 17:00:55 [noon-ai-dis-was] info: [DIS-API] GET /manager -  관리자 계정 정보 요청 완료
2023-04-26 17:00:55 [noon-ai-dis-was] info: [DIS-API] GET /user -  유저 정보조회 완료
2023-04-26 17:00:55 [noon-ai-dis-was] info: [DIS-API] GET /manager -  관리자 계정 정보 요청 완료
2023-04-26 17:00:55 [noon-ai-dis-was] info: [DIS-API] GET /user -  유저 정보조회 완료
2023-04-26 17:00:55 [noon-ai-dis-was] info: [DIS-API] GET /manager -  관리자 계정 정보 요청 완료
2023-04-26 17:00:55 [noon-ai-dis-was] info: [DIS-API] GET /user -  유저 정보조회 완료
2023-04-26 17:00:55 [noon-ai-dis-was] info: [DIS-API] GET /manager -  관리자 계정 정보 요청 완료
2023-04-26 17:00:55 [noon-ai-dis-was] info: [DIS-API] GET /user -  유저 정보조회 완료
2023-04-26 17:00:55 [noon-ai-dis-was] info: [DIS-API] GET /manager -  관리자 계정 정보 요청 완료
2023-04-26 17:00:55 [noon-ai-dis-was] info: [DIS-API] GET /user -  유저 정보조회 완료
2023-04-26 17:00:56 [noon-ai-dis-was] info: [DIS-API] GET /manager -  관리자 계정 정보 요청 완료
2023-04-26 17:00:56 [noon-ai-dis-was] info: [DIS-API] GET /user -  유저 정보조회 완료
2023-04-26 17:00:56 [noon-ai-dis-was] info: [DIS-API] GET /manager -  관리자 계정 정보 요청 완료
2023-04-26 17:00:56 [noon-ai-dis-was] info: [DIS-API] GET /user -  유저 정보조회 완료
2023-04-26 17:00:56 [noon-ai-dis-was] info: [DIS-API] GET /manager -  관리자 계정 정보 요청 완료
2023-04-26 17:00:56 [noon-ai-dis-was] info: [DIS-API] GET /user -  유저 정보조회 완료
2023-04-26 17:00:56 [noon-ai-dis-was] info: [DIS-API] GET /manager -  관리자 계정 정보 요청 완료
2023-04-26 17:00:56 [noon-ai-dis-was] info: [DIS-API] GET /user -  유저 정보조회 완료
2023-04-26 17:00:56 [noon-ai-dis-was] info: [DIS-API] GET /manager -  관리자 계정 정보 요청 완료
2023-04-26 17:00:56 [noon-ai-dis-was] info: [DIS-API] GET /user -  유저 정보조회 완료
2023-04-26 17:00:57 [noon-ai-dis-was] info: [DIS-API] GET /manager -  관리자 계정 정보 요청 완료
2023-04-26 17:00:57 [noon-ai-dis-was] info: [DIS-API] GET /user -  유저 정보조회 완료
2023-04-26 17:00:57 [noon-ai-dis-was] info: [DIS-API] GET /manager -  관리자 계정 정보 요청 완료
2023-04-26 17:00:57 [noon-ai-dis-was] info: [DIS-API] GET /user -  유저 정보조회 완료
2023-04-26 17:00:57 [noon-ai-dis-was] info: [DIS-API] GET /manager -  관리자 계정 정보 요청 완료
2023-04-26 17:00:57 [noon-ai-dis-was] info: [DIS-API] GET /user -  유저 정보조회 완료
2023-04-26 17:00:57 [noon-ai-dis-was] info: [DIS-API] GET /manager -  관리자 계정 정보 요청 완료
2023-04-26 17:00:57 [noon-ai-dis-was] info: [DIS-API] GET /user -  유저 정보조회 완료
2023-04-26 17:00:57 [noon-ai-dis-was] info: [DIS-API] GET /manager -  관리자 계정 정보 요청 완료
2023-04-26 17:00:57 [noon-ai-dis-was] info: [DIS-API] GET /user -  유저 정보조회 완료
2023-04-26 17:00:57 [noon-ai-dis-was] info: [DIS-API] GET /manager -  관리자 계정 정보 요청 완료
2023-04-26 17:00:57 [noon-ai-dis-was] info: [DIS-API] GET /user -  유저 정보조회 완료
2023-04-26 17:00:58 [noon-ai-dis-was] info: [DIS-API] GET /manager -  관리자 계정 정보 요청 완료
2023-04-26 17:00:58 [noon-ai-dis-was] info: [DIS-API] GET /user -  유저 정보조회 완료
2023-04-26 17:00:58 [noon-ai-dis-was] info: [DIS-API] GET /manager -  관리자 계정 정보 요청 완료
2023-04-26 17:00:58 [noon-ai-dis-was] info: [DIS-API] GET /user -  유저 정보조회 완료
2023-04-26 17:00:58 [noon-ai-dis-was] info: [DIS-API] GET /manager -  관리자 계정 정보 요청 완료
2023-04-26 17:00:58 [noon-ai-dis-was] info: [DIS-API] GET /user -  유저 정보조회 완료
2023-04-26 17:00:58 [noon-ai-dis-was] info: [DIS-API] GET /manager -  관리자 계정 정보 요청 완료
2023-04-26 17:00:58 [noon-ai-dis-was] info: [DIS-API] GET /user -  유저 정보조회 완료
2023-04-26 17:00:58 [noon-ai-dis-was] info: [DIS-API] GET /manager -  관리자 계정 정보 요청 완료
2023-04-26 17:00:58 [noon-ai-dis-was] info: [DIS-API] GET /user -  유저 정보조회 완료
2023-04-26 17:00:58 [noon-ai-dis-was] info: [DIS-API] GET /manager -  관리자 계정 정보 요청 완료
2023-04-26 17:00:58 [noon-ai-dis-was] info: [DIS-API] GET /user -  유저 정보조회 완료
2023-04-26 17:00:58 [noon-ai-dis-was] info: [DIS-API] GET /manager -  관리자 계정 정보 요청 완료
2023-04-26 17:00:59 [noon-ai-dis-was] info: [DIS-API] GET /user -  유저 정보조회 완료
2023-04-26 17:00:59 [noon-ai-dis-was] info: [DIS-API] GET /manager -  관리자 계정 정보 요청 완료
2023-04-26 17:00:59 [noon-ai-dis-was] info: [DIS-API] GET /user -  유저 정보조회 완료
2023-04-26 17:00:59 [noon-ai-dis-was] info: [DIS-API] GET /manager -  관리자 계정 정보 요청 완료
2023-04-26 17:00:59 [noon-ai-dis-was] info: [DIS-API] GET /user -  유저 정보조회 완료
2023-04-26 17:00:59 [noon-ai-dis-was] info: [DIS-API] GET /manager -  관리자 계정 정보 요청 완료
2023-04-26 17:00:59 [noon-ai-dis-was] info: [DIS-API] GET /user -  유저 정보조회 완료
2023-04-26 17:00:59 [noon-ai-dis-was] info: [DIS-API] GET /manager -  관리자 계정 정보 요청 완료
2023-04-26 17:00:59 [noon-ai-dis-was] info: [DIS-API] GET /user -  유저 정보조회 완료
2023-04-26 17:00:59 [noon-ai-dis-was] info: [DIS-API] GET /manager -  관리자 계정 정보 요청 완료
2023-04-26 17:00:59 [noon-ai-dis-was] info: [DIS-API] GET /user -  유저 정보조회 완료
2023-04-26 17:01:00 [noon-ai-dis-was] info: [DIS-API] GET /manager -  관리자 계정 정보 요청 완료
2023-04-26 17:01:00 [noon-ai-dis-was] info: [DIS-API] GET /user -  유저 정보조회 완료
2023-04-26 17:01:00 [noon-ai-dis-was] info: [DIS-API] GET /manager -  관리자 계정 정보 요청 완료
2023-04-26 17:01:00 [noon-ai-dis-was] info: [DIS-API] GET /user -  유저 정보조회 완료
2023-04-26 17:01:00 [noon-ai-dis-was] info: [DIS-API] GET /manager -  관리자 계정 정보 요청 완료
2023-04-26 17:01:00 [noon-ai-dis-was] info: [DIS-API] GET /user -  유저 정보조회 완료
2023-04-26 17:01:00 [noon-ai-dis-was] info: [DIS-API] GET /manager -  관리자 계정 정보 요청 완료
2023-04-26 17:01:00 [noon-ai-dis-was] info: [DIS-API] GET /user -  유저 정보조회 완료
2023-04-26 17:01:00 [noon-ai-dis-was] info: [DIS-API] GET /manager -  관리자 계정 정보 요청 완료
2023-04-26 17:01:00 [noon-ai-dis-was] info: [DIS-API] GET /user -  유저 정보조회 완료
2023-04-26 17:01:01 [noon-ai-dis-was] info: [DIS-API] GET /manager -  관리자 계정 정보 요청 완료
2023-04-26 17:01:01 [noon-ai-dis-was] info: [DIS-API] GET /user -  유저 정보조회 완료
2023-04-26 17:01:01 [noon-ai-dis-was] info: [DIS-API] GET /manager -  관리자 계정 정보 요청 완료
2023-04-26 17:01:01 [noon-ai-dis-was] info: [DIS-API] GET /user -  유저 정보조회 완료
2023-04-26 17:01:01 [noon-ai-dis-was] info: [DIS-API] GET /manager -  관리자 계정 정보 요청 완료
2023-04-26 17:01:01 [noon-ai-dis-was] info: [DIS-API] GET /user -  유저 정보조회 완료
2023-04-26 17:01:01 [noon-ai-dis-was] info: [DIS-API] GET /manager -  관리자 계정 정보 요청 완료
2023-04-26 17:01:01 [noon-ai-dis-was] info: [DIS-API] GET /user -  유저 정보조회 완료
2023-04-26 17:01:01 [noon-ai-dis-was] info: [DIS-API] GET /manager -  관리자 계정 정보 요청 완료
2023-04-26 17:01:01 [noon-ai-dis-was] info: [DIS-API] GET /user -  유저 정보조회 완료
2023-04-26 17:01:01 [noon-ai-dis-was] info: [DIS-API] GET /manager -  관리자 계정 정보 요청 완료
2023-04-26 17:01:01 [noon-ai-dis-was] info: [DIS-API] GET /user -  유저 정보조회 완료
2023-04-26 17:01:02 [noon-ai-dis-was] info: [DIS-API] GET /manager -  관리자 계정 정보 요청 완료
2023-04-26 17:01:02 [noon-ai-dis-was] info: [DIS-API] GET /user -  유저 정보조회 완료
2023-04-26 17:01:02 [noon-ai-dis-was] info: [DIS-API] GET /manager -  관리자 계정 정보 요청 완료
2023-04-26 17:01:02 [noon-ai-dis-was] info: [DIS-API] GET /user -  유저 정보조회 완료
2023-04-26 17:01:02 [noon-ai-dis-was] info: [DIS-API] GET /manager -  관리자 계정 정보 요청 완료
2023-04-26 17:01:02 [noon-ai-dis-was] info: [DIS-API] GET /user -  유저 정보조회 완료
2023-04-26 17:01:02 [noon-ai-dis-was] info: [DIS-API] GET /manager -  관리자 계정 정보 요청 완료
2023-04-26 17:01:02 [noon-ai-dis-was] info: [DIS-API] GET /user -  유저 정보조회 완료
2023-04-26 17:01:02 [noon-ai-dis-was] info: [DIS-API] GET /manager -  관리자 계정 정보 요청 완료
2023-04-26 17:01:02 [noon-ai-dis-was] info: [DIS-API] GET /user -  유저 정보조회 완료
2023-04-26 17:01:03 [noon-ai-dis-was] info: [DIS-API] GET /manager -  관리자 계정 정보 요청 완료
2023-04-26 17:01:03 [noon-ai-dis-was] info: [DIS-API] GET /user -  유저 정보조회 완료
2023-04-26 17:01:03 [noon-ai-dis-was] info: [DIS-API] GET /manager -  관리자 계정 정보 요청 완료
2023-04-26 17:01:03 [noon-ai-dis-was] info: [DIS-API] GET /user -  유저 정보조회 완료
2023-04-26 17:01:03 [noon-ai-dis-was] info: [DIS-API] GET /manager -  관리자 계정 정보 요청 완료
2023-04-26 17:01:03 [noon-ai-dis-was] info: [DIS-API] GET /user -  유저 정보조회 완료
2023-04-26 17:01:03 [noon-ai-dis-was] info: [DIS-API] GET /manager -  관리자 계정 정보 요청 완료
2023-04-26 17:01:03 [noon-ai-dis-was] info: [DIS-API] GET /user -  유저 정보조회 완료
2023-04-26 17:01:03 [noon-ai-dis-was] info: [DIS-API] GET /manager -  관리자 계정 정보 요청 완료
2023-04-26 17:01:03 [noon-ai-dis-was] info: [DIS-API] GET /user -  유저 정보조회 완료
2023-04-26 17:01:04 [noon-ai-dis-was] info: [DIS-API] GET /manager -  관리자 계정 정보 요청 완료
2023-04-26 17:01:04 [noon-ai-dis-was] info: [DIS-API] GET /user -  유저 정보조회 완료
2023-04-26 17:01:04 [noon-ai-dis-was] info: [DIS-API] GET /manager -  관리자 계정 정보 요청 완료
2023-04-26 17:01:04 [noon-ai-dis-was] info: [DIS-API] GET /user -  유저 정보조회 완료
2023-04-26 17:01:04 [noon-ai-dis-was] info: [DIS-API] GET /manager -  관리자 계정 정보 요청 완료
2023-04-26 17:01:04 [noon-ai-dis-was] info: [DIS-API] GET /user -  유저 정보조회 완료
2023-04-26 17:01:04 [noon-ai-dis-was] info: [DIS-API] GET /manager -  관리자 계정 정보 요청 완료
2023-04-26 17:01:04 [noon-ai-dis-was] info: [DIS-API] GET /user -  유저 정보조회 완료
2023-04-26 17:01:04 [noon-ai-dis-was] info: [DIS-API] GET /manager -  관리자 계정 정보 요청 완료
2023-04-26 17:01:04 [noon-ai-dis-was] info: [DIS-API] GET /user -  유저 정보조회 완료
2023-04-26 17:01:04 [noon-ai-dis-was] info: [DIS-API] GET /manager -  관리자 계정 정보 요청 완료
2023-04-26 17:01:04 [noon-ai-dis-was] info: [DIS-API] GET /user -  유저 정보조회 완료
2023-04-26 17:01:05 [noon-ai-dis-was] info: [DIS-API] GET /manager -  관리자 계정 정보 요청 완료
2023-04-26 17:01:05 [noon-ai-dis-was] info: [DIS-API] GET /user -  유저 정보조회 완료
2023-04-26 17:01:05 [noon-ai-dis-was] info: [DIS-API] GET /manager -  관리자 계정 정보 요청 완료
2023-04-26 17:01:05 [noon-ai-dis-was] info: [DIS-API] GET /user -  유저 정보조회 완료
2023-04-26 17:01:05 [noon-ai-dis-was] info: [DIS-API] GET /manager -  관리자 계정 정보 요청 완료
2023-04-26 17:01:05 [noon-ai-dis-was] info: [DIS-API] GET /user -  유저 정보조회 완료
2023-04-26 17:01:05 [noon-ai-dis-was] info: [DIS-API] GET /manager -  관리자 계정 정보 요청 완료
2023-04-26 17:01:05 [noon-ai-dis-was] info: [DIS-API] GET /user -  유저 정보조회 완료
2023-04-26 17:01:05 [noon-ai-dis-was] info: [DIS-API] GET /manager -  관리자 계정 정보 요청 완료
2023-04-26 17:01:05 [noon-ai-dis-was] info: [DIS-API] GET /user -  유저 정보조회 완료
2023-04-26 17:01:06 [noon-ai-dis-was] info: [DIS-API] GET /manager -  관리자 계정 정보 요청 완료
2023-04-26 17:01:06 [noon-ai-dis-was] info: [DIS-API] GET /user -  유저 정보조회 완료
2023-04-26 17:01:06 [noon-ai-dis-was] info: [DIS-API] GET /manager -  관리자 계정 정보 요청 완료
2023-04-26 17:01:06 [noon-ai-dis-was] info: [DIS-API] GET /user -  유저 정보조회 완료
2023-04-26 17:01:06 [noon-ai-dis-was] info: [DIS-API] GET /manager -  관리자 계정 정보 요청 완료
2023-04-26 17:01:06 [noon-ai-dis-was] info: [DIS-API] GET /user -  유저 정보조회 완료
2023-04-26 17:01:06 [noon-ai-dis-was] info: [DIS-API] GET /manager -  관리자 계정 정보 요청 완료
2023-04-26 17:01:06 [noon-ai-dis-was] info: [DIS-API] GET /user -  유저 정보조회 완료
2023-04-26 17:01:07 [noon-ai-dis-was] info: [DIS-API] GET /manager -  관리자 계정 정보 요청 완료
2023-04-26 17:01:07 [noon-ai-dis-was] info: [DIS-API] GET /user -  유저 정보조회 완료
2023-04-26 17:01:07 [noon-ai-dis-was] info: [DIS-API] GET /manager -  관리자 계정 정보 요청 완료
2023-04-26 17:01:07 [noon-ai-dis-was] info: [DIS-API] GET /user -  유저 정보조회 완료
2023-04-26 17:01:07 [noon-ai-dis-was] info: [DIS-API] GET /manager -  관리자 계정 정보 요청 완료
2023-04-26 17:01:07 [noon-ai-dis-was] info: [DIS-API] GET /user -  유저 정보조회 완료
2023-04-26 17:01:07 [noon-ai-dis-was] info: [DIS-API] GET /manager -  관리자 계정 정보 요청 완료
2023-04-26 17:01:07 [noon-ai-dis-was] info: [DIS-API] GET /user -  유저 정보조회 완료
2023-04-26 17:01:07 [noon-ai-dis-was] info: [DIS-API] GET /manager -  관리자 계정 정보 요청 완료
2023-04-26 17:01:07 [noon-ai-dis-was] info: [DIS-API] GET /user -  유저 정보조회 완료
2023-04-26 17:01:08 [noon-ai-dis-was] info: [DIS-API] GET /manager -  관리자 계정 정보 요청 완료
2023-04-26 17:01:08 [noon-ai-dis-was] info: [DIS-API] GET /user -  유저 정보조회 완료
2023-04-26 17:01:08 [noon-ai-dis-was] info: [DIS-API] GET /manager -  관리자 계정 정보 요청 완료
2023-04-26 17:01:08 [noon-ai-dis-was] info: [DIS-API] GET /user -  유저 정보조회 완료
2023-04-26 17:01:08 [noon-ai-dis-was] info: [DIS-API] GET /manager -  관리자 계정 정보 요청 완료
2023-04-26 17:01:08 [noon-ai-dis-was] info: [DIS-API] GET /user -  유저 정보조회 완료
2023-04-26 17:01:08 [noon-ai-dis-was] info: [DIS-API] GET /manager -  관리자 계정 정보 요청 완료
2023-04-26 17:01:08 [noon-ai-dis-was] info: [DIS-API] GET /user -  유저 정보조회 완료
2023-04-26 17:01:09 [noon-ai-dis-was] info: [DIS-API] GET /manager -  관리자 계정 정보 요청 완료
2023-04-26 17:01:09 [noon-ai-dis-was] info: [DIS-API] GET /user -  유저 정보조회 완료
2023-04-26 17:01:09 [noon-ai-dis-was] info: [DIS-API] GET /manager -  관리자 계정 정보 요청 완료
2023-04-26 17:01:09 [noon-ai-dis-was] info: [DIS-API] GET /user -  유저 정보조회 완료
2023-04-26 17:01:09 [noon-ai-dis-was] info: [DIS-API] GET /manager -  관리자 계정 정보 요청 완료
2023-04-26 17:01:09 [noon-ai-dis-was] info: [DIS-API] GET /user -  유저 정보조회 완료
2023-04-26 17:01:09 [noon-ai-dis-was] info: [DIS-API] GET /manager -  관리자 계정 정보 요청 완료
2023-04-26 17:01:09 [noon-ai-dis-was] info: [DIS-API] GET /user -  유저 정보조회 완료
2023-04-26 17:01:10 [noon-ai-dis-was] info: [DIS-API] GET /manager -  관리자 계정 정보 요청 완료
2023-04-26 17:01:10 [noon-ai-dis-was] info: [DIS-API] GET /user -  유저 정보조회 완료
2023-04-26 17:01:10 [noon-ai-dis-was] info: [DIS-API] GET /manager -  관리자 계정 정보 요청 완료
2023-04-26 17:01:10 [noon-ai-dis-was] info: [DIS-API] GET /user -  유저 정보조회 완료
2023-04-26 17:01:10 [noon-ai-dis-was] info: [DIS-API] GET /manager -  관리자 계정 정보 요청 완료
2023-04-26 17:01:10 [noon-ai-dis-was] info: [DIS-API] GET /user -  유저 정보조회 완료
2023-04-26 17:01:10 [noon-ai-dis-was] info: [DIS-API] GET /manager -  관리자 계정 정보 요청 완료
2023-04-26 17:01:10 [noon-ai-dis-was] info: [DIS-API] GET /user -  유저 정보조회 완료
2023-04-26 17:01:10 [noon-ai-dis-was] info: [DIS-API] GET /manager -  관리자 계정 정보 요청 완료
2023-04-26 17:01:10 [noon-ai-dis-was] info: [DIS-API] GET /user -  유저 정보조회 완료
2023-04-26 17:01:10 [noon-ai-dis-was] info: [DIS-API] GET /manager -  관리자 계정 정보 요청 완료
2023-04-26 17:01:10 [noon-ai-dis-was] info: [DIS-API] GET /user -  유저 정보조회 완료
2023-04-26 17:01:10 [noon-ai-dis-was] info: [DIS-API] GET /manager -  관리자 계정 정보 요청 완료
2023-04-26 17:01:10 [noon-ai-dis-was] info: [DIS-API] GET /user -  유저 정보조회 완료
2023-04-26 17:01:10 [noon-ai-dis-was] info: [DIS-API] GET /manager -  관리자 계정 정보 요청 완료
2023-04-26 17:01:10 [noon-ai-dis-was] info: [DIS-API] GET /user -  유저 정보조회 완료
2023-04-26 17:01:11 [noon-ai-dis-was] info: [DIS-API] GET /manager -  관리자 계정 정보 요청 완료
2023-04-26 17:01:11 [noon-ai-dis-was] info: [DIS-API] GET /user -  유저 정보조회 완료
2023-04-26 17:01:11 [noon-ai-dis-was] info: [DIS-API] GET /manager -  관리자 계정 정보 요청 완료
2023-04-26 17:01:11 [noon-ai-dis-was] info: [DIS-API] GET /user -  유저 정보조회 완료
2023-04-26 17:02:47 [noon-ai-dis-was] info: [DIS-API] GET /manager -  관리자 계정 정보 요청 완료
2023-04-26 17:02:47 [noon-ai-dis-was] info: [DIS-API] GET /user -  유저 정보조회 완료
