2023-04-27 09:44:00 [noon-ai-dis-was] info: [DIS-API] GET /env -  환경변수 조회 완료
2023-04-27 09:44:54 [noon-ai-dis-was] info: [DIS-API] GET /env -  환경변수 조회 완료
2023-04-27 09:44:55 [noon-ai-dis-was] info: [DIS-API] GET /env -  환경변수 조회 완료
2023-04-27 09:44:58 [noon-ai-dis-was] info: [DIS-API] GET /env -  환경변수 조회 완료
2023-04-27 09:45:01 [noon-ai-dis-was] info: [DIS-API] GET /env -  환경변수 조회 완료
2023-04-27 09:45:02 [noon-ai-dis-was] info: [DIS-API] GET /env -  환경변수 조회 완료
2023-04-27 09:45:07 [noon-ai-dis-was] info: [DIS-API] POST /first-login -  1차 로그인 완료
2023-04-27 09:45:09 [noon-ai-dis-was] info: [DIS-API] PUT /login/failCount/clear -  로그인 실패 횟수 0 초기화
2023-04-27 09:45:09 [noon-ai-dis-was] info: [DIS-API] POST /login -  관리자 이민형 로그인 완료
2023-04-27 09:45:09 [noon-ai-dis-was] info: [DIS-API] PUT /login/lockCount -  lock_count 0 초기화
2023-04-27 09:45:09 [noon-ai-dis-was] info: [DIS-API] GET /signup/request -  가입요청 목록 조회 완료
2023-04-27 09:45:09 [noon-ai-dis-was] info: [DIS-API] GET /user -  유저 정보조회 완료
2023-04-27 09:45:21 [noon-ai-dis-was] info: [DIS-API] GET /signup/request -  가입요청 목록 조회 완료
2023-04-27 09:45:21 [noon-ai-dis-was] info: [DIS-API] GET /user -  유저 정보조회 완료
2023-04-27 09:45:22 [noon-ai-dis-was] info: [DIS-API] GET /signup/request -  가입요청 목록 조회 완료
2023-04-27 09:45:22 [noon-ai-dis-was] info: [DIS-API] GET /user -  유저 정보조회 완료
2023-04-27 09:45:22 [noon-ai-dis-was] info: [DIS-API] GET /signup/request -  가입요청 목록 조회 완료
2023-04-27 09:45:22 [noon-ai-dis-was] info: [DIS-API] GET /user -  유저 정보조회 완료
2023-04-27 09:45:22 [noon-ai-dis-was] info: [DIS-API] GET /signup/request -  가입요청 목록 조회 완료
2023-04-27 09:45:22 [noon-ai-dis-was] info: [DIS-API] GET /user -  유저 정보조회 완료
2023-04-27 09:45:22 [noon-ai-dis-was] info: [DIS-API] GET /signup/request -  가입요청 목록 조회 완료
2023-04-27 09:45:22 [noon-ai-dis-was] info: [DIS-API] GET /user -  유저 정보조회 완료
2023-04-27 09:45:28 [noon-ai-dis-was] info: [DIS-API] GET /tenant -  테넌트 목록 조회 완료
2023-04-27 09:45:28 [noon-ai-dis-was] info: [DIS-API] GET /user -  유저 정보조회 완료
2023-04-27 09:45:30 [noon-ai-dis-was] info: [DIS-API] GET /manager -  관리자 계정 정보 요청 완료
2023-04-27 09:45:30 [noon-ai-dis-was] info: [DIS-API] GET /user -  유저 정보조회 완료
2023-04-27 09:45:32 [noon-ai-dis-was] info: [DIS-API] GET /manager -  관리자 계정 정보 요청 완료
2023-04-27 09:45:32 [noon-ai-dis-was] info: [DIS-API] GET /user -  유저 정보조회 완료
2023-04-27 09:45:40 [noon-ai-dis-was] info: [DIS-API] GET /manager -  관리자 계정 정보 요청 완료
2023-04-27 09:45:41 [noon-ai-dis-was] info: [DIS-API] GET /user -  유저 정보조회 완료
2023-04-27 09:45:42 [noon-ai-dis-was] info: [DIS-API] GET /manager -  관리자 계정 정보 요청 완료
2023-04-27 09:45:42 [noon-ai-dis-was] info: [DIS-API] GET /user -  유저 정보조회 완료
2023-04-27 09:47:58 [noon-ai-dis-was] info: [DIS-API] GET /manager -  관리자 계정 정보 요청 완료
2023-04-27 09:47:58 [noon-ai-dis-was] info: [DIS-API] GET /user -  유저 정보조회 완료
2023-04-27 09:47:59 [noon-ai-dis-was] info: [DIS-API] GET /manager -  관리자 계정 정보 요청 완료
2023-04-27 09:47:59 [noon-ai-dis-was] info: [DIS-API] GET /user -  유저 정보조회 완료
2023-04-27 09:47:59 [noon-ai-dis-was] info: [DIS-API] GET /manager -  관리자 계정 정보 요청 완료
2023-04-27 09:47:59 [noon-ai-dis-was] info: [DIS-API] GET /user -  유저 정보조회 완료
2023-04-27 09:47:59 [noon-ai-dis-was] info: [DIS-API] GET /manager -  관리자 계정 정보 요청 완료
2023-04-27 09:47:59 [noon-ai-dis-was] info: [DIS-API] GET /user -  유저 정보조회 완료
2023-04-27 09:47:59 [noon-ai-dis-was] info: [DIS-API] GET /manager -  관리자 계정 정보 요청 완료
2023-04-27 09:47:59 [noon-ai-dis-was] info: [DIS-API] GET /user -  유저 정보조회 완료
2023-04-27 09:48:30 [noon-ai-dis-was] info: [DIS-API] GET /manager -  관리자 계정 정보 요청 완료
2023-04-27 09:48:30 [noon-ai-dis-was] info: [DIS-API] GET /user -  유저 정보조회 완료
2023-04-27 09:51:13 [noon-ai-dis-was] info: [DIS-API] GET /manager -  관리자 계정 정보 요청 완료
2023-04-27 09:51:13 [noon-ai-dis-was] info: [DIS-API] GET /user -  유저 정보조회 완료
2023-04-27 09:51:14 [noon-ai-dis-was] info: [DIS-API] GET /signup/request -  가입요청 목록 조회 완료
2023-04-27 09:51:14 [noon-ai-dis-was] info: [DIS-API] GET /user -  유저 정보조회 완료
2023-04-27 09:51:46 [noon-ai-dis-was] info: [DIS-API] GET /signup/request -  가입요청 목록 조회 완료
2023-04-27 09:51:46 [noon-ai-dis-was] info: [DIS-API] GET /user -  유저 정보조회 완료
2023-04-27 09:51:51 [noon-ai-dis-was] info: [DIS-API] GET /manager -  관리자 계정 정보 요청 완료
2023-04-27 09:51:51 [noon-ai-dis-was] info: [DIS-API] GET /user -  유저 정보조회 완료
2023-04-27 09:51:53 [noon-ai-dis-was] info: [DIS-API] GET /manager -  관리자 계정 정보 요청 완료
2023-04-27 09:51:53 [noon-ai-dis-was] info: [DIS-API] GET /user -  유저 정보조회 완료
2023-04-27 09:51:53 [noon-ai-dis-was] info: [DIS-API] GET /manager -  관리자 계정 정보 요청 완료
2023-04-27 09:51:53 [noon-ai-dis-was] info: [DIS-API] GET /user -  유저 정보조회 완료
2023-04-27 09:51:54 [noon-ai-dis-was] info: [DIS-API] GET /manager -  관리자 계정 정보 요청 완료
2023-04-27 09:51:54 [noon-ai-dis-was] info: [DIS-API] GET /user -  유저 정보조회 완료
2023-04-27 09:51:54 [noon-ai-dis-was] info: [DIS-API] GET /manager -  관리자 계정 정보 요청 완료
2023-04-27 09:51:54 [noon-ai-dis-was] info: [DIS-API] GET /user -  유저 정보조회 완료
2023-04-27 09:51:54 [noon-ai-dis-was] info: [DIS-API] GET /manager -  관리자 계정 정보 요청 완료
2023-04-27 09:51:54 [noon-ai-dis-was] info: [DIS-API] GET /user -  유저 정보조회 완료
2023-04-27 09:51:54 [noon-ai-dis-was] info: [DIS-API] GET /manager -  관리자 계정 정보 요청 완료
2023-04-27 09:51:54 [noon-ai-dis-was] info: [DIS-API] GET /user -  유저 정보조회 완료
2023-04-27 09:51:54 [noon-ai-dis-was] info: [DIS-API] GET /manager -  관리자 계정 정보 요청 완료
2023-04-27 09:51:54 [noon-ai-dis-was] info: [DIS-API] GET /user -  유저 정보조회 완료
2023-04-27 09:51:55 [noon-ai-dis-was] info: [DIS-API] GET /manager -  관리자 계정 정보 요청 완료
2023-04-27 09:51:55 [noon-ai-dis-was] info: [DIS-API] GET /user -  유저 정보조회 완료
2023-04-27 09:51:55 [noon-ai-dis-was] info: [DIS-API] GET /manager -  관리자 계정 정보 요청 완료
2023-04-27 09:51:55 [noon-ai-dis-was] info: [DIS-API] GET /user -  유저 정보조회 완료
2023-04-27 09:51:55 [noon-ai-dis-was] info: [DIS-API] GET /manager -  관리자 계정 정보 요청 완료
2023-04-27 09:51:55 [noon-ai-dis-was] info: [DIS-API] GET /user -  유저 정보조회 완료
2023-04-27 09:51:55 [noon-ai-dis-was] info: [DIS-API] GET /manager -  관리자 계정 정보 요청 완료
2023-04-27 09:51:55 [noon-ai-dis-was] info: [DIS-API] GET /user -  유저 정보조회 완료
2023-04-27 09:51:55 [noon-ai-dis-was] info: [DIS-API] GET /manager -  관리자 계정 정보 요청 완료
2023-04-27 09:51:55 [noon-ai-dis-was] info: [DIS-API] GET /user -  유저 정보조회 완료
2023-04-27 09:51:56 [noon-ai-dis-was] info: [DIS-API] GET /manager -  관리자 계정 정보 요청 완료
2023-04-27 09:51:56 [noon-ai-dis-was] info: [DIS-API] GET /user -  유저 정보조회 완료
2023-04-27 09:51:56 [noon-ai-dis-was] info: [DIS-API] GET /manager -  관리자 계정 정보 요청 완료
2023-04-27 09:51:56 [noon-ai-dis-was] info: [DIS-API] GET /user -  유저 정보조회 완료
2023-04-27 09:51:59 [noon-ai-dis-was] info: [DIS-API] GET /manager -  관리자 계정 정보 요청 완료
2023-04-27 09:51:59 [noon-ai-dis-was] info: [DIS-API] GET /user -  유저 정보조회 완료
2023-04-27 09:52:00 [noon-ai-dis-was] info: [DIS-API] GET /manager -  관리자 계정 정보 요청 완료
2023-04-27 09:52:00 [noon-ai-dis-was] info: [DIS-API] GET /user -  유저 정보조회 완료
2023-04-27 09:53:48 [noon-ai-dis-was] info: [DIS-API] GET /manager -  관리자 계정 정보 요청 완료
2023-04-27 09:53:48 [noon-ai-dis-was] info: [DIS-API] GET /user -  유저 정보조회 완료
2023-04-27 09:53:48 [noon-ai-dis-was] info: [DIS-API] GET /manager -  관리자 계정 정보 요청 완료
2023-04-27 09:53:48 [noon-ai-dis-was] info: [DIS-API] GET /user -  유저 정보조회 완료
2023-04-27 09:53:49 [noon-ai-dis-was] info: [DIS-API] GET /manager -  관리자 계정 정보 요청 완료
2023-04-27 09:53:49 [noon-ai-dis-was] info: [DIS-API] GET /user -  유저 정보조회 완료
2023-04-27 09:53:49 [noon-ai-dis-was] info: [DIS-API] GET /manager -  관리자 계정 정보 요청 완료
2023-04-27 09:53:49 [noon-ai-dis-was] info: [DIS-API] GET /user -  유저 정보조회 완료
2023-04-27 09:53:49 [noon-ai-dis-was] info: [DIS-API] GET /manager -  관리자 계정 정보 요청 완료
2023-04-27 09:53:49 [noon-ai-dis-was] info: [DIS-API] GET /user -  유저 정보조회 완료
2023-04-27 09:53:49 [noon-ai-dis-was] info: [DIS-API] GET /manager -  관리자 계정 정보 요청 완료
2023-04-27 09:53:49 [noon-ai-dis-was] info: [DIS-API] GET /user -  유저 정보조회 완료
2023-04-27 09:53:49 [noon-ai-dis-was] info: [DIS-API] GET /manager -  관리자 계정 정보 요청 완료
2023-04-27 09:53:49 [noon-ai-dis-was] info: [DIS-API] GET /user -  유저 정보조회 완료
2023-04-27 09:53:50 [noon-ai-dis-was] info: [DIS-API] GET /manager -  관리자 계정 정보 요청 완료
2023-04-27 09:53:50 [noon-ai-dis-was] info: [DIS-API] GET /user -  유저 정보조회 완료
2023-04-27 09:53:50 [noon-ai-dis-was] info: [DIS-API] GET /manager -  관리자 계정 정보 요청 완료
2023-04-27 09:53:50 [noon-ai-dis-was] info: [DIS-API] GET /user -  유저 정보조회 완료
2023-04-27 09:53:50 [noon-ai-dis-was] info: [DIS-API] GET /manager -  관리자 계정 정보 요청 완료
2023-04-27 09:53:50 [noon-ai-dis-was] info: [DIS-API] GET /user -  유저 정보조회 완료
2023-04-27 09:53:53 [noon-ai-dis-was] info: [DIS-API] GET /signup/request -  가입요청 목록 조회 완료
2023-04-27 09:53:53 [noon-ai-dis-was] info: [DIS-API] GET /user -  유저 정보조회 완료
2023-04-27 09:53:53 [noon-ai-dis-was] info: [DIS-API] GET /signup/request -  가입요청 목록 조회 완료
2023-04-27 09:53:53 [noon-ai-dis-was] info: [DIS-API] GET /user -  유저 정보조회 완료
2023-04-27 09:53:56 [noon-ai-dis-was] info: [DIS-API] GET /manager -  관리자 계정 정보 요청 완료
2023-04-27 09:53:56 [noon-ai-dis-was] info: [DIS-API] GET /user -  유저 정보조회 완료
2023-04-27 09:53:57 [noon-ai-dis-was] info: [DIS-API] GET /manager -  관리자 계정 정보 요청 완료
2023-04-27 09:53:57 [noon-ai-dis-was] info: [DIS-API] GET /user -  유저 정보조회 완료
2023-04-27 09:53:59 [noon-ai-dis-was] info: [DIS-API] GET /manager -  관리자 계정 정보 요청 완료
2023-04-27 09:53:59 [noon-ai-dis-was] info: [DIS-API] GET /user -  유저 정보조회 완료
2023-04-27 09:53:59 [noon-ai-dis-was] info: [DIS-API] GET /manager -  관리자 계정 정보 요청 완료
2023-04-27 09:53:59 [noon-ai-dis-was] info: [DIS-API] GET /user -  유저 정보조회 완료
2023-04-27 09:53:59 [noon-ai-dis-was] info: [DIS-API] GET /manager -  관리자 계정 정보 요청 완료
2023-04-27 09:53:59 [noon-ai-dis-was] info: [DIS-API] GET /user -  유저 정보조회 완료
2023-04-27 09:54:00 [noon-ai-dis-was] info: [DIS-API] GET /manager -  관리자 계정 정보 요청 완료
2023-04-27 09:54:00 [noon-ai-dis-was] info: [DIS-API] GET /user -  유저 정보조회 완료
2023-04-27 09:54:00 [noon-ai-dis-was] info: [DIS-API] GET /manager -  관리자 계정 정보 요청 완료
2023-04-27 09:54:00 [noon-ai-dis-was] info: [DIS-API] GET /user -  유저 정보조회 완료
2023-04-27 09:54:00 [noon-ai-dis-was] info: [DIS-API] GET /manager -  관리자 계정 정보 요청 완료
2023-04-27 09:54:00 [noon-ai-dis-was] info: [DIS-API] GET /user -  유저 정보조회 완료
2023-04-27 09:54:00 [noon-ai-dis-was] info: [DIS-API] GET /manager -  관리자 계정 정보 요청 완료
2023-04-27 09:54:00 [noon-ai-dis-was] info: [DIS-API] GET /user -  유저 정보조회 완료
2023-04-27 09:54:00 [noon-ai-dis-was] info: [DIS-API] GET /manager -  관리자 계정 정보 요청 완료
2023-04-27 09:54:00 [noon-ai-dis-was] info: [DIS-API] GET /user -  유저 정보조회 완료
2023-04-27 09:59:57 [noon-ai-dis-was] info: [DIS-API] GET /manager -  관리자 계정 정보 요청 완료
2023-04-27 09:59:57 [noon-ai-dis-was] info: [DIS-API] GET /user -  유저 정보조회 완료
2023-04-27 10:00:04 [noon-ai-dis-was] info: [DIS-API] GET /manager -  관리자 계정 정보 요청 완료
2023-04-27 10:00:04 [noon-ai-dis-was] info: [DIS-API] GET /user -  유저 정보조회 완료
2023-04-27 10:00:38 [noon-ai-dis-was] info: [DIS-API] GET /manager -  관리자 계정 정보 요청 완료
2023-04-27 10:00:38 [noon-ai-dis-was] info: [DIS-API] GET /user -  유저 정보조회 완료
2023-04-27 10:01:00 [noon-ai-dis-was] info: [DIS-API] GET /manager -  관리자 계정 정보 요청 완료
2023-04-27 10:01:00 [noon-ai-dis-was] info: [DIS-API] GET /user -  유저 정보조회 완료
2023-04-27 10:01:05 [noon-ai-dis-was] info: [DIS-API] GET /manager -  관리자 계정 정보 요청 완료
2023-04-27 10:01:05 [noon-ai-dis-was] info: [DIS-API] GET /user -  유저 정보조회 완료
2023-04-27 10:01:07 [noon-ai-dis-was] info: [DIS-API] GET /manager -  관리자 계정 정보 요청 완료
2023-04-27 10:01:07 [noon-ai-dis-was] info: [DIS-API] GET /user -  유저 정보조회 완료
2023-04-27 10:02:48 [noon-ai-dis-was] info: [DIS-API] GET /manager -  관리자 계정 정보 요청 완료
2023-04-27 10:02:48 [noon-ai-dis-was] info: [DIS-API] GET /user -  유저 정보조회 완료
2023-04-27 10:03:28 [noon-ai-dis-was] info: [DIS-API] GET /manager -  관리자 계정 정보 요청 완료
2023-04-27 10:03:28 [noon-ai-dis-was] info: [DIS-API] GET /user -  유저 정보조회 완료
2023-04-27 10:04:57 [noon-ai-dis-was] info: [DIS-API] GET /manager -  관리자 계정 정보 요청 완료
2023-04-27 10:04:57 [noon-ai-dis-was] info: [DIS-API] GET /user -  유저 정보조회 완료
2023-04-27 10:05:12 [noon-ai-dis-was] info: [DIS-API] GET /manager -  관리자 계정 정보 요청 완료
2023-04-27 10:05:12 [noon-ai-dis-was] info: [DIS-API] GET /user -  유저 정보조회 완료
2023-04-27 10:05:17 [noon-ai-dis-was] info: [DIS-API] GET /manager -  관리자 계정 정보 요청 완료
2023-04-27 10:05:17 [noon-ai-dis-was] info: [DIS-API] GET /user -  유저 정보조회 완료
2023-04-27 10:08:55 [noon-ai-dis-was] info: [DIS-API] GET /manager -  관리자 계정 정보 요청 완료
2023-04-27 10:08:55 [noon-ai-dis-was] info: [DIS-API] GET /user -  유저 정보조회 완료
2023-04-27 10:09:01 [noon-ai-dis-was] info: [DIS-API] GET /manager -  관리자 계정 정보 요청 완료
2023-04-27 10:09:01 [noon-ai-dis-was] info: [DIS-API] GET /user -  유저 정보조회 완료
2023-04-27 10:09:09 [noon-ai-dis-was] info: [DIS-API] GET /manager -  관리자 계정 정보 요청 완료
2023-04-27 10:09:09 [noon-ai-dis-was] info: [DIS-API] GET /user -  유저 정보조회 완료
2023-04-27 10:09:15 [noon-ai-dis-was] info: [DIS-API] GET /manager -  관리자 계정 정보 요청 완료
2023-04-27 10:09:15 [noon-ai-dis-was] info: [DIS-API] GET /user -  유저 정보조회 완료
2023-04-27 10:09:40 [noon-ai-dis-was] info: [DIS-API] GET /manager -  관리자 계정 정보 요청 완료
2023-04-27 10:09:40 [noon-ai-dis-was] info: [DIS-API] GET /user -  유저 정보조회 완료
2023-04-27 10:09:41 [noon-ai-dis-was] info: [DIS-API] GET /manager -  관리자 계정 정보 요청 완료
2023-04-27 10:09:42 [noon-ai-dis-was] info: [DIS-API] GET /user -  유저 정보조회 완료
2023-04-27 10:09:47 [noon-ai-dis-was] info: [DIS-API] GET /manager -  관리자 계정 정보 요청 완료
2023-04-27 10:09:47 [noon-ai-dis-was] info: [DIS-API] GET /user -  유저 정보조회 완료
2023-04-27 10:10:02 [noon-ai-dis-was] info: [DIS-API] GET /manager -  관리자 계정 정보 요청 완료
2023-04-27 10:10:02 [noon-ai-dis-was] info: [DIS-API] GET /user -  유저 정보조회 완료
2023-04-27 10:10:05 [noon-ai-dis-was] info: [DIS-API] GET /manager -  관리자 계정 정보 요청 완료
2023-04-27 10:10:05 [noon-ai-dis-was] info: [DIS-API] GET /user -  유저 정보조회 완료
2023-04-27 10:10:05 [noon-ai-dis-was] info: [DIS-API] GET /manager -  관리자 계정 정보 요청 완료
2023-04-27 10:10:05 [noon-ai-dis-was] info: [DIS-API] GET /user -  유저 정보조회 완료
2023-04-27 10:16:55 [noon-ai-dis-was] info: [DIS-API] GET /manager -  관리자 계정 정보 요청 완료
2023-04-27 10:16:55 [noon-ai-dis-was] info: [DIS-API] GET /user -  유저 정보조회 완료
2023-04-27 10:16:55 [noon-ai-dis-was] info: [DIS-API] GET /manager -  관리자 계정 정보 요청 완료
2023-04-27 10:16:55 [noon-ai-dis-was] info: [DIS-API] GET /user -  유저 정보조회 완료
2023-04-27 10:20:21 [noon-ai-dis-was] info: [DIS-API] GET /manager -  관리자 계정 정보 요청 완료
2023-04-27 10:20:21 [noon-ai-dis-was] info: [DIS-API] GET /user -  유저 정보조회 완료
2023-04-27 10:20:22 [noon-ai-dis-was] info: [DIS-API] GET /manager -  관리자 계정 정보 요청 완료
2023-04-27 10:20:22 [noon-ai-dis-was] info: [DIS-API] GET /user -  유저 정보조회 완료
2023-04-27 10:20:23 [noon-ai-dis-was] info: [DIS-API] GET /manager -  관리자 계정 정보 요청 완료
2023-04-27 10:20:23 [noon-ai-dis-was] info: [DIS-API] GET /user -  유저 정보조회 완료
2023-04-27 10:20:24 [noon-ai-dis-was] info: [DIS-API] GET /manager -  관리자 계정 정보 요청 완료
2023-04-27 10:20:24 [noon-ai-dis-was] info: [DIS-API] GET /user -  유저 정보조회 완료
2023-04-27 10:20:24 [noon-ai-dis-was] info: [DIS-API] GET /manager -  관리자 계정 정보 요청 완료
2023-04-27 10:20:24 [noon-ai-dis-was] info: [DIS-API] GET /user -  유저 정보조회 완료
2023-04-27 10:20:24 [noon-ai-dis-was] info: [DIS-API] GET /manager -  관리자 계정 정보 요청 완료
2023-04-27 10:20:24 [noon-ai-dis-was] info: [DIS-API] GET /user -  유저 정보조회 완료
2023-04-27 10:20:25 [noon-ai-dis-was] info: [DIS-API] GET /manager -  관리자 계정 정보 요청 완료
2023-04-27 10:20:25 [noon-ai-dis-was] info: [DIS-API] GET /user -  유저 정보조회 완료
2023-04-27 10:20:25 [noon-ai-dis-was] info: [DIS-API] GET /manager -  관리자 계정 정보 요청 완료
2023-04-27 10:20:25 [noon-ai-dis-was] info: [DIS-API] GET /user -  유저 정보조회 완료
2023-04-27 10:20:25 [noon-ai-dis-was] info: [DIS-API] GET /manager -  관리자 계정 정보 요청 완료
2023-04-27 10:20:25 [noon-ai-dis-was] info: [DIS-API] GET /user -  유저 정보조회 완료
2023-04-27 10:20:36 [noon-ai-dis-was] info: [DIS-API] GET /manager -  관리자 계정 정보 요청 완료
2023-04-27 10:20:36 [noon-ai-dis-was] info: [DIS-API] GET /user -  유저 정보조회 완료
2023-04-27 10:21:50 [noon-ai-dis-was] info: [DIS-API] GET /manager -  관리자 계정 정보 요청 완료
2023-04-27 10:21:50 [noon-ai-dis-was] info: [DIS-API] GET /user -  유저 정보조회 완료
2023-04-27 10:22:39 [noon-ai-dis-was] info: [DIS-API] GET /manager -  관리자 계정 정보 요청 완료
2023-04-27 10:22:39 [noon-ai-dis-was] info: [DIS-API] GET /user -  유저 정보조회 완료
2023-04-27 10:22:47 [noon-ai-dis-was] info: [DIS-API] GET /manager -  관리자 계정 정보 요청 완료
2023-04-27 10:22:47 [noon-ai-dis-was] info: [DIS-API] GET /user -  유저 정보조회 완료
2023-04-27 10:22:48 [noon-ai-dis-was] info: [DIS-API] GET /manager -  관리자 계정 정보 요청 완료
2023-04-27 10:22:48 [noon-ai-dis-was] info: [DIS-API] GET /user -  유저 정보조회 완료
2023-04-27 10:22:49 [noon-ai-dis-was] info: [DIS-API] GET /manager -  관리자 계정 정보 요청 완료
2023-04-27 10:22:49 [noon-ai-dis-was] info: [DIS-API] GET /user -  유저 정보조회 완료
2023-04-27 10:22:49 [noon-ai-dis-was] info: [DIS-API] GET /manager -  관리자 계정 정보 요청 완료
2023-04-27 10:22:49 [noon-ai-dis-was] info: [DIS-API] GET /user -  유저 정보조회 완료
2023-04-27 10:22:54 [noon-ai-dis-was] info: [DIS-API] GET /manager -  관리자 계정 정보 요청 완료
2023-04-27 10:22:54 [noon-ai-dis-was] info: [DIS-API] GET /user -  유저 정보조회 완료
2023-04-27 10:23:20 [noon-ai-dis-was] info: [DIS-API] GET /manager -  관리자 계정 정보 요청 완료
2023-04-27 10:23:20 [noon-ai-dis-was] info: [DIS-API] GET /user -  유저 정보조회 완료
2023-04-27 10:23:21 [noon-ai-dis-was] info: [DIS-API] GET /manager -  관리자 계정 정보 요청 완료
2023-04-27 10:23:21 [noon-ai-dis-was] info: [DIS-API] GET /user -  유저 정보조회 완료
2023-04-27 10:23:21 [noon-ai-dis-was] info: [DIS-API] GET /manager -  관리자 계정 정보 요청 완료
2023-04-27 10:23:21 [noon-ai-dis-was] info: [DIS-API] GET /user -  유저 정보조회 완료
2023-04-27 10:23:22 [noon-ai-dis-was] info: [DIS-API] GET /manager -  관리자 계정 정보 요청 완료
2023-04-27 10:23:22 [noon-ai-dis-was] info: [DIS-API] GET /user -  유저 정보조회 완료
2023-04-27 10:23:23 [noon-ai-dis-was] info: [DIS-API] GET /manager -  관리자 계정 정보 요청 완료
2023-04-27 10:23:23 [noon-ai-dis-was] info: [DIS-API] GET /user -  유저 정보조회 완료
2023-04-27 10:23:23 [noon-ai-dis-was] info: [DIS-API] GET /manager -  관리자 계정 정보 요청 완료
2023-04-27 10:23:23 [noon-ai-dis-was] info: [DIS-API] GET /user -  유저 정보조회 완료
2023-04-27 10:28:28 [noon-ai-dis-was] info: [DIS-API] GET /manager -  관리자 계정 정보 요청 완료
2023-04-27 10:28:28 [noon-ai-dis-was] info: [DIS-API] GET /user -  유저 정보조회 완료
2023-04-27 10:28:29 [noon-ai-dis-was] info: [DIS-API] GET /manager -  관리자 계정 정보 요청 완료
2023-04-27 10:28:29 [noon-ai-dis-was] info: [DIS-API] GET /user -  유저 정보조회 완료
2023-04-27 10:28:29 [noon-ai-dis-was] info: [DIS-API] GET /manager -  관리자 계정 정보 요청 완료
2023-04-27 10:28:29 [noon-ai-dis-was] info: [DIS-API] GET /user -  유저 정보조회 완료
2023-04-27 10:28:30 [noon-ai-dis-was] info: [DIS-API] GET /manager -  관리자 계정 정보 요청 완료
2023-04-27 10:28:30 [noon-ai-dis-was] info: [DIS-API] GET /user -  유저 정보조회 완료
2023-04-27 10:28:30 [noon-ai-dis-was] info: [DIS-API] GET /manager -  관리자 계정 정보 요청 완료
2023-04-27 10:28:30 [noon-ai-dis-was] info: [DIS-API] GET /user -  유저 정보조회 완료
2023-04-27 10:28:30 [noon-ai-dis-was] info: [DIS-API] GET /manager -  관리자 계정 정보 요청 완료
2023-04-27 10:28:30 [noon-ai-dis-was] info: [DIS-API] GET /user -  유저 정보조회 완료
2023-04-27 10:28:30 [noon-ai-dis-was] info: [DIS-API] GET /manager -  관리자 계정 정보 요청 완료
2023-04-27 10:28:30 [noon-ai-dis-was] info: [DIS-API] GET /user -  유저 정보조회 완료
2023-04-27 10:28:31 [noon-ai-dis-was] info: [DIS-API] GET /manager -  관리자 계정 정보 요청 완료
2023-04-27 10:28:31 [noon-ai-dis-was] info: [DIS-API] GET /user -  유저 정보조회 완료
2023-04-27 10:28:54 [noon-ai-dis-was] info: [DIS-API] GET /manager -  관리자 계정 정보 요청 완료
2023-04-27 10:28:54 [noon-ai-dis-was] info: [DIS-API] GET /user -  유저 정보조회 완료
2023-04-27 10:28:54 [noon-ai-dis-was] info: [DIS-API] GET /manager -  관리자 계정 정보 요청 완료
2023-04-27 10:28:54 [noon-ai-dis-was] info: [DIS-API] GET /user -  유저 정보조회 완료
2023-04-27 10:28:57 [noon-ai-dis-was] info: [DIS-API] GET /manager -  관리자 계정 정보 요청 완료
2023-04-27 10:28:57 [noon-ai-dis-was] info: [DIS-API] GET /user -  유저 정보조회 완료
2023-04-27 10:28:57 [noon-ai-dis-was] info: [DIS-API] GET /manager -  관리자 계정 정보 요청 완료
2023-04-27 10:28:57 [noon-ai-dis-was] info: [DIS-API] GET /user -  유저 정보조회 완료
2023-04-27 10:28:57 [noon-ai-dis-was] info: [DIS-API] GET /manager -  관리자 계정 정보 요청 완료
2023-04-27 10:28:57 [noon-ai-dis-was] info: [DIS-API] GET /user -  유저 정보조회 완료
2023-04-27 10:28:57 [noon-ai-dis-was] info: [DIS-API] GET /manager -  관리자 계정 정보 요청 완료
2023-04-27 10:28:57 [noon-ai-dis-was] info: [DIS-API] GET /user -  유저 정보조회 완료
2023-04-27 10:29:16 [noon-ai-dis-was] info: [DIS-API] GET /manager -  관리자 계정 정보 요청 완료
2023-04-27 10:29:16 [noon-ai-dis-was] info: [DIS-API] GET /user -  유저 정보조회 완료
2023-04-27 10:29:17 [noon-ai-dis-was] info: [DIS-API] GET /manager -  관리자 계정 정보 요청 완료
2023-04-27 10:29:17 [noon-ai-dis-was] info: [DIS-API] GET /user -  유저 정보조회 완료
2023-04-27 10:29:41 [noon-ai-dis-was] info: [DIS-API] GET /manager -  관리자 계정 정보 요청 완료
2023-04-27 10:29:41 [noon-ai-dis-was] info: [DIS-API] GET /user -  유저 정보조회 완료
2023-04-27 10:29:42 [noon-ai-dis-was] info: [DIS-API] GET /manager -  관리자 계정 정보 요청 완료
2023-04-27 10:29:42 [noon-ai-dis-was] info: [DIS-API] GET /user -  유저 정보조회 완료
2023-04-27 10:29:42 [noon-ai-dis-was] info: [DIS-API] GET /manager -  관리자 계정 정보 요청 완료
2023-04-27 10:29:42 [noon-ai-dis-was] info: [DIS-API] GET /user -  유저 정보조회 완료
2023-04-27 10:29:42 [noon-ai-dis-was] info: [DIS-API] GET /manager -  관리자 계정 정보 요청 완료
2023-04-27 10:29:42 [noon-ai-dis-was] info: [DIS-API] GET /user -  유저 정보조회 완료
2023-04-27 10:29:48 [noon-ai-dis-was] info: [DIS-API] GET /manager -  관리자 계정 정보 요청 완료
2023-04-27 10:29:48 [noon-ai-dis-was] info: [DIS-API] GET /user -  유저 정보조회 완료
2023-04-27 10:31:48 [noon-ai-dis-was] info: [DIS-API] GET /manager -  관리자 계정 정보 요청 완료
2023-04-27 10:31:48 [noon-ai-dis-was] info: [DIS-API] GET /user -  유저 정보조회 완료
2023-04-27 10:31:57 [noon-ai-dis-was] info: [DIS-API] GET /manager -  관리자 계정 정보 요청 완료
2023-04-27 10:31:57 [noon-ai-dis-was] info: [DIS-API] GET /user -  유저 정보조회 완료
2023-04-27 10:32:05 [noon-ai-dis-was] info: [DIS-API] GET /manager -  관리자 계정 정보 요청 완료
2023-04-27 10:32:05 [noon-ai-dis-was] info: [DIS-API] GET /user -  유저 정보조회 완료
2023-04-27 10:32:29 [noon-ai-dis-was] info: [DIS-API] GET /manager -  관리자 계정 정보 요청 완료
2023-04-27 10:32:29 [noon-ai-dis-was] info: [DIS-API] GET /user -  유저 정보조회 완료
2023-04-27 10:32:30 [noon-ai-dis-was] info: [DIS-API] GET /manager -  관리자 계정 정보 요청 완료
2023-04-27 10:32:30 [noon-ai-dis-was] info: [DIS-API] GET /user -  유저 정보조회 완료
2023-04-27 10:32:30 [noon-ai-dis-was] info: [DIS-API] GET /manager -  관리자 계정 정보 요청 완료
2023-04-27 10:32:30 [noon-ai-dis-was] info: [DIS-API] GET /user -  유저 정보조회 완료
2023-04-27 10:32:30 [noon-ai-dis-was] info: [DIS-API] GET /manager -  관리자 계정 정보 요청 완료
2023-04-27 10:32:30 [noon-ai-dis-was] info: [DIS-API] GET /user -  유저 정보조회 완료
2023-04-27 10:32:30 [noon-ai-dis-was] info: [DIS-API] GET /manager -  관리자 계정 정보 요청 완료
2023-04-27 10:32:30 [noon-ai-dis-was] info: [DIS-API] GET /user -  유저 정보조회 완료
2023-04-27 10:32:30 [noon-ai-dis-was] info: [DIS-API] GET /manager -  관리자 계정 정보 요청 완료
2023-04-27 10:32:30 [noon-ai-dis-was] info: [DIS-API] GET /user -  유저 정보조회 완료
2023-04-27 10:32:31 [noon-ai-dis-was] info: [DIS-API] GET /manager -  관리자 계정 정보 요청 완료
2023-04-27 10:32:31 [noon-ai-dis-was] info: [DIS-API] GET /user -  유저 정보조회 완료
2023-04-27 10:32:31 [noon-ai-dis-was] info: [DIS-API] GET /manager -  관리자 계정 정보 요청 완료
2023-04-27 10:32:31 [noon-ai-dis-was] info: [DIS-API] GET /user -  유저 정보조회 완료
2023-04-27 10:32:31 [noon-ai-dis-was] info: [DIS-API] GET /manager -  관리자 계정 정보 요청 완료
2023-04-27 10:32:31 [noon-ai-dis-was] info: [DIS-API] GET /user -  유저 정보조회 완료
2023-04-27 10:32:47 [noon-ai-dis-was] info: [DIS-API] GET /manager -  관리자 계정 정보 요청 완료
2023-04-27 10:32:47 [noon-ai-dis-was] info: [DIS-API] GET /user -  유저 정보조회 완료
2023-04-27 10:32:54 [noon-ai-dis-was] info: [DIS-API] GET /manager -  관리자 계정 정보 요청 완료
2023-04-27 10:32:54 [noon-ai-dis-was] info: [DIS-API] GET /user -  유저 정보조회 완료
2023-04-27 10:33:59 [noon-ai-dis-was] info: [DIS-API] GET /manager -  관리자 계정 정보 요청 완료
2023-04-27 10:33:59 [noon-ai-dis-was] info: [DIS-API] GET /user -  유저 정보조회 완료
2023-04-27 10:34:11 [noon-ai-dis-was] info: [DIS-API] GET /manager -  관리자 계정 정보 요청 완료
2023-04-27 10:34:11 [noon-ai-dis-was] info: [DIS-API] GET /user -  유저 정보조회 완료
2023-04-27 10:34:18 [noon-ai-dis-was] info: [DIS-API] GET /manager -  관리자 계정 정보 요청 완료
2023-04-27 10:34:18 [noon-ai-dis-was] info: [DIS-API] GET /user -  유저 정보조회 완료
2023-04-27 10:34:40 [noon-ai-dis-was] info: [DIS-API] GET /manager -  관리자 계정 정보 요청 완료
2023-04-27 10:34:40 [noon-ai-dis-was] info: [DIS-API] GET /user -  유저 정보조회 완료
2023-04-27 10:35:13 [noon-ai-dis-was] info: [DIS-API] GET /manager -  관리자 계정 정보 요청 완료
2023-04-27 10:35:13 [noon-ai-dis-was] info: [DIS-API] GET /user -  유저 정보조회 완료
2023-04-27 10:35:23 [noon-ai-dis-was] info: [DIS-API] GET /manager -  관리자 계정 정보 요청 완료
2023-04-27 10:35:23 [noon-ai-dis-was] info: [DIS-API] GET /user -  유저 정보조회 완료
2023-04-27 10:38:49 [noon-ai-dis-was] info: [DIS-API] GET /manager -  관리자 계정 정보 요청 완료
2023-04-27 10:38:49 [noon-ai-dis-was] info: [DIS-API] GET /user -  유저 정보조회 완료
2023-04-27 10:41:26 [noon-ai-dis-was] info: [DIS-API] GET /manager -  관리자 계정 정보 요청 완료
2023-04-27 10:41:26 [noon-ai-dis-was] info: [DIS-API] GET /user -  유저 정보조회 완료
2023-04-27 10:41:32 [noon-ai-dis-was] info: [DIS-API] GET /manager -  관리자 계정 정보 요청 완료
2023-04-27 10:41:32 [noon-ai-dis-was] info: [DIS-API] GET /user -  유저 정보조회 완료
2023-04-27 10:44:24 [noon-ai-dis-was] info: [DIS-API] GET /manager -  관리자 계정 정보 요청 완료
2023-04-27 10:44:24 [noon-ai-dis-was] info: [DIS-API] GET /user -  유저 정보조회 완료
2023-04-27 10:44:37 [noon-ai-dis-was] info: [DIS-API] GET /manager -  관리자 계정 정보 요청 완료
2023-04-27 10:44:37 [noon-ai-dis-was] info: [DIS-API] GET /user -  유저 정보조회 완료
2023-04-27 10:46:18 [noon-ai-dis-was] info: [DIS-API] GET /env -  환경변수 조회 완료
2023-04-27 10:46:25 [noon-ai-dis-was] info: [DIS-API] POST /first-login -  1차 로그인 완료
2023-04-27 10:46:26 [noon-ai-dis-was] info: [DIS-API] PUT /login/failCount/clear -  로그인 실패 횟수 0 초기화
2023-04-27 10:46:26 [noon-ai-dis-was] info: [DIS-API] POST /login -  관리자 이민형 로그인 완료
2023-04-27 10:46:26 [noon-ai-dis-was] info: [DIS-API] PUT /login/lockCount -  lock_count 0 초기화
2023-04-27 10:46:26 [noon-ai-dis-was] info: [DIS-API] GET /signup/request -  가입요청 목록 조회 완료
2023-04-27 10:46:26 [noon-ai-dis-was] info: [DIS-API] GET /user -  유저 정보조회 완료
2023-04-27 10:46:30 [noon-ai-dis-was] info: [DIS-API] GET /manager -  관리자 계정 정보 요청 완료
2023-04-27 10:46:30 [noon-ai-dis-was] info: [DIS-API] GET /user -  유저 정보조회 완료
2023-04-27 10:46:40 [noon-ai-dis-was] info: [DIS-API] GET /manager -  관리자 계정 정보 요청 완료
2023-04-27 10:46:40 [noon-ai-dis-was] info: [DIS-API] GET /user -  유저 정보조회 완료
2023-04-27 10:47:13 [noon-ai-dis-was] info: [DIS-API] GET /manager -  관리자 계정 정보 요청 완료
2023-04-27 10:47:13 [noon-ai-dis-was] info: [DIS-API] GET /user -  유저 정보조회 완료
2023-04-27 11:10:25 [noon-ai-dis-was] info: [DIS-API] GET /manager -  관리자 계정 정보 요청 완료
2023-04-27 11:10:25 [noon-ai-dis-was] info: [DIS-API] GET /user -  유저 정보조회 완료
2023-04-27 11:18:53 [noon-ai-dis-was] info: [DIS-API] GET /manager -  관리자 계정 정보 요청 완료
2023-04-27 11:18:53 [noon-ai-dis-was] info: [DIS-API] GET /user -  유저 정보조회 완료
2023-04-27 11:19:12 [noon-ai-dis-was] info: [DIS-API] GET /manager -  관리자 계정 정보 요청 완료
2023-04-27 11:19:12 [noon-ai-dis-was] info: [DIS-API] GET /user -  유저 정보조회 완료
2023-04-27 11:19:24 [noon-ai-dis-was] info: [DIS-API] GET /manager -  관리자 계정 정보 요청 완료
2023-04-27 11:19:24 [noon-ai-dis-was] info: [DIS-API] GET /user -  유저 정보조회 완료
2023-04-27 11:19:36 [noon-ai-dis-was] info: [DIS-API] GET /manager -  관리자 계정 정보 요청 완료
2023-04-27 11:19:36 [noon-ai-dis-was] info: [DIS-API] GET /user -  유저 정보조회 완료
2023-04-27 11:19:37 [noon-ai-dis-was] info: [DIS-API] GET /manager -  관리자 계정 정보 요청 완료
2023-04-27 11:19:37 [noon-ai-dis-was] info: [DIS-API] GET /user -  유저 정보조회 완료
2023-04-27 11:19:55 [noon-ai-dis-was] info: [DIS-API] GET /manager -  관리자 계정 정보 요청 완료
2023-04-27 11:19:55 [noon-ai-dis-was] info: [DIS-API] GET /user -  유저 정보조회 완료
2023-04-27 11:20:06 [noon-ai-dis-was] info: [DIS-API] GET /manager -  관리자 계정 정보 요청 완료
2023-04-27 11:20:06 [noon-ai-dis-was] info: [DIS-API] GET /user -  유저 정보조회 완료
2023-04-27 11:22:00 [noon-ai-dis-was] info: [DIS-API] GET /manager -  관리자 계정 정보 요청 완료
2023-04-27 11:22:00 [noon-ai-dis-was] info: [DIS-API] GET /user -  유저 정보조회 완료
2023-04-27 11:22:05 [noon-ai-dis-was] info: [DIS-API] GET /manager -  관리자 계정 정보 요청 완료
2023-04-27 11:22:05 [noon-ai-dis-was] info: [DIS-API] GET /user -  유저 정보조회 완료
2023-04-27 11:22:20 [noon-ai-dis-was] info: [DIS-API] GET /manager -  관리자 계정 정보 요청 완료
2023-04-27 11:22:20 [noon-ai-dis-was] info: [DIS-API] GET /user -  유저 정보조회 완료
2023-04-27 11:24:35 [noon-ai-dis-was] info: [DIS-API] GET /manager -  관리자 계정 정보 요청 완료
2023-04-27 11:24:35 [noon-ai-dis-was] info: [DIS-API] GET /user -  유저 정보조회 완료
2023-04-27 11:26:54 [noon-ai-dis-was] info: [DIS-API] GET /manager -  관리자 계정 정보 요청 완료
2023-04-27 11:26:54 [noon-ai-dis-was] info: [DIS-API] GET /user -  유저 정보조회 완료
2023-04-27 11:27:58 [noon-ai-dis-was] info: [DIS-API] GET /manager -  관리자 계정 정보 요청 완료
2023-04-27 11:27:58 [noon-ai-dis-was] info: [DIS-API] GET /user -  유저 정보조회 완료
2023-04-27 11:28:06 [noon-ai-dis-was] info: [DIS-API] GET /manager -  관리자 계정 정보 요청 완료
2023-04-27 11:28:06 [noon-ai-dis-was] info: [DIS-API] GET /user -  유저 정보조회 완료
2023-04-27 11:28:20 [noon-ai-dis-was] info: [DIS-API] GET /manager -  관리자 계정 정보 요청 완료
2023-04-27 11:28:20 [noon-ai-dis-was] info: [DIS-API] GET /user -  유저 정보조회 완료
2023-04-27 11:28:36 [noon-ai-dis-was] info: [DIS-API] GET /manager -  관리자 계정 정보 요청 완료
2023-04-27 11:28:36 [noon-ai-dis-was] info: [DIS-API] GET /user -  유저 정보조회 완료
2023-04-27 11:29:17 [noon-ai-dis-was] info: [DIS-API] GET /manager -  관리자 계정 정보 요청 완료
2023-04-27 11:29:17 [noon-ai-dis-was] info: [DIS-API] GET /user -  유저 정보조회 완료
2023-04-27 13:45:07 [noon-ai-dis-was] info: [DIS-API] GET /env -  환경변수 조회 완료
2023-04-27 13:45:12 [noon-ai-dis-was] info: [DIS-API] POST /first-login -  1차 로그인 완료
2023-04-27 13:45:13 [noon-ai-dis-was] info: [DIS-API] PUT /login/failCount/clear -  로그인 실패 횟수 0 초기화
2023-04-27 13:45:13 [noon-ai-dis-was] info: [DIS-API] POST /login -  관리자 이민형 로그인 완료
2023-04-27 13:45:13 [noon-ai-dis-was] info: [DIS-API] PUT /login/lockCount -  lock_count 0 초기화
2023-04-27 13:45:13 [noon-ai-dis-was] info: [DIS-API] GET /signup/request -  가입요청 목록 조회 완료
2023-04-27 13:45:13 [noon-ai-dis-was] info: [DIS-API] GET /user -  유저 정보조회 완료
2023-04-27 13:45:25 [noon-ai-dis-was] info: [DIS-API] GET /manager -  관리자 계정 정보 요청 완료
2023-04-27 13:45:25 [noon-ai-dis-was] info: [DIS-API] GET /user -  유저 정보조회 완료
2023-04-27 13:45:26 [noon-ai-dis-was] info: [DIS-API] GET /manager -  관리자 계정 정보 요청 완료
2023-04-27 13:45:26 [noon-ai-dis-was] info: [DIS-API] GET /user -  유저 정보조회 완료
2023-04-27 13:45:30 [noon-ai-dis-was] info: [DIS-API] GET /manager -  관리자 계정 정보 요청 완료
2023-04-27 13:45:30 [noon-ai-dis-was] info: [DIS-API] GET /user -  유저 정보조회 완료
2023-04-27 13:45:34 [noon-ai-dis-was] info: [DIS-API] GET /manager -  관리자 계정 정보 요청 완료
2023-04-27 13:45:34 [noon-ai-dis-was] info: [DIS-API] GET /user -  유저 정보조회 완료
2023-04-27 13:46:23 [noon-ai-dis-was] info: [DIS-API] GET /manager -  관리자 계정 정보 요청 완료
2023-04-27 13:46:23 [noon-ai-dis-was] info: [DIS-API] GET /user -  유저 정보조회 완료
2023-04-27 13:46:39 [noon-ai-dis-was] info: [DIS-API] GET /manager -  관리자 계정 정보 요청 완료
2023-04-27 13:46:39 [noon-ai-dis-was] info: [DIS-API] GET /user -  유저 정보조회 완료
2023-04-27 13:48:47 [noon-ai-dis-was] info: [DIS-API] GET /manager -  관리자 계정 정보 요청 완료
2023-04-27 13:48:47 [noon-ai-dis-was] info: [DIS-API] GET /user -  유저 정보조회 완료
2023-04-27 13:48:51 [noon-ai-dis-was] info: [DIS-API] GET /manager -  관리자 계정 정보 요청 완료
2023-04-27 13:48:51 [noon-ai-dis-was] info: [DIS-API] GET /user -  유저 정보조회 완료
2023-04-27 13:48:57 [noon-ai-dis-was] info: [DIS-API] GET /manager -  관리자 계정 정보 요청 완료
2023-04-27 13:48:57 [noon-ai-dis-was] info: [DIS-API] GET /user -  유저 정보조회 완료
2023-04-27 13:49:41 [noon-ai-dis-was] info: [DIS-API] GET /manager -  관리자 계정 정보 요청 완료
2023-04-27 13:49:41 [noon-ai-dis-was] info: [DIS-API] GET /user -  유저 정보조회 완료
2023-04-27 13:49:45 [noon-ai-dis-was] info: [DIS-API] GET /manager -  관리자 계정 정보 요청 완료
2023-04-27 13:49:45 [noon-ai-dis-was] info: [DIS-API] GET /user -  유저 정보조회 완료
2023-04-27 13:50:36 [noon-ai-dis-was] info: [DIS-API] GET /manager -  관리자 계정 정보 요청 완료
2023-04-27 13:50:36 [noon-ai-dis-was] info: [DIS-API] GET /user -  유저 정보조회 완료
2023-04-27 13:51:00 [noon-ai-dis-was] info: [DIS-API] GET /manager -  관리자 계정 정보 요청 완료
2023-04-27 13:51:00 [noon-ai-dis-was] info: [DIS-API] GET /user -  유저 정보조회 완료
2023-04-27 13:57:12 [noon-ai-dis-was] info: [DIS-API] GET /manager -  관리자 계정 정보 요청 완료
2023-04-27 13:57:12 [noon-ai-dis-was] info: [DIS-API] GET /user -  유저 정보조회 완료
2023-04-27 13:57:13 [noon-ai-dis-was] info: [DIS-API] GET /manager -  관리자 계정 정보 요청 완료
2023-04-27 13:57:13 [noon-ai-dis-was] info: [DIS-API] GET /user -  유저 정보조회 완료
2023-04-27 13:57:17 [noon-ai-dis-was] info: [DIS-API] GET /manager/init-password -  관리자 비밀번호 변경 완료
2023-04-27 13:57:18 [noon-ai-dis-was] info: [DIS-API] GET /manager -  관리자 계정 정보 요청 완료
2023-04-27 13:57:18 [noon-ai-dis-was] info: [DIS-API] GET /user -  유저 정보조회 완료
2023-04-27 13:57:19 [noon-ai-dis-was] info: [DIS-API] GET /logout -  관리자 이민형 로그아웃 완료
2023-04-27 13:57:19 [noon-ai-dis-was] info: [DIS-API] GET /env -  환경변수 조회 완료
2023-04-27 13:57:24 [noon-ai-dis-was] info: [DIS-API] POST /first-login -  패스워드 불일치
2023-04-27 13:57:24 [noon-ai-dis-was] info: [DIS-API] POST /selectLockStatus -  로그인 시도 이력 업데이트 완료
2023-04-27 13:57:28 [noon-ai-dis-was] info: [DIS-API] POST /first-login -  패스워드 불일치
2023-04-27 13:57:28 [noon-ai-dis-was] info: [DIS-API] POST /selectLockStatus -  로그인 시도 이력 업데이트 완료
2023-04-27 14:20:16 [noon-ai-dis-was] info: [DIS-API] GET /env -  환경변수 조회 완료
2023-04-27 14:20:21 [noon-ai-dis-was] info: [DIS-API] POST /first-login -  1차 로그인 완료
2023-04-27 14:20:22 [noon-ai-dis-was] info: [DIS-API] PUT /login/failCount/clear -  로그인 실패 횟수 0 초기화
2023-04-27 14:20:22 [noon-ai-dis-was] info: [DIS-API] POST /login -  관리자 이민형 로그인 완료
2023-04-27 14:20:22 [noon-ai-dis-was] info: [DIS-API] PUT /login/lockCount -  lock_count 0 초기화
2023-04-27 14:20:22 [noon-ai-dis-was] info: [DIS-API] GET /signup/request -  가입요청 목록 조회 완료
2023-04-27 14:20:22 [noon-ai-dis-was] info: [DIS-API] GET /user -  유저 정보조회 완료
2023-04-27 14:20:25 [noon-ai-dis-was] info: [DIS-API] GET /manager -  관리자 계정 정보 요청 완료
2023-04-27 14:20:25 [noon-ai-dis-was] info: [DIS-API] GET /user -  유저 정보조회 완료
2023-04-27 14:20:35 [noon-ai-dis-was] info: [DIS-API] GET /manager -  관리자 계정 정보 요청 완료
2023-04-27 14:20:35 [noon-ai-dis-was] info: [DIS-API] GET /user -  유저 정보조회 완료
2023-04-27 14:20:51 [noon-ai-dis-was] info: [DIS-API] GET /manager/init-password -  관리자 비밀번호 변경 완료
2023-04-27 14:20:52 [noon-ai-dis-was] info: [DIS-API] GET /manager -  관리자 계정 정보 요청 완료
2023-04-27 14:20:52 [noon-ai-dis-was] info: [DIS-API] GET /user -  유저 정보조회 완료
2023-04-27 14:20:54 [noon-ai-dis-was] info: [DIS-API] GET /logout -  관리자 이민형 로그아웃 완료
2023-04-27 14:20:54 [noon-ai-dis-was] info: [DIS-API] GET /env -  환경변수 조회 완료
2023-04-27 14:20:58 [noon-ai-dis-was] info: [DIS-API] POST /first-login -  1차 로그인 완료
2023-04-27 14:20:59 [noon-ai-dis-was] info: [DIS-API] PUT /login/failCount/clear -  로그인 실패 횟수 0 초기화
2023-04-27 14:20:59 [noon-ai-dis-was] info: [DIS-API] POST /login -  관리자 이민형 로그인 완료
2023-04-27 14:20:59 [noon-ai-dis-was] info: [DIS-API] PUT /login/lockCount -  lock_count 0 초기화
2023-04-27 14:20:59 [noon-ai-dis-was] info: [DIS-API] GET /signup/request -  가입요청 목록 조회 완료
2023-04-27 14:20:59 [noon-ai-dis-was] info: [DIS-API] GET /user -  유저 정보조회 완료
2023-04-27 14:21:01 [noon-ai-dis-was] info: [DIS-API] GET /manager -  관리자 계정 정보 요청 완료
2023-04-27 14:21:01 [noon-ai-dis-was] info: [DIS-API] GET /user -  유저 정보조회 완료
2023-04-27 14:21:33 [noon-ai-dis-was] info: [DIS-API] GET /manager -  관리자 계정 정보 요청 완료
2023-04-27 14:21:33 [noon-ai-dis-was] info: [DIS-API] GET /user -  유저 정보조회 완료
2023-04-27 14:21:52 [noon-ai-dis-was] info: [DIS-API] GET /manager -  관리자 계정 정보 요청 완료
2023-04-27 14:21:52 [noon-ai-dis-was] info: [DIS-API] GET /user -  유저 정보조회 완료
2023-04-27 14:22:01 [noon-ai-dis-was] info: [DIS-API] GET /manager/init-password -  관리자 비밀번호 변경 완료
2023-04-27 14:22:02 [noon-ai-dis-was] info: [DIS-API] GET /manager -  관리자 계정 정보 요청 완료
2023-04-27 14:22:02 [noon-ai-dis-was] info: [DIS-API] GET /user -  유저 정보조회 완료
2023-04-27 14:22:05 [noon-ai-dis-was] info: [DIS-API] GET /logout -  관리자 이민형 로그아웃 완료
2023-04-27 14:22:05 [noon-ai-dis-was] info: [DIS-API] GET /env -  환경변수 조회 완료
2023-04-27 14:22:10 [noon-ai-dis-was] info: [DIS-API] POST /first-login -  1차 로그인 완료
2023-04-27 14:22:11 [noon-ai-dis-was] info: [DIS-API] PUT /login/failCount/clear -  로그인 실패 횟수 0 초기화
2023-04-27 14:22:11 [noon-ai-dis-was] info: [DIS-API] POST /login -  관리자 이민형 로그인 완료
2023-04-27 14:22:11 [noon-ai-dis-was] info: [DIS-API] PUT /login/lockCount -  lock_count 0 초기화
2023-04-27 14:22:11 [noon-ai-dis-was] info: [DIS-API] GET /signup/request -  가입요청 목록 조회 완료
2023-04-27 14:22:11 [noon-ai-dis-was] info: [DIS-API] GET /user -  유저 정보조회 완료
2023-04-27 14:22:14 [noon-ai-dis-was] info: [DIS-API] GET /manager -  관리자 계정 정보 요청 완료
2023-04-27 14:22:14 [noon-ai-dis-was] info: [DIS-API] GET /user -  유저 정보조회 완료
2023-04-27 14:24:44 [noon-ai-dis-was] info: [DIS-API] GET /manager -  관리자 계정 정보 요청 완료
2023-04-27 14:24:44 [noon-ai-dis-was] info: [DIS-API] GET /user -  유저 정보조회 완료
2023-04-27 14:24:44 [noon-ai-dis-was] info: [DIS-API] GET /manager -  관리자 계정 정보 요청 완료
2023-04-27 14:24:44 [noon-ai-dis-was] info: [DIS-API] GET /user -  유저 정보조회 완료
2023-04-27 14:24:48 [noon-ai-dis-was] error: [DIS-API] GET /manager/init-password -  Error: You have an error in your SQL syntax; check the manual that corresponds to your MySQL server version for the right syntax to use near 'WHERE id = '2023-04-27 14:24:48'' at line 1
2023-04-27 14:25:07 [noon-ai-dis-was] info: [DIS-API] GET /manager -  관리자 계정 정보 요청 완료
2023-04-27 14:25:07 [noon-ai-dis-was] info: [DIS-API] GET /user -  유저 정보조회 완료
2023-04-27 14:25:12 [noon-ai-dis-was] info: [DIS-API] GET /manager/init-password -  관리자 비밀번호 변경 완료
2023-04-27 14:25:12 [noon-ai-dis-was] info: [DIS-API] GET /manager -  관리자 계정 정보 요청 완료
2023-04-27 14:25:12 [noon-ai-dis-was] info: [DIS-API] GET /user -  유저 정보조회 완료
2023-04-27 14:29:11 [noon-ai-dis-was] info: [DIS-API] GET /manager -  관리자 계정 정보 요청 완료
2023-04-27 14:29:11 [noon-ai-dis-was] info: [DIS-API] GET /user -  유저 정보조회 완료
2023-04-27 14:29:24 [noon-ai-dis-was] info: [DIS-API] GET /manager -  관리자 계정 정보 요청 완료
2023-04-27 14:29:24 [noon-ai-dis-was] info: [DIS-API] GET /user -  유저 정보조회 완료
2023-04-27 14:29:25 [noon-ai-dis-was] info: [DIS-API] GET /manager -  관리자 계정 정보 요청 완료
2023-04-27 14:29:25 [noon-ai-dis-was] info: [DIS-API] GET /user -  유저 정보조회 완료
2023-04-27 14:29:26 [noon-ai-dis-was] info: [DIS-API] GET /manager -  관리자 계정 정보 요청 완료
2023-04-27 14:29:26 [noon-ai-dis-was] info: [DIS-API] GET /user -  유저 정보조회 완료
2023-04-27 14:29:32 [noon-ai-dis-was] info: [DIS-API] GET /manager -  관리자 계정 정보 요청 완료
2023-04-27 14:29:32 [noon-ai-dis-was] info: [DIS-API] GET /user -  유저 정보조회 완료
2023-04-27 14:29:33 [noon-ai-dis-was] info: [DIS-API] GET /manager -  관리자 계정 정보 요청 완료
2023-04-27 14:29:33 [noon-ai-dis-was] info: [DIS-API] GET /user -  유저 정보조회 완료
2023-04-27 14:29:38 [noon-ai-dis-was] info: [DIS-API] GET /manager -  관리자 계정 정보 요청 완료
2023-04-27 14:29:38 [noon-ai-dis-was] info: [DIS-API] GET /user -  유저 정보조회 완료
2023-04-27 14:29:39 [noon-ai-dis-was] info: [DIS-API] GET /manager -  관리자 계정 정보 요청 완료
2023-04-27 14:29:39 [noon-ai-dis-was] info: [DIS-API] GET /user -  유저 정보조회 완료
2023-04-27 14:29:39 [noon-ai-dis-was] info: [DIS-API] GET /manager -  관리자 계정 정보 요청 완료
2023-04-27 14:29:39 [noon-ai-dis-was] info: [DIS-API] GET /user -  유저 정보조회 완료
2023-04-27 14:29:40 [noon-ai-dis-was] info: [DIS-API] GET /manager -  관리자 계정 정보 요청 완료
2023-04-27 14:29:40 [noon-ai-dis-was] info: [DIS-API] GET /user -  유저 정보조회 완료
2023-04-27 14:29:50 [noon-ai-dis-was] info: [DIS-API] GET /manager -  관리자 계정 정보 요청 완료
2023-04-27 14:29:50 [noon-ai-dis-was] info: [DIS-API] GET /user -  유저 정보조회 완료
2023-04-27 14:29:51 [noon-ai-dis-was] info: [DIS-API] GET /manager -  관리자 계정 정보 요청 완료
2023-04-27 14:29:51 [noon-ai-dis-was] info: [DIS-API] GET /user -  유저 정보조회 완료
2023-04-27 14:29:51 [noon-ai-dis-was] info: [DIS-API] GET /manager -  관리자 계정 정보 요청 완료
2023-04-27 14:29:51 [noon-ai-dis-was] info: [DIS-API] GET /user -  유저 정보조회 완료
2023-04-27 14:29:51 [noon-ai-dis-was] info: [DIS-API] GET /manager -  관리자 계정 정보 요청 완료
2023-04-27 14:29:51 [noon-ai-dis-was] info: [DIS-API] GET /user -  유저 정보조회 완료
2023-04-27 14:29:51 [noon-ai-dis-was] info: [DIS-API] GET /manager -  관리자 계정 정보 요청 완료
2023-04-27 14:29:52 [noon-ai-dis-was] info: [DIS-API] GET /user -  유저 정보조회 완료
2023-04-27 14:29:52 [noon-ai-dis-was] info: [DIS-API] GET /manager -  관리자 계정 정보 요청 완료
2023-04-27 14:29:52 [noon-ai-dis-was] info: [DIS-API] GET /user -  유저 정보조회 완료
2023-04-27 14:29:52 [noon-ai-dis-was] info: [DIS-API] GET /manager -  관리자 계정 정보 요청 완료
2023-04-27 14:29:52 [noon-ai-dis-was] info: [DIS-API] GET /user -  유저 정보조회 완료
2023-04-27 14:29:52 [noon-ai-dis-was] info: [DIS-API] GET /manager -  관리자 계정 정보 요청 완료
2023-04-27 14:29:52 [noon-ai-dis-was] info: [DIS-API] GET /user -  유저 정보조회 완료
2023-04-27 14:29:53 [noon-ai-dis-was] info: [DIS-API] GET /manager -  관리자 계정 정보 요청 완료
2023-04-27 14:29:53 [noon-ai-dis-was] info: [DIS-API] GET /user -  유저 정보조회 완료
2023-04-27 14:29:54 [noon-ai-dis-was] info: [DIS-API] GET /manager -  관리자 계정 정보 요청 완료
2023-04-27 14:29:54 [noon-ai-dis-was] info: [DIS-API] GET /user -  유저 정보조회 완료
2023-04-27 14:30:12 [noon-ai-dis-was] info: [DIS-API] GET /manager -  관리자 계정 정보 요청 완료
2023-04-27 14:30:12 [noon-ai-dis-was] info: [DIS-API] GET /user -  유저 정보조회 완료
2023-04-27 14:30:38 [noon-ai-dis-was] info: [DIS-API] GET /manager -  관리자 계정 정보 요청 완료
2023-04-27 14:30:38 [noon-ai-dis-was] info: [DIS-API] GET /user -  유저 정보조회 완료
2023-04-27 14:30:39 [noon-ai-dis-was] info: [DIS-API] GET /manager -  관리자 계정 정보 요청 완료
2023-04-27 14:30:39 [noon-ai-dis-was] info: [DIS-API] GET /user -  유저 정보조회 완료
2023-04-27 14:30:40 [noon-ai-dis-was] info: [DIS-API] GET /manager -  관리자 계정 정보 요청 완료
2023-04-27 14:30:40 [noon-ai-dis-was] info: [DIS-API] GET /user -  유저 정보조회 완료
2023-04-27 14:31:06 [noon-ai-dis-was] info: [DIS-API] GET /manager -  관리자 계정 정보 요청 완료
2023-04-27 14:31:06 [noon-ai-dis-was] info: [DIS-API] GET /user -  유저 정보조회 완료
2023-04-27 14:32:31 [noon-ai-dis-was] info: [DIS-API] GET /manager -  관리자 계정 정보 요청 완료
2023-04-27 14:32:31 [noon-ai-dis-was] info: [DIS-API] GET /user -  유저 정보조회 완료
2023-04-27 14:32:32 [noon-ai-dis-was] info: [DIS-API] GET /manager -  관리자 계정 정보 요청 완료
2023-04-27 14:32:32 [noon-ai-dis-was] info: [DIS-API] GET /user -  유저 정보조회 완료
2023-04-27 14:32:33 [noon-ai-dis-was] info: [DIS-API] GET /manager -  관리자 계정 정보 요청 완료
2023-04-27 14:32:33 [noon-ai-dis-was] info: [DIS-API] GET /user -  유저 정보조회 완료
2023-04-27 14:32:48 [noon-ai-dis-was] info: [DIS-API] GET /manager -  관리자 계정 정보 요청 완료
2023-04-27 14:32:48 [noon-ai-dis-was] info: [DIS-API] GET /user -  유저 정보조회 완료
2023-04-27 14:32:51 [noon-ai-dis-was] info: [DIS-API] GET /manager -  관리자 계정 정보 요청 완료
2023-04-27 14:32:52 [noon-ai-dis-was] info: [DIS-API] GET /user -  유저 정보조회 완료
2023-04-27 14:32:52 [noon-ai-dis-was] info: [DIS-API] GET /manager -  관리자 계정 정보 요청 완료
2023-04-27 14:32:52 [noon-ai-dis-was] info: [DIS-API] GET /user -  유저 정보조회 완료
2023-04-27 14:32:52 [noon-ai-dis-was] info: [DIS-API] GET /manager -  관리자 계정 정보 요청 완료
2023-04-27 14:32:52 [noon-ai-dis-was] info: [DIS-API] GET /user -  유저 정보조회 완료
2023-04-27 14:32:56 [noon-ai-dis-was] info: [DIS-API] GET /manager -  관리자 계정 정보 요청 완료
2023-04-27 14:32:56 [noon-ai-dis-was] info: [DIS-API] GET /user -  유저 정보조회 완료
2023-04-27 14:32:57 [noon-ai-dis-was] info: [DIS-API] GET /manager -  관리자 계정 정보 요청 완료
2023-04-27 14:32:57 [noon-ai-dis-was] info: [DIS-API] GET /user -  유저 정보조회 완료
2023-04-27 14:32:58 [noon-ai-dis-was] info: [DIS-API] GET /manager -  관리자 계정 정보 요청 완료
2023-04-27 14:32:58 [noon-ai-dis-was] info: [DIS-API] GET /user -  유저 정보조회 완료
2023-04-27 14:32:58 [noon-ai-dis-was] info: [DIS-API] GET /manager -  관리자 계정 정보 요청 완료
2023-04-27 14:32:58 [noon-ai-dis-was] info: [DIS-API] GET /user -  유저 정보조회 완료
2023-04-27 14:34:10 [noon-ai-dis-was] info: [DIS-API] GET /manager -  관리자 계정 정보 요청 완료
2023-04-27 14:34:10 [noon-ai-dis-was] info: [DIS-API] GET /user -  유저 정보조회 완료
2023-04-27 14:34:12 [noon-ai-dis-was] info: [DIS-API] GET /manager -  관리자 계정 정보 요청 완료
2023-04-27 14:34:12 [noon-ai-dis-was] info: [DIS-API] GET /user -  유저 정보조회 완료
2023-04-27 14:34:18 [noon-ai-dis-was] info: [DIS-API] GET /manager -  관리자 계정 정보 요청 완료
2023-04-27 14:34:18 [noon-ai-dis-was] info: [DIS-API] GET /user -  유저 정보조회 완료
2023-04-27 14:34:47 [noon-ai-dis-was] info: [DIS-API] GET /manager/init-password -  관리자 비밀번호 변경 완료
2023-04-27 14:34:48 [noon-ai-dis-was] info: [DIS-API] GET /manager -  관리자 계정 정보 요청 완료
2023-04-27 14:34:48 [noon-ai-dis-was] info: [DIS-API] GET /user -  유저 정보조회 완료
2023-04-27 14:34:51 [noon-ai-dis-was] info: [DIS-API] GET /manager -  관리자 계정 정보 요청 완료
2023-04-27 14:34:51 [noon-ai-dis-was] info: [DIS-API] GET /user -  유저 정보조회 완료
2023-04-27 14:39:58 [noon-ai-dis-was] info: [DIS-API] GET /manager -  관리자 계정 정보 요청 완료
2023-04-27 14:39:58 [noon-ai-dis-was] info: [DIS-API] GET /user -  유저 정보조회 완료
2023-04-27 14:40:10 [noon-ai-dis-was] info: [DIS-API] GET /manager -  관리자 계정 정보 요청 완료
2023-04-27 14:40:10 [noon-ai-dis-was] info: [DIS-API] GET /user -  유저 정보조회 완료
2023-04-27 14:40:18 [noon-ai-dis-was] info: [DIS-API] GET /manager -  관리자 계정 정보 요청 완료
2023-04-27 14:40:18 [noon-ai-dis-was] info: [DIS-API] GET /user -  유저 정보조회 완료
2023-04-27 14:40:38 [noon-ai-dis-was] info: [DIS-API] GET /manager -  관리자 계정 정보 요청 완료
2023-04-27 14:40:38 [noon-ai-dis-was] info: [DIS-API] GET /user -  유저 정보조회 완료
2023-04-27 14:40:39 [noon-ai-dis-was] info: [DIS-API] GET /manager -  관리자 계정 정보 요청 완료
2023-04-27 14:40:39 [noon-ai-dis-was] info: [DIS-API] GET /user -  유저 정보조회 완료
2023-04-27 14:41:05 [noon-ai-dis-was] info: [DIS-API] GET /manager -  관리자 계정 정보 요청 완료
2023-04-27 14:41:05 [noon-ai-dis-was] info: [DIS-API] GET /user -  유저 정보조회 완료
2023-04-27 14:41:07 [noon-ai-dis-was] info: [DIS-API] GET /manager/unlock -  관리자 계정 잠금 해제 완료
2023-04-27 14:41:08 [noon-ai-dis-was] info: [DIS-API] GET /manager -  관리자 계정 정보 요청 완료
2023-04-27 14:41:08 [noon-ai-dis-was] info: [DIS-API] GET /user -  유저 정보조회 완료
2023-04-27 14:41:09 [noon-ai-dis-was] info: [DIS-API] GET /manager -  관리자 계정 정보 요청 완료
2023-04-27 14:41:09 [noon-ai-dis-was] info: [DIS-API] GET /user -  유저 정보조회 완료
2023-04-27 14:41:16 [noon-ai-dis-was] info: [DIS-API] GET /manager -  관리자 계정 정보 요청 완료
2023-04-27 14:41:16 [noon-ai-dis-was] info: [DIS-API] GET /user -  유저 정보조회 완료
2023-04-27 14:41:17 [noon-ai-dis-was] info: [DIS-API] GET /manager -  관리자 계정 정보 요청 완료
2023-04-27 14:41:17 [noon-ai-dis-was] info: [DIS-API] GET /user -  유저 정보조회 완료
2023-04-27 14:41:28 [noon-ai-dis-was] info: [DIS-API] GET /manager -  관리자 계정 정보 요청 완료
2023-04-27 14:41:28 [noon-ai-dis-was] info: [DIS-API] GET /user -  유저 정보조회 완료
2023-04-27 14:41:36 [noon-ai-dis-was] info: [DIS-API] GET /manager/unlock -  관리자 계정 잠금 해제 완료
2023-04-27 14:41:37 [noon-ai-dis-was] info: [DIS-API] GET /manager -  관리자 계정 정보 요청 완료
2023-04-27 14:41:37 [noon-ai-dis-was] info: [DIS-API] GET /user -  유저 정보조회 완료
2023-04-27 14:50:08 [noon-ai-dis-was] info: [DIS-API] GET /manager -  관리자 계정 정보 요청 완료
2023-04-27 14:50:08 [noon-ai-dis-was] info: [DIS-API] GET /user -  유저 정보조회 완료
2023-04-27 14:50:54 [noon-ai-dis-was] info: [DIS-API] GET /manager -  관리자 계정 정보 요청 완료
2023-04-27 14:50:54 [noon-ai-dis-was] info: [DIS-API] GET /user -  유저 정보조회 완료
2023-04-27 14:50:54 [noon-ai-dis-was] info: [DIS-API] GET /manager -  관리자 계정 정보 요청 완료
2023-04-27 14:50:54 [noon-ai-dis-was] info: [DIS-API] GET /user -  유저 정보조회 완료
2023-04-27 14:50:55 [noon-ai-dis-was] info: [DIS-API] GET /manager -  관리자 계정 정보 요청 완료
2023-04-27 14:50:55 [noon-ai-dis-was] info: [DIS-API] GET /user -  유저 정보조회 완료
2023-04-27 14:50:55 [noon-ai-dis-was] info: [DIS-API] GET /manager -  관리자 계정 정보 요청 완료
2023-04-27 14:50:55 [noon-ai-dis-was] info: [DIS-API] GET /user -  유저 정보조회 완료
2023-04-27 14:50:55 [noon-ai-dis-was] info: [DIS-API] GET /manager -  관리자 계정 정보 요청 완료
2023-04-27 14:50:55 [noon-ai-dis-was] info: [DIS-API] GET /user -  유저 정보조회 완료
2023-04-27 14:50:55 [noon-ai-dis-was] info: [DIS-API] GET /manager -  관리자 계정 정보 요청 완료
2023-04-27 14:50:55 [noon-ai-dis-was] info: [DIS-API] GET /user -  유저 정보조회 완료
2023-04-27 14:50:55 [noon-ai-dis-was] info: [DIS-API] GET /manager -  관리자 계정 정보 요청 완료
2023-04-27 14:50:55 [noon-ai-dis-was] info: [DIS-API] GET /user -  유저 정보조회 완료
2023-04-27 14:50:56 [noon-ai-dis-was] info: [DIS-API] GET /manager -  관리자 계정 정보 요청 완료
2023-04-27 14:50:56 [noon-ai-dis-was] info: [DIS-API] GET /user -  유저 정보조회 완료
2023-04-27 14:50:56 [noon-ai-dis-was] info: [DIS-API] GET /manager -  관리자 계정 정보 요청 완료
2023-04-27 14:50:56 [noon-ai-dis-was] info: [DIS-API] GET /user -  유저 정보조회 완료
2023-04-27 14:50:56 [noon-ai-dis-was] info: [DIS-API] GET /manager -  관리자 계정 정보 요청 완료
2023-04-27 14:50:56 [noon-ai-dis-was] info: [DIS-API] GET /user -  유저 정보조회 완료
2023-04-27 14:51:00 [noon-ai-dis-was] info: [DIS-API] GET /manager -  관리자 계정 정보 요청 완료
2023-04-27 14:51:00 [noon-ai-dis-was] info: [DIS-API] GET /user -  유저 정보조회 완료
2023-04-27 14:51:01 [noon-ai-dis-was] info: [DIS-API] GET /manager -  관리자 계정 정보 요청 완료
2023-04-27 14:51:01 [noon-ai-dis-was] info: [DIS-API] GET /user -  유저 정보조회 완료
2023-04-27 14:51:01 [noon-ai-dis-was] info: [DIS-API] GET /manager -  관리자 계정 정보 요청 완료
2023-04-27 14:51:01 [noon-ai-dis-was] info: [DIS-API] GET /user -  유저 정보조회 완료
2023-04-27 14:51:01 [noon-ai-dis-was] info: [DIS-API] GET /manager -  관리자 계정 정보 요청 완료
2023-04-27 14:51:01 [noon-ai-dis-was] info: [DIS-API] GET /user -  유저 정보조회 완료
2023-04-27 14:51:02 [noon-ai-dis-was] info: [DIS-API] GET /manager -  관리자 계정 정보 요청 완료
2023-04-27 14:51:02 [noon-ai-dis-was] info: [DIS-API] GET /user -  유저 정보조회 완료
2023-04-27 14:51:02 [noon-ai-dis-was] info: [DIS-API] GET /manager -  관리자 계정 정보 요청 완료
2023-04-27 14:51:02 [noon-ai-dis-was] info: [DIS-API] GET /user -  유저 정보조회 완료
2023-04-27 14:53:05 [noon-ai-dis-was] info: [DIS-API] GET /manager -  관리자 계정 정보 요청 완료
2023-04-27 14:53:05 [noon-ai-dis-was] info: [DIS-API] GET /user -  유저 정보조회 완료
2023-04-27 14:53:06 [noon-ai-dis-was] info: [DIS-API] GET /manager -  관리자 계정 정보 요청 완료
2023-04-27 14:53:06 [noon-ai-dis-was] info: [DIS-API] GET /user -  유저 정보조회 완료
2023-04-27 14:53:57 [noon-ai-dis-was] info: [DIS-API] GET /manager -  관리자 계정 정보 요청 완료
2023-04-27 14:53:57 [noon-ai-dis-was] info: [DIS-API] GET /user -  유저 정보조회 완료
2023-04-27 14:54:46 [noon-ai-dis-was] info: [DIS-API] GET /manager -  관리자 계정 정보 요청 완료
2023-04-27 14:54:46 [noon-ai-dis-was] info: [DIS-API] GET /user -  유저 정보조회 완료
2023-04-27 14:56:11 [noon-ai-dis-was] info: [DIS-API] GET /manager -  관리자 계정 정보 요청 완료
2023-04-27 14:56:11 [noon-ai-dis-was] info: [DIS-API] GET /user -  유저 정보조회 완료
2023-04-27 14:56:32 [noon-ai-dis-was] info: [DIS-API] GET /manager -  관리자 계정 정보 요청 완료
2023-04-27 14:56:32 [noon-ai-dis-was] info: [DIS-API] GET /user -  유저 정보조회 완료
2023-04-27 14:56:33 [noon-ai-dis-was] info: [DIS-API] GET /manager -  관리자 계정 정보 요청 완료
2023-04-27 14:56:33 [noon-ai-dis-was] info: [DIS-API] GET /user -  유저 정보조회 완료
2023-04-27 14:56:33 [noon-ai-dis-was] info: [DIS-API] GET /manager -  관리자 계정 정보 요청 완료
2023-04-27 14:56:33 [noon-ai-dis-was] info: [DIS-API] GET /user -  유저 정보조회 완료
2023-04-27 14:56:33 [noon-ai-dis-was] info: [DIS-API] GET /manager -  관리자 계정 정보 요청 완료
2023-04-27 14:56:33 [noon-ai-dis-was] info: [DIS-API] GET /user -  유저 정보조회 완료
2023-04-27 14:56:33 [noon-ai-dis-was] info: [DIS-API] GET /manager -  관리자 계정 정보 요청 완료
2023-04-27 14:56:33 [noon-ai-dis-was] info: [DIS-API] GET /user -  유저 정보조회 완료
2023-04-27 14:56:33 [noon-ai-dis-was] info: [DIS-API] GET /manager -  관리자 계정 정보 요청 완료
2023-04-27 14:56:34 [noon-ai-dis-was] info: [DIS-API] GET /user -  유저 정보조회 완료
2023-04-27 14:56:34 [noon-ai-dis-was] info: [DIS-API] GET /manager -  관리자 계정 정보 요청 완료
2023-04-27 14:56:34 [noon-ai-dis-was] info: [DIS-API] GET /user -  유저 정보조회 완료
2023-04-27 14:56:34 [noon-ai-dis-was] info: [DIS-API] GET /manager -  관리자 계정 정보 요청 완료
2023-04-27 14:56:34 [noon-ai-dis-was] info: [DIS-API] GET /user -  유저 정보조회 완료
2023-04-27 14:56:34 [noon-ai-dis-was] info: [DIS-API] GET /manager -  관리자 계정 정보 요청 완료
2023-04-27 14:56:34 [noon-ai-dis-was] info: [DIS-API] GET /user -  유저 정보조회 완료
2023-04-27 14:56:40 [noon-ai-dis-was] info: [DIS-API] GET /manager -  관리자 계정 정보 요청 완료
2023-04-27 14:56:40 [noon-ai-dis-was] info: [DIS-API] GET /user -  유저 정보조회 완료
2023-04-27 15:02:14 [noon-ai-dis-was] info: [DIS-API] GET /manager -  관리자 계정 정보 요청 완료
2023-04-27 15:02:14 [noon-ai-dis-was] info: [DIS-API] GET /user -  유저 정보조회 완료
2023-04-27 15:04:49 [noon-ai-dis-was] info: [DIS-API] GET /manager -  관리자 계정 정보 요청 완료
2023-04-27 15:04:49 [noon-ai-dis-was] info: [DIS-API] GET /user -  유저 정보조회 완료
2023-04-27 15:05:10 [noon-ai-dis-was] info: [DIS-API] GET /manager -  관리자 계정 정보 요청 완료
2023-04-27 15:05:10 [noon-ai-dis-was] info: [DIS-API] GET /user -  유저 정보조회 완료
2023-04-27 15:05:18 [noon-ai-dis-was] info: [DIS-API] GET /user -  유저 정보조회 완료
2023-04-27 15:05:36 [noon-ai-dis-was] info: [DIS-API] GET /manager -  관리자 계정 정보 요청 완료
2023-04-27 15:05:36 [noon-ai-dis-was] info: [DIS-API] GET /user -  유저 정보조회 완료
2023-04-27 15:07:07 [noon-ai-dis-was] info: [DIS-API] GET /manager -  관리자 계정 정보 요청 완료
2023-04-27 15:07:07 [noon-ai-dis-was] info: [DIS-API] GET /user -  유저 정보조회 완료
2023-04-27 15:07:11 [noon-ai-dis-was] info: [DIS-API] GET /user -  유저 정보조회 완료
2023-04-27 15:07:11 [noon-ai-dis-was] info: [DIS-API] POST /first-login -  이미 로그인중인 사용자
2023-04-27 15:07:16 [noon-ai-dis-was] info: [DIS-API] GET /manager -  관리자 계정 정보 요청 완료
2023-04-27 15:07:16 [noon-ai-dis-was] info: [DIS-API] GET /user -  유저 정보조회 완료
2023-04-27 15:07:20 [noon-ai-dis-was] info: [DIS-API] GET /user -  유저 정보조회 완료
2023-04-27 15:07:20 [noon-ai-dis-was] info: [DIS-API] POST /first-login -  이미 로그인중인 사용자
2023-04-27 15:07:31 [noon-ai-dis-was] info: [DIS-API] GET /manager/init-password -  관리자 비밀번호 변경 완료
2023-04-27 15:07:33 [noon-ai-dis-was] info: [DIS-API] GET /manager -  관리자 계정 정보 요청 완료
2023-04-27 15:07:33 [noon-ai-dis-was] info: [DIS-API] GET /user -  유저 정보조회 완료
2023-04-27 15:07:33 [noon-ai-dis-was] info: [DIS-API] GET /manager -  관리자 계정 정보 요청 완료
2023-04-27 15:07:33 [noon-ai-dis-was] info: [DIS-API] GET /user -  유저 정보조회 완료
2023-04-27 15:07:36 [noon-ai-dis-was] info: [DIS-API] GET /user -  유저 정보조회 완료
2023-04-27 15:07:36 [noon-ai-dis-was] info: [DIS-API] POST /first-login -  이미 로그인중인 사용자
2023-04-27 15:11:11 [noon-ai-dis-was] info: [DIS-API] GET /manager -  관리자 계정 정보 요청 완료
2023-04-27 15:11:11 [noon-ai-dis-was] info: [DIS-API] GET /user -  유저 정보조회 완료
2023-04-27 15:11:15 [noon-ai-dis-was] info: [DIS-API] GET /user -  유저 정보조회 완료
2023-04-27 15:11:15 [noon-ai-dis-was] info: [DIS-API] POST /passwordCheck -  유저 존재하지 않음
2023-04-27 15:12:12 [noon-ai-dis-was] info: [DIS-API] GET /manager -  관리자 계정 정보 요청 완료
2023-04-27 15:12:12 [noon-ai-dis-was] info: [DIS-API] GET /user -  유저 정보조회 완료
2023-04-27 15:12:20 [noon-ai-dis-was] info: [DIS-API] GET /user -  유저 정보조회 완료
2023-04-27 15:12:20 [noon-ai-dis-was] info: [DIS-API] POST /passwordCheck -  유저 존재하지 않음
2023-04-27 15:12:58 [noon-ai-dis-was] info: [DIS-API] GET /manager -  관리자 계정 정보 요청 완료
2023-04-27 15:12:58 [noon-ai-dis-was] info: [DIS-API] GET /user -  유저 정보조회 완료
2023-04-27 15:13:03 [noon-ai-dis-was] info: [DIS-API] GET /user -  유저 정보조회 완료
2023-04-27 15:13:03 [noon-ai-dis-was] info: [DIS-API] POST /passwordCheck -  유저 존재하지 않음
2023-04-27 15:13:40 [noon-ai-dis-was] info: [DIS-API] GET /manager -  관리자 계정 정보 요청 완료
2023-04-27 15:13:40 [noon-ai-dis-was] info: [DIS-API] GET /user -  유저 정보조회 완료
2023-04-27 15:13:45 [noon-ai-dis-was] info: [DIS-API] GET /user -  유저 정보조회 완료
2023-04-27 15:13:45 [noon-ai-dis-was] info: [DIS-API] POST /passwordCheck -  유저 존재하지 않음
2023-04-27 15:13:54 [noon-ai-dis-was] info: [DIS-API] GET /manager -  관리자 계정 정보 요청 완료
2023-04-27 15:13:54 [noon-ai-dis-was] info: [DIS-API] GET /user -  유저 정보조회 완료
2023-04-27 15:13:58 [noon-ai-dis-was] info: [DIS-API] GET /user -  유저 정보조회 완료
2023-04-27 15:13:58 [noon-ai-dis-was] info: [DIS-API] POST /passwordCheck -  유저 존재하지 않음
2023-04-27 15:14:44 [noon-ai-dis-was] info: [DIS-API] GET /manager -  관리자 계정 정보 요청 완료
2023-04-27 15:14:44 [noon-ai-dis-was] info: [DIS-API] GET /user -  유저 정보조회 완료
2023-04-27 15:14:49 [noon-ai-dis-was] info: [DIS-API] GET /user -  유저 정보조회 완료
2023-04-27 15:14:49 [noon-ai-dis-was] info: [DIS-API] POST /passwordCheck -  유저 존재하지 않음
2023-04-27 15:15:04 [noon-ai-dis-was] info: [DIS-API] GET /manager -  관리자 계정 정보 요청 완료
2023-04-27 15:15:04 [noon-ai-dis-was] info: [DIS-API] GET /user -  유저 정보조회 완료
2023-04-27 15:15:08 [noon-ai-dis-was] info: [DIS-API] GET /user -  유저 정보조회 완료
2023-04-27 15:15:08 [noon-ai-dis-was] info: [DIS-API] POST /passwordCheck -  유저 존재하지 않음
2023-04-27 15:15:35 [noon-ai-dis-was] info: [DIS-API] GET /user -  유저 정보조회 완료
2023-04-27 15:15:40 [noon-ai-dis-was] info: [DIS-API] GET /manager -  관리자 계정 정보 요청 완료
2023-04-27 15:15:40 [noon-ai-dis-was] info: [DIS-API] GET /user -  유저 정보조회 완료
2023-04-27 15:15:57 [noon-ai-dis-was] info: [DIS-API] GET /manager -  관리자 계정 정보 요청 완료
2023-04-27 15:15:57 [noon-ai-dis-was] info: [DIS-API] GET /user -  유저 정보조회 완료
2023-04-27 15:16:02 [noon-ai-dis-was] info: [DIS-API] GET /user -  유저 정보조회 완료
2023-04-27 15:16:02 [noon-ai-dis-was] info: [DIS-API] POST /passwordCheck -  유저 존재하지 않음
2023-04-27 15:16:59 [noon-ai-dis-was] info: [DIS-API] GET /manager -  관리자 계정 정보 요청 완료
2023-04-27 15:16:59 [noon-ai-dis-was] info: [DIS-API] GET /user -  유저 정보조회 완료
2023-04-27 15:17:02 [noon-ai-dis-was] info: [DIS-API] GET /user -  유저 정보조회 완료
2023-04-27 15:17:02 [noon-ai-dis-was] info: [DIS-API] POST /passwordCheck -  유저 존재하지 않음
2023-04-27 15:17:28 [noon-ai-dis-was] info: [DIS-API] GET /manager -  관리자 계정 정보 요청 완료
2023-04-27 15:17:28 [noon-ai-dis-was] info: [DIS-API] GET /user -  유저 정보조회 완료
2023-04-27 15:17:32 [noon-ai-dis-was] info: [DIS-API] GET /user -  유저 정보조회 완료
2023-04-27 15:17:32 [noon-ai-dis-was] info: [DIS-API] POST /passwordCheck -  유저 존재하지 않음
2023-04-27 15:18:20 [noon-ai-dis-was] info: [DIS-API] GET /manager -  관리자 계정 정보 요청 완료
2023-04-27 15:18:20 [noon-ai-dis-was] info: [DIS-API] GET /user -  유저 정보조회 완료
2023-04-27 15:18:23 [noon-ai-dis-was] info: [DIS-API] GET /user -  유저 정보조회 완료
2023-04-27 15:18:44 [noon-ai-dis-was] info: [DIS-API] GET /manager -  관리자 계정 정보 요청 완료
2023-04-27 15:18:44 [noon-ai-dis-was] info: [DIS-API] GET /user -  유저 정보조회 완료
2023-04-27 15:18:48 [noon-ai-dis-was] info: [DIS-API] GET /user -  유저 정보조회 완료
2023-04-27 15:18:48 [noon-ai-dis-was] info: [DIS-API] POST /passwordCheck -  유저 존재하지 않음
2023-04-27 15:19:15 [noon-ai-dis-was] info: [DIS-API] GET /manager -  관리자 계정 정보 요청 완료
2023-04-27 15:19:15 [noon-ai-dis-was] info: [DIS-API] GET /user -  유저 정보조회 완료
2023-04-27 15:19:23 [noon-ai-dis-was] info: [DIS-API] GET /user -  유저 정보조회 완료
2023-04-27 15:19:23 [noon-ai-dis-was] info: [DIS-API] POST /passwordCheck -  유저 존재하지 않음
2023-04-27 15:20:28 [noon-ai-dis-was] info: [DIS-API] GET /manager -  관리자 계정 정보 요청 완료
2023-04-27 15:20:28 [noon-ai-dis-was] info: [DIS-API] GET /user -  유저 정보조회 완료
2023-04-27 15:20:32 [noon-ai-dis-was] info: [DIS-API] GET /user -  유저 정보조회 완료
2023-04-27 15:20:33 [noon-ai-dis-was] info: [DIS-API] POST /passwordCheck -  비밀번호 확인 완료
2023-04-27 15:25:02 [noon-ai-dis-was] info: [DIS-API] GET /env -  환경변수 조회 완료
2023-04-27 15:25:07 [noon-ai-dis-was] info: [DIS-API] POST /first-login -  1차 로그인 완료
2023-04-27 15:25:08 [noon-ai-dis-was] info: [DIS-API] PUT /login/failCount/clear -  로그인 실패 횟수 0 초기화
2023-04-27 15:25:08 [noon-ai-dis-was] info: [DIS-API] POST /login -  관리자 이민형 로그인 완료
2023-04-27 15:25:08 [noon-ai-dis-was] info: [DIS-API] PUT /login/lockCount -  lock_count 0 초기화
2023-04-27 15:25:08 [noon-ai-dis-was] info: [DIS-API] GET /signup/request -  가입요청 목록 조회 완료
2023-04-27 15:25:08 [noon-ai-dis-was] info: [DIS-API] GET /user -  유저 정보조회 완료
2023-04-27 15:25:09 [noon-ai-dis-was] info: [DIS-API] GET /manager -  관리자 계정 정보 요청 완료
2023-04-27 15:25:09 [noon-ai-dis-was] info: [DIS-API] GET /user -  유저 정보조회 완료
2023-04-27 15:25:17 [noon-ai-dis-was] info: [DIS-API] GET /user -  유저 정보조회 완료
2023-04-27 15:25:17 [noon-ai-dis-was] info: [DIS-API] POST /passwordCheck -  패스워드 불일치
2023-04-27 15:25:19 [noon-ai-dis-was] info: [DIS-API] GET /manager -  관리자 계정 정보 요청 완료
2023-04-27 15:25:19 [noon-ai-dis-was] info: [DIS-API] GET /user -  유저 정보조회 완료
2023-04-27 15:25:24 [noon-ai-dis-was] info: [DIS-API] GET /user -  유저 정보조회 완료
2023-04-27 15:25:24 [noon-ai-dis-was] info: [DIS-API] POST /passwordCheck -  비밀번호 확인 완료
2023-04-27 15:25:24 [noon-ai-dis-was] info: [DIS-API] DELETE /manager -  관리자 계정 삭제 완료
2023-04-27 15:25:26 [noon-ai-dis-was] info: [DIS-API] GET /manager -  관리자 계정 정보 요청 완료
2023-04-27 15:25:26 [noon-ai-dis-was] info: [DIS-API] GET /user -  유저 정보조회 완료
2023-04-27 15:27:05 [noon-ai-dis-was] info: [DIS-API] GET /manager -  관리자 계정 정보 요청 완료
2023-04-27 15:27:05 [noon-ai-dis-was] info: [DIS-API] GET /user -  유저 정보조회 완료
2023-04-27 15:27:12 [noon-ai-dis-was] info: [DIS-API] GET /user -  유저 정보조회 완료
2023-04-27 15:27:12 [noon-ai-dis-was] info: [DIS-API] POST /passwordCheck -  비밀번호 확인 완료
2023-04-27 15:28:09 [noon-ai-dis-was] info: [DIS-API] GET /manager -  관리자 계정 정보 요청 완료
2023-04-27 15:28:09 [noon-ai-dis-was] info: [DIS-API] GET /user -  유저 정보조회 완료
2023-04-27 15:28:13 [noon-ai-dis-was] info: [DIS-API] GET /user -  유저 정보조회 완료
2023-04-27 15:28:13 [noon-ai-dis-was] info: [DIS-API] POST /passwordCheck -  비밀번호 확인 완료
2023-04-27 15:28:34 [noon-ai-dis-was] info: [DIS-API] GET /manager -  관리자 계정 정보 요청 완료
2023-04-27 15:28:34 [noon-ai-dis-was] info: [DIS-API] GET /user -  유저 정보조회 완료
2023-04-27 15:28:38 [noon-ai-dis-was] info: [DIS-API] GET /user -  유저 정보조회 완료
2023-04-27 15:28:38 [noon-ai-dis-was] info: [DIS-API] POST /passwordCheck -  비밀번호 확인 완료
2023-04-27 15:41:02 [noon-ai-dis-was] info: [DIS-API] GET /manager -  관리자 계정 정보 요청 완료
2023-04-27 15:41:02 [noon-ai-dis-was] info: [DIS-API] GET /user -  유저 정보조회 완료
2023-04-27 15:41:04 [noon-ai-dis-was] info: [DIS-API] GET /manager -  관리자 계정 정보 요청 완료
2023-04-27 15:41:04 [noon-ai-dis-was] info: [DIS-API] GET /user -  유저 정보조회 완료
2023-04-27 15:41:14 [noon-ai-dis-was] info: [DIS-API] GET /manager -  관리자 계정 정보 요청 완료
2023-04-27 15:41:14 [noon-ai-dis-was] info: [DIS-API] GET /user -  유저 정보조회 완료
2023-04-27 15:41:17 [noon-ai-dis-was] info: [DIS-API] GET /user -  유저 정보조회 완료
2023-04-27 15:41:18 [noon-ai-dis-was] info: [DIS-API] POST /passwordCheck -  패스워드 불일치
2023-04-27 15:41:22 [noon-ai-dis-was] info: [DIS-API] GET /user -  유저 정보조회 완료
2023-04-27 15:41:22 [noon-ai-dis-was] info: [DIS-API] POST /passwordCheck -  비밀번호 확인 완료
2023-04-27 15:41:23 [noon-ai-dis-was] info: [DIS-API] DELETE /manager -  관리자 계정 삭제 완료
2023-04-27 15:41:23 [noon-ai-dis-was] info: [DIS-API] GET /manager -  관리자 계정 정보 요청 완료
2023-04-27 15:41:24 [noon-ai-dis-was] info: [DIS-API] GET /user -  유저 정보조회 완료
2023-04-27 15:42:55 [noon-ai-dis-was] info: [DIS-API] GET /manager -  관리자 계정 정보 요청 완료
2023-04-27 15:42:55 [noon-ai-dis-was] info: [DIS-API] GET /user -  유저 정보조회 완료
2023-04-27 15:43:00 [noon-ai-dis-was] info: [DIS-API] GET /user -  유저 정보조회 완료
2023-04-27 15:43:00 [noon-ai-dis-was] info: [DIS-API] POST /passwordCheck -  비밀번호 확인 완료
2023-04-27 15:43:01 [noon-ai-dis-was] info: [DIS-API] DELETE /manager -  관리자 계정 삭제 완료
2023-04-27 15:43:02 [noon-ai-dis-was] info: [DIS-API] GET /manager -  관리자 계정 정보 요청 완료
2023-04-27 15:43:02 [noon-ai-dis-was] info: [DIS-API] GET /user -  유저 정보조회 완료
2023-04-27 15:44:03 [noon-ai-dis-was] info: [DIS-API] GET /manager -  관리자 계정 정보 요청 완료
2023-04-27 15:44:03 [noon-ai-dis-was] info: [DIS-API] GET /user -  유저 정보조회 완료
2023-04-27 15:44:13 [noon-ai-dis-was] info: [DIS-API] GET /user -  유저 정보조회 완료
2023-04-27 15:44:13 [noon-ai-dis-was] info: [DIS-API] POST /passwordCheck -  패스워드 불일치
2023-04-27 15:44:35 [noon-ai-dis-was] info: [DIS-API] GET /manager -  관리자 계정 정보 요청 완료
2023-04-27 15:44:35 [noon-ai-dis-was] info: [DIS-API] GET /user -  유저 정보조회 완료
2023-04-27 15:44:37 [noon-ai-dis-was] info: [DIS-API] GET /user -  유저 정보조회 완료
2023-04-27 15:44:37 [noon-ai-dis-was] info: [DIS-API] POST /passwordCheck -  패스워드 불일치
2023-04-27 15:44:49 [noon-ai-dis-was] info: [DIS-API] GET /manager -  관리자 계정 정보 요청 완료
2023-04-27 15:44:49 [noon-ai-dis-was] info: [DIS-API] GET /user -  유저 정보조회 완료
2023-04-27 15:44:52 [noon-ai-dis-was] info: [DIS-API] GET /user -  유저 정보조회 완료
2023-04-27 15:44:52 [noon-ai-dis-was] info: [DIS-API] POST /passwordCheck -  패스워드 불일치
2023-04-27 15:44:58 [noon-ai-dis-was] info: [DIS-API] GET /manager -  관리자 계정 정보 요청 완료
2023-04-27 15:44:58 [noon-ai-dis-was] info: [DIS-API] GET /user -  유저 정보조회 완료
2023-04-27 15:45:00 [noon-ai-dis-was] info: [DIS-API] GET /user -  유저 정보조회 완료
2023-04-27 15:45:00 [noon-ai-dis-was] info: [DIS-API] POST /passwordCheck -  패스워드 불일치
2023-04-27 15:45:05 [noon-ai-dis-was] info: [DIS-API] GET /manager -  관리자 계정 정보 요청 완료
2023-04-27 15:45:05 [noon-ai-dis-was] info: [DIS-API] GET /user -  유저 정보조회 완료
2023-04-27 15:45:09 [noon-ai-dis-was] info: [DIS-API] GET /user -  유저 정보조회 완료
2023-04-27 15:45:09 [noon-ai-dis-was] info: [DIS-API] POST /passwordCheck -  패스워드 불일치
2023-04-27 15:45:11 [noon-ai-dis-was] info: [DIS-API] GET /manager -  관리자 계정 정보 요청 완료
2023-04-27 15:45:12 [noon-ai-dis-was] info: [DIS-API] GET /user -  유저 정보조회 완료
2023-04-27 15:45:13 [noon-ai-dis-was] info: [DIS-API] GET /manager -  관리자 계정 정보 요청 완료
2023-04-27 15:45:13 [noon-ai-dis-was] info: [DIS-API] GET /user -  유저 정보조회 완료
2023-04-27 15:46:05 [noon-ai-dis-was] info: [DIS-API] GET /manager -  관리자 계정 정보 요청 완료
2023-04-27 15:46:05 [noon-ai-dis-was] info: [DIS-API] GET /user -  유저 정보조회 완료
2023-04-27 15:48:23 [noon-ai-dis-was] info: [DIS-API] GET /manager -  관리자 계정 정보 요청 완료
2023-04-27 15:48:23 [noon-ai-dis-was] info: [DIS-API] GET /user -  유저 정보조회 완료
2023-04-27 15:51:05 [noon-ai-dis-was] info: [DIS-API] GET /manager -  관리자 계정 정보 요청 완료
2023-04-27 15:51:05 [noon-ai-dis-was] info: [DIS-API] GET /user -  유저 정보조회 완료
2023-04-27 15:51:31 [noon-ai-dis-was] info: [DIS-API] GET /manager -  관리자 계정 정보 요청 완료
2023-04-27 15:51:31 [noon-ai-dis-was] info: [DIS-API] GET /user -  유저 정보조회 완료
2023-04-27 15:51:56 [noon-ai-dis-was] info: [DIS-API] GET /manager -  관리자 계정 정보 요청 완료
2023-04-27 15:51:56 [noon-ai-dis-was] info: [DIS-API] GET /user -  유저 정보조회 완료
2023-04-27 15:52:05 [noon-ai-dis-was] info: [DIS-API] GET /manager -  관리자 계정 정보 요청 완료
2023-04-27 15:52:05 [noon-ai-dis-was] info: [DIS-API] GET /user -  유저 정보조회 완료
2023-04-27 15:52:11 [noon-ai-dis-was] info: [DIS-API] GET /manager -  관리자 계정 정보 요청 완료
2023-04-27 15:52:11 [noon-ai-dis-was] info: [DIS-API] GET /user -  유저 정보조회 완료
2023-04-27 15:52:19 [noon-ai-dis-was] info: [DIS-API] GET /manager -  관리자 계정 정보 요청 완료
2023-04-27 15:52:19 [noon-ai-dis-was] info: [DIS-API] GET /user -  유저 정보조회 완료
2023-04-27 15:52:29 [noon-ai-dis-was] info: [DIS-API] GET /manager -  관리자 계정 정보 요청 완료
2023-04-27 15:52:29 [noon-ai-dis-was] info: [DIS-API] GET /user -  유저 정보조회 완료
2023-04-27 15:52:40 [noon-ai-dis-was] info: [DIS-API] GET /manager -  관리자 계정 정보 요청 완료
2023-04-27 15:52:40 [noon-ai-dis-was] info: [DIS-API] GET /user -  유저 정보조회 완료
2023-04-27 15:52:55 [noon-ai-dis-was] info: [DIS-API] GET /manager -  관리자 계정 정보 요청 완료
2023-04-27 15:52:55 [noon-ai-dis-was] info: [DIS-API] GET /user -  유저 정보조회 완료
2023-04-27 15:53:01 [noon-ai-dis-was] info: [DIS-API] GET /manager -  관리자 계정 정보 요청 완료
2023-04-27 15:53:01 [noon-ai-dis-was] info: [DIS-API] GET /user -  유저 정보조회 완료
2023-04-27 15:53:16 [noon-ai-dis-was] info: [DIS-API] GET /manager -  관리자 계정 정보 요청 완료
2023-04-27 15:53:16 [noon-ai-dis-was] info: [DIS-API] GET /user -  유저 정보조회 완료
2023-04-27 15:53:19 [noon-ai-dis-was] info: [DIS-API] GET /manager -  관리자 계정 정보 요청 완료
2023-04-27 15:53:19 [noon-ai-dis-was] info: [DIS-API] GET /user -  유저 정보조회 완료
2023-04-27 15:53:45 [noon-ai-dis-was] info: [DIS-API] GET /manager -  관리자 계정 정보 요청 완료
2023-04-27 15:53:45 [noon-ai-dis-was] info: [DIS-API] GET /user -  유저 정보조회 완료
2023-04-27 15:54:08 [noon-ai-dis-was] info: [DIS-API] GET /manager -  관리자 계정 정보 요청 완료
2023-04-27 15:54:08 [noon-ai-dis-was] info: [DIS-API] GET /user -  유저 정보조회 완료
2023-04-27 15:54:15 [noon-ai-dis-was] info: [DIS-API] GET /manager -  관리자 계정 정보 요청 완료
2023-04-27 15:54:15 [noon-ai-dis-was] info: [DIS-API] GET /user -  유저 정보조회 완료
2023-04-27 15:59:27 [noon-ai-dis-was] info: [DIS-API] GET /manager -  관리자 계정 정보 요청 완료
2023-04-27 15:59:27 [noon-ai-dis-was] info: [DIS-API] GET /user -  유저 정보조회 완료
2023-04-27 15:59:58 [noon-ai-dis-was] info: [DIS-API] GET /manager -  관리자 계정 정보 요청 완료
2023-04-27 15:59:58 [noon-ai-dis-was] info: [DIS-API] GET /user -  유저 정보조회 완료
2023-04-27 16:00:06 [noon-ai-dis-was] info: [DIS-API] GET /manager -  관리자 계정 정보 요청 완료
2023-04-27 16:00:06 [noon-ai-dis-was] info: [DIS-API] GET /user -  유저 정보조회 완료
2023-04-27 16:00:07 [noon-ai-dis-was] info: [DIS-API] GET /manager -  관리자 계정 정보 요청 완료
2023-04-27 16:00:07 [noon-ai-dis-was] info: [DIS-API] GET /user -  유저 정보조회 완료
2023-04-27 16:00:07 [noon-ai-dis-was] info: [DIS-API] GET /manager -  관리자 계정 정보 요청 완료
2023-04-27 16:00:07 [noon-ai-dis-was] info: [DIS-API] GET /user -  유저 정보조회 완료
2023-04-27 16:00:08 [noon-ai-dis-was] info: [DIS-API] GET /manager -  관리자 계정 정보 요청 완료
2023-04-27 16:00:08 [noon-ai-dis-was] info: [DIS-API] GET /user -  유저 정보조회 완료
2023-04-27 16:00:10 [noon-ai-dis-was] info: [DIS-API] GET /manager -  관리자 계정 정보 요청 완료
2023-04-27 16:00:10 [noon-ai-dis-was] info: [DIS-API] GET /user -  유저 정보조회 완료
2023-04-27 16:00:15 [noon-ai-dis-was] info: [DIS-API] GET /manager -  관리자 계정 정보 요청 완료
2023-04-27 16:00:15 [noon-ai-dis-was] info: [DIS-API] GET /user -  유저 정보조회 완료
2023-04-27 16:00:16 [noon-ai-dis-was] info: [DIS-API] GET /manager -  관리자 계정 정보 요청 완료
2023-04-27 16:00:16 [noon-ai-dis-was] info: [DIS-API] GET /user -  유저 정보조회 완료
2023-04-27 16:00:24 [noon-ai-dis-was] info: [DIS-API] GET /manager -  관리자 계정 정보 요청 완료
2023-04-27 16:00:24 [noon-ai-dis-was] info: [DIS-API] GET /user -  유저 정보조회 완료
2023-04-27 16:01:01 [noon-ai-dis-was] info: [DIS-API] GET /logout -  관리자 이민형 로그아웃 완료
2023-04-27 16:01:01 [noon-ai-dis-was] info: [DIS-API] GET /env -  환경변수 조회 완료
2023-04-27 16:01:09 [noon-ai-dis-was] info: [DIS-API] POST /first-login -  유저 존재하지 않음
2023-04-27 16:01:09 [noon-ai-dis-was] info: [DIS-API] POST /selectLockStatus -  로그인 시도 이력 업데이트 완료
2023-04-27 16:01:09 [noon-ai-dis-was] error: [DIS-API] POST /first-login -  TypeError: Cannot read properties of undefined (reading 'login_fail_count')
2023-04-27 16:01:20 [noon-ai-dis-was] info: [DIS-API] POST /first-login -  1차 로그인 완료
2023-04-27 16:01:25 [noon-ai-dis-was] info: [DIS-API] POST /first-login -  유저 존재하지 않음
2023-04-27 16:01:25 [noon-ai-dis-was] info: [DIS-API] POST /selectLockStatus -  로그인 시도 이력 업데이트 완료
2023-04-27 16:01:25 [noon-ai-dis-was] error: [DIS-API] POST /first-login -  TypeError: Cannot read properties of undefined (reading 'login_fail_count')
2023-04-27 16:03:53 [noon-ai-dis-was] info: [DIS-API] POST /first-login -  유저 존재하지 않음
2023-04-27 16:03:53 [noon-ai-dis-was] info: [DIS-API] POST /selectLockStatus -  로그인 시도 이력 업데이트 완료
2023-04-27 16:03:53 [noon-ai-dis-was] error: [DIS-API] POST /first-login -  TypeError: Cannot read properties of undefined (reading 'login_fail_count')
