2023-05-15 00:00:00 [noon-ai-dis-was] info: [CRONTAB] 일단위 어드민 페이지 로그 Object Storage 백업
2023-05-15 10:20:33 [noon-ai-dis-was] info: [DIS-API] GET /env -  환경변수 조회 완료
2023-05-15 11:16:15 [noon-ai-dis-was] info: [DIS-API] GET /env -  환경변수 조회 완료
2023-05-15 11:16:18 [noon-ai-dis-was] info: [DIS-API] POST /first-login -  1차 로그인 완료
2023-05-15 11:16:19 [noon-ai-dis-was] info: [DIS-API] PUT /login/failCount/clear -  로그인 실패 횟수 0 초기화
2023-05-15 11:16:19 [noon-ai-dis-was] info: [DIS-API] PUT /login/lockCount -  lock_count 0 초기화
2023-05-15 11:16:19 [noon-ai-dis-was] info: [DIS-API] POST /login -  관리자 MHNCity 로그인 완료
2023-05-15 11:16:19 [noon-ai-dis-was] info: [DIS-API] GET /signup/request -  가입요청 목록 조회 완료
2023-05-15 11:16:19 [noon-ai-dis-was] info: [DIS-API] GET /user -  유저 정보조회 완료
2023-05-15 11:16:26 [noon-ai-dis-was] info: [DIS-API] GET /signup/accept -  테넌트 회원가입 수락 완료
2023-05-15 11:16:26 [noon-ai-dis-was] info: [NCP-API] POST /bucket -  dev-tenant-87 생성 완료
2023-05-15 11:16:26 [noon-ai-dis-was] info: [NCP-API] GET /database/instanceNumber -  데이터베이스 Instance No 조회 완료
2023-05-15 11:16:26 [noon-ai-dis-was] info: [NCP-API] GET /createDatabase -  dev-dis-tenant-87 생성 완료
2023-05-15 11:16:26 [noon-ai-dis-was] info: [NCP-API] GET /createTable -  테이블 생성 완료
2023-05-15 11:16:33 [noon-ai-dis-was] info: [DIS-API] GET /signup/request -  가입요청 목록 조회 완료
2023-05-15 11:16:33 [noon-ai-dis-was] info: [DIS-API] GET /user -  유저 정보조회 완료
2023-05-15 11:17:46 [noon-ai-dis-was] info: [DIS-API] GET /env -  환경변수 조회 완료
2023-05-15 11:17:46 [noon-ai-dis-was] info: [NCP-API] GET /bucket/list -  버킷 목록 조회 완료
2023-05-15 11:17:46 [noon-ai-dis-was] info: [DIS-API] GET /tenant -  테넌트 목록 조회 완료
2023-05-15 11:17:46 [noon-ai-dis-was] info: [DIS-API] GET /user -  유저 정보조회 완료
2023-05-15 11:17:54 [noon-ai-dis-was] info: [NCP-API] DELETE /tenant/account -  이용자 계정 삭제 완료
2023-05-15 11:17:55 [noon-ai-dis-was] info: [DIS-API] GET /env -  환경변수 조회 완료
2023-05-15 11:17:55 [noon-ai-dis-was] info: [NCP-API] GET /bucket/list -  버킷 목록 조회 완료
2023-05-15 11:17:55 [noon-ai-dis-was] info: [DIS-API] GET /tenant -  테넌트 목록 조회 완료
2023-05-15 11:17:55 [noon-ai-dis-was] info: [DIS-API] GET /user -  유저 정보조회 완료
2023-05-15 11:17:59 [noon-ai-dis-was] info: [NCP-API] DELETE /tenant/account -  이용자 계정 삭제 완료
2023-05-15 11:18:00 [noon-ai-dis-was] info: [DIS-API] GET /env -  환경변수 조회 완료
2023-05-15 11:18:00 [noon-ai-dis-was] info: [NCP-API] GET /bucket/list -  버킷 목록 조회 완료
2023-05-15 11:18:00 [noon-ai-dis-was] info: [DIS-API] GET /tenant -  테넌트 목록 조회 완료
2023-05-15 11:18:00 [noon-ai-dis-was] info: [DIS-API] GET /user -  유저 정보조회 완료
2023-05-15 11:28:28 [noon-ai-dis-was] info: [DIS-API] GET /env -  환경변수 조회 완료
2023-05-15 11:28:28 [noon-ai-dis-was] info: [NCP-API] GET /bucket/list -  버킷 목록 조회 완료
2023-05-15 11:28:28 [noon-ai-dis-was] info: [DIS-API] GET /tenant -  테넌트 목록 조회 완료
2023-05-15 11:28:28 [noon-ai-dis-was] info: [DIS-API] GET /user -  유저 정보조회 완료
2023-05-15 11:28:32 [noon-ai-dis-was] info: [NCP-API] GET /database/instanceNumber -  데이터베이스 Instance No 조회 완료
2023-05-15 11:28:32 [noon-ai-dis-was] info: [NCP-API] DELETE /tenant/database -  dev-dis-tenant-72 삭제 완료
2023-05-15 11:28:32 [noon-ai-dis-was] info: [NCP-API] DELETE /tenant/bucket -  dev-tenant-72 삭제 완료
2023-05-15 11:28:36 [noon-ai-dis-was] info: [NCP-API] DELETE /tenant/account -  이용자 계정 삭제 완료
2023-05-15 11:28:37 [noon-ai-dis-was] info: [DIS-API] GET /env -  환경변수 조회 완료
2023-05-15 11:28:37 [noon-ai-dis-was] info: [NCP-API] GET /bucket/list -  버킷 목록 조회 완료
2023-05-15 11:28:37 [noon-ai-dis-was] info: [DIS-API] GET /tenant -  테넌트 목록 조회 완료
2023-05-15 11:28:37 [noon-ai-dis-was] info: [DIS-API] GET /user -  유저 정보조회 완료
2023-05-15 13:12:29 [noon-ai-dis-was] info: [DIS-API] GET /env -  환경변수 조회 완료
2023-05-15 13:33:45 [noon-ai-dis-was] info: [DIS-API] GET /env -  환경변수 조회 완료
2023-05-15 13:33:48 [noon-ai-dis-was] info: [DIS-API] POST /first-login -  1차 로그인 완료
2023-05-15 13:33:49 [noon-ai-dis-was] info: [DIS-API] PUT /login/failCount/clear -  로그인 실패 횟수 0 초기화
2023-05-15 13:33:49 [noon-ai-dis-was] info: [DIS-API] PUT /login/lockCount -  lock_count 0 초기화
2023-05-15 13:33:49 [noon-ai-dis-was] info: [DIS-API] POST /login -  관리자 MHNCity 로그인 완료
2023-05-15 13:33:49 [noon-ai-dis-was] info: [DIS-API] GET /signup/request -  가입요청 목록 조회 완료
2023-05-15 13:33:49 [noon-ai-dis-was] info: [DIS-API] GET /user -  유저 정보조회 완료
2023-05-15 13:34:01 [noon-ai-dis-was] info: [DIS-API] GET /signup/accept -  테넌트 회원가입 수락 완료
2023-05-15 13:34:01 [noon-ai-dis-was] info: [NCP-API] POST /bucket -  dev-tenant-88 생성 완료
2023-05-15 13:34:01 [noon-ai-dis-was] info: [NCP-API] GET /database/instanceNumber -  데이터베이스 Instance No 조회 완료
2023-05-15 13:34:01 [noon-ai-dis-was] info: [NCP-API] GET /createDatabase -  dev-dis-tenant-88 생성 완료
2023-05-15 13:34:01 [noon-ai-dis-was] info: [NCP-API] GET /createTable -  테이블 생성 완료
2023-05-15 13:34:06 [noon-ai-dis-was] info: [DIS-API] GET /signup/request -  가입요청 목록 조회 완료
2023-05-15 13:34:06 [noon-ai-dis-was] info: [DIS-API] GET /user -  유저 정보조회 완료
2023-05-15 14:01:08 [noon-ai-dis-was] info: [DIS-API] GET /env -  환경변수 조회 완료
2023-05-15 14:01:08 [noon-ai-dis-was] info: [NCP-API] GET /bucket/list -  버킷 목록 조회 완료
2023-05-15 14:01:08 [noon-ai-dis-was] info: [DIS-API] GET /tenant -  테넌트 목록 조회 완료
2023-05-15 14:01:08 [noon-ai-dis-was] info: [DIS-API] GET /user -  유저 정보조회 완료
2023-05-15 14:01:20 [noon-ai-dis-was] info: [NCP-API] GET /database/instanceNumber -  데이터베이스 Instance No 조회 완료
2023-05-15 14:01:20 [noon-ai-dis-was] info: [NCP-API] DELETE /tenant/database -  dev-dis-tenant-88 삭제 완료
2023-05-15 14:01:20 [noon-ai-dis-was] info: [NCP-API] DELETE /tenant/bucket -  dev-tenant-88 삭제 완료
2023-05-15 14:01:24 [noon-ai-dis-was] info: [NCP-API] DELETE /tenant/account -  이용자 계정 삭제 완료
2023-05-15 14:01:24 [noon-ai-dis-was] info: [DIS-API] GET /env -  환경변수 조회 완료
2023-05-15 14:01:25 [noon-ai-dis-was] info: [NCP-API] GET /bucket/list -  버킷 목록 조회 완료
2023-05-15 14:01:25 [noon-ai-dis-was] info: [DIS-API] GET /tenant -  테넌트 목록 조회 완료
2023-05-15 14:01:25 [noon-ai-dis-was] info: [DIS-API] GET /user -  유저 정보조회 완료
2023-05-15 14:03:33 [noon-ai-dis-was] info: [DIS-API] GET /env -  환경변수 조회 완료
2023-05-15 14:03:33 [noon-ai-dis-was] info: [NCP-API] GET /bucket/list -  버킷 목록 조회 완료
2023-05-15 14:03:33 [noon-ai-dis-was] info: [DIS-API] GET /tenant -  테넌트 목록 조회 완료
2023-05-15 14:03:33 [noon-ai-dis-was] info: [DIS-API] GET /user -  유저 정보조회 완료
2023-05-15 14:03:36 [noon-ai-dis-was] info: [DIS-API] GET /user -  유저 정보조회 완료
2023-05-15 14:03:36 [noon-ai-dis-was] info: [DIS-API] GET /manager -  관리자 계정 정보 요청 완료
2023-05-15 14:03:36 [noon-ai-dis-was] info: [DIS-API] GET /user -  유저 정보조회 완료
2023-05-15 14:03:36 [noon-ai-dis-was] info: [DIS-API] GET /user -  유저 정보조회 완료
2023-05-15 14:03:37 [noon-ai-dis-was] info: [DIS-API] GET /signup/request -  가입요청 목록 조회 완료
2023-05-15 14:03:37 [noon-ai-dis-was] info: [DIS-API] GET /user -  유저 정보조회 완료
2023-05-15 14:03:51 [noon-ai-dis-was] info: [DIS-API] GET /signup/accept -  테넌트 회원가입 수락 완료
2023-05-15 14:03:51 [noon-ai-dis-was] info: [NCP-API] POST /bucket -  dev-tenant-89 생성 완료
2023-05-15 14:03:51 [noon-ai-dis-was] info: [NCP-API] GET /database/instanceNumber -  데이터베이스 Instance No 조회 완료
2023-05-15 14:03:51 [noon-ai-dis-was] info: [NCP-API] GET /createDatabase -  dev-dis-tenant-89 생성 완료
2023-05-15 14:03:51 [noon-ai-dis-was] info: [NCP-API] GET /createTable -  테이블 생성 완료
2023-05-15 14:03:56 [noon-ai-dis-was] info: [DIS-API] GET /signup/request -  가입요청 목록 조회 완료
2023-05-15 14:03:56 [noon-ai-dis-was] info: [DIS-API] GET /user -  유저 정보조회 완료
2023-05-15 14:47:06 [noon-ai-dis-was] info: [DIS-API] GET /env -  환경변수 조회 완료
2023-05-15 14:47:10 [noon-ai-dis-was] info: [DIS-API] POST /first-login -  1차 로그인 완료
2023-05-15 14:47:11 [noon-ai-dis-was] info: [DIS-API] PUT /login/failCount/clear -  로그인 실패 횟수 0 초기화
2023-05-15 14:47:11 [noon-ai-dis-was] info: [DIS-API] PUT /login/lockCount -  lock_count 0 초기화
2023-05-15 14:47:11 [noon-ai-dis-was] info: [DIS-API] POST /login -  관리자 MHNCity 로그인 완료
2023-05-15 14:47:11 [noon-ai-dis-was] info: [DIS-API] GET /signup/request -  가입요청 목록 조회 완료
2023-05-15 14:47:11 [noon-ai-dis-was] info: [DIS-API] GET /user -  유저 정보조회 완료
2023-05-15 14:47:15 [noon-ai-dis-was] info: [DIS-API] GET /env -  환경변수 조회 완료
2023-05-15 14:47:15 [noon-ai-dis-was] info: [NCP-API] GET /bucket/list -  버킷 목록 조회 완료
2023-05-15 14:47:15 [noon-ai-dis-was] info: [DIS-API] GET /tenant -  테넌트 목록 조회 완료
2023-05-15 14:47:15 [noon-ai-dis-was] info: [DIS-API] GET /user -  유저 정보조회 완료
2023-05-15 14:52:07 [noon-ai-dis-was] info: [DIS-API] GET /signup/request -  가입요청 목록 조회 완료
2023-05-15 14:52:07 [noon-ai-dis-was] info: [DIS-API] GET /user -  유저 정보조회 완료
2023-05-15 14:52:09 [noon-ai-dis-was] info: [DIS-API] GET /env -  환경변수 조회 완료
2023-05-15 14:52:09 [noon-ai-dis-was] info: [NCP-API] GET /bucket/list -  버킷 목록 조회 완료
2023-05-15 14:52:09 [noon-ai-dis-was] info: [DIS-API] GET /tenant -  테넌트 목록 조회 완료
2023-05-15 14:52:09 [noon-ai-dis-was] info: [DIS-API] GET /user -  유저 정보조회 완료
2023-05-15 14:52:13 [noon-ai-dis-was] info: [NCP-API] GET /database/instanceNumber -  데이터베이스 Instance No 조회 완료
2023-05-15 14:52:23 [noon-ai-dis-was] info: [DIS-API] GET /env -  환경변수 조회 완료
2023-05-15 14:52:23 [noon-ai-dis-was] info: [NCP-API] GET /bucket/list -  버킷 목록 조회 완료
2023-05-15 14:52:23 [noon-ai-dis-was] info: [DIS-API] GET /tenant -  테넌트 목록 조회 완료
2023-05-15 14:52:23 [noon-ai-dis-was] info: [DIS-API] GET /user -  유저 정보조회 완료
2023-05-15 14:52:27 [noon-ai-dis-was] info: [NCP-API] DELETE /tenant/bucket -  dev-tenant-89 삭제 완료
2023-05-15 14:52:30 [noon-ai-dis-was] info: [NCP-API] DELETE /tenant/account -  이용자 계정 삭제 완료
2023-05-15 14:52:31 [noon-ai-dis-was] info: [DIS-API] GET /env -  환경변수 조회 완료
2023-05-15 14:52:31 [noon-ai-dis-was] info: [NCP-API] GET /bucket/list -  버킷 목록 조회 완료
2023-05-15 14:52:31 [noon-ai-dis-was] info: [DIS-API] GET /tenant -  테넌트 목록 조회 완료
2023-05-15 14:52:31 [noon-ai-dis-was] info: [DIS-API] GET /user -  유저 정보조회 완료
2023-05-15 14:53:20 [noon-ai-dis-was] info: [DIS-API] GET /user -  유저 정보조회 완료
2023-05-15 14:53:20 [noon-ai-dis-was] info: [DIS-API] GET /manager -  관리자 계정 정보 요청 완료
2023-05-15 14:53:20 [noon-ai-dis-was] info: [DIS-API] GET /user -  유저 정보조회 완료
2023-05-15 14:53:20 [noon-ai-dis-was] info: [DIS-API] GET /user -  유저 정보조회 완료
2023-05-15 14:53:21 [noon-ai-dis-was] info: [DIS-API] GET /signup/request -  가입요청 목록 조회 완료
2023-05-15 14:53:21 [noon-ai-dis-was] info: [DIS-API] GET /user -  유저 정보조회 완료
2023-05-15 14:53:24 [noon-ai-dis-was] info: [DIS-API] GET /signup/accept -  테넌트 회원가입 수락 완료
2023-05-15 14:53:24 [noon-ai-dis-was] info: [NCP-API] GET /database/instanceNumber -  데이터베이스 Instance No 조회 완료
2023-05-15 14:53:24 [noon-ai-dis-was] info: [NCP-API] POST /bucket -  dev-tenant-90 생성 완료
2023-05-15 14:53:24 [noon-ai-dis-was] info: [NCP-API] GET /createDatabase -  dev-dis-tenant-90 생성 완료
2023-05-15 14:53:25 [noon-ai-dis-was] info: [NCP-API] GET /createTable -  테이블 생성 완료
2023-05-15 14:53:38 [noon-ai-dis-was] info: [DIS-API] GET /env -  환경변수 조회 완료
2023-05-15 14:53:38 [noon-ai-dis-was] info: [NCP-API] GET /bucket/list -  버킷 목록 조회 완료
2023-05-15 14:53:38 [noon-ai-dis-was] info: [DIS-API] GET /tenant -  테넌트 목록 조회 완료
2023-05-15 14:53:38 [noon-ai-dis-was] info: [DIS-API] GET /user -  유저 정보조회 완료
2023-05-15 14:53:41 [noon-ai-dis-was] info: [NCP-API] GET /database/instanceNumber -  데이터베이스 Instance No 조회 완료
2023-05-15 14:53:41 [noon-ai-dis-was] info: [NCP-API] DELETE /tenant/database -  dev-dis-tenant-90 삭제 완료
2023-05-15 14:53:42 [noon-ai-dis-was] info: [NCP-API] DELETE /tenant/bucket -  dev-tenant-90 삭제 완료
2023-05-15 14:53:45 [noon-ai-dis-was] info: [NCP-API] DELETE /tenant/account -  이용자 계정 삭제 완료
2023-05-15 14:53:46 [noon-ai-dis-was] info: [DIS-API] GET /env -  환경변수 조회 완료
2023-05-15 14:53:46 [noon-ai-dis-was] info: [NCP-API] GET /bucket/list -  버킷 목록 조회 완료
2023-05-15 14:53:46 [noon-ai-dis-was] info: [DIS-API] GET /tenant -  테넌트 목록 조회 완료
2023-05-15 14:53:46 [noon-ai-dis-was] info: [DIS-API] GET /user -  유저 정보조회 완료
2023-05-15 15:00:53 [noon-ai-dis-was] info: [DIS-API] GET /user -  유저 정보조회 완료
2023-05-15 15:00:53 [noon-ai-dis-was] info: [DIS-API] GET /manager -  관리자 계정 정보 요청 완료
2023-05-15 15:00:53 [noon-ai-dis-was] info: [DIS-API] GET /user -  유저 정보조회 완료
2023-05-15 15:00:53 [noon-ai-dis-was] info: [DIS-API] GET /user -  유저 정보조회 완료
2023-05-15 15:00:56 [noon-ai-dis-was] info: [DIS-API] GET /user -  유저 정보조회 완료
2023-05-15 15:00:56 [noon-ai-dis-was] info: [DIS-API] GET /user -  유저 정보조회 완료
2023-05-15 15:00:59 [noon-ai-dis-was] info: [DIS-API] GET /user -  유저 정보조회 완료
2023-05-15 15:00:59 [noon-ai-dis-was] info: [DIS-API] POST /passwordCheck -  비밀번호 확인 완료
2023-05-15 15:01:11 [noon-ai-dis-was] info: [DIS-API] POST /manager -  관리자 계정 생성 완료
2023-05-15 15:01:12 [noon-ai-dis-was] info: [DIS-API] GET /user -  유저 정보조회 완료
2023-05-15 15:01:13 [noon-ai-dis-was] info: [DIS-API] GET /manager -  관리자 계정 정보 요청 완료
2023-05-15 15:01:13 [noon-ai-dis-was] info: [DIS-API] GET /user -  유저 정보조회 완료
2023-05-15 15:01:13 [noon-ai-dis-was] info: [DIS-API] GET /user -  유저 정보조회 완료
2023-05-15 15:01:29 [noon-ai-dis-was] info: [DIS-API] GET /user -  유저 정보조회 완료
2023-05-15 15:01:29 [noon-ai-dis-was] info: [DIS-API] GET /manager -  관리자 계정 정보 요청 완료
2023-05-15 15:01:29 [noon-ai-dis-was] info: [DIS-API] GET /user -  유저 정보조회 완료
2023-05-15 15:01:29 [noon-ai-dis-was] info: [DIS-API] GET /user -  유저 정보조회 완료
2023-05-15 15:01:56 [noon-ai-dis-was] info: [DIS-API] GET /user -  유저 정보조회 완료
2023-05-15 15:01:56 [noon-ai-dis-was] info: [DIS-API] GET /manager -  관리자 계정 정보 요청 완료
2023-05-15 15:01:56 [noon-ai-dis-was] info: [DIS-API] GET /user -  유저 정보조회 완료
2023-05-15 15:01:56 [noon-ai-dis-was] info: [DIS-API] GET /user -  유저 정보조회 완료
2023-05-15 15:01:58 [noon-ai-dis-was] info: [DIS-API] GET /logout -  관리자 MHNCity 로그아웃 완료
2023-05-15 15:01:58 [noon-ai-dis-was] info: [DIS-API] GET /env -  환경변수 조회 완료
2023-05-15 15:02:02 [noon-ai-dis-was] info: [DIS-API] POST /first-login -  1차 로그인 완료
2023-05-15 15:02:04 [noon-ai-dis-was] info: [DIS-API] PUT /login/failCount/clear -  로그인 실패 횟수 0 초기화
2023-05-15 15:02:04 [noon-ai-dis-was] info: [DIS-API] POST /login -  관리자 테스트 로그인 완료
2023-05-15 15:02:04 [noon-ai-dis-was] info: [DIS-API] PUT /login/lockCount -  lock_count 0 초기화
2023-05-15 15:02:04 [noon-ai-dis-was] info: [DIS-API] GET /signup/request -  가입요청 목록 조회 완료
2023-05-15 15:02:04 [noon-ai-dis-was] info: [DIS-API] GET /user -  유저 정보조회 완료
2023-05-15 15:02:08 [noon-ai-dis-was] info: [DIS-API] GET /logout -  관리자 테스트 로그아웃 완료
2023-05-15 15:02:08 [noon-ai-dis-was] info: [DIS-API] GET /env -  환경변수 조회 완료
2023-05-15 15:02:11 [noon-ai-dis-was] info: [DIS-API] POST /first-login -  1차 로그인 완료
2023-05-15 15:02:12 [noon-ai-dis-was] info: [DIS-API] PUT /login/failCount/clear -  로그인 실패 횟수 0 초기화
2023-05-15 15:02:12 [noon-ai-dis-was] info: [DIS-API] PUT /login/lockCount -  lock_count 0 초기화
2023-05-15 15:02:12 [noon-ai-dis-was] info: [DIS-API] POST /login -  관리자 MHNCity 로그인 완료
2023-05-15 15:02:13 [noon-ai-dis-was] info: [DIS-API] GET /signup/request -  가입요청 목록 조회 완료
2023-05-15 15:02:13 [noon-ai-dis-was] info: [DIS-API] GET /user -  유저 정보조회 완료
2023-05-15 15:02:15 [noon-ai-dis-was] info: [DIS-API] GET /user -  유저 정보조회 완료
2023-05-15 15:02:15 [noon-ai-dis-was] info: [DIS-API] GET /manager -  관리자 계정 정보 요청 완료
2023-05-15 15:02:15 [noon-ai-dis-was] info: [DIS-API] GET /user -  유저 정보조회 완료
2023-05-15 15:02:15 [noon-ai-dis-was] info: [DIS-API] GET /user -  유저 정보조회 완료
2023-05-15 15:02:50 [noon-ai-dis-was] info: [DIS-API] GET /user -  유저 정보조회 완료
2023-05-15 15:02:50 [noon-ai-dis-was] info: [DIS-API] POST /passwordCheck -  비밀번호 확인 완료
2023-05-15 15:02:51 [noon-ai-dis-was] info: [DIS-API] DELETE /manager -  관리자 계정 삭제 완료
2023-05-15 15:02:52 [noon-ai-dis-was] info: [DIS-API] GET /user -  유저 정보조회 완료
2023-05-15 15:02:52 [noon-ai-dis-was] info: [DIS-API] GET /manager -  관리자 계정 정보 요청 완료
2023-05-15 15:02:52 [noon-ai-dis-was] info: [DIS-API] GET /user -  유저 정보조회 완료
2023-05-15 15:02:52 [noon-ai-dis-was] info: [DIS-API] GET /user -  유저 정보조회 완료
2023-05-15 15:36:59 [noon-ai-dis-was] info: [DIS-API] GET /user -  유저 정보조회 완료
2023-05-15 15:36:59 [noon-ai-dis-was] info: [DIS-API] GET /manager -  관리자 계정 정보 요청 완료
2023-05-15 15:36:59 [noon-ai-dis-was] info: [DIS-API] GET /user -  유저 정보조회 완료
2023-05-15 15:36:59 [noon-ai-dis-was] info: [DIS-API] GET /user -  유저 정보조회 완료
2023-05-15 15:37:01 [noon-ai-dis-was] info: [DIS-API] GET /logout -  관리자 MHNCity 로그아웃 완료
2023-05-15 15:37:02 [noon-ai-dis-was] info: [DIS-API] GET /env -  환경변수 조회 완료
2023-05-15 15:37:02 [noon-ai-dis-was] info: [DIS-API] GET /env -  환경변수 조회 완료
2023-05-15 15:37:03 [noon-ai-dis-was] info: [DIS-API] GET /env -  환경변수 조회 완료
