2023-05-08 10:27:29 [noon-ai-dis-was] error: uncaughtException: Can't drop database 'dev-dis-tenant-76'; database doesn't exist
Error: Can't drop database 'dev-dis-tenant-76'; database doesn't exist
    at PromisePoolConnection.query (/app/node/node_modules/mysql2/promise.js:93:22)
    at exports.deleteTenantDatabase (/app/node/controller/Tenant.Api.Controller.js:113:20)
    at process.processTicksAndRejections (node:internal/process/task_queues:95:5)
2023-05-08 16:21:35 [noon-ai-dis-was] error: uncaughtException: Route.delete() requires a callback function but got a [object Undefined]
Error: Route.delete() requires a callback function but got a [object Undefined]
    at Route.<computed> [as delete] (/app/node/node_modules/express/lib/router/route.js:211:15)
    at proto.<computed> [as delete] (/app/node/node_modules/express/lib/router/index.js:521:19)
    at Object.<anonymous> (/app/node/api/tenant-api.js:13:14)
    at Module._compile (node:internal/modules/cjs/loader:1105:14)
    at Module._extensions..js (node:internal/modules/cjs/loader:1159:10)
    at Module.load (node:internal/modules/cjs/loader:981:32)
    at Module._load (node:internal/modules/cjs/loader:827:12)
    at Module.require (node:internal/modules/cjs/loader:1005:19)
    at require (node:internal/modules/cjs/helpers:102:18)
    at Object.<anonymous> (/app/node/index.js:62:81)
2023-05-08 16:21:40 [noon-ai-dis-was] error: uncaughtException: Route.delete() requires a callback function but got a [object Undefined]
Error: Route.delete() requires a callback function but got a [object Undefined]
    at Route.<computed> [as delete] (/app/node/node_modules/express/lib/router/route.js:211:15)
    at proto.<computed> [as delete] (/app/node/node_modules/express/lib/router/index.js:521:19)
    at Object.<anonymous> (/app/node/api/tenant-api.js:13:14)
    at Module._compile (node:internal/modules/cjs/loader:1105:14)
    at Module._extensions..js (node:internal/modules/cjs/loader:1159:10)
    at Module.load (node:internal/modules/cjs/loader:981:32)
    at Module._load (node:internal/modules/cjs/loader:827:12)
    at Module.require (node:internal/modules/cjs/loader:1005:19)
    at require (node:internal/modules/cjs/helpers:102:18)
    at Object.<anonymous> (/app/node/index.js:62:81)
2023-05-08 16:21:44 [noon-ai-dis-was] error: uncaughtException: Route.delete() requires a callback function but got a [object Undefined]
Error: Route.delete() requires a callback function but got a [object Undefined]
    at Route.<computed> [as delete] (/app/node/node_modules/express/lib/router/route.js:211:15)
    at proto.<computed> [as delete] (/app/node/node_modules/express/lib/router/index.js:521:19)
    at Object.<anonymous> (/app/node/api/tenant-api.js:13:14)
    at Module._compile (node:internal/modules/cjs/loader:1105:14)
    at Module._extensions..js (node:internal/modules/cjs/loader:1159:10)
    at Module.load (node:internal/modules/cjs/loader:981:32)
    at Module._load (node:internal/modules/cjs/loader:827:12)
    at Module.require (node:internal/modules/cjs/loader:1005:19)
    at require (node:internal/modules/cjs/helpers:102:18)
    at Object.<anonymous> (/app/node/index.js:62:81)
2023-05-08 16:21:49 [noon-ai-dis-was] error: uncaughtException: Route.delete() requires a callback function but got a [object Undefined]
Error: Route.delete() requires a callback function but got a [object Undefined]
    at Route.<computed> [as delete] (/app/node/node_modules/express/lib/router/route.js:211:15)
    at proto.<computed> [as delete] (/app/node/node_modules/express/lib/router/index.js:521:19)
    at Object.<anonymous> (/app/node/api/tenant-api.js:13:14)
    at Module._compile (node:internal/modules/cjs/loader:1105:14)
    at Module._extensions..js (node:internal/modules/cjs/loader:1159:10)
    at Module.load (node:internal/modules/cjs/loader:981:32)
    at Module._load (node:internal/modules/cjs/loader:827:12)
    at Module.require (node:internal/modules/cjs/loader:1005:19)
    at require (node:internal/modules/cjs/helpers:102:18)
    at Object.<anonymous> (/app/node/index.js:62:81)
2023-05-08 16:21:54 [noon-ai-dis-was] error: uncaughtException: Route.delete() requires a callback function but got a [object Undefined]
Error: Route.delete() requires a callback function but got a [object Undefined]
    at Route.<computed> [as delete] (/app/node/node_modules/express/lib/router/route.js:211:15)
    at proto.<computed> [as delete] (/app/node/node_modules/express/lib/router/index.js:521:19)
    at Object.<anonymous> (/app/node/api/tenant-api.js:13:14)
    at Module._compile (node:internal/modules/cjs/loader:1105:14)
    at Module._extensions..js (node:internal/modules/cjs/loader:1159:10)
    at Module.load (node:internal/modules/cjs/loader:981:32)
    at Module._load (node:internal/modules/cjs/loader:827:12)
    at Module.require (node:internal/modules/cjs/loader:1005:19)
    at require (node:internal/modules/cjs/helpers:102:18)
    at Object.<anonymous> (/app/node/index.js:62:81)
2023-05-08 16:22:00 [noon-ai-dis-was] error: uncaughtException: Route.delete() requires a callback function but got a [object Undefined]
Error: Route.delete() requires a callback function but got a [object Undefined]
    at Route.<computed> [as delete] (/app/node/node_modules/express/lib/router/route.js:211:15)
    at proto.<computed> [as delete] (/app/node/node_modules/express/lib/router/index.js:521:19)
    at Object.<anonymous> (/app/node/api/tenant-api.js:13:14)
    at Module._compile (node:internal/modules/cjs/loader:1105:14)
    at Module._extensions..js (node:internal/modules/cjs/loader:1159:10)
    at Module.load (node:internal/modules/cjs/loader:981:32)
    at Module._load (node:internal/modules/cjs/loader:827:12)
    at Module.require (node:internal/modules/cjs/loader:1005:19)
    at require (node:internal/modules/cjs/helpers:102:18)
    at Object.<anonymous> (/app/node/index.js:62:81)
2023-05-08 16:22:08 [noon-ai-dis-was] error: uncaughtException: Route.delete() requires a callback function but got a [object Undefined]
Error: Route.delete() requires a callback function but got a [object Undefined]
    at Route.<computed> [as delete] (/app/node/node_modules/express/lib/router/route.js:211:15)
    at proto.<computed> [as delete] (/app/node/node_modules/express/lib/router/index.js:521:19)
    at Object.<anonymous> (/app/node/api/tenant-api.js:13:14)
    at Module._compile (node:internal/modules/cjs/loader:1105:14)
    at Module._extensions..js (node:internal/modules/cjs/loader:1159:10)
    at Module.load (node:internal/modules/cjs/loader:981:32)
    at Module._load (node:internal/modules/cjs/loader:827:12)
    at Module.require (node:internal/modules/cjs/loader:1005:19)
    at require (node:internal/modules/cjs/helpers:102:18)
    at Object.<anonymous> (/app/node/index.js:62:81)
2023-05-08 16:22:19 [noon-ai-dis-was] error: uncaughtException: Route.delete() requires a callback function but got a [object Undefined]
Error: Route.delete() requires a callback function but got a [object Undefined]
    at Route.<computed> [as delete] (/app/node/node_modules/express/lib/router/route.js:211:15)
    at proto.<computed> [as delete] (/app/node/node_modules/express/lib/router/index.js:521:19)
    at Object.<anonymous> (/app/node/api/tenant-api.js:13:14)
    at Module._compile (node:internal/modules/cjs/loader:1105:14)
    at Module._extensions..js (node:internal/modules/cjs/loader:1159:10)
    at Module.load (node:internal/modules/cjs/loader:981:32)
    at Module._load (node:internal/modules/cjs/loader:827:12)
    at Module.require (node:internal/modules/cjs/loader:1005:19)
    at require (node:internal/modules/cjs/helpers:102:18)
    at Object.<anonymous> (/app/node/index.js:62:81)
2023-05-08 16:22:36 [noon-ai-dis-was] error: uncaughtException: Route.delete() requires a callback function but got a [object Undefined]
Error: Route.delete() requires a callback function but got a [object Undefined]
    at Route.<computed> [as delete] (/app/node/node_modules/express/lib/router/route.js:211:15)
    at proto.<computed> [as delete] (/app/node/node_modules/express/lib/router/index.js:521:19)
    at Object.<anonymous> (/app/node/api/tenant-api.js:13:14)
    at Module._compile (node:internal/modules/cjs/loader:1105:14)
    at Module._extensions..js (node:internal/modules/cjs/loader:1159:10)
    at Module.load (node:internal/modules/cjs/loader:981:32)
    at Module._load (node:internal/modules/cjs/loader:827:12)
    at Module.require (node:internal/modules/cjs/loader:1005:19)
    at require (node:internal/modules/cjs/helpers:102:18)
    at Object.<anonymous> (/app/node/index.js:62:81)
2023-05-08 17:12:44 [noon-ai-dis-was] error: uncaughtException: Cannot set headers after they are sent to the client
Error [ERR_HTTP_HEADERS_SENT]: Cannot set headers after they are sent to the client
    at new NodeError (node:internal/errors:377:5)
    at ServerResponse.setHeader (node:_http_outgoing:595:11)
    at ServerResponse.header (/app/node/node_modules/express/lib/response.js:794:10)
    at ServerResponse.send (/app/node/node_modules/express/lib/response.js:174:12)
    at ServerResponse.json (/app/node/node_modules/express/lib/response.js:278:15)
    at exports.deleteTenantAccount (/app/node/controller/Tenant.Api.Controller.js:138:25)
    at Layer.handle [as handle_request] (/app/node/node_modules/express/lib/router/layer.js:95:5)
    at next (/app/node/node_modules/express/lib/router/route.js:144:13)
    at exports.isLoggedIn (/app/node/user_modules/middlewares.js:3:9)
    at Layer.handle [as handle_request] (/app/node/node_modules/express/lib/router/layer.js:95:5)
