2023-05-10 09:13:55 [noon-ai-dis-was] info: [DIS-API] GET /env -  환경변수 조회 완료
2023-05-10 10:05:09 [noon-ai-dis-was] info: [DIS-API] GET /env -  환경변수 조회 완료
2023-05-10 10:05:14 [noon-ai-dis-was] info: [DIS-API] POST /first-login -  1차 로그인 완료
2023-05-10 10:05:15 [noon-ai-dis-was] info: [DIS-API] PUT /login/failCount/clear -  로그인 실패 횟수 0 초기화
2023-05-10 10:05:15 [noon-ai-dis-was] info: [DIS-API] POST /login -  관리자 MHNCity 로그인 완료
2023-05-10 10:05:15 [noon-ai-dis-was] info: [DIS-API] PUT /login/lockCount -  lock_count 0 초기화
2023-05-10 10:05:15 [noon-ai-dis-was] info: [DIS-API] GET /signup/request -  가입요청 목록 조회 완료
2023-05-10 10:05:15 [noon-ai-dis-was] info: [DIS-API] GET /user -  유저 정보조회 완료
2023-05-10 10:05:18 [noon-ai-dis-was] info: [DIS-API] GET /env -  환경변수 조회 완료
2023-05-10 10:05:18 [noon-ai-dis-was] info: [NCP-API] GET /bucket/list -  버킷 목록 조회 완료
2023-05-10 10:05:18 [noon-ai-dis-was] info: [DIS-API] GET /tenant -  테넌트 목록 조회 완료
2023-05-10 10:05:18 [noon-ai-dis-was] info: [DIS-API] GET /user -  유저 정보조회 완료
2023-05-10 10:05:20 [noon-ai-dis-was] info: [DIS-API] GET /user -  유저 정보조회 완료
2023-05-10 10:05:20 [noon-ai-dis-was] info: [DIS-API] GET /manager -  관리자 계정 정보 요청 완료
2023-05-10 10:05:20 [noon-ai-dis-was] info: [DIS-API] GET /user -  유저 정보조회 완료
2023-05-10 10:05:20 [noon-ai-dis-was] info: [DIS-API] GET /user -  유저 정보조회 완료
2023-05-10 10:05:21 [noon-ai-dis-was] info: [NCP-API] GET /usage -  월간 미터링 정보 조회 완료
2023-05-10 10:05:21 [noon-ai-dis-was] info: [DIS-API] GET /user -  유저 정보조회 완료
2023-05-10 10:05:23 [noon-ai-dis-was] info: [DIS-API] GET /env -  환경변수 조회 완료
2023-05-10 10:05:23 [noon-ai-dis-was] info: [NCP-API] GET /bucket/list -  버킷 목록 조회 완료
2023-05-10 10:05:23 [noon-ai-dis-was] info: [DIS-API] GET /tenant -  테넌트 목록 조회 완료
2023-05-10 10:05:23 [noon-ai-dis-was] info: [DIS-API] GET /user -  유저 정보조회 완료
2023-05-10 10:05:25 [noon-ai-dis-was] info: [DIS-API] GET /user -  유저 정보조회 완료
2023-05-10 10:05:25 [noon-ai-dis-was] info: [DIS-API] GET /manager -  관리자 계정 정보 요청 완료
2023-05-10 10:05:25 [noon-ai-dis-was] info: [DIS-API] GET /user -  유저 정보조회 완료
2023-05-10 10:05:25 [noon-ai-dis-was] info: [DIS-API] GET /user -  유저 정보조회 완료
2023-05-10 10:05:26 [noon-ai-dis-was] info: [NCP-API] GET /usage -  월간 미터링 정보 조회 완료
2023-05-10 10:05:26 [noon-ai-dis-was] info: [DIS-API] GET /user -  유저 정보조회 완료
2023-05-10 10:05:27 [noon-ai-dis-was] info: [DIS-API] GET /env -  환경변수 조회 완료
2023-05-10 10:05:27 [noon-ai-dis-was] info: [NCP-API] GET /bucket/list -  버킷 목록 조회 완료
2023-05-10 10:05:27 [noon-ai-dis-was] info: [DIS-API] GET /tenant -  테넌트 목록 조회 완료
2023-05-10 10:05:27 [noon-ai-dis-was] info: [DIS-API] GET /user -  유저 정보조회 완료
2023-05-10 10:05:28 [noon-ai-dis-was] info: [DIS-API] GET /user -  유저 정보조회 완료
2023-05-10 10:05:28 [noon-ai-dis-was] info: [DIS-API] GET /manager -  관리자 계정 정보 요청 완료
2023-05-10 10:05:28 [noon-ai-dis-was] info: [DIS-API] GET /user -  유저 정보조회 완료
2023-05-10 10:05:28 [noon-ai-dis-was] info: [DIS-API] GET /user -  유저 정보조회 완료
2023-05-10 10:05:30 [noon-ai-dis-was] info: [NCP-API] GET /usage -  월간 미터링 정보 조회 완료
2023-05-10 10:05:30 [noon-ai-dis-was] info: [DIS-API] GET /user -  유저 정보조회 완료
2023-05-10 10:05:31 [noon-ai-dis-was] info: [DIS-API] GET /env -  환경변수 조회 완료
2023-05-10 10:05:31 [noon-ai-dis-was] info: [NCP-API] GET /bucket/list -  버킷 목록 조회 완료
2023-05-10 10:05:31 [noon-ai-dis-was] info: [DIS-API] GET /tenant -  테넌트 목록 조회 완료
2023-05-10 10:05:31 [noon-ai-dis-was] info: [DIS-API] GET /user -  유저 정보조회 완료
2023-05-10 10:05:33 [noon-ai-dis-was] info: [NCP-API] GET /usage -  월간 미터링 정보 조회 완료
2023-05-10 10:05:33 [noon-ai-dis-was] info: [DIS-API] GET /user -  유저 정보조회 완료
2023-05-10 10:05:34 [noon-ai-dis-was] info: [DIS-API] GET /user -  유저 정보조회 완료
2023-05-10 10:05:34 [noon-ai-dis-was] info: [DIS-API] GET /manager -  관리자 계정 정보 요청 완료
2023-05-10 10:05:34 [noon-ai-dis-was] info: [DIS-API] GET /user -  유저 정보조회 완료
2023-05-10 10:05:34 [noon-ai-dis-was] info: [DIS-API] GET /user -  유저 정보조회 완료
2023-05-10 10:05:36 [noon-ai-dis-was] info: [NCP-API] GET /usage -  월간 미터링 정보 조회 완료
2023-05-10 10:05:36 [noon-ai-dis-was] info: [DIS-API] GET /user -  유저 정보조회 완료
2023-05-10 10:05:38 [noon-ai-dis-was] info: [DIS-API] GET /env -  환경변수 조회 완료
2023-05-10 10:05:38 [noon-ai-dis-was] info: [NCP-API] GET /bucket/list -  버킷 목록 조회 완료
2023-05-10 10:05:38 [noon-ai-dis-was] info: [DIS-API] GET /tenant -  테넌트 목록 조회 완료
2023-05-10 10:05:38 [noon-ai-dis-was] info: [DIS-API] GET /user -  유저 정보조회 완료
2023-05-10 10:06:02 [noon-ai-dis-was] info: [DIS-API] GET /env -  환경변수 조회 완료
2023-05-10 10:06:02 [noon-ai-dis-was] info: [NCP-API] GET /bucket/list -  버킷 목록 조회 완료
2023-05-10 10:06:02 [noon-ai-dis-was] info: [DIS-API] GET /tenant -  테넌트 목록 조회 완료
2023-05-10 10:06:02 [noon-ai-dis-was] info: [DIS-API] GET /user -  유저 정보조회 완료
2023-05-10 14:50:18 [noon-ai-dis-was] info: [DIS-API] GET /env -  환경변수 조회 완료
2023-05-10 14:50:22 [noon-ai-dis-was] info: [DIS-API] POST /first-login -  1차 로그인 완료
2023-05-10 14:50:23 [noon-ai-dis-was] info: [DIS-API] PUT /login/failCount/clear -  로그인 실패 횟수 0 초기화
2023-05-10 14:50:23 [noon-ai-dis-was] info: [DIS-API] POST /login -  관리자 MHNCity 로그인 완료
2023-05-10 14:50:23 [noon-ai-dis-was] info: [DIS-API] PUT /login/lockCount -  lock_count 0 초기화
2023-05-10 14:50:23 [noon-ai-dis-was] info: [DIS-API] GET /signup/request -  가입요청 목록 조회 완료
2023-05-10 14:50:23 [noon-ai-dis-was] info: [DIS-API] GET /user -  유저 정보조회 완료
2023-05-10 14:50:25 [noon-ai-dis-was] info: [NCP-API] GET /usage -  월간 미터링 정보 조회 완료
2023-05-10 14:50:25 [noon-ai-dis-was] info: [DIS-API] GET /user -  유저 정보조회 완료
2023-05-10 14:50:28 [noon-ai-dis-was] info: [DIS-API] GET /env -  환경변수 조회 완료
2023-05-10 14:50:29 [noon-ai-dis-was] info: [NCP-API] GET /bucket/list -  버킷 목록 조회 완료
2023-05-10 14:50:29 [noon-ai-dis-was] info: [DIS-API] GET /tenant -  테넌트 목록 조회 완료
2023-05-10 14:50:29 [noon-ai-dis-was] info: [DIS-API] GET /user -  유저 정보조회 완료
2023-05-10 14:50:30 [noon-ai-dis-was] info: [DIS-API] GET /user -  유저 정보조회 완료
2023-05-10 14:50:30 [noon-ai-dis-was] info: [DIS-API] GET /manager -  관리자 계정 정보 요청 완료
2023-05-10 14:50:30 [noon-ai-dis-was] info: [DIS-API] GET /user -  유저 정보조회 완료
2023-05-10 14:50:30 [noon-ai-dis-was] info: [DIS-API] GET /user -  유저 정보조회 완료
2023-05-10 14:50:32 [noon-ai-dis-was] info: [DIS-API] GET /signup/request -  가입요청 목록 조회 완료
2023-05-10 14:50:32 [noon-ai-dis-was] info: [DIS-API] GET /user -  유저 정보조회 완료
2023-05-10 14:50:33 [noon-ai-dis-was] info: [DIS-API] GET /signup/request -  가입요청 목록 조회 완료
2023-05-10 14:50:33 [noon-ai-dis-was] info: [DIS-API] GET /user -  유저 정보조회 완료
