2023-04-28 09:18:03 [noon-ai-dis-was] info: [DIS-API] GET /env -  환경변수 조회 완료
2023-04-28 09:18:04 [noon-ai-dis-was] info: [DIS-API] GET /env -  환경변수 조회 완료
2023-04-28 09:18:09 [noon-ai-dis-was] info: [DIS-API] POST /first-login -  1차 로그인 완료
2023-04-28 09:18:10 [noon-ai-dis-was] info: [DIS-API] PUT /login/failCount/clear -  로그인 실패 횟수 0 초기화
2023-04-28 09:18:10 [noon-ai-dis-was] info: [DIS-API] POST /login -  관리자 이민형 로그인 완료
2023-04-28 09:18:10 [noon-ai-dis-was] info: [DIS-API] PUT /login/lockCount -  lock_count 0 초기화
2023-04-28 09:18:10 [noon-ai-dis-was] info: [DIS-API] GET /signup/request -  가입요청 목록 조회 완료
2023-04-28 09:18:10 [noon-ai-dis-was] info: [DIS-API] GET /user -  유저 정보조회 완료
2023-04-28 09:18:13 [noon-ai-dis-was] info: [DIS-API] GET /manager -  관리자 계정 정보 요청 완료
2023-04-28 09:18:13 [noon-ai-dis-was] info: [DIS-API] GET /user -  유저 정보조회 완료
2023-04-28 09:18:29 [noon-ai-dis-was] info: [DIS-API] GET /logout -  관리자 이민형 로그아웃 완료
2023-04-28 09:18:29 [noon-ai-dis-was] info: [DIS-API] GET /env -  환경변수 조회 완료
2023-04-28 09:18:57 [noon-ai-dis-was] info: [DIS-API] GET /env -  환경변수 조회 완료
2023-04-28 09:18:58 [noon-ai-dis-was] info: [DIS-API] GET /env -  환경변수 조회 완료
2023-04-28 09:18:58 [noon-ai-dis-was] info: [DIS-API] GET /env -  환경변수 조회 완료
2023-04-28 09:19:08 [noon-ai-dis-was] info: [DIS-API] GET /env -  환경변수 조회 완료
2023-04-28 09:19:21 [noon-ai-dis-was] info: [DIS-API] GET /env -  환경변수 조회 완료
2023-04-28 09:19:31 [noon-ai-dis-was] info: [DIS-API] GET /env -  환경변수 조회 완료
2023-04-28 09:19:34 [noon-ai-dis-was] info: [DIS-API] GET /env -  환경변수 조회 완료
2023-04-28 09:19:37 [noon-ai-dis-was] info: [DIS-API] GET /env -  환경변수 조회 완료
2023-04-28 09:21:14 [noon-ai-dis-was] info: [DIS-API] POST /first-login -  1차 로그인 완료
2023-04-28 09:21:16 [noon-ai-dis-was] info: [DIS-API] PUT /login/failCount/clear -  로그인 실패 횟수 0 초기화
2023-04-28 09:21:16 [noon-ai-dis-was] info: [DIS-API] POST /login -  관리자 MHNCity 로그인 완료
2023-04-28 09:21:16 [noon-ai-dis-was] info: [DIS-API] PUT /login/lockCount -  lock_count 0 초기화
2023-04-28 09:21:16 [noon-ai-dis-was] info: [DIS-API] GET /signup/request -  가입요청 목록 조회 완료
2023-04-28 09:21:16 [noon-ai-dis-was] info: [DIS-API] GET /user -  유저 정보조회 완료
2023-04-28 09:21:19 [noon-ai-dis-was] info: [DIS-API] GET /manager -  관리자 계정 정보 요청 완료
2023-04-28 09:21:19 [noon-ai-dis-was] info: [DIS-API] GET /user -  유저 정보조회 완료
2023-04-28 09:25:52 [noon-ai-dis-was] info: [DIS-API] GET /env -  환경변수 조회 완료
2023-04-28 09:25:58 [noon-ai-dis-was] info: [DIS-API] POST /first-login -  이미 로그인중인 사용자
2023-04-28 09:26:03 [noon-ai-dis-was] info: [DIS-API] POST /first-login -  이미 로그인중인 사용자
2023-04-28 09:26:09 [noon-ai-dis-was] info: [DIS-API] GET /env -  환경변수 조회 완료
2023-04-28 09:26:33 [noon-ai-dis-was] info: [DIS-API] POST /first-login -  이미 로그인중인 사용자
2023-04-28 09:26:41 [noon-ai-dis-was] info: [DIS-API] GET /env -  환경변수 조회 완료
2023-04-28 09:26:42 [noon-ai-dis-was] info: [DIS-API] GET /env -  환경변수 조회 완료
2023-04-28 09:26:43 [noon-ai-dis-was] info: [DIS-API] GET /env -  환경변수 조회 완료
2023-04-28 09:26:49 [noon-ai-dis-was] info: [DIS-API] GET /env -  환경변수 조회 완료
2023-04-28 09:27:15 [noon-ai-dis-was] info: [DIS-API] GET /signup/request -  가입요청 목록 조회 완료
2023-04-28 09:27:15 [noon-ai-dis-was] info: [DIS-API] GET /user -  유저 정보조회 완료
2023-04-28 09:27:17 [noon-ai-dis-was] info: [DIS-API] GET /logout -  관리자 MHNCity 로그아웃 완료
2023-04-28 09:27:17 [noon-ai-dis-was] info: [DIS-API] GET /env -  환경변수 조회 완료
2023-04-28 09:27:21 [noon-ai-dis-was] info: [DIS-API] POST /first-login -  1차 로그인 완료
2023-04-28 09:27:22 [noon-ai-dis-was] info: [DIS-API] PUT /login/failCount/clear -  로그인 실패 횟수 0 초기화
2023-04-28 09:27:22 [noon-ai-dis-was] info: [DIS-API] POST /login -  관리자 이민형 로그인 완료
2023-04-28 09:27:22 [noon-ai-dis-was] info: [DIS-API] PUT /login/lockCount -  lock_count 0 초기화
2023-04-28 09:27:22 [noon-ai-dis-was] info: [DIS-API] GET /signup/request -  가입요청 목록 조회 완료
2023-04-28 09:27:22 [noon-ai-dis-was] info: [DIS-API] GET /user -  유저 정보조회 완료
2023-04-28 09:27:27 [noon-ai-dis-was] info: [DIS-API] GET /env -  환경변수 조회 완료
2023-04-28 09:27:33 [noon-ai-dis-was] info: [DIS-API] POST /first-login -  이미 로그인중인 사용자
2023-04-28 09:27:39 [noon-ai-dis-was] info: [DIS-API] GET /signup/request -  가입요청 목록 조회 완료
2023-04-28 09:27:39 [noon-ai-dis-was] info: [DIS-API] GET /user -  유저 정보조회 완료
2023-04-28 09:27:42 [noon-ai-dis-was] info: [DIS-API] GET /signup/request -  가입요청 목록 조회 완료
2023-04-28 09:27:42 [noon-ai-dis-was] info: [DIS-API] GET /user -  유저 정보조회 완료
2023-04-28 09:27:43 [noon-ai-dis-was] info: [NCP-API] GET /usage -  월간 미터링 정보 조회 완료
2023-04-28 09:27:43 [noon-ai-dis-was] info: [DIS-API] GET /user -  유저 정보조회 완료
2023-04-28 09:27:45 [noon-ai-dis-was] info: [DIS-API] GET /manager -  관리자 계정 정보 요청 완료
2023-04-28 09:27:45 [noon-ai-dis-was] info: [DIS-API] GET /user -  유저 정보조회 완료
2023-04-28 09:27:49 [noon-ai-dis-was] info: [DIS-API] GET /logout -  관리자 이민형 로그아웃 완료
2023-04-28 09:27:49 [noon-ai-dis-was] info: [DIS-API] GET /env -  환경변수 조회 완료
2023-04-28 09:27:51 [noon-ai-dis-was] info: [DIS-API] POST /first-login -  1차 로그인 완료
2023-04-28 09:27:56 [noon-ai-dis-was] info: [DIS-API] PUT /login/failCount/clear -  로그인 실패 횟수 0 초기화
2023-04-28 09:27:56 [noon-ai-dis-was] info: [DIS-API] POST /login -  관리자 이민형 로그인 완료
2023-04-28 09:27:56 [noon-ai-dis-was] info: [DIS-API] PUT /login/lockCount -  lock_count 0 초기화
2023-04-28 09:27:56 [noon-ai-dis-was] info: [DIS-API] GET /signup/request -  가입요청 목록 조회 완료
2023-04-28 09:27:56 [noon-ai-dis-was] info: [DIS-API] GET /user -  유저 정보조회 완료
2023-04-28 09:28:04 [noon-ai-dis-was] info: [DIS-API] POST /first-login -  이미 로그인중인 사용자
2023-04-28 09:29:12 [noon-ai-dis-was] info: [DIS-API] GET /manager -  관리자 계정 정보 요청 완료
2023-04-28 09:29:12 [noon-ai-dis-was] info: [DIS-API] GET /user -  유저 정보조회 완료
2023-04-28 09:30:55 [noon-ai-dis-was] info: [DIS-API] GET /manager -  관리자 계정 정보 요청 완료
2023-04-28 09:30:55 [noon-ai-dis-was] info: [DIS-API] GET /user -  유저 정보조회 완료
2023-04-28 09:31:04 [noon-ai-dis-was] info: [DIS-API] GET /manager -  관리자 계정 정보 요청 완료
2023-04-28 09:31:04 [noon-ai-dis-was] info: [DIS-API] GET /user -  유저 정보조회 완료
2023-04-28 09:31:26 [noon-ai-dis-was] info: [DIS-API] GET /manager -  관리자 계정 정보 요청 완료
2023-04-28 09:31:26 [noon-ai-dis-was] info: [DIS-API] GET /user -  유저 정보조회 완료
2023-04-28 09:33:12 [noon-ai-dis-was] info: [DIS-API] GET /manager -  관리자 계정 정보 요청 완료
2023-04-28 09:33:12 [noon-ai-dis-was] info: [DIS-API] GET /user -  유저 정보조회 완료
2023-04-28 09:33:13 [noon-ai-dis-was] info: [DIS-API] GET /manager -  관리자 계정 정보 요청 완료
2023-04-28 09:33:13 [noon-ai-dis-was] info: [DIS-API] GET /user -  유저 정보조회 완료
2023-04-28 09:33:15 [noon-ai-dis-was] info: [DIS-API] GET /manager -  관리자 계정 정보 요청 완료
2023-04-28 09:33:15 [noon-ai-dis-was] info: [DIS-API] GET /user -  유저 정보조회 완료
2023-04-28 09:33:47 [noon-ai-dis-was] info: [DIS-API] GET /manager -  관리자 계정 정보 요청 완료
2023-04-28 09:33:47 [noon-ai-dis-was] info: [DIS-API] GET /user -  유저 정보조회 완료
2023-04-28 09:33:48 [noon-ai-dis-was] info: [DIS-API] GET /manager -  관리자 계정 정보 요청 완료
2023-04-28 09:33:48 [noon-ai-dis-was] info: [DIS-API] GET /user -  유저 정보조회 완료
2023-04-28 09:33:48 [noon-ai-dis-was] info: [DIS-API] GET /manager -  관리자 계정 정보 요청 완료
2023-04-28 09:33:48 [noon-ai-dis-was] info: [DIS-API] GET /user -  유저 정보조회 완료
2023-04-28 09:34:51 [noon-ai-dis-was] info: [DIS-API] GET /manager -  관리자 계정 정보 요청 완료
2023-04-28 09:34:51 [noon-ai-dis-was] info: [DIS-API] GET /user -  유저 정보조회 완료
2023-04-28 09:34:52 [noon-ai-dis-was] info: [DIS-API] GET /manager -  관리자 계정 정보 요청 완료
2023-04-28 09:34:52 [noon-ai-dis-was] info: [DIS-API] GET /user -  유저 정보조회 완료
2023-04-28 09:35:53 [noon-ai-dis-was] info: [DIS-API] GET /manager -  관리자 계정 정보 요청 완료
2023-04-28 09:35:53 [noon-ai-dis-was] info: [DIS-API] GET /user -  유저 정보조회 완료
2023-04-28 09:36:31 [noon-ai-dis-was] info: [DIS-API] GET /manager -  관리자 계정 정보 요청 완료
2023-04-28 09:36:31 [noon-ai-dis-was] info: [DIS-API] GET /user -  유저 정보조회 완료
2023-04-28 09:36:52 [noon-ai-dis-was] info: [DIS-API] GET /manager -  관리자 계정 정보 요청 완료
2023-04-28 09:36:52 [noon-ai-dis-was] info: [DIS-API] GET /user -  유저 정보조회 완료
2023-04-28 09:37:02 [noon-ai-dis-was] info: [DIS-API] GET /user -  유저 정보조회 완료
2023-04-28 09:37:02 [noon-ai-dis-was] info: [DIS-API] POST /passwordCheck -  패스워드 불일치
2023-04-28 09:37:05 [noon-ai-dis-was] info: [DIS-API] GET /manager -  관리자 계정 정보 요청 완료
2023-04-28 09:37:05 [noon-ai-dis-was] info: [DIS-API] GET /user -  유저 정보조회 완료
2023-04-28 09:38:54 [noon-ai-dis-was] info: [DIS-API] GET /manager -  관리자 계정 정보 요청 완료
2023-04-28 09:38:54 [noon-ai-dis-was] info: [DIS-API] GET /user -  유저 정보조회 완료
2023-04-28 09:39:05 [noon-ai-dis-was] info: [DIS-API] GET /manager -  관리자 계정 정보 요청 완료
2023-04-28 09:39:05 [noon-ai-dis-was] info: [DIS-API] GET /user -  유저 정보조회 완료
2023-04-28 09:39:10 [noon-ai-dis-was] info: [DIS-API] GET /user -  유저 정보조회 완료
2023-04-28 09:39:10 [noon-ai-dis-was] info: [DIS-API] POST /passwordCheck -  비밀번호 확인 완료
2023-04-28 09:39:13 [noon-ai-dis-was] info: [DIS-API] GET /user -  유저 정보조회 완료
2023-04-28 09:39:13 [noon-ai-dis-was] info: [DIS-API] POST /passwordCheck -  패스워드 불일치
2023-04-28 09:39:26 [noon-ai-dis-was] info: [DIS-API] GET /user -  유저 정보조회 완료
2023-04-28 09:39:26 [noon-ai-dis-was] info: [DIS-API] POST /passwordCheck -  패스워드 불일치
2023-04-28 09:39:31 [noon-ai-dis-was] info: [DIS-API] GET /user -  유저 정보조회 완료
2023-04-28 09:39:31 [noon-ai-dis-was] info: [DIS-API] POST /passwordCheck -  비밀번호 확인 완료
2023-04-28 09:40:35 [noon-ai-dis-was] info: [DIS-API] GET /manager -  관리자 계정 정보 요청 완료
2023-04-28 09:40:35 [noon-ai-dis-was] info: [DIS-API] GET /user -  유저 정보조회 완료
2023-04-28 09:40:39 [noon-ai-dis-was] info: [DIS-API] GET /user -  유저 정보조회 완료
2023-04-28 09:40:39 [noon-ai-dis-was] info: [DIS-API] POST /passwordCheck -  비밀번호 확인 완료
2023-04-28 09:40:42 [noon-ai-dis-was] info: [DIS-API] GET /user -  유저 정보조회 완료
2023-04-28 09:40:42 [noon-ai-dis-was] info: [DIS-API] POST /passwordCheck -  패스워드 불일치
2023-04-28 09:46:28 [noon-ai-dis-was] info: [DIS-API] GET /manager -  관리자 계정 정보 요청 완료
2023-04-28 09:46:28 [noon-ai-dis-was] info: [DIS-API] GET /user -  유저 정보조회 완료
2023-04-28 09:46:29 [noon-ai-dis-was] info: [DIS-API] GET /user -  유저 정보조회 완료
2023-04-28 09:46:42 [noon-ai-dis-was] info: [DIS-API] GET /user -  유저 정보조회 완료
2023-04-28 09:47:13 [noon-ai-dis-was] info: [DIS-API] GET /manager -  관리자 계정 정보 요청 완료
2023-04-28 09:47:13 [noon-ai-dis-was] info: [DIS-API] GET /user -  유저 정보조회 완료
2023-04-28 09:47:21 [noon-ai-dis-was] info: [DIS-API] GET /manager -  관리자 계정 정보 요청 완료
2023-04-28 09:47:21 [noon-ai-dis-was] info: [DIS-API] GET /user -  유저 정보조회 완료
2023-04-28 09:47:21 [noon-ai-dis-was] info: [DIS-API] GET /user -  유저 정보조회 완료
2023-04-28 09:47:22 [noon-ai-dis-was] info: [DIS-API] GET /manager -  관리자 계정 정보 요청 완료
2023-04-28 09:47:22 [noon-ai-dis-was] info: [DIS-API] GET /user -  유저 정보조회 완료
2023-04-28 09:47:23 [noon-ai-dis-was] info: [DIS-API] GET /user -  유저 정보조회 완료
2023-04-28 09:47:59 [noon-ai-dis-was] info: [DIS-API] GET /manager -  관리자 계정 정보 요청 완료
2023-04-28 09:47:59 [noon-ai-dis-was] info: [DIS-API] GET /user -  유저 정보조회 완료
2023-04-28 09:48:00 [noon-ai-dis-was] info: [DIS-API] GET /manager -  관리자 계정 정보 요청 완료
2023-04-28 09:48:00 [noon-ai-dis-was] info: [DIS-API] GET /user -  유저 정보조회 완료
2023-04-28 09:48:01 [noon-ai-dis-was] info: [DIS-API] GET /user -  유저 정보조회 완료
2023-04-28 09:48:03 [noon-ai-dis-was] info: [DIS-API] GET /user -  유저 정보조회 완료
2023-04-28 09:48:03 [noon-ai-dis-was] info: [DIS-API] POST /passwordCheck -  패스워드 불일치
2023-04-28 09:48:04 [noon-ai-dis-was] info: [DIS-API] GET /manager -  관리자 계정 정보 요청 완료
2023-04-28 09:48:04 [noon-ai-dis-was] info: [DIS-API] GET /user -  유저 정보조회 완료
2023-04-28 09:48:07 [noon-ai-dis-was] info: [DIS-API] GET /user -  유저 정보조회 완료
2023-04-28 09:48:07 [noon-ai-dis-was] info: [DIS-API] GET /manager -  관리자 계정 정보 요청 완료
2023-04-28 09:48:07 [noon-ai-dis-was] info: [DIS-API] GET /user -  유저 정보조회 완료
2023-04-28 09:48:08 [noon-ai-dis-was] info: [DIS-API] GET /user -  유저 정보조회 완료
2023-04-28 09:48:09 [noon-ai-dis-was] info: [DIS-API] GET /user -  유저 정보조회 완료
2023-04-28 09:48:10 [noon-ai-dis-was] info: [DIS-API] POST /passwordCheck -  패스워드 불일치
2023-04-28 09:48:11 [noon-ai-dis-was] info: [DIS-API] GET /manager -  관리자 계정 정보 요청 완료
2023-04-28 09:48:11 [noon-ai-dis-was] info: [DIS-API] GET /user -  유저 정보조회 완료
2023-04-28 09:48:12 [noon-ai-dis-was] info: [DIS-API] GET /user -  유저 정보조회 완료
2023-04-28 09:48:14 [noon-ai-dis-was] info: [DIS-API] GET /manager -  관리자 계정 정보 요청 완료
2023-04-28 09:48:14 [noon-ai-dis-was] info: [DIS-API] GET /user -  유저 정보조회 완료
2023-04-28 09:48:22 [noon-ai-dis-was] info: [DIS-API] GET /user -  유저 정보조회 완료
2023-04-28 09:48:24 [noon-ai-dis-was] info: [DIS-API] GET /manager -  관리자 계정 정보 요청 완료
2023-04-28 09:48:24 [noon-ai-dis-was] info: [DIS-API] GET /user -  유저 정보조회 완료
2023-04-28 09:49:01 [noon-ai-dis-was] info: [DIS-API] GET /manager -  관리자 계정 정보 요청 완료
2023-04-28 09:49:01 [noon-ai-dis-was] info: [DIS-API] GET /user -  유저 정보조회 완료
2023-04-28 09:54:37 [noon-ai-dis-was] info: [DIS-API] GET /user -  유저 정보조회 완료
2023-04-28 09:54:39 [noon-ai-dis-was] info: [DIS-API] GET /user -  유저 정보조회 완료
2023-04-28 09:55:00 [noon-ai-dis-was] info: [DIS-API] GET /user -  유저 정보조회 완료
2023-04-28 09:55:00 [noon-ai-dis-was] info: [DIS-API] GET /manager -  관리자 계정 정보 요청 완료
2023-04-28 09:55:00 [noon-ai-dis-was] info: [DIS-API] GET /user -  유저 정보조회 완료
2023-04-28 09:55:03 [noon-ai-dis-was] info: [DIS-API] GET /logout -  관리자 이민형 로그아웃 완료
2023-04-28 09:55:03 [noon-ai-dis-was] info: [DIS-API] GET /env -  환경변수 조회 완료
2023-04-28 09:55:07 [noon-ai-dis-was] info: [DIS-API] POST /first-login -  1차 로그인 완료
2023-04-28 09:55:09 [noon-ai-dis-was] info: [DIS-API] PUT /login/failCount/clear -  로그인 실패 횟수 0 초기화
2023-04-28 09:55:09 [noon-ai-dis-was] info: [DIS-API] POST /login -  관리자 MHNCity 로그인 완료
2023-04-28 09:55:09 [noon-ai-dis-was] info: [DIS-API] PUT /login/lockCount -  lock_count 0 초기화
2023-04-28 09:55:09 [noon-ai-dis-was] info: [DIS-API] GET /signup/request -  가입요청 목록 조회 완료
2023-04-28 09:55:09 [noon-ai-dis-was] info: [DIS-API] GET /user -  유저 정보조회 완료
2023-04-28 09:55:11 [noon-ai-dis-was] info: [DIS-API] GET /user -  유저 정보조회 완료
2023-04-28 09:55:11 [noon-ai-dis-was] info: [DIS-API] GET /manager -  관리자 계정 정보 요청 완료
2023-04-28 09:55:11 [noon-ai-dis-was] info: [DIS-API] GET /user -  유저 정보조회 완료
2023-04-28 09:55:25 [noon-ai-dis-was] info: [DIS-API] GET /user -  유저 정보조회 완료
2023-04-28 09:55:25 [noon-ai-dis-was] info: [DIS-API] GET /manager -  관리자 계정 정보 요청 완료
2023-04-28 09:55:25 [noon-ai-dis-was] info: [DIS-API] GET /user -  유저 정보조회 완료
2023-04-28 09:55:34 [noon-ai-dis-was] info: [DIS-API] GET /user -  유저 정보조회 완료
2023-04-28 09:55:34 [noon-ai-dis-was] info: [DIS-API] GET /manager -  관리자 계정 정보 요청 완료
2023-04-28 09:55:34 [noon-ai-dis-was] info: [DIS-API] GET /user -  유저 정보조회 완료
2023-04-28 09:55:35 [noon-ai-dis-was] info: [DIS-API] GET /user -  유저 정보조회 완료
2023-04-28 09:55:35 [noon-ai-dis-was] info: [DIS-API] GET /manager -  관리자 계정 정보 요청 완료
2023-04-28 09:55:35 [noon-ai-dis-was] info: [DIS-API] GET /user -  유저 정보조회 완료
2023-04-28 09:55:46 [noon-ai-dis-was] info: [DIS-API] GET /user -  유저 정보조회 완료
2023-04-28 09:55:46 [noon-ai-dis-was] info: [DIS-API] GET /manager -  관리자 계정 정보 요청 완료
2023-04-28 09:55:46 [noon-ai-dis-was] info: [DIS-API] GET /user -  유저 정보조회 완료
2023-04-28 09:55:47 [noon-ai-dis-was] info: [DIS-API] GET /user -  유저 정보조회 완료
2023-04-28 09:55:47 [noon-ai-dis-was] info: [DIS-API] GET /manager -  관리자 계정 정보 요청 완료
2023-04-28 09:55:47 [noon-ai-dis-was] info: [DIS-API] GET /user -  유저 정보조회 완료
2023-04-28 09:55:48 [noon-ai-dis-was] info: [DIS-API] GET /user -  유저 정보조회 완료
2023-04-28 09:55:48 [noon-ai-dis-was] info: [DIS-API] GET /manager -  관리자 계정 정보 요청 완료
2023-04-28 09:55:48 [noon-ai-dis-was] info: [DIS-API] GET /user -  유저 정보조회 완료
2023-04-28 09:55:49 [noon-ai-dis-was] info: [DIS-API] GET /user -  유저 정보조회 완료
2023-04-28 09:55:49 [noon-ai-dis-was] info: [DIS-API] GET /manager -  관리자 계정 정보 요청 완료
2023-04-28 09:55:49 [noon-ai-dis-was] info: [DIS-API] GET /user -  유저 정보조회 완료
2023-04-28 09:55:49 [noon-ai-dis-was] info: [DIS-API] GET /user -  유저 정보조회 완료
2023-04-28 09:55:49 [noon-ai-dis-was] info: [DIS-API] GET /manager -  관리자 계정 정보 요청 완료
2023-04-28 09:55:49 [noon-ai-dis-was] info: [DIS-API] GET /user -  유저 정보조회 완료
2023-04-28 09:55:49 [noon-ai-dis-was] info: [DIS-API] GET /user -  유저 정보조회 완료
2023-04-28 09:55:49 [noon-ai-dis-was] info: [DIS-API] GET /manager -  관리자 계정 정보 요청 완료
2023-04-28 09:55:49 [noon-ai-dis-was] info: [DIS-API] GET /user -  유저 정보조회 완료
2023-04-28 09:55:50 [noon-ai-dis-was] info: [DIS-API] GET /user -  유저 정보조회 완료
2023-04-28 09:55:50 [noon-ai-dis-was] info: [DIS-API] GET /manager -  관리자 계정 정보 요청 완료
2023-04-28 09:55:50 [noon-ai-dis-was] info: [DIS-API] GET /user -  유저 정보조회 완료
2023-04-28 09:55:50 [noon-ai-dis-was] info: [DIS-API] GET /user -  유저 정보조회 완료
2023-04-28 09:55:50 [noon-ai-dis-was] info: [DIS-API] GET /manager -  관리자 계정 정보 요청 완료
2023-04-28 09:55:50 [noon-ai-dis-was] info: [DIS-API] GET /user -  유저 정보조회 완료
2023-04-28 09:55:50 [noon-ai-dis-was] info: [DIS-API] GET /user -  유저 정보조회 완료
2023-04-28 09:55:50 [noon-ai-dis-was] info: [DIS-API] GET /manager -  관리자 계정 정보 요청 완료
2023-04-28 09:55:50 [noon-ai-dis-was] info: [DIS-API] GET /user -  유저 정보조회 완료
2023-04-28 09:55:50 [noon-ai-dis-was] info: [DIS-API] GET /user -  유저 정보조회 완료
2023-04-28 09:55:50 [noon-ai-dis-was] info: [DIS-API] GET /manager -  관리자 계정 정보 요청 완료
2023-04-28 09:55:50 [noon-ai-dis-was] info: [DIS-API] GET /user -  유저 정보조회 완료
2023-04-28 09:55:51 [noon-ai-dis-was] info: [DIS-API] GET /user -  유저 정보조회 완료
2023-04-28 09:55:51 [noon-ai-dis-was] info: [DIS-API] GET /manager -  관리자 계정 정보 요청 완료
2023-04-28 09:55:51 [noon-ai-dis-was] info: [DIS-API] GET /user -  유저 정보조회 완료
2023-04-28 09:55:51 [noon-ai-dis-was] info: [DIS-API] GET /user -  유저 정보조회 완료
2023-04-28 09:55:51 [noon-ai-dis-was] info: [DIS-API] GET /manager -  관리자 계정 정보 요청 완료
2023-04-28 09:55:51 [noon-ai-dis-was] info: [DIS-API] GET /user -  유저 정보조회 완료
2023-04-28 09:55:52 [noon-ai-dis-was] info: [DIS-API] GET /user -  유저 정보조회 완료
2023-04-28 09:55:52 [noon-ai-dis-was] info: [DIS-API] GET /manager -  관리자 계정 정보 요청 완료
2023-04-28 09:55:52 [noon-ai-dis-was] info: [DIS-API] GET /user -  유저 정보조회 완료
2023-04-28 09:55:52 [noon-ai-dis-was] info: [DIS-API] GET /user -  유저 정보조회 완료
2023-04-28 09:55:52 [noon-ai-dis-was] info: [DIS-API] GET /manager -  관리자 계정 정보 요청 완료
2023-04-28 09:55:52 [noon-ai-dis-was] info: [DIS-API] GET /user -  유저 정보조회 완료
2023-04-28 09:55:52 [noon-ai-dis-was] info: [DIS-API] GET /user -  유저 정보조회 완료
2023-04-28 09:55:52 [noon-ai-dis-was] info: [DIS-API] GET /manager -  관리자 계정 정보 요청 완료
2023-04-28 09:55:52 [noon-ai-dis-was] info: [DIS-API] GET /user -  유저 정보조회 완료
2023-04-28 09:55:57 [noon-ai-dis-was] info: [DIS-API] GET /user -  유저 정보조회 완료
2023-04-28 09:55:57 [noon-ai-dis-was] info: [DIS-API] GET /manager -  관리자 계정 정보 요청 완료
2023-04-28 09:55:57 [noon-ai-dis-was] info: [DIS-API] GET /user -  유저 정보조회 완료
2023-04-28 09:55:58 [noon-ai-dis-was] info: [DIS-API] GET /user -  유저 정보조회 완료
2023-04-28 09:55:58 [noon-ai-dis-was] info: [DIS-API] GET /manager -  관리자 계정 정보 요청 완료
2023-04-28 09:55:58 [noon-ai-dis-was] info: [DIS-API] GET /user -  유저 정보조회 완료
2023-04-28 09:55:58 [noon-ai-dis-was] info: [DIS-API] GET /user -  유저 정보조회 완료
2023-04-28 09:55:58 [noon-ai-dis-was] info: [DIS-API] GET /manager -  관리자 계정 정보 요청 완료
2023-04-28 09:55:58 [noon-ai-dis-was] info: [DIS-API] GET /user -  유저 정보조회 완료
2023-04-28 09:55:58 [noon-ai-dis-was] info: [DIS-API] GET /user -  유저 정보조회 완료
2023-04-28 09:55:58 [noon-ai-dis-was] info: [DIS-API] GET /manager -  관리자 계정 정보 요청 완료
2023-04-28 09:55:58 [noon-ai-dis-was] info: [DIS-API] GET /user -  유저 정보조회 완료
2023-04-28 09:55:59 [noon-ai-dis-was] info: [DIS-API] GET /user -  유저 정보조회 완료
2023-04-28 09:55:59 [noon-ai-dis-was] info: [DIS-API] GET /manager -  관리자 계정 정보 요청 완료
2023-04-28 09:55:59 [noon-ai-dis-was] info: [DIS-API] GET /user -  유저 정보조회 완료
2023-04-28 09:55:59 [noon-ai-dis-was] info: [DIS-API] GET /user -  유저 정보조회 완료
2023-04-28 09:55:59 [noon-ai-dis-was] info: [DIS-API] GET /manager -  관리자 계정 정보 요청 완료
2023-04-28 09:55:59 [noon-ai-dis-was] info: [DIS-API] GET /user -  유저 정보조회 완료
2023-04-28 09:55:59 [noon-ai-dis-was] info: [DIS-API] GET /user -  유저 정보조회 완료
2023-04-28 09:55:59 [noon-ai-dis-was] info: [DIS-API] GET /manager -  관리자 계정 정보 요청 완료
2023-04-28 09:55:59 [noon-ai-dis-was] info: [DIS-API] GET /user -  유저 정보조회 완료
2023-04-28 09:55:59 [noon-ai-dis-was] info: [DIS-API] GET /user -  유저 정보조회 완료
2023-04-28 09:55:59 [noon-ai-dis-was] info: [DIS-API] GET /manager -  관리자 계정 정보 요청 완료
2023-04-28 09:55:59 [noon-ai-dis-was] info: [DIS-API] GET /user -  유저 정보조회 완료
2023-04-28 09:56:00 [noon-ai-dis-was] info: [DIS-API] GET /user -  유저 정보조회 완료
2023-04-28 09:56:00 [noon-ai-dis-was] info: [DIS-API] GET /manager -  관리자 계정 정보 요청 완료
2023-04-28 09:56:00 [noon-ai-dis-was] info: [DIS-API] GET /user -  유저 정보조회 완료
2023-04-28 09:56:00 [noon-ai-dis-was] info: [DIS-API] GET /user -  유저 정보조회 완료
2023-04-28 09:56:00 [noon-ai-dis-was] info: [DIS-API] GET /manager -  관리자 계정 정보 요청 완료
2023-04-28 09:56:00 [noon-ai-dis-was] info: [DIS-API] GET /user -  유저 정보조회 완료
2023-04-28 09:56:00 [noon-ai-dis-was] info: [DIS-API] GET /user -  유저 정보조회 완료
2023-04-28 09:56:00 [noon-ai-dis-was] info: [DIS-API] GET /manager -  관리자 계정 정보 요청 완료
2023-04-28 09:56:00 [noon-ai-dis-was] info: [DIS-API] GET /user -  유저 정보조회 완료
2023-04-28 09:56:00 [noon-ai-dis-was] info: [DIS-API] GET /user -  유저 정보조회 완료
2023-04-28 09:56:00 [noon-ai-dis-was] info: [DIS-API] GET /manager -  관리자 계정 정보 요청 완료
2023-04-28 09:56:00 [noon-ai-dis-was] info: [DIS-API] GET /user -  유저 정보조회 완료
2023-04-28 09:56:01 [noon-ai-dis-was] info: [DIS-API] GET /user -  유저 정보조회 완료
2023-04-28 09:56:01 [noon-ai-dis-was] info: [DIS-API] GET /manager -  관리자 계정 정보 요청 완료
2023-04-28 09:56:01 [noon-ai-dis-was] info: [DIS-API] GET /user -  유저 정보조회 완료
2023-04-28 09:56:01 [noon-ai-dis-was] info: [DIS-API] GET /user -  유저 정보조회 완료
2023-04-28 09:56:01 [noon-ai-dis-was] info: [DIS-API] GET /manager -  관리자 계정 정보 요청 완료
2023-04-28 09:56:01 [noon-ai-dis-was] info: [DIS-API] GET /user -  유저 정보조회 완료
2023-04-28 09:56:02 [noon-ai-dis-was] info: [DIS-API] GET /user -  유저 정보조회 완료
2023-04-28 09:56:02 [noon-ai-dis-was] info: [DIS-API] GET /manager -  관리자 계정 정보 요청 완료
2023-04-28 09:56:02 [noon-ai-dis-was] info: [DIS-API] GET /user -  유저 정보조회 완료
2023-04-28 09:56:02 [noon-ai-dis-was] info: [DIS-API] GET /user -  유저 정보조회 완료
2023-04-28 09:56:02 [noon-ai-dis-was] info: [DIS-API] GET /manager -  관리자 계정 정보 요청 완료
2023-04-28 09:56:02 [noon-ai-dis-was] info: [DIS-API] GET /user -  유저 정보조회 완료
2023-04-28 09:56:03 [noon-ai-dis-was] info: [DIS-API] GET /user -  유저 정보조회 완료
2023-04-28 09:56:03 [noon-ai-dis-was] info: [DIS-API] GET /manager -  관리자 계정 정보 요청 완료
2023-04-28 09:56:03 [noon-ai-dis-was] info: [DIS-API] GET /user -  유저 정보조회 완료
2023-04-28 09:56:03 [noon-ai-dis-was] info: [DIS-API] GET /user -  유저 정보조회 완료
2023-04-28 09:56:03 [noon-ai-dis-was] info: [DIS-API] GET /manager -  관리자 계정 정보 요청 완료
2023-04-28 09:56:03 [noon-ai-dis-was] info: [DIS-API] GET /user -  유저 정보조회 완료
2023-04-28 09:56:07 [noon-ai-dis-was] info: [DIS-API] GET /user -  유저 정보조회 완료
2023-04-28 09:56:09 [noon-ai-dis-was] info: [DIS-API] GET /user -  유저 정보조회 완료
2023-04-28 09:56:09 [noon-ai-dis-was] info: [DIS-API] POST /passwordCheck -  비밀번호 확인 완료
2023-04-28 09:56:11 [noon-ai-dis-was] info: [DIS-API] GET /user -  유저 정보조회 완료
2023-04-28 09:56:11 [noon-ai-dis-was] info: [DIS-API] GET /manager -  관리자 계정 정보 요청 완료
2023-04-28 09:56:12 [noon-ai-dis-was] info: [DIS-API] GET /user -  유저 정보조회 완료
2023-04-28 09:56:18 [noon-ai-dis-was] info: [DIS-API] GET /logout -  관리자 MHNCity 로그아웃 완료
2023-04-28 09:56:18 [noon-ai-dis-was] info: [DIS-API] GET /env -  환경변수 조회 완료
2023-04-28 09:56:22 [noon-ai-dis-was] info: [DIS-API] POST /first-login -  1차 로그인 완료
2023-04-28 09:56:23 [noon-ai-dis-was] info: [DIS-API] PUT /login/failCount/clear -  로그인 실패 횟수 0 초기화
2023-04-28 09:56:23 [noon-ai-dis-was] info: [DIS-API] POST /login -  관리자 이민형 로그인 완료
2023-04-28 09:56:23 [noon-ai-dis-was] info: [DIS-API] PUT /login/lockCount -  lock_count 0 초기화
2023-04-28 09:56:23 [noon-ai-dis-was] info: [DIS-API] GET /signup/request -  가입요청 목록 조회 완료
2023-04-28 09:56:23 [noon-ai-dis-was] info: [DIS-API] GET /user -  유저 정보조회 완료
2023-04-28 09:56:27 [noon-ai-dis-was] info: [DIS-API] GET /user -  유저 정보조회 완료
2023-04-28 09:56:29 [noon-ai-dis-was] info: [DIS-API] GET /user -  유저 정보조회 완료
2023-04-28 09:56:29 [noon-ai-dis-was] info: [DIS-API] GET /manager -  관리자 계정 정보 요청 완료
2023-04-28 09:56:29 [noon-ai-dis-was] info: [DIS-API] GET /user -  유저 정보조회 완료
2023-04-28 09:57:15 [noon-ai-dis-was] info: [DIS-API] GET /user -  유저 정보조회 완료
2023-04-28 09:57:15 [noon-ai-dis-was] info: [DIS-API] GET /manager -  관리자 계정 정보 요청 완료
2023-04-28 09:57:15 [noon-ai-dis-was] info: [DIS-API] GET /user -  유저 정보조회 완료
2023-04-28 09:57:20 [noon-ai-dis-was] info: [DIS-API] GET /user -  유저 정보조회 완료
2023-04-28 09:57:20 [noon-ai-dis-was] info: [DIS-API] GET /user -  유저 정보조회 완료
2023-04-28 09:57:20 [noon-ai-dis-was] info: [DIS-API] GET /user -  유저 정보조회 완료
2023-04-28 09:57:20 [noon-ai-dis-was] info: [DIS-API] GET /manager -  관리자 계정 정보 요청 완료
2023-04-28 09:57:20 [noon-ai-dis-was] info: [DIS-API] GET /user -  유저 정보조회 완료
2023-04-28 09:57:54 [noon-ai-dis-was] info: [DIS-API] GET /user -  유저 정보조회 완료
2023-04-28 09:57:54 [noon-ai-dis-was] info: [DIS-API] GET /user -  유저 정보조회 완료
2023-04-28 09:57:54 [noon-ai-dis-was] info: [DIS-API] GET /user -  유저 정보조회 완료
2023-04-28 09:57:54 [noon-ai-dis-was] info: [DIS-API] GET /manager -  관리자 계정 정보 요청 완료
2023-04-28 09:57:54 [noon-ai-dis-was] info: [DIS-API] GET /user -  유저 정보조회 완료
2023-04-28 09:58:02 [noon-ai-dis-was] info: [DIS-API] GET /logout -  관리자 이민형 로그아웃 완료
2023-04-28 09:58:02 [noon-ai-dis-was] info: [DIS-API] GET /env -  환경변수 조회 완료
2023-04-28 09:58:06 [noon-ai-dis-was] info: [DIS-API] POST /first-login -  1차 로그인 완료
2023-04-28 09:58:07 [noon-ai-dis-was] info: [DIS-API] PUT /login/failCount/clear -  로그인 실패 횟수 0 초기화
2023-04-28 09:58:07 [noon-ai-dis-was] info: [DIS-API] POST /login -  관리자 MHNCity 로그인 완료
2023-04-28 09:58:08 [noon-ai-dis-was] info: [DIS-API] GET /signup/request -  가입요청 목록 조회 완료
2023-04-28 09:58:08 [noon-ai-dis-was] info: [DIS-API] GET /user -  유저 정보조회 완료
2023-04-28 09:58:10 [noon-ai-dis-was] info: [DIS-API] GET /user -  유저 정보조회 완료
2023-04-28 09:58:10 [noon-ai-dis-was] info: [DIS-API] GET /manager -  관리자 계정 정보 요청 완료
2023-04-28 09:58:11 [noon-ai-dis-was] info: [DIS-API] GET /user -  유저 정보조회 완료
2023-04-28 09:58:12 [noon-ai-dis-was] info: [DIS-API] GET /user -  유저 정보조회 완료
2023-04-28 09:58:12 [noon-ai-dis-was] info: [DIS-API] GET /user -  유저 정보조회 완료
2023-04-28 09:58:16 [noon-ai-dis-was] info: [DIS-API] GET /user -  유저 정보조회 완료
2023-04-28 09:58:16 [noon-ai-dis-was] info: [DIS-API] POST /passwordCheck -  비밀번호 확인 완료
2023-04-28 10:03:45 [noon-ai-dis-was] info: [DIS-API] GET /user -  유저 정보조회 완료
2023-04-28 10:03:45 [noon-ai-dis-was] info: [DIS-API] GET /user -  유저 정보조회 완료
2023-04-28 10:03:46 [noon-ai-dis-was] info: [DIS-API] GET /user -  유저 정보조회 완료
2023-04-28 10:03:46 [noon-ai-dis-was] info: [DIS-API] GET /manager -  관리자 계정 정보 요청 완료
2023-04-28 10:03:46 [noon-ai-dis-was] info: [DIS-API] GET /user -  유저 정보조회 완료
2023-04-28 10:03:48 [noon-ai-dis-was] info: [DIS-API] GET /user -  유저 정보조회 완료
2023-04-28 10:03:49 [noon-ai-dis-was] info: [DIS-API] GET /user -  유저 정보조회 완료
2023-04-28 10:03:51 [noon-ai-dis-was] info: [DIS-API] GET /user -  유저 정보조회 완료
2023-04-28 10:03:51 [noon-ai-dis-was] info: [DIS-API] POST /passwordCheck -  비밀번호 확인 완료
2023-04-28 10:03:57 [noon-ai-dis-was] info: [DIS-API] GET /signup/request -  가입요청 목록 조회 완료
2023-04-28 10:03:57 [noon-ai-dis-was] info: [DIS-API] GET /user -  유저 정보조회 완료
2023-04-28 10:04:00 [noon-ai-dis-was] info: [DIS-API] GET /user -  유저 정보조회 완료
2023-04-28 10:04:00 [noon-ai-dis-was] info: [DIS-API] GET /manager -  관리자 계정 정보 요청 완료
2023-04-28 10:04:00 [noon-ai-dis-was] info: [DIS-API] GET /user -  유저 정보조회 완료
2023-04-28 10:04:18 [noon-ai-dis-was] info: [DIS-API] GET /user -  유저 정보조회 완료
2023-04-28 10:04:18 [noon-ai-dis-was] info: [DIS-API] GET /user -  유저 정보조회 완료
2023-04-28 10:11:14 [noon-ai-dis-was] info: [DIS-API] GET /user -  유저 정보조회 완료
2023-04-28 10:11:14 [noon-ai-dis-was] info: [DIS-API] GET /manager -  관리자 계정 정보 요청 완료
2023-04-28 10:11:14 [noon-ai-dis-was] info: [DIS-API] GET /user -  유저 정보조회 완료
2023-04-28 10:11:15 [noon-ai-dis-was] info: [DIS-API] GET /user -  유저 정보조회 완료
2023-04-28 10:11:15 [noon-ai-dis-was] info: [DIS-API] GET /manager -  관리자 계정 정보 요청 완료
2023-04-28 10:11:15 [noon-ai-dis-was] info: [DIS-API] GET /user -  유저 정보조회 완료
2023-04-28 10:11:20 [noon-ai-dis-was] info: [DIS-API] GET /user -  유저 정보조회 완료
2023-04-28 10:11:20 [noon-ai-dis-was] info: [DIS-API] POST /passwordCheck -  비밀번호 확인 완료
2023-04-28 10:11:22 [noon-ai-dis-was] info: [DIS-API] DELETE /manager -  관리자 계정 삭제 완료
2023-04-28 10:11:23 [noon-ai-dis-was] info: [DIS-API] GET /user -  유저 정보조회 완료
2023-04-28 10:11:23 [noon-ai-dis-was] info: [DIS-API] GET /manager -  관리자 계정 정보 요청 완료
2023-04-28 10:11:23 [noon-ai-dis-was] info: [DIS-API] GET /user -  유저 정보조회 완료
2023-04-28 10:14:26 [noon-ai-dis-was] info: [DIS-API] GET /user -  유저 정보조회 완료
2023-04-28 10:14:26 [noon-ai-dis-was] info: [DIS-API] GET /manager -  관리자 계정 정보 요청 완료
2023-04-28 10:14:26 [noon-ai-dis-was] info: [DIS-API] GET /user -  유저 정보조회 완료
2023-04-28 10:14:34 [noon-ai-dis-was] info: [DIS-API] GET /user -  유저 정보조회 완료
2023-04-28 10:14:35 [noon-ai-dis-was] info: [DIS-API] GET /user -  유저 정보조회 완료
2023-04-28 10:14:37 [noon-ai-dis-was] info: [DIS-API] GET /user -  유저 정보조회 완료
2023-04-28 10:14:37 [noon-ai-dis-was] info: [DIS-API] GET /manager -  관리자 계정 정보 요청 완료
2023-04-28 10:14:37 [noon-ai-dis-was] info: [DIS-API] GET /user -  유저 정보조회 완료
2023-04-28 10:14:47 [noon-ai-dis-was] info: [DIS-API] GET /user -  유저 정보조회 완료
2023-04-28 10:14:47 [noon-ai-dis-was] info: [DIS-API] GET /manager -  관리자 계정 정보 요청 완료
2023-04-28 10:14:47 [noon-ai-dis-was] info: [DIS-API] GET /user -  유저 정보조회 완료
2023-04-28 10:14:48 [noon-ai-dis-was] info: [DIS-API] GET /user -  유저 정보조회 완료
2023-04-28 10:14:48 [noon-ai-dis-was] info: [DIS-API] GET /user -  유저 정보조회 완료
2023-04-28 10:14:52 [noon-ai-dis-was] info: [DIS-API] GET /user -  유저 정보조회 완료
2023-04-28 10:14:52 [noon-ai-dis-was] info: [DIS-API] GET /manager -  관리자 계정 정보 요청 완료
2023-04-28 10:14:52 [noon-ai-dis-was] info: [DIS-API] GET /user -  유저 정보조회 완료
2023-04-28 10:14:53 [noon-ai-dis-was] info: [DIS-API] GET /user -  유저 정보조회 완료
2023-04-28 10:14:53 [noon-ai-dis-was] info: [DIS-API] GET /user -  유저 정보조회 완료
2023-04-28 10:15:02 [noon-ai-dis-was] info: [DIS-API] GET /user -  유저 정보조회 완료
2023-04-28 10:15:02 [noon-ai-dis-was] info: [DIS-API] POST /passwordCheck -  비밀번호 확인 완료
2023-04-28 10:16:58 [noon-ai-dis-was] info: [DIS-API] GET /user -  유저 정보조회 완료
2023-04-28 10:16:58 [noon-ai-dis-was] info: [DIS-API] GET /user -  유저 정보조회 완료
2023-04-28 10:17:01 [noon-ai-dis-was] info: [DIS-API] GET /user -  유저 정보조회 완료
2023-04-28 10:17:01 [noon-ai-dis-was] info: [DIS-API] POST /passwordCheck -  비밀번호 확인 완료
2023-04-28 10:18:46 [noon-ai-dis-was] info: [DIS-API] GET /user -  유저 정보조회 완료
2023-04-28 10:18:46 [noon-ai-dis-was] info: [DIS-API] GET /user -  유저 정보조회 완료
2023-04-28 10:18:53 [noon-ai-dis-was] info: [DIS-API] GET /user -  유저 정보조회 완료
2023-04-28 10:18:53 [noon-ai-dis-was] info: [DIS-API] GET /user -  유저 정보조회 완료
2023-04-28 10:18:55 [noon-ai-dis-was] info: [DIS-API] GET /user -  유저 정보조회 완료
2023-04-28 10:18:55 [noon-ai-dis-was] info: [DIS-API] POST /passwordCheck -  비밀번호 확인 완료
2023-04-28 10:18:57 [noon-ai-dis-was] info: [DIS-API] GET /user -  유저 정보조회 완료
2023-04-28 10:18:57 [noon-ai-dis-was] info: [DIS-API] GET /user -  유저 정보조회 완료
2023-04-28 10:18:58 [noon-ai-dis-was] info: [DIS-API] GET /user -  유저 정보조회 완료
2023-04-28 10:18:58 [noon-ai-dis-was] info: [DIS-API] GET /manager -  관리자 계정 정보 요청 완료
2023-04-28 10:18:58 [noon-ai-dis-was] info: [DIS-API] GET /user -  유저 정보조회 완료
2023-04-28 10:39:24 [noon-ai-dis-was] info: [DIS-API] GET /user -  유저 정보조회 완료
2023-04-28 10:39:24 [noon-ai-dis-was] info: [DIS-API] GET /user -  유저 정보조회 완료
2023-04-28 10:39:27 [noon-ai-dis-was] info: [DIS-API] GET /user -  유저 정보조회 완료
2023-04-28 10:39:27 [noon-ai-dis-was] info: [DIS-API] POST /passwordCheck -  비밀번호 확인 완료
2023-04-28 10:43:16 [noon-ai-dis-was] info: [DIS-API] GET /user -  유저 정보조회 완료
2023-04-28 10:43:16 [noon-ai-dis-was] info: [DIS-API] GET /user -  유저 정보조회 완료
2023-04-28 10:43:19 [noon-ai-dis-was] info: [DIS-API] GET /user -  유저 정보조회 완료
2023-04-28 10:43:19 [noon-ai-dis-was] info: [DIS-API] POST /passwordCheck -  비밀번호 확인 완료
2023-04-28 10:43:41 [noon-ai-dis-was] info: [DIS-API] GET /user -  유저 정보조회 완료
2023-04-28 10:43:41 [noon-ai-dis-was] info: [DIS-API] GET /user -  유저 정보조회 완료
2023-04-28 10:43:43 [noon-ai-dis-was] info: [DIS-API] GET /user -  유저 정보조회 완료
2023-04-28 10:43:43 [noon-ai-dis-was] info: [DIS-API] POST /passwordCheck -  비밀번호 확인 완료
2023-04-28 10:46:57 [noon-ai-dis-was] info: [DIS-API] GET /user -  유저 정보조회 완료
2023-04-28 10:46:57 [noon-ai-dis-was] info: [DIS-API] GET /user -  유저 정보조회 완료
2023-04-28 10:47:04 [noon-ai-dis-was] info: [DIS-API] GET /user -  유저 정보조회 완료
2023-04-28 10:47:05 [noon-ai-dis-was] info: [DIS-API] POST /passwordCheck -  비밀번호 확인 완료
2023-04-28 10:49:44 [noon-ai-dis-was] info: [DIS-API] GET /user -  유저 정보조회 완료
2023-04-28 10:49:44 [noon-ai-dis-was] info: [DIS-API] GET /user -  유저 정보조회 완료
2023-04-28 10:49:47 [noon-ai-dis-was] info: [DIS-API] GET /user -  유저 정보조회 완료
2023-04-28 10:49:47 [noon-ai-dis-was] info: [DIS-API] POST /passwordCheck -  비밀번호 확인 완료
2023-04-28 10:58:51 [noon-ai-dis-was] info: [DIS-API] GET /env -  환경변수 조회 완료
2023-04-28 10:58:56 [noon-ai-dis-was] info: [DIS-API] POST /first-login -  1차 로그인 완료
2023-04-28 10:58:57 [noon-ai-dis-was] info: [DIS-API] PUT /login/failCount/clear -  로그인 실패 횟수 0 초기화
2023-04-28 10:58:57 [noon-ai-dis-was] info: [DIS-API] POST /login -  관리자 MHNCity 로그인 완료
2023-04-28 10:58:57 [noon-ai-dis-was] info: [DIS-API] PUT /login/lockCount -  lock_count 0 초기화
2023-04-28 10:58:57 [noon-ai-dis-was] info: [DIS-API] GET /signup/request -  가입요청 목록 조회 완료
2023-04-28 10:58:57 [noon-ai-dis-was] info: [DIS-API] GET /user -  유저 정보조회 완료
2023-04-28 10:58:59 [noon-ai-dis-was] info: [DIS-API] GET /user -  유저 정보조회 완료
2023-04-28 10:58:59 [noon-ai-dis-was] info: [DIS-API] GET /manager -  관리자 계정 정보 요청 완료
2023-04-28 10:58:59 [noon-ai-dis-was] info: [DIS-API] GET /user -  유저 정보조회 완료
2023-04-28 10:59:00 [noon-ai-dis-was] info: [DIS-API] GET /user -  유저 정보조회 완료
2023-04-28 10:59:00 [noon-ai-dis-was] info: [DIS-API] GET /user -  유저 정보조회 완료
2023-04-28 10:59:03 [noon-ai-dis-was] info: [DIS-API] GET /user -  유저 정보조회 완료
2023-04-28 10:59:03 [noon-ai-dis-was] info: [DIS-API] POST /passwordCheck -  비밀번호 확인 완료
2023-04-28 11:05:16 [noon-ai-dis-was] info: [DIS-API] GET /user -  유저 정보조회 완료
2023-04-28 11:05:16 [noon-ai-dis-was] info: [DIS-API] GET /user -  유저 정보조회 완료
2023-04-28 11:05:18 [noon-ai-dis-was] info: [DIS-API] GET /user -  유저 정보조회 완료
2023-04-28 11:05:18 [noon-ai-dis-was] info: [DIS-API] POST /passwordCheck -  비밀번호 확인 완료
2023-04-28 11:05:45 [noon-ai-dis-was] info: [DIS-API] GET /user -  유저 정보조회 완료
2023-04-28 11:05:45 [noon-ai-dis-was] info: [DIS-API] GET /user -  유저 정보조회 완료
2023-04-28 11:05:47 [noon-ai-dis-was] info: [DIS-API] GET /user -  유저 정보조회 완료
2023-04-28 11:05:47 [noon-ai-dis-was] info: [DIS-API] POST /passwordCheck -  비밀번호 확인 완료
2023-04-28 11:07:22 [noon-ai-dis-was] info: [DIS-API] GET /user -  유저 정보조회 완료
2023-04-28 11:07:22 [noon-ai-dis-was] info: [DIS-API] GET /user -  유저 정보조회 완료
2023-04-28 11:07:25 [noon-ai-dis-was] info: [DIS-API] GET /user -  유저 정보조회 완료
2023-04-28 11:07:25 [noon-ai-dis-was] info: [DIS-API] POST /passwordCheck -  비밀번호 확인 완료
2023-04-28 11:08:04 [noon-ai-dis-was] info: [DIS-API] GET /user -  유저 정보조회 완료
2023-04-28 11:08:04 [noon-ai-dis-was] info: [DIS-API] GET /user -  유저 정보조회 완료
2023-04-28 11:08:07 [noon-ai-dis-was] info: [DIS-API] GET /user -  유저 정보조회 완료
2023-04-28 11:08:07 [noon-ai-dis-was] info: [DIS-API] POST /passwordCheck -  비밀번호 확인 완료
2023-04-28 11:08:29 [noon-ai-dis-was] info: [DIS-API] GET /user -  유저 정보조회 완료
2023-04-28 11:08:29 [noon-ai-dis-was] info: [DIS-API] GET /user -  유저 정보조회 완료
2023-04-28 11:08:32 [noon-ai-dis-was] info: [DIS-API] GET /user -  유저 정보조회 완료
2023-04-28 11:08:32 [noon-ai-dis-was] info: [DIS-API] POST /passwordCheck -  비밀번호 확인 완료
2023-04-28 11:08:51 [noon-ai-dis-was] info: [DIS-API] GET /user -  유저 정보조회 완료
2023-04-28 11:08:51 [noon-ai-dis-was] info: [DIS-API] GET /user -  유저 정보조회 완료
2023-04-28 11:08:54 [noon-ai-dis-was] info: [DIS-API] GET /user -  유저 정보조회 완료
2023-04-28 11:08:54 [noon-ai-dis-was] info: [DIS-API] POST /passwordCheck -  비밀번호 확인 완료
2023-04-28 11:09:40 [noon-ai-dis-was] info: [DIS-API] GET /user -  유저 정보조회 완료
2023-04-28 11:09:40 [noon-ai-dis-was] info: [DIS-API] GET /user -  유저 정보조회 완료
2023-04-28 11:09:42 [noon-ai-dis-was] info: [DIS-API] GET /user -  유저 정보조회 완료
2023-04-28 11:09:42 [noon-ai-dis-was] info: [DIS-API] POST /passwordCheck -  비밀번호 확인 완료
2023-04-28 11:24:34 [noon-ai-dis-was] info: [DIS-API] GET /user -  유저 정보조회 완료
2023-04-28 11:24:34 [noon-ai-dis-was] info: [DIS-API] GET /user -  유저 정보조회 완료
2023-04-28 11:24:36 [noon-ai-dis-was] info: [DIS-API] GET /user -  유저 정보조회 완료
2023-04-28 11:24:37 [noon-ai-dis-was] info: [DIS-API] POST /passwordCheck -  비밀번호 확인 완료
2023-04-28 11:30:19 [noon-ai-dis-was] info: [DIS-API] GET /user -  유저 정보조회 완료
2023-04-28 11:30:19 [noon-ai-dis-was] info: [DIS-API] GET /user -  유저 정보조회 완료
2023-04-28 11:30:22 [noon-ai-dis-was] info: [DIS-API] GET /user -  유저 정보조회 완료
2023-04-28 11:30:22 [noon-ai-dis-was] info: [DIS-API] POST /passwordCheck -  비밀번호 확인 완료
2023-04-28 14:39:33 [noon-ai-dis-was] info: [DIS-API] GET /env -  환경변수 조회 완료
2023-04-28 14:52:56 [noon-ai-dis-was] info: [DIS-API] GET /env -  환경변수 조회 완료
2023-04-28 14:53:05 [noon-ai-dis-was] info: [DIS-API] POST /first-login -  1차 로그인 완료
2023-04-28 14:53:06 [noon-ai-dis-was] info: [DIS-API] PUT /login/failCount/clear -  로그인 실패 횟수 0 초기화
2023-04-28 14:53:06 [noon-ai-dis-was] info: [DIS-API] POST /login -  관리자 MHNCity 로그인 완료
2023-04-28 14:53:06 [noon-ai-dis-was] info: [DIS-API] GET /signup/request -  가입요청 목록 조회 완료
2023-04-28 14:53:06 [noon-ai-dis-was] info: [DIS-API] GET /user -  유저 정보조회 완료
2023-04-28 14:53:08 [noon-ai-dis-was] info: [DIS-API] GET /user -  유저 정보조회 완료
2023-04-28 14:53:08 [noon-ai-dis-was] info: [DIS-API] GET /manager -  관리자 계정 정보 요청 완료
2023-04-28 14:53:08 [noon-ai-dis-was] info: [DIS-API] GET /user -  유저 정보조회 완료
2023-04-28 14:53:10 [noon-ai-dis-was] info: [DIS-API] GET /user -  유저 정보조회 완료
2023-04-28 14:53:10 [noon-ai-dis-was] info: [DIS-API] GET /user -  유저 정보조회 완료
2023-04-28 14:53:11 [noon-ai-dis-was] info: [DIS-API] GET /user -  유저 정보조회 완료
2023-04-28 14:53:11 [noon-ai-dis-was] info: [DIS-API] GET /manager -  관리자 계정 정보 요청 완료
2023-04-28 14:53:12 [noon-ai-dis-was] info: [DIS-API] GET /user -  유저 정보조회 완료
2023-04-28 15:20:44 [noon-ai-dis-was] info: [DIS-API] GET /user -  유저 정보조회 완료
2023-04-28 15:20:44 [noon-ai-dis-was] info: [DIS-API] GET /manager -  관리자 계정 정보 요청 완료
2023-04-28 15:20:44 [noon-ai-dis-was] info: [DIS-API] GET /user -  유저 정보조회 완료
2023-04-28 15:21:09 [noon-ai-dis-was] info: [DIS-API] GET /user -  유저 정보조회 완료
2023-04-28 15:21:09 [noon-ai-dis-was] info: [DIS-API] GET /manager -  관리자 계정 정보 요청 완료
2023-04-28 15:21:09 [noon-ai-dis-was] info: [DIS-API] GET /user -  유저 정보조회 완료
2023-04-28 15:21:11 [noon-ai-dis-was] info: [DIS-API] GET /user -  유저 정보조회 완료
2023-04-28 15:21:11 [noon-ai-dis-was] info: [DIS-API] GET /user -  유저 정보조회 완료
2023-04-28 15:21:12 [noon-ai-dis-was] info: [DIS-API] GET /user -  유저 정보조회 완료
2023-04-28 15:21:12 [noon-ai-dis-was] info: [DIS-API] GET /manager -  관리자 계정 정보 요청 완료
2023-04-28 15:21:12 [noon-ai-dis-was] info: [DIS-API] GET /user -  유저 정보조회 완료
2023-04-28 15:21:13 [noon-ai-dis-was] info: [DIS-API] GET /user -  유저 정보조회 완료
2023-04-28 15:21:13 [noon-ai-dis-was] info: [DIS-API] GET /user -  유저 정보조회 완료
2023-04-28 15:21:16 [noon-ai-dis-was] info: [DIS-API] GET /user -  유저 정보조회 완료
2023-04-28 15:21:16 [noon-ai-dis-was] info: [DIS-API] POST /passwordCheck -  비밀번호 확인 완료
2023-04-28 15:50:58 [noon-ai-dis-was] info: [DIS-API] GET /user -  유저 정보조회 완료
2023-04-28 15:50:58 [noon-ai-dis-was] info: [DIS-API] GET /user -  유저 정보조회 완료
2023-04-28 15:52:00 [noon-ai-dis-was] info: [DIS-API] GET /user -  유저 정보조회 완료
2023-04-28 15:52:01 [noon-ai-dis-was] info: [DIS-API] POST /passwordCheck -  비밀번호 확인 완료
2023-04-28 16:09:27 [noon-ai-dis-was] info: [DIS-API] GET /env -  환경변수 조회 완료
2023-04-28 16:09:32 [noon-ai-dis-was] info: [DIS-API] POST /first-login -  1차 로그인 완료
2023-04-28 16:09:33 [noon-ai-dis-was] info: [DIS-API] PUT /login/failCount/clear -  로그인 실패 횟수 0 초기화
2023-04-28 16:09:33 [noon-ai-dis-was] info: [DIS-API] POST /login -  관리자 MHNCity 로그인 완료
2023-04-28 16:09:33 [noon-ai-dis-was] info: [DIS-API] PUT /login/lockCount -  lock_count 0 초기화
2023-04-28 16:09:33 [noon-ai-dis-was] info: [DIS-API] GET /signup/request -  가입요청 목록 조회 완료
2023-04-28 16:09:33 [noon-ai-dis-was] info: [DIS-API] GET /user -  유저 정보조회 완료
2023-04-28 16:09:35 [noon-ai-dis-was] info: [DIS-API] GET /user -  유저 정보조회 완료
2023-04-28 16:09:35 [noon-ai-dis-was] info: [DIS-API] GET /manager -  관리자 계정 정보 요청 완료
2023-04-28 16:09:35 [noon-ai-dis-was] info: [DIS-API] GET /user -  유저 정보조회 완료
2023-04-28 16:09:36 [noon-ai-dis-was] info: [DIS-API] GET /user -  유저 정보조회 완료
2023-04-28 16:09:36 [noon-ai-dis-was] info: [DIS-API] GET /user -  유저 정보조회 완료
2023-04-28 16:09:39 [noon-ai-dis-was] info: [DIS-API] GET /user -  유저 정보조회 완료
2023-04-28 16:09:39 [noon-ai-dis-was] info: [DIS-API] POST /passwordCheck -  비밀번호 확인 완료
2023-04-28 16:11:19 [noon-ai-dis-was] info: [DIS-API] GET /user -  유저 정보조회 완료
2023-04-28 16:11:19 [noon-ai-dis-was] info: [DIS-API] GET /user -  유저 정보조회 완료
2023-04-28 16:11:21 [noon-ai-dis-was] info: [DIS-API] GET /user -  유저 정보조회 완료
2023-04-28 16:11:22 [noon-ai-dis-was] info: [DIS-API] POST /passwordCheck -  비밀번호 확인 완료
2023-04-28 16:13:13 [noon-ai-dis-was] info: [DIS-API] GET /user -  유저 정보조회 완료
2023-04-28 16:13:13 [noon-ai-dis-was] info: [DIS-API] GET /user -  유저 정보조회 완료
2023-04-28 16:13:17 [noon-ai-dis-was] info: [DIS-API] GET /user -  유저 정보조회 완료
2023-04-28 16:13:17 [noon-ai-dis-was] info: [DIS-API] POST /passwordCheck -  비밀번호 확인 완료
2023-04-28 16:13:50 [noon-ai-dis-was] info: [DIS-API] GET /user -  유저 정보조회 완료
2023-04-28 16:13:50 [noon-ai-dis-was] info: [DIS-API] GET /user -  유저 정보조회 완료
2023-04-28 16:13:52 [noon-ai-dis-was] info: [DIS-API] GET /user -  유저 정보조회 완료
2023-04-28 16:13:52 [noon-ai-dis-was] info: [DIS-API] POST /passwordCheck -  비밀번호 확인 완료
2023-04-28 16:15:14 [noon-ai-dis-was] info: [DIS-API] GET /user -  유저 정보조회 완료
2023-04-28 16:15:14 [noon-ai-dis-was] info: [DIS-API] GET /user -  유저 정보조회 완료
2023-04-28 16:15:16 [noon-ai-dis-was] info: [DIS-API] GET /user -  유저 정보조회 완료
2023-04-28 16:15:16 [noon-ai-dis-was] info: [DIS-API] POST /passwordCheck -  비밀번호 확인 완료
2023-04-28 16:20:55 [noon-ai-dis-was] info: [DIS-API] GET /user -  유저 정보조회 완료
2023-04-28 16:20:55 [noon-ai-dis-was] info: [DIS-API] GET /user -  유저 정보조회 완료
2023-04-28 16:20:57 [noon-ai-dis-was] info: [DIS-API] GET /user -  유저 정보조회 완료
2023-04-28 16:20:57 [noon-ai-dis-was] info: [DIS-API] POST /passwordCheck -  비밀번호 확인 완료
2023-04-28 16:21:28 [noon-ai-dis-was] info: [DIS-API] GET /user -  유저 정보조회 완료
2023-04-28 16:21:28 [noon-ai-dis-was] info: [DIS-API] GET /user -  유저 정보조회 완료
2023-04-28 16:21:31 [noon-ai-dis-was] info: [DIS-API] GET /user -  유저 정보조회 완료
2023-04-28 16:21:31 [noon-ai-dis-was] info: [DIS-API] POST /passwordCheck -  비밀번호 확인 완료
2023-04-28 16:22:20 [noon-ai-dis-was] info: [DIS-API] GET /user -  유저 정보조회 완료
2023-04-28 16:22:20 [noon-ai-dis-was] info: [DIS-API] GET /user -  유저 정보조회 완료
2023-04-28 16:22:22 [noon-ai-dis-was] info: [DIS-API] GET /user -  유저 정보조회 완료
2023-04-28 16:22:22 [noon-ai-dis-was] info: [DIS-API] POST /passwordCheck -  비밀번호 확인 완료
2023-04-28 16:25:17 [noon-ai-dis-was] info: [DIS-API] GET /user -  유저 정보조회 완료
2023-04-28 16:25:17 [noon-ai-dis-was] info: [DIS-API] GET /user -  유저 정보조회 완료
2023-04-28 16:25:21 [noon-ai-dis-was] info: [DIS-API] GET /user -  유저 정보조회 완료
2023-04-28 16:25:21 [noon-ai-dis-was] info: [DIS-API] POST /passwordCheck -  비밀번호 확인 완료
2023-04-28 16:26:50 [noon-ai-dis-was] info: [DIS-API] GET /user -  유저 정보조회 완료
2023-04-28 16:26:50 [noon-ai-dis-was] info: [DIS-API] GET /user -  유저 정보조회 완료
2023-04-28 16:26:53 [noon-ai-dis-was] info: [DIS-API] GET /user -  유저 정보조회 완료
2023-04-28 16:26:53 [noon-ai-dis-was] info: [DIS-API] POST /passwordCheck -  비밀번호 확인 완료
2023-04-28 16:27:06 [noon-ai-dis-was] info: [DIS-API] GET /user -  유저 정보조회 완료
2023-04-28 16:27:06 [noon-ai-dis-was] info: [DIS-API] GET /user -  유저 정보조회 완료
2023-04-28 16:27:08 [noon-ai-dis-was] info: [DIS-API] GET /user -  유저 정보조회 완료
2023-04-28 16:27:08 [noon-ai-dis-was] info: [DIS-API] POST /passwordCheck -  비밀번호 확인 완료
2023-04-28 16:28:51 [noon-ai-dis-was] info: [DIS-API] GET /user -  유저 정보조회 완료
2023-04-28 16:28:51 [noon-ai-dis-was] info: [DIS-API] GET /user -  유저 정보조회 완료
2023-04-28 16:28:54 [noon-ai-dis-was] info: [DIS-API] GET /user -  유저 정보조회 완료
2023-04-28 16:28:54 [noon-ai-dis-was] info: [DIS-API] POST /passwordCheck -  비밀번호 확인 완료
2023-04-28 16:29:08 [noon-ai-dis-was] info: [DIS-API] GET /user -  유저 정보조회 완료
2023-04-28 16:29:08 [noon-ai-dis-was] info: [DIS-API] GET /user -  유저 정보조회 완료
2023-04-28 16:29:09 [noon-ai-dis-was] info: [DIS-API] GET /user -  유저 정보조회 완료
2023-04-28 16:29:09 [noon-ai-dis-was] info: [DIS-API] GET /manager -  관리자 계정 정보 요청 완료
2023-04-28 16:29:09 [noon-ai-dis-was] info: [DIS-API] GET /user -  유저 정보조회 완료
2023-04-28 16:29:09 [noon-ai-dis-was] info: [DIS-API] GET /user -  유저 정보조회 완료
2023-04-28 16:29:09 [noon-ai-dis-was] info: [DIS-API] GET /manager -  관리자 계정 정보 요청 완료
2023-04-28 16:29:09 [noon-ai-dis-was] info: [DIS-API] GET /user -  유저 정보조회 완료
2023-04-28 16:29:11 [noon-ai-dis-was] info: [DIS-API] GET /user -  유저 정보조회 완료
2023-04-28 16:29:11 [noon-ai-dis-was] info: [DIS-API] GET /user -  유저 정보조회 완료
2023-04-28 16:29:12 [noon-ai-dis-was] info: [DIS-API] GET /user -  유저 정보조회 완료
2023-04-28 16:29:12 [noon-ai-dis-was] info: [DIS-API] POST /passwordCheck -  비밀번호 확인 완료
2023-04-28 16:29:35 [noon-ai-dis-was] info: [DIS-API] GET /user -  유저 정보조회 완료
2023-04-28 16:29:35 [noon-ai-dis-was] info: [DIS-API] GET /user -  유저 정보조회 완료
2023-04-28 16:29:37 [noon-ai-dis-was] info: [DIS-API] GET /user -  유저 정보조회 완료
2023-04-28 16:29:37 [noon-ai-dis-was] info: [DIS-API] POST /passwordCheck -  비밀번호 확인 완료
2023-04-28 16:32:39 [noon-ai-dis-was] info: [DIS-API] GET /user -  유저 정보조회 완료
2023-04-28 16:32:39 [noon-ai-dis-was] info: [DIS-API] GET /user -  유저 정보조회 완료
2023-04-28 16:32:42 [noon-ai-dis-was] info: [DIS-API] GET /user -  유저 정보조회 완료
2023-04-28 16:32:42 [noon-ai-dis-was] info: [DIS-API] POST /passwordCheck -  비밀번호 확인 완료
2023-04-28 16:34:30 [noon-ai-dis-was] info: [DIS-API] GET /user -  유저 정보조회 완료
2023-04-28 16:34:30 [noon-ai-dis-was] info: [DIS-API] GET /user -  유저 정보조회 완료
2023-04-28 16:34:32 [noon-ai-dis-was] info: [DIS-API] GET /user -  유저 정보조회 완료
2023-04-28 16:34:32 [noon-ai-dis-was] info: [DIS-API] POST /passwordCheck -  비밀번호 확인 완료
2023-04-28 16:35:06 [noon-ai-dis-was] info: [DIS-API] GET /user -  유저 정보조회 완료
2023-04-28 16:35:06 [noon-ai-dis-was] info: [DIS-API] GET /user -  유저 정보조회 완료
2023-04-28 16:35:09 [noon-ai-dis-was] info: [DIS-API] GET /user -  유저 정보조회 완료
2023-04-28 16:35:09 [noon-ai-dis-was] info: [DIS-API] POST /passwordCheck -  비밀번호 확인 완료
2023-04-28 16:37:23 [noon-ai-dis-was] info: [DIS-API] GET /user -  유저 정보조회 완료
2023-04-28 16:37:23 [noon-ai-dis-was] info: [DIS-API] GET /user -  유저 정보조회 완료
2023-04-28 16:37:25 [noon-ai-dis-was] info: [DIS-API] GET /user -  유저 정보조회 완료
2023-04-28 16:37:25 [noon-ai-dis-was] info: [DIS-API] POST /passwordCheck -  비밀번호 확인 완료
2023-04-28 16:38:31 [noon-ai-dis-was] info: [DIS-API] GET /user -  유저 정보조회 완료
2023-04-28 16:38:31 [noon-ai-dis-was] info: [DIS-API] GET /user -  유저 정보조회 완료
2023-04-28 16:38:32 [noon-ai-dis-was] info: [DIS-API] GET /user -  유저 정보조회 완료
2023-04-28 16:38:32 [noon-ai-dis-was] info: [DIS-API] POST /passwordCheck -  비밀번호 확인 완료
2023-04-28 16:39:03 [noon-ai-dis-was] info: [DIS-API] GET /user -  유저 정보조회 완료
2023-04-28 16:39:03 [noon-ai-dis-was] info: [DIS-API] GET /user -  유저 정보조회 완료
2023-04-28 16:39:07 [noon-ai-dis-was] info: [DIS-API] GET /user -  유저 정보조회 완료
2023-04-28 16:39:07 [noon-ai-dis-was] info: [DIS-API] POST /passwordCheck -  비밀번호 확인 완료
2023-04-28 16:40:28 [noon-ai-dis-was] info: [DIS-API] GET /user -  유저 정보조회 완료
2023-04-28 16:40:28 [noon-ai-dis-was] info: [DIS-API] GET /user -  유저 정보조회 완료
2023-04-28 16:40:30 [noon-ai-dis-was] info: [DIS-API] GET /user -  유저 정보조회 완료
2023-04-28 16:40:30 [noon-ai-dis-was] info: [DIS-API] POST /passwordCheck -  비밀번호 확인 완료
2023-04-28 16:41:30 [noon-ai-dis-was] info: [DIS-API] GET /user -  유저 정보조회 완료
2023-04-28 16:41:30 [noon-ai-dis-was] info: [DIS-API] GET /user -  유저 정보조회 완료
2023-04-28 16:41:32 [noon-ai-dis-was] info: [DIS-API] GET /user -  유저 정보조회 완료
2023-04-28 16:41:33 [noon-ai-dis-was] info: [DIS-API] POST /passwordCheck -  비밀번호 확인 완료
2023-04-28 16:43:08 [noon-ai-dis-was] info: [DIS-API] GET /user -  유저 정보조회 완료
2023-04-28 16:43:08 [noon-ai-dis-was] info: [DIS-API] GET /user -  유저 정보조회 완료
2023-04-28 16:43:11 [noon-ai-dis-was] info: [DIS-API] GET /user -  유저 정보조회 완료
2023-04-28 16:43:11 [noon-ai-dis-was] info: [DIS-API] POST /passwordCheck -  비밀번호 확인 완료
2023-04-28 16:46:40 [noon-ai-dis-was] info: [DIS-API] GET /user -  유저 정보조회 완료
2023-04-28 16:46:40 [noon-ai-dis-was] info: [DIS-API] GET /user -  유저 정보조회 완료
2023-04-28 16:46:45 [noon-ai-dis-was] info: [DIS-API] GET /user -  유저 정보조회 완료
2023-04-28 16:46:45 [noon-ai-dis-was] info: [DIS-API] POST /passwordCheck -  비밀번호 확인 완료
2023-04-28 16:51:44 [noon-ai-dis-was] info: [DIS-API] GET /user -  유저 정보조회 완료
2023-04-28 16:51:44 [noon-ai-dis-was] info: [DIS-API] GET /user -  유저 정보조회 완료
2023-04-28 16:51:47 [noon-ai-dis-was] info: [DIS-API] GET /user -  유저 정보조회 완료
2023-04-28 16:51:47 [noon-ai-dis-was] info: [DIS-API] POST /passwordCheck -  비밀번호 확인 완료
2023-04-28 16:53:21 [noon-ai-dis-was] info: [DIS-API] GET /user -  유저 정보조회 완료
2023-04-28 16:53:21 [noon-ai-dis-was] info: [DIS-API] GET /user -  유저 정보조회 완료
2023-04-28 16:53:24 [noon-ai-dis-was] info: [DIS-API] GET /user -  유저 정보조회 완료
2023-04-28 16:53:24 [noon-ai-dis-was] info: [DIS-API] POST /passwordCheck -  비밀번호 확인 완료
