2023-05-09 08:38:23 [noon-ai-dis-was] info: [DIS-API] GET /env -  환경변수 조회 완료
2023-05-09 08:38:27 [noon-ai-dis-was] info: [DIS-API] POST /first-login -  1차 로그인 완료
2023-05-09 08:38:28 [noon-ai-dis-was] info: [DIS-API] PUT /login/failCount/clear -  로그인 실패 횟수 0 초기화
2023-05-09 08:38:28 [noon-ai-dis-was] info: [DIS-API] POST /login -  관리자 MHNCity 로그인 완료
2023-05-09 08:38:28 [noon-ai-dis-was] info: [DIS-API] PUT /login/lockCount -  lock_count 0 초기화
2023-05-09 08:38:29 [noon-ai-dis-was] info: [DIS-API] GET /signup/request -  가입요청 목록 조회 완료
2023-05-09 08:38:29 [noon-ai-dis-was] info: [DIS-API] GET /user -  유저 정보조회 완료
2023-05-09 08:38:58 [noon-ai-dis-was] info: [DIS-API] GET /env -  환경변수 조회 완료
2023-05-09 08:38:58 [noon-ai-dis-was] info: [NCP-API] GET /bucket/list -  버킷 목록 조회 완료
2023-05-09 08:38:58 [noon-ai-dis-was] info: [DIS-API] GET /tenant -  테넌트 목록 조회 완료
2023-05-09 08:38:59 [noon-ai-dis-was] info: [DIS-API] GET /user -  유저 정보조회 완료
2023-05-09 08:41:22 [noon-ai-dis-was] info: [DIS-API] GET /env -  환경변수 조회 완료
2023-05-09 08:41:22 [noon-ai-dis-was] info: [NCP-API] GET /bucket/list -  버킷 목록 조회 완료
2023-05-09 08:41:23 [noon-ai-dis-was] info: [DIS-API] GET /tenant -  테넌트 목록 조회 완료
2023-05-09 08:41:23 [noon-ai-dis-was] info: [DIS-API] GET /user -  유저 정보조회 완료
2023-05-09 08:41:35 [noon-ai-dis-was] info: [DIS-API] GET /env -  환경변수 조회 완료
2023-05-09 08:41:35 [noon-ai-dis-was] info: [NCP-API] GET /bucket/list -  버킷 목록 조회 완료
2023-05-09 08:41:35 [noon-ai-dis-was] info: [DIS-API] GET /tenant -  테넌트 목록 조회 완료
2023-05-09 08:41:35 [noon-ai-dis-was] info: [DIS-API] GET /user -  유저 정보조회 완료
2023-05-09 08:41:41 [noon-ai-dis-was] info: [NCP-API] GET /database/instanceNumber -  데이터베이스 Instance No 조회 완료
2023-05-09 08:41:41 [noon-ai-dis-was] info: [NCP-API] DELETE /tenant/database -  dev-dis-tenant-79 삭제 완료
2023-05-09 08:41:48 [noon-ai-dis-was] error: [NCP-API] DELETE /tenant/account -  Error: You have an error in your SQL syntax; check the manual that corresponds to your MySQL server version for the right syntax to use near '-dis WHERE id = ?' at line 1
2023-05-09 08:43:43 [noon-ai-dis-was] info: [DIS-API] GET /env -  환경변수 조회 완료
2023-05-09 08:43:43 [noon-ai-dis-was] info: [NCP-API] GET /bucket/list -  버킷 목록 조회 완료
2023-05-09 08:43:43 [noon-ai-dis-was] info: [DIS-API] GET /tenant -  테넌트 목록 조회 완료
2023-05-09 08:43:43 [noon-ai-dis-was] info: [DIS-API] GET /user -  유저 정보조회 완료
2023-05-09 08:43:49 [noon-ai-dis-was] error: [NCP-API] DELETE /tenant/account -  Error: You have an error in your SQL syntax; check the manual that corresponds to your MySQL server version for the right syntax to use near '?' at line 1
2023-05-09 08:44:41 [noon-ai-dis-was] info: [DIS-API] GET /env -  환경변수 조회 완료
2023-05-09 08:44:41 [noon-ai-dis-was] info: [NCP-API] GET /bucket/list -  버킷 목록 조회 완료
2023-05-09 08:44:41 [noon-ai-dis-was] info: [DIS-API] GET /tenant -  테넌트 목록 조회 완료
2023-05-09 08:44:41 [noon-ai-dis-was] info: [DIS-API] GET /user -  유저 정보조회 완료
2023-05-09 08:44:51 [noon-ai-dis-was] info: [DIS-API] GET /env -  환경변수 조회 완료
2023-05-09 08:44:51 [noon-ai-dis-was] info: [NCP-API] GET /bucket/list -  버킷 목록 조회 완료
2023-05-09 08:44:51 [noon-ai-dis-was] info: [DIS-API] GET /tenant -  테넌트 목록 조회 완료
2023-05-09 08:44:51 [noon-ai-dis-was] info: [DIS-API] GET /user -  유저 정보조회 완료
2023-05-09 08:46:39 [noon-ai-dis-was] info: [NCP-API] GET /database/instanceNumber -  데이터베이스 Instance No 조회 완료
2023-05-09 08:46:39 [noon-ai-dis-was] info: [NCP-API] DELETE /tenant/database -  dev-dis-tenant-78 삭제 완료
2023-05-09 08:50:52 [noon-ai-dis-was] info: [DIS-API] GET /env -  환경변수 조회 완료
2023-05-09 08:50:53 [noon-ai-dis-was] info: [NCP-API] GET /bucket/list -  버킷 목록 조회 완료
2023-05-09 08:50:53 [noon-ai-dis-was] info: [DIS-API] GET /tenant -  테넌트 목록 조회 완료
2023-05-09 08:50:53 [noon-ai-dis-was] info: [DIS-API] GET /user -  유저 정보조회 완료
2023-05-09 08:56:13 [noon-ai-dis-was] error: [NCP-API] DELETE /tenant/account -  Error: You have an error in your SQL syntax; check the manual that corresponds to your MySQL server version for the right syntax to use near '?)' at line 1
2023-05-09 08:59:12 [noon-ai-dis-was] info: [DIS-API] GET /env -  환경변수 조회 완료
2023-05-09 08:59:12 [noon-ai-dis-was] info: [NCP-API] GET /bucket/list -  버킷 목록 조회 완료
2023-05-09 08:59:12 [noon-ai-dis-was] info: [DIS-API] GET /tenant -  테넌트 목록 조회 완료
2023-05-09 08:59:12 [noon-ai-dis-was] info: [DIS-API] GET /user -  유저 정보조회 완료
2023-05-09 08:59:20 [noon-ai-dis-was] error: [NCP-API] DELETE /tenant/account -  Error: Cannot add or update a child row: a foreign key constraint fails (`dev-dis`.`withdrawal_log`, CONSTRAINT `withdrawal_log_user_id_FK` FOREIGN KEY (`user_id`) REFERENCES `tenant` (`id`))
2023-05-09 09:00:03 [noon-ai-dis-was] info: [DIS-API] GET /env -  환경변수 조회 완료
2023-05-09 09:00:03 [noon-ai-dis-was] info: [NCP-API] GET /bucket/list -  버킷 목록 조회 완료
2023-05-09 09:00:03 [noon-ai-dis-was] info: [DIS-API] GET /tenant -  테넌트 목록 조회 완료
2023-05-09 09:00:03 [noon-ai-dis-was] info: [DIS-API] GET /user -  유저 정보조회 완료
2023-05-09 09:00:10 [noon-ai-dis-was] error: [NCP-API] DELETE /tenant/account -  Error: Cannot delete or update a parent row: a foreign key constraint fails (`dev-dis`.`withdrawal_log`, CONSTRAINT `withdrawal_log_user_id_FK` FOREIGN KEY (`user_id`) REFERENCES `tenant` (`id`))
2023-05-09 09:03:45 [noon-ai-dis-was] info: [DIS-API] GET /env -  환경변수 조회 완료
2023-05-09 09:03:45 [noon-ai-dis-was] info: [NCP-API] GET /bucket/list -  버킷 목록 조회 완료
2023-05-09 09:03:45 [noon-ai-dis-was] info: [DIS-API] GET /tenant -  테넌트 목록 조회 완료
2023-05-09 09:03:45 [noon-ai-dis-was] info: [DIS-API] GET /user -  유저 정보조회 완료
2023-05-09 09:04:47 [noon-ai-dis-was] info: [DIS-API] GET /env -  환경변수 조회 완료
2023-05-09 09:04:47 [noon-ai-dis-was] info: [NCP-API] GET /bucket/list -  버킷 목록 조회 완료
2023-05-09 09:04:47 [noon-ai-dis-was] info: [DIS-API] GET /tenant -  테넌트 목록 조회 완료
2023-05-09 09:04:47 [noon-ai-dis-was] info: [DIS-API] GET /user -  유저 정보조회 완료
2023-05-09 09:04:53 [noon-ai-dis-was] error: [NCP-API] DELETE /tenant/account -  Error: Cannot delete or update a parent row: a foreign key constraint fails (`dev-dis`.`withdrawal_log`, CONSTRAINT `withdrawal_log_user_id_FK` FOREIGN KEY (`user_id`) REFERENCES `tenant` (`id`))
2023-05-09 09:09:23 [noon-ai-dis-was] info: [DIS-API] GET /env -  환경변수 조회 완료
2023-05-09 09:09:24 [noon-ai-dis-was] info: [NCP-API] GET /bucket/list -  버킷 목록 조회 완료
2023-05-09 09:09:24 [noon-ai-dis-was] info: [DIS-API] GET /tenant -  테넌트 목록 조회 완료
2023-05-09 09:09:24 [noon-ai-dis-was] info: [DIS-API] GET /user -  유저 정보조회 완료
2023-05-09 09:09:30 [noon-ai-dis-was] info: [NCP-API] DELETE /tenant/account -  이용자 계정 삭제 완료
2023-05-09 09:10:28 [noon-ai-dis-was] info: [DIS-API] GET /env -  환경변수 조회 완료
2023-05-09 09:10:29 [noon-ai-dis-was] info: [NCP-API] GET /bucket/list -  버킷 목록 조회 완료
2023-05-09 09:10:29 [noon-ai-dis-was] info: [DIS-API] GET /tenant -  테넌트 목록 조회 완료
2023-05-09 09:10:29 [noon-ai-dis-was] info: [DIS-API] GET /user -  유저 정보조회 완료
2023-05-09 09:10:35 [noon-ai-dis-was] info: [NCP-API] DELETE /tenant/account -  이용자 계정 삭제 완료
2023-05-09 09:14:21 [noon-ai-dis-was] info: [DIS-API] GET /logout -  관리자 MHNCity 로그아웃 완료
2023-05-09 09:14:21 [noon-ai-dis-was] info: [DIS-API] GET /env -  환경변수 조회 완료
2023-05-09 09:14:26 [noon-ai-dis-was] info: [DIS-API] POST /first-login -  1차 로그인 완료
2023-05-09 09:14:27 [noon-ai-dis-was] info: [DIS-API] PUT /login/failCount/clear -  로그인 실패 횟수 0 초기화
2023-05-09 09:14:27 [noon-ai-dis-was] info: [DIS-API] POST /login -  관리자 유현우 로그인 완료
2023-05-09 09:14:27 [noon-ai-dis-was] info: [DIS-API] PUT /login/lockCount -  lock_count 0 초기화
2023-05-09 09:14:27 [noon-ai-dis-was] info: [DIS-API] GET /signup/request -  가입요청 목록 조회 완료
2023-05-09 09:14:27 [noon-ai-dis-was] info: [DIS-API] GET /user -  유저 정보조회 완료
2023-05-09 09:35:16 [noon-ai-dis-was] info: [DIS-API] GET /logout -  관리자 유현우 로그아웃 완료
2023-05-09 09:35:16 [noon-ai-dis-was] info: [DIS-API] GET /env -  환경변수 조회 완료
2023-05-09 09:35:20 [noon-ai-dis-was] info: [DIS-API] POST /first-login -  1차 로그인 완료
2023-05-09 09:35:21 [noon-ai-dis-was] info: [DIS-API] PUT /login/failCount/clear -  로그인 실패 횟수 0 초기화
2023-05-09 09:35:21 [noon-ai-dis-was] info: [DIS-API] POST /login -  관리자 MHNCity 로그인 완료
2023-05-09 09:35:21 [noon-ai-dis-was] info: [DIS-API] PUT /login/lockCount -  lock_count 0 초기화
2023-05-09 09:35:22 [noon-ai-dis-was] info: [DIS-API] GET /signup/request -  가입요청 목록 조회 완료
2023-05-09 09:35:22 [noon-ai-dis-was] info: [DIS-API] GET /user -  유저 정보조회 완료
2023-05-09 09:35:23 [noon-ai-dis-was] info: [DIS-API] GET /env -  환경변수 조회 완료
2023-05-09 09:35:24 [noon-ai-dis-was] info: [NCP-API] GET /bucket/list -  버킷 목록 조회 완료
2023-05-09 09:35:24 [noon-ai-dis-was] info: [DIS-API] GET /tenant -  테넌트 목록 조회 완료
2023-05-09 09:35:24 [noon-ai-dis-was] info: [DIS-API] GET /user -  유저 정보조회 완료
2023-05-09 09:36:06 [noon-ai-dis-was] info: [NCP-API] DELETE /tenant/account -  이용자 계정 삭제 완료
2023-05-09 09:58:37 [noon-ai-dis-was] info: [DIS-API] GET /logout -  관리자 MHNCity 로그아웃 완료
2023-05-09 09:58:38 [noon-ai-dis-was] info: [DIS-API] GET /env -  환경변수 조회 완료
2023-05-09 09:58:43 [noon-ai-dis-was] info: [DIS-API] POST /first-login -  1차 로그인 완료
2023-05-09 09:58:45 [noon-ai-dis-was] info: [DIS-API] PUT /login/failCount/clear -  로그인 실패 횟수 0 초기화
2023-05-09 09:58:45 [noon-ai-dis-was] info: [DIS-API] POST /login -  관리자 유현우 로그인 완료
2023-05-09 09:58:45 [noon-ai-dis-was] info: [DIS-API] PUT /login/lockCount -  lock_count 0 초기화
2023-05-09 09:58:45 [noon-ai-dis-was] info: [DIS-API] GET /signup/request -  가입요청 목록 조회 완료
2023-05-09 09:58:45 [noon-ai-dis-was] info: [DIS-API] GET /user -  유저 정보조회 완료
2023-05-09 10:15:30 [noon-ai-dis-was] info: [DIS-API] GET /logout -  관리자 유현우 로그아웃 완료
2023-05-09 10:15:30 [noon-ai-dis-was] info: [DIS-API] GET /env -  환경변수 조회 완료
2023-05-09 10:15:33 [noon-ai-dis-was] info: [DIS-API] POST /first-login -  1차 로그인 완료
2023-05-09 10:15:34 [noon-ai-dis-was] info: [DIS-API] PUT /login/failCount/clear -  로그인 실패 횟수 0 초기화
2023-05-09 10:15:34 [noon-ai-dis-was] info: [DIS-API] POST /login -  관리자 MHNCity 로그인 완료
2023-05-09 10:15:34 [noon-ai-dis-was] info: [DIS-API] PUT /login/lockCount -  lock_count 0 초기화
2023-05-09 10:15:34 [noon-ai-dis-was] info: [DIS-API] GET /signup/request -  가입요청 목록 조회 완료
2023-05-09 10:15:34 [noon-ai-dis-was] info: [DIS-API] GET /user -  유저 정보조회 완료
2023-05-09 10:15:48 [noon-ai-dis-was] info: [DIS-API] GET /env -  환경변수 조회 완료
2023-05-09 10:15:48 [noon-ai-dis-was] info: [NCP-API] GET /bucket/list -  버킷 목록 조회 완료
2023-05-09 10:15:48 [noon-ai-dis-was] info: [DIS-API] GET /tenant -  테넌트 목록 조회 완료
2023-05-09 10:15:48 [noon-ai-dis-was] info: [DIS-API] GET /user -  유저 정보조회 완료
2023-05-09 10:15:52 [noon-ai-dis-was] info: [NCP-API] GET /database/instanceNumber -  데이터베이스 Instance No 조회 완료
2023-05-09 10:15:53 [noon-ai-dis-was] info: [NCP-API] DELETE /tenant/database -  dev-dis-tenant-77 삭제 완료
2023-05-09 10:16:00 [noon-ai-dis-was] info: [NCP-API] DELETE /tenant/account -  이용자 계정 삭제 완료
2023-05-09 10:16:05 [noon-ai-dis-was] info: [DIS-API] GET /env -  환경변수 조회 완료
2023-05-09 10:16:05 [noon-ai-dis-was] info: [NCP-API] GET /bucket/list -  버킷 목록 조회 완료
2023-05-09 10:16:05 [noon-ai-dis-was] info: [DIS-API] GET /tenant -  테넌트 목록 조회 완료
2023-05-09 10:16:05 [noon-ai-dis-was] info: [DIS-API] GET /user -  유저 정보조회 완료
2023-05-09 10:23:06 [noon-ai-dis-was] info: [DIS-API] GET /env -  환경변수 조회 완료
2023-05-09 10:23:06 [noon-ai-dis-was] info: [NCP-API] GET /bucket/list -  버킷 목록 조회 완료
2023-05-09 10:23:06 [noon-ai-dis-was] info: [DIS-API] GET /tenant -  테넌트 목록 조회 완료
2023-05-09 10:23:06 [noon-ai-dis-was] info: [DIS-API] GET /user -  유저 정보조회 완료
2023-05-09 10:23:09 [noon-ai-dis-was] info: [NCP-API] GET /database/instanceNumber -  데이터베이스 Instance No 조회 완료
2023-05-09 10:23:09 [noon-ai-dis-was] info: [NCP-API] DELETE /tenant/database -  dev-dis-tenant-74 삭제 완료
2023-05-09 10:23:12 [noon-ai-dis-was] info: [NCP-API] DELETE /tenant/bucket -  dev-tenant-74 삭제 완료
2023-05-09 10:23:16 [noon-ai-dis-was] info: [NCP-API] DELETE /tenant/account -  이용자 계정 삭제 완료
2023-05-09 10:23:19 [noon-ai-dis-was] info: [DIS-API] GET /env -  환경변수 조회 완료
2023-05-09 10:23:20 [noon-ai-dis-was] info: [NCP-API] GET /bucket/list -  버킷 목록 조회 완료
2023-05-09 10:23:20 [noon-ai-dis-was] info: [DIS-API] GET /tenant -  테넌트 목록 조회 완료
2023-05-09 10:23:20 [noon-ai-dis-was] info: [DIS-API] GET /user -  유저 정보조회 완료
2023-05-09 10:24:49 [noon-ai-dis-was] info: [DIS-API] GET /env -  환경변수 조회 완료
2023-05-09 10:24:49 [noon-ai-dis-was] info: [NCP-API] GET /bucket/list -  버킷 목록 조회 완료
2023-05-09 10:24:49 [noon-ai-dis-was] info: [DIS-API] GET /tenant -  테넌트 목록 조회 완료
2023-05-09 10:24:49 [noon-ai-dis-was] info: [DIS-API] GET /user -  유저 정보조회 완료
2023-05-09 10:24:57 [noon-ai-dis-was] info: [NCP-API] GET /database/instanceNumber -  데이터베이스 Instance No 조회 완료
2023-05-09 10:24:57 [noon-ai-dis-was] info: [NCP-API] DELETE /tenant/database -  dev-dis-tenant-73 삭제 완료
2023-05-09 10:24:59 [noon-ai-dis-was] info: [NCP-API] DELETE /tenant/bucket -  dev-tenant-73 삭제 완료
2023-05-09 10:25:03 [noon-ai-dis-was] info: [NCP-API] DELETE /tenant/account -  이용자 계정 삭제 완료
2023-05-09 10:25:04 [noon-ai-dis-was] info: [DIS-API] GET /env -  환경변수 조회 완료
2023-05-09 10:25:04 [noon-ai-dis-was] info: [NCP-API] GET /bucket/list -  버킷 목록 조회 완료
2023-05-09 10:25:04 [noon-ai-dis-was] info: [DIS-API] GET /tenant -  테넌트 목록 조회 완료
2023-05-09 10:25:04 [noon-ai-dis-was] info: [DIS-API] GET /user -  유저 정보조회 완료
2023-05-09 10:26:05 [noon-ai-dis-was] info: [DIS-API] GET /env -  환경변수 조회 완료
2023-05-09 10:26:05 [noon-ai-dis-was] info: [NCP-API] GET /bucket/list -  버킷 목록 조회 완료
2023-05-09 10:26:05 [noon-ai-dis-was] info: [DIS-API] GET /tenant -  테넌트 목록 조회 완료
2023-05-09 10:26:05 [noon-ai-dis-was] info: [DIS-API] GET /user -  유저 정보조회 완료
2023-05-09 10:26:06 [noon-ai-dis-was] info: [DIS-API] GET /env -  환경변수 조회 완료
2023-05-09 10:26:06 [noon-ai-dis-was] info: [NCP-API] GET /bucket/list -  버킷 목록 조회 완료
2023-05-09 10:26:06 [noon-ai-dis-was] info: [DIS-API] GET /tenant -  테넌트 목록 조회 완료
2023-05-09 10:26:06 [noon-ai-dis-was] info: [DIS-API] GET /user -  유저 정보조회 완료
2023-05-09 10:26:06 [noon-ai-dis-was] info: [DIS-API] GET /env -  환경변수 조회 완료
2023-05-09 10:26:06 [noon-ai-dis-was] info: [NCP-API] GET /bucket/list -  버킷 목록 조회 완료
2023-05-09 10:26:06 [noon-ai-dis-was] info: [DIS-API] GET /tenant -  테넌트 목록 조회 완료
2023-05-09 10:26:06 [noon-ai-dis-was] info: [DIS-API] GET /user -  유저 정보조회 완료
2023-05-09 10:26:07 [noon-ai-dis-was] info: [DIS-API] GET /env -  환경변수 조회 완료
2023-05-09 10:26:07 [noon-ai-dis-was] info: [NCP-API] GET /bucket/list -  버킷 목록 조회 완료
2023-05-09 10:26:07 [noon-ai-dis-was] info: [DIS-API] GET /tenant -  테넌트 목록 조회 완료
2023-05-09 10:26:07 [noon-ai-dis-was] info: [DIS-API] GET /user -  유저 정보조회 완료
2023-05-09 10:26:07 [noon-ai-dis-was] info: [DIS-API] GET /env -  환경변수 조회 완료
2023-05-09 10:26:07 [noon-ai-dis-was] info: [NCP-API] GET /bucket/list -  버킷 목록 조회 완료
2023-05-09 10:26:07 [noon-ai-dis-was] info: [DIS-API] GET /tenant -  테넌트 목록 조회 완료
2023-05-09 10:26:07 [noon-ai-dis-was] info: [DIS-API] GET /user -  유저 정보조회 완료
2023-05-09 10:26:07 [noon-ai-dis-was] info: [DIS-API] GET /env -  환경변수 조회 완료
2023-05-09 10:26:07 [noon-ai-dis-was] info: [NCP-API] GET /bucket/list -  버킷 목록 조회 완료
2023-05-09 10:26:07 [noon-ai-dis-was] info: [DIS-API] GET /tenant -  테넌트 목록 조회 완료
2023-05-09 10:26:07 [noon-ai-dis-was] info: [DIS-API] GET /user -  유저 정보조회 완료
2023-05-09 10:26:07 [noon-ai-dis-was] info: [DIS-API] GET /env -  환경변수 조회 완료
2023-05-09 10:26:08 [noon-ai-dis-was] info: [NCP-API] GET /bucket/list -  버킷 목록 조회 완료
2023-05-09 10:26:08 [noon-ai-dis-was] info: [DIS-API] GET /tenant -  테넌트 목록 조회 완료
2023-05-09 10:26:08 [noon-ai-dis-was] info: [DIS-API] GET /user -  유저 정보조회 완료
2023-05-09 10:26:08 [noon-ai-dis-was] info: [DIS-API] GET /env -  환경변수 조회 완료
2023-05-09 10:26:08 [noon-ai-dis-was] info: [NCP-API] GET /bucket/list -  버킷 목록 조회 완료
2023-05-09 10:26:08 [noon-ai-dis-was] info: [DIS-API] GET /tenant -  테넌트 목록 조회 완료
2023-05-09 10:26:08 [noon-ai-dis-was] info: [DIS-API] GET /user -  유저 정보조회 완료
2023-05-09 10:26:08 [noon-ai-dis-was] info: [DIS-API] GET /env -  환경변수 조회 완료
2023-05-09 10:26:08 [noon-ai-dis-was] info: [NCP-API] GET /bucket/list -  버킷 목록 조회 완료
2023-05-09 10:26:08 [noon-ai-dis-was] info: [DIS-API] GET /tenant -  테넌트 목록 조회 완료
2023-05-09 10:26:08 [noon-ai-dis-was] info: [DIS-API] GET /user -  유저 정보조회 완료
2023-05-09 10:26:08 [noon-ai-dis-was] info: [DIS-API] GET /env -  환경변수 조회 완료
2023-05-09 10:26:08 [noon-ai-dis-was] info: [NCP-API] GET /bucket/list -  버킷 목록 조회 완료
2023-05-09 10:26:08 [noon-ai-dis-was] info: [DIS-API] GET /tenant -  테넌트 목록 조회 완료
2023-05-09 10:26:08 [noon-ai-dis-was] info: [DIS-API] GET /user -  유저 정보조회 완료
2023-05-09 10:26:08 [noon-ai-dis-was] info: [DIS-API] GET /env -  환경변수 조회 완료
2023-05-09 10:26:08 [noon-ai-dis-was] info: [NCP-API] GET /bucket/list -  버킷 목록 조회 완료
2023-05-09 10:26:08 [noon-ai-dis-was] info: [DIS-API] GET /tenant -  테넌트 목록 조회 완료
2023-05-09 10:26:08 [noon-ai-dis-was] info: [DIS-API] GET /user -  유저 정보조회 완료
2023-05-09 10:26:08 [noon-ai-dis-was] info: [DIS-API] GET /env -  환경변수 조회 완료
2023-05-09 10:26:08 [noon-ai-dis-was] info: [NCP-API] GET /bucket/list -  버킷 목록 조회 완료
2023-05-09 10:26:08 [noon-ai-dis-was] info: [DIS-API] GET /tenant -  테넌트 목록 조회 완료
2023-05-09 10:26:08 [noon-ai-dis-was] info: [DIS-API] GET /user -  유저 정보조회 완료
2023-05-09 10:26:13 [noon-ai-dis-was] info: [DIS-API] GET /env -  환경변수 조회 완료
2023-05-09 10:26:13 [noon-ai-dis-was] info: [NCP-API] GET /bucket/list -  버킷 목록 조회 완료
2023-05-09 10:26:13 [noon-ai-dis-was] info: [DIS-API] GET /tenant -  테넌트 목록 조회 완료
2023-05-09 10:26:14 [noon-ai-dis-was] info: [DIS-API] GET /user -  유저 정보조회 완료
2023-05-09 10:26:14 [noon-ai-dis-was] info: [DIS-API] GET /env -  환경변수 조회 완료
2023-05-09 10:26:14 [noon-ai-dis-was] info: [NCP-API] GET /bucket/list -  버킷 목록 조회 완료
2023-05-09 10:26:14 [noon-ai-dis-was] info: [DIS-API] GET /tenant -  테넌트 목록 조회 완료
2023-05-09 10:26:14 [noon-ai-dis-was] info: [DIS-API] GET /user -  유저 정보조회 완료
2023-05-09 10:26:14 [noon-ai-dis-was] info: [DIS-API] GET /env -  환경변수 조회 완료
2023-05-09 10:26:14 [noon-ai-dis-was] info: [NCP-API] GET /bucket/list -  버킷 목록 조회 완료
2023-05-09 10:26:15 [noon-ai-dis-was] info: [DIS-API] GET /tenant -  테넌트 목록 조회 완료
2023-05-09 10:26:15 [noon-ai-dis-was] info: [DIS-API] GET /user -  유저 정보조회 완료
2023-05-09 10:26:15 [noon-ai-dis-was] info: [DIS-API] GET /env -  환경변수 조회 완료
2023-05-09 10:26:15 [noon-ai-dis-was] info: [NCP-API] GET /bucket/list -  버킷 목록 조회 완료
2023-05-09 10:26:15 [noon-ai-dis-was] info: [DIS-API] GET /tenant -  테넌트 목록 조회 완료
2023-05-09 10:26:15 [noon-ai-dis-was] info: [DIS-API] GET /user -  유저 정보조회 완료
2023-05-09 10:26:15 [noon-ai-dis-was] info: [DIS-API] GET /env -  환경변수 조회 완료
2023-05-09 10:26:15 [noon-ai-dis-was] info: [NCP-API] GET /bucket/list -  버킷 목록 조회 완료
2023-05-09 10:26:15 [noon-ai-dis-was] info: [DIS-API] GET /tenant -  테넌트 목록 조회 완료
2023-05-09 10:26:15 [noon-ai-dis-was] info: [DIS-API] GET /user -  유저 정보조회 완료
2023-05-09 10:26:15 [noon-ai-dis-was] info: [DIS-API] GET /env -  환경변수 조회 완료
2023-05-09 10:26:15 [noon-ai-dis-was] info: [NCP-API] GET /bucket/list -  버킷 목록 조회 완료
2023-05-09 10:26:15 [noon-ai-dis-was] info: [DIS-API] GET /tenant -  테넌트 목록 조회 완료
2023-05-09 10:26:15 [noon-ai-dis-was] info: [DIS-API] GET /user -  유저 정보조회 완료
2023-05-09 10:26:18 [noon-ai-dis-was] info: [DIS-API] GET /env -  환경변수 조회 완료
2023-05-09 10:26:18 [noon-ai-dis-was] info: [NCP-API] GET /bucket/list -  버킷 목록 조회 완료
2023-05-09 10:26:18 [noon-ai-dis-was] info: [DIS-API] GET /tenant -  테넌트 목록 조회 완료
2023-05-09 10:26:18 [noon-ai-dis-was] info: [DIS-API] GET /user -  유저 정보조회 완료
2023-05-09 10:26:19 [noon-ai-dis-was] info: [DIS-API] GET /env -  환경변수 조회 완료
2023-05-09 10:26:19 [noon-ai-dis-was] info: [NCP-API] GET /bucket/list -  버킷 목록 조회 완료
2023-05-09 10:26:19 [noon-ai-dis-was] info: [DIS-API] GET /tenant -  테넌트 목록 조회 완료
2023-05-09 10:26:19 [noon-ai-dis-was] info: [DIS-API] GET /user -  유저 정보조회 완료
2023-05-09 10:26:19 [noon-ai-dis-was] info: [DIS-API] GET /env -  환경변수 조회 완료
2023-05-09 10:26:19 [noon-ai-dis-was] info: [NCP-API] GET /bucket/list -  버킷 목록 조회 완료
2023-05-09 10:26:19 [noon-ai-dis-was] info: [DIS-API] GET /tenant -  테넌트 목록 조회 완료
2023-05-09 10:26:19 [noon-ai-dis-was] info: [DIS-API] GET /user -  유저 정보조회 완료
2023-05-09 10:26:19 [noon-ai-dis-was] info: [DIS-API] GET /env -  환경변수 조회 완료
2023-05-09 10:26:19 [noon-ai-dis-was] info: [NCP-API] GET /bucket/list -  버킷 목록 조회 완료
2023-05-09 10:26:19 [noon-ai-dis-was] info: [DIS-API] GET /tenant -  테넌트 목록 조회 완료
2023-05-09 10:26:19 [noon-ai-dis-was] info: [DIS-API] GET /user -  유저 정보조회 완료
2023-05-09 10:26:20 [noon-ai-dis-was] info: [DIS-API] GET /env -  환경변수 조회 완료
2023-05-09 10:26:20 [noon-ai-dis-was] info: [NCP-API] GET /bucket/list -  버킷 목록 조회 완료
2023-05-09 10:26:20 [noon-ai-dis-was] info: [DIS-API] GET /tenant -  테넌트 목록 조회 완료
2023-05-09 10:26:20 [noon-ai-dis-was] info: [DIS-API] GET /user -  유저 정보조회 완료
2023-05-09 10:26:20 [noon-ai-dis-was] info: [DIS-API] GET /env -  환경변수 조회 완료
2023-05-09 10:26:20 [noon-ai-dis-was] info: [NCP-API] GET /bucket/list -  버킷 목록 조회 완료
2023-05-09 10:26:20 [noon-ai-dis-was] info: [DIS-API] GET /tenant -  테넌트 목록 조회 완료
2023-05-09 10:26:20 [noon-ai-dis-was] info: [DIS-API] GET /user -  유저 정보조회 완료
2023-05-09 10:26:20 [noon-ai-dis-was] info: [DIS-API] GET /env -  환경변수 조회 완료
2023-05-09 10:26:20 [noon-ai-dis-was] info: [NCP-API] GET /bucket/list -  버킷 목록 조회 완료
2023-05-09 10:26:20 [noon-ai-dis-was] info: [DIS-API] GET /tenant -  테넌트 목록 조회 완료
2023-05-09 10:26:20 [noon-ai-dis-was] info: [DIS-API] GET /user -  유저 정보조회 완료
2023-05-09 10:26:21 [noon-ai-dis-was] info: [DIS-API] GET /env -  환경변수 조회 완료
2023-05-09 10:26:21 [noon-ai-dis-was] info: [NCP-API] GET /bucket/list -  버킷 목록 조회 완료
2023-05-09 10:26:21 [noon-ai-dis-was] info: [DIS-API] GET /tenant -  테넌트 목록 조회 완료
2023-05-09 10:26:21 [noon-ai-dis-was] info: [DIS-API] GET /user -  유저 정보조회 완료
2023-05-09 10:26:21 [noon-ai-dis-was] info: [DIS-API] GET /env -  환경변수 조회 완료
2023-05-09 10:26:21 [noon-ai-dis-was] info: [NCP-API] GET /bucket/list -  버킷 목록 조회 완료
2023-05-09 10:26:21 [noon-ai-dis-was] info: [DIS-API] GET /tenant -  테넌트 목록 조회 완료
2023-05-09 10:26:21 [noon-ai-dis-was] info: [DIS-API] GET /user -  유저 정보조회 완료
2023-05-09 10:26:21 [noon-ai-dis-was] info: [DIS-API] GET /env -  환경변수 조회 완료
2023-05-09 10:26:21 [noon-ai-dis-was] info: [NCP-API] GET /bucket/list -  버킷 목록 조회 완료
2023-05-09 10:26:21 [noon-ai-dis-was] info: [DIS-API] GET /tenant -  테넌트 목록 조회 완료
2023-05-09 10:26:21 [noon-ai-dis-was] info: [DIS-API] GET /user -  유저 정보조회 완료
2023-05-09 10:26:22 [noon-ai-dis-was] info: [DIS-API] GET /env -  환경변수 조회 완료
2023-05-09 10:26:22 [noon-ai-dis-was] info: [NCP-API] GET /bucket/list -  버킷 목록 조회 완료
2023-05-09 10:26:22 [noon-ai-dis-was] info: [DIS-API] GET /tenant -  테넌트 목록 조회 완료
2023-05-09 10:26:22 [noon-ai-dis-was] info: [DIS-API] GET /user -  유저 정보조회 완료
2023-05-09 10:26:22 [noon-ai-dis-was] info: [DIS-API] GET /env -  환경변수 조회 완료
2023-05-09 10:26:22 [noon-ai-dis-was] info: [NCP-API] GET /bucket/list -  버킷 목록 조회 완료
2023-05-09 10:26:22 [noon-ai-dis-was] info: [DIS-API] GET /tenant -  테넌트 목록 조회 완료
2023-05-09 10:26:22 [noon-ai-dis-was] info: [DIS-API] GET /user -  유저 정보조회 완료
2023-05-09 10:26:22 [noon-ai-dis-was] info: [DIS-API] GET /env -  환경변수 조회 완료
2023-05-09 10:26:22 [noon-ai-dis-was] info: [NCP-API] GET /bucket/list -  버킷 목록 조회 완료
2023-05-09 10:26:22 [noon-ai-dis-was] info: [DIS-API] GET /tenant -  테넌트 목록 조회 완료
2023-05-09 10:26:22 [noon-ai-dis-was] info: [DIS-API] GET /user -  유저 정보조회 완료
2023-05-09 10:26:23 [noon-ai-dis-was] info: [DIS-API] GET /env -  환경변수 조회 완료
2023-05-09 10:26:23 [noon-ai-dis-was] info: [NCP-API] GET /bucket/list -  버킷 목록 조회 완료
2023-05-09 10:26:23 [noon-ai-dis-was] info: [DIS-API] GET /tenant -  테넌트 목록 조회 완료
2023-05-09 10:26:23 [noon-ai-dis-was] info: [DIS-API] GET /user -  유저 정보조회 완료
2023-05-09 10:26:23 [noon-ai-dis-was] info: [DIS-API] GET /env -  환경변수 조회 완료
2023-05-09 10:26:23 [noon-ai-dis-was] info: [NCP-API] GET /bucket/list -  버킷 목록 조회 완료
2023-05-09 10:26:23 [noon-ai-dis-was] info: [DIS-API] GET /tenant -  테넌트 목록 조회 완료
2023-05-09 10:26:23 [noon-ai-dis-was] info: [DIS-API] GET /user -  유저 정보조회 완료
2023-05-09 10:26:23 [noon-ai-dis-was] info: [DIS-API] GET /env -  환경변수 조회 완료
2023-05-09 10:26:23 [noon-ai-dis-was] info: [NCP-API] GET /bucket/list -  버킷 목록 조회 완료
2023-05-09 10:26:23 [noon-ai-dis-was] info: [DIS-API] GET /tenant -  테넌트 목록 조회 완료
2023-05-09 10:26:24 [noon-ai-dis-was] info: [DIS-API] GET /user -  유저 정보조회 완료
2023-05-09 10:26:24 [noon-ai-dis-was] info: [DIS-API] GET /env -  환경변수 조회 완료
2023-05-09 10:26:24 [noon-ai-dis-was] info: [NCP-API] GET /bucket/list -  버킷 목록 조회 완료
2023-05-09 10:26:24 [noon-ai-dis-was] info: [DIS-API] GET /tenant -  테넌트 목록 조회 완료
2023-05-09 10:26:24 [noon-ai-dis-was] info: [DIS-API] GET /user -  유저 정보조회 완료
2023-05-09 10:26:24 [noon-ai-dis-was] info: [DIS-API] GET /env -  환경변수 조회 완료
2023-05-09 10:26:24 [noon-ai-dis-was] info: [NCP-API] GET /bucket/list -  버킷 목록 조회 완료
2023-05-09 10:26:24 [noon-ai-dis-was] info: [DIS-API] GET /tenant -  테넌트 목록 조회 완료
2023-05-09 10:26:24 [noon-ai-dis-was] info: [DIS-API] GET /user -  유저 정보조회 완료
2023-05-09 10:26:24 [noon-ai-dis-was] info: [DIS-API] GET /env -  환경변수 조회 완료
2023-05-09 10:26:24 [noon-ai-dis-was] info: [NCP-API] GET /bucket/list -  버킷 목록 조회 완료
2023-05-09 10:26:24 [noon-ai-dis-was] info: [DIS-API] GET /tenant -  테넌트 목록 조회 완료
2023-05-09 10:26:24 [noon-ai-dis-was] info: [DIS-API] GET /user -  유저 정보조회 완료
2023-05-09 10:26:25 [noon-ai-dis-was] info: [DIS-API] GET /env -  환경변수 조회 완료
2023-05-09 10:26:25 [noon-ai-dis-was] info: [NCP-API] GET /bucket/list -  버킷 목록 조회 완료
2023-05-09 10:26:25 [noon-ai-dis-was] info: [DIS-API] GET /tenant -  테넌트 목록 조회 완료
2023-05-09 10:26:25 [noon-ai-dis-was] info: [DIS-API] GET /user -  유저 정보조회 완료
2023-05-09 10:26:25 [noon-ai-dis-was] info: [DIS-API] GET /env -  환경변수 조회 완료
2023-05-09 10:26:25 [noon-ai-dis-was] info: [NCP-API] GET /bucket/list -  버킷 목록 조회 완료
2023-05-09 10:26:25 [noon-ai-dis-was] info: [DIS-API] GET /tenant -  테넌트 목록 조회 완료
2023-05-09 10:26:25 [noon-ai-dis-was] info: [DIS-API] GET /user -  유저 정보조회 완료
2023-05-09 10:26:25 [noon-ai-dis-was] info: [DIS-API] GET /env -  환경변수 조회 완료
2023-05-09 10:26:25 [noon-ai-dis-was] info: [NCP-API] GET /bucket/list -  버킷 목록 조회 완료
2023-05-09 10:26:25 [noon-ai-dis-was] info: [DIS-API] GET /tenant -  테넌트 목록 조회 완료
2023-05-09 10:26:25 [noon-ai-dis-was] info: [DIS-API] GET /user -  유저 정보조회 완료
2023-05-09 10:26:25 [noon-ai-dis-was] info: [DIS-API] GET /env -  환경변수 조회 완료
2023-05-09 10:26:25 [noon-ai-dis-was] info: [NCP-API] GET /bucket/list -  버킷 목록 조회 완료
2023-05-09 10:26:26 [noon-ai-dis-was] info: [DIS-API] GET /tenant -  테넌트 목록 조회 완료
2023-05-09 10:26:26 [noon-ai-dis-was] info: [DIS-API] GET /user -  유저 정보조회 완료
2023-05-09 10:26:27 [noon-ai-dis-was] info: [DIS-API] GET /env -  환경변수 조회 완료
2023-05-09 10:26:27 [noon-ai-dis-was] info: [NCP-API] GET /bucket/list -  버킷 목록 조회 완료
2023-05-09 10:26:27 [noon-ai-dis-was] info: [DIS-API] GET /tenant -  테넌트 목록 조회 완료
2023-05-09 10:26:27 [noon-ai-dis-was] info: [DIS-API] GET /user -  유저 정보조회 완료
2023-05-09 10:26:27 [noon-ai-dis-was] info: [DIS-API] GET /env -  환경변수 조회 완료
2023-05-09 10:26:27 [noon-ai-dis-was] info: [NCP-API] GET /bucket/list -  버킷 목록 조회 완료
2023-05-09 10:26:27 [noon-ai-dis-was] info: [DIS-API] GET /tenant -  테넌트 목록 조회 완료
2023-05-09 10:26:27 [noon-ai-dis-was] info: [DIS-API] GET /user -  유저 정보조회 완료
2023-05-09 10:26:27 [noon-ai-dis-was] info: [DIS-API] GET /env -  환경변수 조회 완료
2023-05-09 10:26:27 [noon-ai-dis-was] info: [NCP-API] GET /bucket/list -  버킷 목록 조회 완료
2023-05-09 10:26:27 [noon-ai-dis-was] info: [DIS-API] GET /tenant -  테넌트 목록 조회 완료
2023-05-09 10:26:27 [noon-ai-dis-was] info: [DIS-API] GET /user -  유저 정보조회 완료
2023-05-09 10:26:28 [noon-ai-dis-was] info: [DIS-API] GET /env -  환경변수 조회 완료
2023-05-09 10:26:28 [noon-ai-dis-was] info: [NCP-API] GET /bucket/list -  버킷 목록 조회 완료
2023-05-09 10:26:28 [noon-ai-dis-was] info: [DIS-API] GET /tenant -  테넌트 목록 조회 완료
2023-05-09 10:26:28 [noon-ai-dis-was] info: [DIS-API] GET /user -  유저 정보조회 완료
2023-05-09 10:26:28 [noon-ai-dis-was] info: [DIS-API] GET /env -  환경변수 조회 완료
2023-05-09 10:26:28 [noon-ai-dis-was] info: [NCP-API] GET /bucket/list -  버킷 목록 조회 완료
2023-05-09 10:26:28 [noon-ai-dis-was] info: [DIS-API] GET /tenant -  테넌트 목록 조회 완료
2023-05-09 10:26:28 [noon-ai-dis-was] info: [DIS-API] GET /user -  유저 정보조회 완료
2023-05-09 10:26:28 [noon-ai-dis-was] info: [DIS-API] GET /env -  환경변수 조회 완료
2023-05-09 10:26:28 [noon-ai-dis-was] info: [NCP-API] GET /bucket/list -  버킷 목록 조회 완료
2023-05-09 10:26:29 [noon-ai-dis-was] info: [DIS-API] GET /tenant -  테넌트 목록 조회 완료
2023-05-09 10:26:29 [noon-ai-dis-was] info: [DIS-API] GET /user -  유저 정보조회 완료
2023-05-09 10:26:29 [noon-ai-dis-was] info: [DIS-API] GET /env -  환경변수 조회 완료
2023-05-09 10:26:29 [noon-ai-dis-was] info: [NCP-API] GET /bucket/list -  버킷 목록 조회 완료
2023-05-09 10:26:29 [noon-ai-dis-was] info: [DIS-API] GET /tenant -  테넌트 목록 조회 완료
2023-05-09 10:26:29 [noon-ai-dis-was] info: [DIS-API] GET /user -  유저 정보조회 완료
2023-05-09 10:26:29 [noon-ai-dis-was] info: [DIS-API] GET /env -  환경변수 조회 완료
2023-05-09 10:26:29 [noon-ai-dis-was] info: [NCP-API] GET /bucket/list -  버킷 목록 조회 완료
2023-05-09 10:26:29 [noon-ai-dis-was] info: [DIS-API] GET /tenant -  테넌트 목록 조회 완료
2023-05-09 10:26:29 [noon-ai-dis-was] info: [DIS-API] GET /user -  유저 정보조회 완료
2023-05-09 10:26:30 [noon-ai-dis-was] info: [DIS-API] GET /env -  환경변수 조회 완료
2023-05-09 10:26:30 [noon-ai-dis-was] info: [NCP-API] GET /bucket/list -  버킷 목록 조회 완료
2023-05-09 10:26:30 [noon-ai-dis-was] info: [DIS-API] GET /tenant -  테넌트 목록 조회 완료
2023-05-09 10:26:30 [noon-ai-dis-was] info: [DIS-API] GET /user -  유저 정보조회 완료
2023-05-09 10:26:30 [noon-ai-dis-was] info: [DIS-API] GET /env -  환경변수 조회 완료
2023-05-09 10:26:30 [noon-ai-dis-was] info: [NCP-API] GET /bucket/list -  버킷 목록 조회 완료
2023-05-09 10:26:30 [noon-ai-dis-was] info: [DIS-API] GET /tenant -  테넌트 목록 조회 완료
2023-05-09 10:26:30 [noon-ai-dis-was] info: [DIS-API] GET /user -  유저 정보조회 완료
2023-05-09 10:26:30 [noon-ai-dis-was] info: [DIS-API] GET /env -  환경변수 조회 완료
2023-05-09 10:26:30 [noon-ai-dis-was] info: [NCP-API] GET /bucket/list -  버킷 목록 조회 완료
2023-05-09 10:26:30 [noon-ai-dis-was] info: [DIS-API] GET /tenant -  테넌트 목록 조회 완료
2023-05-09 10:26:30 [noon-ai-dis-was] info: [DIS-API] GET /user -  유저 정보조회 완료
2023-05-09 10:29:08 [noon-ai-dis-was] info: [DIS-API] GET /env -  환경변수 조회 완료
2023-05-09 10:29:09 [noon-ai-dis-was] info: [NCP-API] GET /bucket/list -  버킷 목록 조회 완료
2023-05-09 10:29:09 [noon-ai-dis-was] info: [DIS-API] GET /tenant -  테넌트 목록 조회 완료
2023-05-09 10:29:09 [noon-ai-dis-was] info: [DIS-API] GET /user -  유저 정보조회 완료
2023-05-09 10:29:09 [noon-ai-dis-was] info: [DIS-API] GET /env -  환경변수 조회 완료
2023-05-09 10:29:09 [noon-ai-dis-was] info: [NCP-API] GET /bucket/list -  버킷 목록 조회 완료
2023-05-09 10:29:09 [noon-ai-dis-was] info: [DIS-API] GET /tenant -  테넌트 목록 조회 완료
2023-05-09 10:29:09 [noon-ai-dis-was] info: [DIS-API] GET /user -  유저 정보조회 완료
2023-05-09 10:29:09 [noon-ai-dis-was] info: [DIS-API] GET /env -  환경변수 조회 완료
2023-05-09 10:29:09 [noon-ai-dis-was] info: [NCP-API] GET /bucket/list -  버킷 목록 조회 완료
2023-05-09 10:29:09 [noon-ai-dis-was] info: [DIS-API] GET /tenant -  테넌트 목록 조회 완료
2023-05-09 10:29:09 [noon-ai-dis-was] info: [DIS-API] GET /user -  유저 정보조회 완료
2023-05-09 10:34:14 [noon-ai-dis-was] info: [DIS-API] GET /env -  환경변수 조회 완료
2023-05-09 10:34:14 [noon-ai-dis-was] info: [NCP-API] GET /bucket/list -  버킷 목록 조회 완료
2023-05-09 10:34:14 [noon-ai-dis-was] info: [DIS-API] GET /tenant -  테넌트 목록 조회 완료
2023-05-09 10:34:14 [noon-ai-dis-was] info: [DIS-API] GET /user -  유저 정보조회 완료
2023-05-09 10:34:17 [noon-ai-dis-was] info: [NCP-API] GET /usage -  월간 미터링 정보 조회 완료
2023-05-09 10:34:17 [noon-ai-dis-was] info: [DIS-API] GET /user -  유저 정보조회 완료
2023-05-09 10:34:21 [noon-ai-dis-was] info: [DIS-API] GET /env -  환경변수 조회 완료
2023-05-09 10:34:21 [noon-ai-dis-was] info: [NCP-API] GET /bucket/list -  버킷 목록 조회 완료
2023-05-09 10:34:21 [noon-ai-dis-was] info: [DIS-API] GET /tenant -  테넌트 목록 조회 완료
2023-05-09 10:34:21 [noon-ai-dis-was] info: [DIS-API] GET /user -  유저 정보조회 완료
2023-05-09 10:34:23 [noon-ai-dis-was] info: [DIS-API] GET /user -  유저 정보조회 완료
2023-05-09 10:34:23 [noon-ai-dis-was] info: [DIS-API] GET /manager -  관리자 계정 정보 요청 완료
2023-05-09 10:34:23 [noon-ai-dis-was] info: [DIS-API] GET /user -  유저 정보조회 완료
2023-05-09 10:34:23 [noon-ai-dis-was] info: [DIS-API] GET /user -  유저 정보조회 완료
2023-05-09 10:34:27 [noon-ai-dis-was] info: [NCP-API] GET /usage -  월간 미터링 정보 조회 완료
2023-05-09 10:34:27 [noon-ai-dis-was] info: [DIS-API] GET /user -  유저 정보조회 완료
2023-05-09 10:34:28 [noon-ai-dis-was] info: [DIS-API] GET /signup/request -  가입요청 목록 조회 완료
2023-05-09 10:34:28 [noon-ai-dis-was] info: [DIS-API] GET /user -  유저 정보조회 완료
2023-05-09 10:34:30 [noon-ai-dis-was] info: [NCP-API] GET /usage -  월간 미터링 정보 조회 완료
2023-05-09 10:34:30 [noon-ai-dis-was] info: [DIS-API] GET /user -  유저 정보조회 완료
2023-05-09 10:34:32 [noon-ai-dis-was] info: [DIS-API] GET /user -  유저 정보조회 완료
2023-05-09 10:34:32 [noon-ai-dis-was] info: [DIS-API] GET /manager -  관리자 계정 정보 요청 완료
2023-05-09 10:34:32 [noon-ai-dis-was] info: [DIS-API] GET /user -  유저 정보조회 완료
2023-05-09 10:34:32 [noon-ai-dis-was] info: [DIS-API] GET /user -  유저 정보조회 완료
2023-05-09 10:34:34 [noon-ai-dis-was] info: [DIS-API] GET /env -  환경변수 조회 완료
2023-05-09 10:34:35 [noon-ai-dis-was] info: [NCP-API] GET /bucket/list -  버킷 목록 조회 완료
2023-05-09 10:34:35 [noon-ai-dis-was] info: [DIS-API] GET /tenant -  테넌트 목록 조회 완료
2023-05-09 10:34:35 [noon-ai-dis-was] info: [DIS-API] GET /user -  유저 정보조회 완료
2023-05-09 10:34:38 [noon-ai-dis-was] info: [NCP-API] GET /usage -  월간 미터링 정보 조회 완료
2023-05-09 10:34:38 [noon-ai-dis-was] info: [DIS-API] GET /user -  유저 정보조회 완료
2023-05-09 10:34:39 [noon-ai-dis-was] info: [DIS-API] GET /user -  유저 정보조회 완료
2023-05-09 10:34:39 [noon-ai-dis-was] info: [DIS-API] GET /manager -  관리자 계정 정보 요청 완료
2023-05-09 10:34:39 [noon-ai-dis-was] info: [DIS-API] GET /user -  유저 정보조회 완료
2023-05-09 10:34:39 [noon-ai-dis-was] info: [DIS-API] GET /user -  유저 정보조회 완료
2023-05-09 10:34:42 [noon-ai-dis-was] info: [DIS-API] GET /env -  환경변수 조회 완료
2023-05-09 10:34:43 [noon-ai-dis-was] info: [NCP-API] GET /bucket/list -  버킷 목록 조회 완료
2023-05-09 10:34:43 [noon-ai-dis-was] info: [DIS-API] GET /tenant -  테넌트 목록 조회 완료
2023-05-09 10:34:43 [noon-ai-dis-was] info: [DIS-API] GET /user -  유저 정보조회 완료
2023-05-09 10:34:44 [noon-ai-dis-was] info: [DIS-API] GET /user -  유저 정보조회 완료
2023-05-09 10:34:44 [noon-ai-dis-was] info: [DIS-API] GET /manager -  관리자 계정 정보 요청 완료
2023-05-09 10:34:44 [noon-ai-dis-was] info: [DIS-API] GET /user -  유저 정보조회 완료
2023-05-09 10:34:44 [noon-ai-dis-was] info: [DIS-API] GET /user -  유저 정보조회 완료
2023-05-09 10:34:45 [noon-ai-dis-was] info: [NCP-API] GET /usage -  월간 미터링 정보 조회 완료
2023-05-09 10:34:45 [noon-ai-dis-was] info: [DIS-API] GET /user -  유저 정보조회 완료
2023-05-09 10:34:46 [noon-ai-dis-was] info: [DIS-API] GET /env -  환경변수 조회 완료
2023-05-09 10:34:47 [noon-ai-dis-was] info: [NCP-API] GET /bucket/list -  버킷 목록 조회 완료
2023-05-09 10:34:47 [noon-ai-dis-was] info: [DIS-API] GET /tenant -  테넌트 목록 조회 완료
2023-05-09 10:34:47 [noon-ai-dis-was] info: [DIS-API] GET /user -  유저 정보조회 완료
2023-05-09 10:35:01 [noon-ai-dis-was] info: [NCP-API] GET /database/instanceNumber -  데이터베이스 Instance No 조회 완료
2023-05-09 10:35:01 [noon-ai-dis-was] info: [NCP-API] DELETE /tenant/database -  dev-dis-tenant-60 삭제 완료
2023-05-09 10:35:56 [noon-ai-dis-was] info: [DIS-API] GET /env -  환경변수 조회 완료
2023-05-09 10:35:56 [noon-ai-dis-was] info: [NCP-API] GET /bucket/list -  버킷 목록 조회 완료
2023-05-09 10:35:56 [noon-ai-dis-was] info: [DIS-API] GET /tenant -  테넌트 목록 조회 완료
2023-05-09 10:35:56 [noon-ai-dis-was] info: [DIS-API] GET /user -  유저 정보조회 완료
2023-05-09 10:39:38 [noon-ai-dis-was] info: [DIS-API] GET /env -  환경변수 조회 완료
2023-05-09 10:39:39 [noon-ai-dis-was] info: [NCP-API] GET /bucket/list -  버킷 목록 조회 완료
2023-05-09 10:39:39 [noon-ai-dis-was] info: [DIS-API] GET /tenant -  테넌트 목록 조회 완료
2023-05-09 10:39:39 [noon-ai-dis-was] info: [DIS-API] GET /user -  유저 정보조회 완료
2023-05-09 10:43:53 [noon-ai-dis-was] info: [DIS-API] GET /env -  환경변수 조회 완료
2023-05-09 10:43:53 [noon-ai-dis-was] info: [NCP-API] GET /bucket/list -  버킷 목록 조회 완료
2023-05-09 10:43:53 [noon-ai-dis-was] info: [DIS-API] GET /tenant -  테넌트 목록 조회 완료
2023-05-09 10:43:53 [noon-ai-dis-was] info: [DIS-API] GET /user -  유저 정보조회 완료
2023-05-09 10:47:49 [noon-ai-dis-was] info: [DIS-API] GET /env -  환경변수 조회 완료
2023-05-09 10:47:49 [noon-ai-dis-was] info: [NCP-API] GET /bucket/list -  버킷 목록 조회 완료
2023-05-09 10:47:50 [noon-ai-dis-was] info: [DIS-API] GET /tenant -  테넌트 목록 조회 완료
2023-05-09 10:47:50 [noon-ai-dis-was] info: [DIS-API] GET /user -  유저 정보조회 완료
2023-05-09 10:49:15 [noon-ai-dis-was] info: [NCP-API] DELETE /tenant/bucket -  dev-tenant-60 삭제 완료
2023-05-09 10:49:20 [noon-ai-dis-was] info: [NCP-API] DELETE /tenant/account -  이용자 계정 삭제 완료
2023-05-09 10:49:21 [noon-ai-dis-was] info: [DIS-API] GET /env -  환경변수 조회 완료
2023-05-09 10:49:21 [noon-ai-dis-was] info: [NCP-API] GET /bucket/list -  버킷 목록 조회 완료
2023-05-09 10:49:21 [noon-ai-dis-was] info: [DIS-API] GET /tenant -  테넌트 목록 조회 완료
2023-05-09 10:49:21 [noon-ai-dis-was] info: [DIS-API] GET /user -  유저 정보조회 완료
2023-05-09 10:52:51 [noon-ai-dis-was] info: [DIS-API] GET /env -  환경변수 조회 완료
2023-05-09 10:52:52 [noon-ai-dis-was] info: [NCP-API] GET /bucket/list -  버킷 목록 조회 완료
2023-05-09 10:52:52 [noon-ai-dis-was] info: [DIS-API] GET /tenant -  테넌트 목록 조회 완료
2023-05-09 10:52:52 [noon-ai-dis-was] info: [DIS-API] GET /user -  유저 정보조회 완료
2023-05-09 10:52:55 [noon-ai-dis-was] info: [NCP-API] GET /database/instanceNumber -  데이터베이스 Instance No 조회 완료
2023-05-09 10:52:55 [noon-ai-dis-was] info: [NCP-API] DELETE /tenant/database -  dev-dis-tenant-70 삭제 완료
2023-05-09 10:53:49 [noon-ai-dis-was] info: [DIS-API] GET /env -  환경변수 조회 완료
2023-05-09 10:53:49 [noon-ai-dis-was] info: [NCP-API] GET /bucket/list -  버킷 목록 조회 완료
2023-05-09 10:53:49 [noon-ai-dis-was] info: [DIS-API] GET /tenant -  테넌트 목록 조회 완료
2023-05-09 10:53:49 [noon-ai-dis-was] info: [DIS-API] GET /user -  유저 정보조회 완료
2023-05-09 10:53:52 [noon-ai-dis-was] info: [NCP-API] DELETE /tenant/bucket -  dev-tenant-70 삭제 완료
2023-05-09 10:53:55 [noon-ai-dis-was] info: [NCP-API] DELETE /tenant/account -  이용자 계정 삭제 완료
2023-05-09 10:53:56 [noon-ai-dis-was] info: [DIS-API] GET /env -  환경변수 조회 완료
2023-05-09 10:53:56 [noon-ai-dis-was] info: [NCP-API] GET /bucket/list -  버킷 목록 조회 완료
2023-05-09 10:53:56 [noon-ai-dis-was] info: [DIS-API] GET /tenant -  테넌트 목록 조회 완료
2023-05-09 10:53:56 [noon-ai-dis-was] info: [DIS-API] GET /user -  유저 정보조회 완료
2023-05-09 10:54:24 [noon-ai-dis-was] info: [DIS-API] GET /env -  환경변수 조회 완료
2023-05-09 10:54:24 [noon-ai-dis-was] info: [NCP-API] GET /bucket/list -  버킷 목록 조회 완료
2023-05-09 10:54:24 [noon-ai-dis-was] info: [DIS-API] GET /tenant -  테넌트 목록 조회 완료
2023-05-09 10:54:24 [noon-ai-dis-was] info: [DIS-API] GET /user -  유저 정보조회 완료
2023-05-09 10:54:27 [noon-ai-dis-was] info: [NCP-API] GET /database/instanceNumber -  데이터베이스 Instance No 조회 완료
2023-05-09 10:54:27 [noon-ai-dis-was] info: [NCP-API] DELETE /tenant/database -  dev-dis-tenant-71 삭제 완료
2023-05-09 10:54:55 [noon-ai-dis-was] info: [NCP-API] DELETE /tenant/bucket -  dev-tenant-71 삭제 완료
2023-05-09 10:54:59 [noon-ai-dis-was] info: [NCP-API] DELETE /tenant/account -  이용자 계정 삭제 완료
2023-05-09 10:55:00 [noon-ai-dis-was] info: [DIS-API] GET /env -  환경변수 조회 완료
2023-05-09 10:55:00 [noon-ai-dis-was] info: [NCP-API] GET /bucket/list -  버킷 목록 조회 완료
2023-05-09 10:55:00 [noon-ai-dis-was] info: [DIS-API] GET /tenant -  테넌트 목록 조회 완료
2023-05-09 10:55:00 [noon-ai-dis-was] info: [DIS-API] GET /user -  유저 정보조회 완료
2023-05-09 11:02:34 [noon-ai-dis-was] info: [DIS-API] GET /env -  환경변수 조회 완료
2023-05-09 11:02:34 [noon-ai-dis-was] info: [NCP-API] GET /bucket/list -  버킷 목록 조회 완료
2023-05-09 11:02:34 [noon-ai-dis-was] info: [DIS-API] GET /tenant -  테넌트 목록 조회 완료
2023-05-09 11:02:34 [noon-ai-dis-was] info: [DIS-API] GET /user -  유저 정보조회 완료
2023-05-09 11:02:38 [noon-ai-dis-was] info: [NCP-API] GET /database/instanceNumber -  데이터베이스 Instance No 조회 완료
2023-05-09 11:02:38 [noon-ai-dis-was] info: [NCP-API] DELETE /tenant/database -  dev-dis-tenant-86 삭제 완료
2023-05-09 11:03:30 [noon-ai-dis-was] info: [DIS-API] GET /env -  환경변수 조회 완료
2023-05-09 11:03:30 [noon-ai-dis-was] info: [NCP-API] GET /bucket/list -  버킷 목록 조회 완료
2023-05-09 11:03:30 [noon-ai-dis-was] info: [DIS-API] GET /tenant -  테넌트 목록 조회 완료
2023-05-09 11:03:30 [noon-ai-dis-was] info: [DIS-API] GET /user -  유저 정보조회 완료
2023-05-09 11:04:16 [noon-ai-dis-was] info: [DIS-API] GET /env -  환경변수 조회 완료
2023-05-09 11:04:16 [noon-ai-dis-was] info: [NCP-API] GET /bucket/list -  버킷 목록 조회 완료
2023-05-09 11:04:16 [noon-ai-dis-was] info: [DIS-API] GET /tenant -  테넌트 목록 조회 완료
2023-05-09 11:04:16 [noon-ai-dis-was] info: [DIS-API] GET /user -  유저 정보조회 완료
2023-05-09 11:04:35 [noon-ai-dis-was] info: [DIS-API] GET /env -  환경변수 조회 완료
2023-05-09 11:04:35 [noon-ai-dis-was] info: [NCP-API] GET /bucket/list -  버킷 목록 조회 완료
2023-05-09 11:04:35 [noon-ai-dis-was] info: [DIS-API] GET /tenant -  테넌트 목록 조회 완료
2023-05-09 11:04:35 [noon-ai-dis-was] info: [DIS-API] GET /user -  유저 정보조회 완료
2023-05-09 11:04:38 [noon-ai-dis-was] info: [NCP-API] DELETE /tenant/bucket -  dev-tenant-86 삭제 완료
2023-05-09 11:04:48 [noon-ai-dis-was] info: [DIS-API] GET /env -  환경변수 조회 완료
2023-05-09 11:04:48 [noon-ai-dis-was] info: [NCP-API] GET /bucket/list -  버킷 목록 조회 완료
2023-05-09 11:04:48 [noon-ai-dis-was] info: [DIS-API] GET /tenant -  테넌트 목록 조회 완료
2023-05-09 11:04:48 [noon-ai-dis-was] info: [DIS-API] GET /user -  유저 정보조회 완료
2023-05-09 11:05:16 [noon-ai-dis-was] info: [DIS-API] GET /env -  환경변수 조회 완료
2023-05-09 11:05:16 [noon-ai-dis-was] info: [NCP-API] GET /bucket/list -  버킷 목록 조회 완료
2023-05-09 11:05:16 [noon-ai-dis-was] info: [DIS-API] GET /tenant -  테넌트 목록 조회 완료
2023-05-09 11:05:16 [noon-ai-dis-was] info: [DIS-API] GET /user -  유저 정보조회 완료
2023-05-09 11:05:33 [noon-ai-dis-was] info: [DIS-API] GET /env -  환경변수 조회 완료
2023-05-09 11:05:33 [noon-ai-dis-was] info: [NCP-API] GET /bucket/list -  버킷 목록 조회 완료
2023-05-09 11:05:33 [noon-ai-dis-was] info: [DIS-API] GET /tenant -  테넌트 목록 조회 완료
2023-05-09 11:05:33 [noon-ai-dis-was] info: [DIS-API] GET /user -  유저 정보조회 완료
2023-05-09 11:07:08 [noon-ai-dis-was] info: [DIS-API] GET /env -  환경변수 조회 완료
2023-05-09 11:07:08 [noon-ai-dis-was] info: [NCP-API] GET /bucket/list -  버킷 목록 조회 완료
2023-05-09 11:07:08 [noon-ai-dis-was] info: [DIS-API] GET /tenant -  테넌트 목록 조회 완료
2023-05-09 11:07:08 [noon-ai-dis-was] info: [DIS-API] GET /user -  유저 정보조회 완료
2023-05-09 11:07:12 [noon-ai-dis-was] info: [NCP-API] DELETE /tenant/bucket -  dev-tenant-86 삭제 완료
2023-05-09 11:10:40 [noon-ai-dis-was] info: [DIS-API] GET /env -  환경변수 조회 완료
2023-05-09 11:10:40 [noon-ai-dis-was] info: [NCP-API] GET /bucket/list -  버킷 목록 조회 완료
2023-05-09 11:10:40 [noon-ai-dis-was] info: [DIS-API] GET /tenant -  테넌트 목록 조회 완료
2023-05-09 11:10:40 [noon-ai-dis-was] info: [DIS-API] GET /user -  유저 정보조회 완료
2023-05-09 11:11:18 [noon-ai-dis-was] info: [DIS-API] GET /env -  환경변수 조회 완료
2023-05-09 11:11:18 [noon-ai-dis-was] info: [NCP-API] GET /bucket/list -  버킷 목록 조회 완료
2023-05-09 11:11:18 [noon-ai-dis-was] info: [DIS-API] GET /tenant -  테넌트 목록 조회 완료
2023-05-09 11:11:18 [noon-ai-dis-was] info: [DIS-API] GET /user -  유저 정보조회 완료
2023-05-09 11:13:54 [noon-ai-dis-was] info: [DIS-API] GET /env -  환경변수 조회 완료
2023-05-09 11:13:54 [noon-ai-dis-was] info: [NCP-API] GET /bucket/list -  버킷 목록 조회 완료
2023-05-09 11:13:54 [noon-ai-dis-was] info: [DIS-API] GET /tenant -  테넌트 목록 조회 완료
2023-05-09 11:13:54 [noon-ai-dis-was] info: [DIS-API] GET /user -  유저 정보조회 완료
2023-05-09 11:17:45 [noon-ai-dis-was] info: [DIS-API] GET /env -  환경변수 조회 완료
2023-05-09 11:17:49 [noon-ai-dis-was] info: [DIS-API] POST /first-login -  1차 로그인 완료
2023-05-09 11:17:50 [noon-ai-dis-was] info: [DIS-API] PUT /login/failCount/clear -  로그인 실패 횟수 0 초기화
2023-05-09 11:17:50 [noon-ai-dis-was] info: [DIS-API] PUT /login/lockCount -  lock_count 0 초기화
2023-05-09 11:17:50 [noon-ai-dis-was] info: [DIS-API] POST /login -  관리자 MHNCity 로그인 완료
2023-05-09 11:17:50 [noon-ai-dis-was] info: [DIS-API] GET /signup/request -  가입요청 목록 조회 완료
2023-05-09 11:17:50 [noon-ai-dis-was] info: [DIS-API] GET /user -  유저 정보조회 완료
2023-05-09 11:17:52 [noon-ai-dis-was] info: [DIS-API] GET /env -  환경변수 조회 완료
2023-05-09 11:17:52 [noon-ai-dis-was] info: [NCP-API] GET /bucket/list -  버킷 목록 조회 완료
2023-05-09 11:17:52 [noon-ai-dis-was] info: [DIS-API] GET /tenant -  테넌트 목록 조회 완료
2023-05-09 11:17:52 [noon-ai-dis-was] info: [DIS-API] GET /user -  유저 정보조회 완료
2023-05-09 11:19:45 [noon-ai-dis-was] info: [DIS-API] GET /env -  환경변수 조회 완료
2023-05-09 11:19:45 [noon-ai-dis-was] info: [NCP-API] GET /bucket/list -  버킷 목록 조회 완료
2023-05-09 11:19:45 [noon-ai-dis-was] info: [DIS-API] GET /tenant -  테넌트 목록 조회 완료
2023-05-09 11:19:45 [noon-ai-dis-was] info: [DIS-API] GET /user -  유저 정보조회 완료
2023-05-09 11:20:01 [noon-ai-dis-was] info: [DIS-API] GET /env -  환경변수 조회 완료
2023-05-09 11:20:01 [noon-ai-dis-was] info: [NCP-API] GET /bucket/list -  버킷 목록 조회 완료
2023-05-09 11:20:01 [noon-ai-dis-was] info: [DIS-API] GET /tenant -  테넌트 목록 조회 완료
2023-05-09 11:20:01 [noon-ai-dis-was] info: [DIS-API] GET /user -  유저 정보조회 완료
2023-05-09 11:20:03 [noon-ai-dis-was] info: [NCP-API] DELETE /tenant/bucket -  dev-tenant-86 삭제 완료
2023-05-09 11:20:19 [noon-ai-dis-was] info: [DIS-API] GET /env -  환경변수 조회 완료
2023-05-09 11:20:19 [noon-ai-dis-was] info: [NCP-API] GET /bucket/list -  버킷 목록 조회 완료
2023-05-09 11:20:19 [noon-ai-dis-was] info: [DIS-API] GET /tenant -  테넌트 목록 조회 완료
2023-05-09 11:20:19 [noon-ai-dis-was] info: [DIS-API] GET /user -  유저 정보조회 완료
2023-05-09 11:21:45 [noon-ai-dis-was] info: [DIS-API] GET /env -  환경변수 조회 완료
2023-05-09 11:21:46 [noon-ai-dis-was] info: [NCP-API] GET /bucket/list -  버킷 목록 조회 완료
2023-05-09 11:21:46 [noon-ai-dis-was] info: [DIS-API] GET /tenant -  테넌트 목록 조회 완료
2023-05-09 11:21:46 [noon-ai-dis-was] info: [DIS-API] GET /user -  유저 정보조회 완료
2023-05-09 11:21:48 [noon-ai-dis-was] info: [NCP-API] DELETE /tenant/bucket -  dev-tenant-86 삭제 완료
2023-05-09 11:23:36 [noon-ai-dis-was] info: [DIS-API] GET /env -  환경변수 조회 완료
2023-05-09 11:23:36 [noon-ai-dis-was] info: [NCP-API] GET /bucket/list -  버킷 목록 조회 완료
2023-05-09 11:23:36 [noon-ai-dis-was] info: [DIS-API] GET /tenant -  테넌트 목록 조회 완료
2023-05-09 11:23:36 [noon-ai-dis-was] info: [DIS-API] GET /user -  유저 정보조회 완료
2023-05-09 11:23:39 [noon-ai-dis-was] info: [NCP-API] DELETE /tenant/bucket -  dev-tenant-86 삭제 완료
2023-05-09 11:25:25 [noon-ai-dis-was] info: [DIS-API] GET /env -  환경변수 조회 완료
2023-05-09 11:25:25 [noon-ai-dis-was] info: [NCP-API] GET /bucket/list -  버킷 목록 조회 완료
2023-05-09 11:25:25 [noon-ai-dis-was] info: [DIS-API] GET /tenant -  테넌트 목록 조회 완료
2023-05-09 11:25:25 [noon-ai-dis-was] info: [DIS-API] GET /user -  유저 정보조회 완료
2023-05-09 11:25:28 [noon-ai-dis-was] info: [NCP-API] DELETE /tenant/bucket -  dev-tenant-86 삭제 완료
2023-05-09 11:26:29 [noon-ai-dis-was] info: [DIS-API] GET /env -  환경변수 조회 완료
2023-05-09 11:26:30 [noon-ai-dis-was] info: [NCP-API] GET /bucket/list -  버킷 목록 조회 완료
2023-05-09 11:26:30 [noon-ai-dis-was] info: [DIS-API] GET /tenant -  테넌트 목록 조회 완료
2023-05-09 11:26:30 [noon-ai-dis-was] info: [DIS-API] GET /user -  유저 정보조회 완료
2023-05-09 13:00:53 [noon-ai-dis-was] info: [DIS-API] GET /env -  환경변수 조회 완료
2023-05-09 13:00:56 [noon-ai-dis-was] info: [DIS-API] POST /first-login -  1차 로그인 완료
2023-05-09 13:00:57 [noon-ai-dis-was] info: [DIS-API] PUT /login/failCount/clear -  로그인 실패 횟수 0 초기화
2023-05-09 13:00:57 [noon-ai-dis-was] info: [DIS-API] POST /login -  관리자 MHNCity 로그인 완료
2023-05-09 13:00:57 [noon-ai-dis-was] info: [DIS-API] PUT /login/lockCount -  lock_count 0 초기화
2023-05-09 13:00:57 [noon-ai-dis-was] info: [DIS-API] GET /signup/request -  가입요청 목록 조회 완료
2023-05-09 13:00:57 [noon-ai-dis-was] info: [DIS-API] GET /user -  유저 정보조회 완료
2023-05-09 13:00:59 [noon-ai-dis-was] info: [DIS-API] GET /env -  환경변수 조회 완료
2023-05-09 13:00:59 [noon-ai-dis-was] info: [NCP-API] GET /bucket/list -  버킷 목록 조회 완료
2023-05-09 13:00:59 [noon-ai-dis-was] info: [DIS-API] GET /tenant -  테넌트 목록 조회 완료
2023-05-09 13:00:59 [noon-ai-dis-was] info: [DIS-API] GET /user -  유저 정보조회 완료
2023-05-09 13:02:46 [noon-ai-dis-was] info: [DIS-API] GET /env -  환경변수 조회 완료
2023-05-09 13:02:46 [noon-ai-dis-was] info: [NCP-API] GET /bucket/list -  버킷 목록 조회 완료
2023-05-09 13:02:46 [noon-ai-dis-was] info: [DIS-API] GET /tenant -  테넌트 목록 조회 완료
2023-05-09 13:02:46 [noon-ai-dis-was] info: [DIS-API] GET /user -  유저 정보조회 완료
2023-05-09 13:02:51 [noon-ai-dis-was] info: [NCP-API] DELETE /tenant/bucket -  dev-tenant-86 삭제 완료
2023-05-09 13:04:39 [noon-ai-dis-was] info: [DIS-API] GET /env -  환경변수 조회 완료
2023-05-09 13:04:39 [noon-ai-dis-was] info: [NCP-API] GET /bucket/list -  버킷 목록 조회 완료
2023-05-09 13:04:39 [noon-ai-dis-was] info: [DIS-API] GET /tenant -  테넌트 목록 조회 완료
2023-05-09 13:04:39 [noon-ai-dis-was] info: [DIS-API] GET /user -  유저 정보조회 완료
2023-05-09 13:04:42 [noon-ai-dis-was] info: [NCP-API] DELETE /tenant/bucket -  dev-tenant-86 삭제 완료
2023-05-09 13:11:50 [noon-ai-dis-was] info: [DIS-API] GET /env -  환경변수 조회 완료
2023-05-09 13:11:50 [noon-ai-dis-was] info: [NCP-API] GET /bucket/list -  버킷 목록 조회 완료
2023-05-09 13:11:50 [noon-ai-dis-was] info: [DIS-API] GET /tenant -  테넌트 목록 조회 완료
2023-05-09 13:11:50 [noon-ai-dis-was] info: [DIS-API] GET /user -  유저 정보조회 완료
2023-05-09 13:11:53 [noon-ai-dis-was] info: [NCP-API] DELETE /tenant/bucket -  dev-tenant-86 삭제 완료
2023-05-09 13:14:20 [noon-ai-dis-was] info: [DIS-API] GET /env -  환경변수 조회 완료
2023-05-09 13:14:20 [noon-ai-dis-was] info: [NCP-API] GET /bucket/list -  버킷 목록 조회 완료
2023-05-09 13:14:20 [noon-ai-dis-was] info: [DIS-API] GET /tenant -  테넌트 목록 조회 완료
2023-05-09 13:14:20 [noon-ai-dis-was] info: [DIS-API] GET /user -  유저 정보조회 완료
2023-05-09 13:14:31 [noon-ai-dis-was] info: [NCP-API] DELETE /tenant/bucket -  dev-tenant-86 삭제 완료
2023-05-09 13:14:37 [noon-ai-dis-was] info: [DIS-API] GET /env -  환경변수 조회 완료
2023-05-09 13:14:37 [noon-ai-dis-was] info: [NCP-API] GET /bucket/list -  버킷 목록 조회 완료
2023-05-09 13:14:37 [noon-ai-dis-was] info: [DIS-API] GET /tenant -  테넌트 목록 조회 완료
2023-05-09 13:14:37 [noon-ai-dis-was] info: [DIS-API] GET /user -  유저 정보조회 완료
2023-05-09 13:16:40 [noon-ai-dis-was] info: [DIS-API] GET /env -  환경변수 조회 완료
2023-05-09 13:16:40 [noon-ai-dis-was] info: [NCP-API] GET /bucket/list -  버킷 목록 조회 완료
2023-05-09 13:16:40 [noon-ai-dis-was] info: [DIS-API] GET /tenant -  테넌트 목록 조회 완료
2023-05-09 13:16:40 [noon-ai-dis-was] info: [DIS-API] GET /user -  유저 정보조회 완료
2023-05-09 13:17:13 [noon-ai-dis-was] info: [DIS-API] GET /env -  환경변수 조회 완료
2023-05-09 13:17:13 [noon-ai-dis-was] info: [NCP-API] GET /bucket/list -  버킷 목록 조회 완료
2023-05-09 13:17:13 [noon-ai-dis-was] info: [DIS-API] GET /tenant -  테넌트 목록 조회 완료
2023-05-09 13:17:13 [noon-ai-dis-was] info: [DIS-API] GET /user -  유저 정보조회 완료
2023-05-09 13:20:19 [noon-ai-dis-was] info: [DIS-API] GET /env -  환경변수 조회 완료
2023-05-09 13:20:19 [noon-ai-dis-was] info: [NCP-API] GET /bucket/list -  버킷 목록 조회 완료
2023-05-09 13:20:19 [noon-ai-dis-was] info: [DIS-API] GET /tenant -  테넌트 목록 조회 완료
2023-05-09 13:20:19 [noon-ai-dis-was] info: [DIS-API] GET /user -  유저 정보조회 완료
2023-05-09 13:20:39 [noon-ai-dis-was] info: [DIS-API] GET /env -  환경변수 조회 완료
2023-05-09 13:20:39 [noon-ai-dis-was] info: [NCP-API] GET /bucket/list -  버킷 목록 조회 완료
2023-05-09 13:20:39 [noon-ai-dis-was] info: [DIS-API] GET /tenant -  테넌트 목록 조회 완료
2023-05-09 13:20:39 [noon-ai-dis-was] info: [DIS-API] GET /user -  유저 정보조회 완료
2023-05-09 13:20:43 [noon-ai-dis-was] info: [NCP-API] DELETE /tenant/bucket/clear -  dev-tenant-86 클리어 완료
2023-05-09 13:20:43 [noon-ai-dis-was] info: [NCP-API] DELETE /tenant/bucket -  dev-tenant-86 삭제 완료
2023-05-09 13:22:18 [noon-ai-dis-was] info: [DIS-API] GET /env -  환경변수 조회 완료
2023-05-09 13:22:19 [noon-ai-dis-was] info: [NCP-API] GET /bucket/list -  버킷 목록 조회 완료
2023-05-09 13:22:19 [noon-ai-dis-was] info: [DIS-API] GET /tenant -  테넌트 목록 조회 완료
2023-05-09 13:22:19 [noon-ai-dis-was] info: [DIS-API] GET /user -  유저 정보조회 완료
2023-05-09 13:22:21 [noon-ai-dis-was] info: [NCP-API] GET /database/instanceNumber -  데이터베이스 Instance No 조회 완료
2023-05-09 13:22:21 [noon-ai-dis-was] info: [NCP-API] DELETE /tenant/database -  dev-dis-tenant-85 삭제 완료
2023-05-09 13:22:22 [noon-ai-dis-was] info: [NCP-API] POST /tenant/bucket/clear -  dev-tenant-85 클리어 완료
2023-05-09 13:24:36 [noon-ai-dis-was] info: [DIS-API] GET /env -  환경변수 조회 완료
2023-05-09 13:24:36 [noon-ai-dis-was] info: [NCP-API] GET /bucket/list -  버킷 목록 조회 완료
2023-05-09 13:24:36 [noon-ai-dis-was] info: [DIS-API] GET /tenant -  테넌트 목록 조회 완료
2023-05-09 13:24:36 [noon-ai-dis-was] info: [DIS-API] GET /user -  유저 정보조회 완료
2023-05-09 13:25:21 [noon-ai-dis-was] info: [DIS-API] GET /env -  환경변수 조회 완료
2023-05-09 13:25:21 [noon-ai-dis-was] info: [NCP-API] GET /bucket/list -  버킷 목록 조회 완료
2023-05-09 13:25:21 [noon-ai-dis-was] info: [DIS-API] GET /tenant -  테넌트 목록 조회 완료
2023-05-09 13:25:21 [noon-ai-dis-was] info: [DIS-API] GET /user -  유저 정보조회 완료
2023-05-09 13:25:26 [noon-ai-dis-was] info: [NCP-API] DELETE /tenant/bucket -  dev-tenant-85 삭제 완료
2023-05-09 13:26:04 [noon-ai-dis-was] info: [NCP-API] DELETE /tenant/account -  이용자 계정 삭제 완료
2023-05-09 13:26:05 [noon-ai-dis-was] info: [DIS-API] GET /env -  환경변수 조회 완료
2023-05-09 13:26:05 [noon-ai-dis-was] info: [NCP-API] GET /bucket/list -  버킷 목록 조회 완료
2023-05-09 13:26:05 [noon-ai-dis-was] info: [DIS-API] GET /tenant -  테넌트 목록 조회 완료
2023-05-09 13:26:05 [noon-ai-dis-was] info: [DIS-API] GET /user -  유저 정보조회 완료
2023-05-09 13:26:27 [noon-ai-dis-was] info: [DIS-API] GET /env -  환경변수 조회 완료
2023-05-09 13:26:27 [noon-ai-dis-was] info: [NCP-API] GET /bucket/list -  버킷 목록 조회 완료
2023-05-09 13:26:27 [noon-ai-dis-was] info: [DIS-API] GET /tenant -  테넌트 목록 조회 완료
2023-05-09 13:26:27 [noon-ai-dis-was] info: [DIS-API] GET /user -  유저 정보조회 완료
2023-05-09 13:27:13 [noon-ai-dis-was] info: [DIS-API] GET /env -  환경변수 조회 완료
2023-05-09 13:27:13 [noon-ai-dis-was] info: [NCP-API] GET /bucket/list -  버킷 목록 조회 완료
2023-05-09 13:27:13 [noon-ai-dis-was] info: [DIS-API] GET /tenant -  테넌트 목록 조회 완료
2023-05-09 13:27:13 [noon-ai-dis-was] info: [DIS-API] GET /user -  유저 정보조회 완료
2023-05-09 13:27:48 [noon-ai-dis-was] info: [DIS-API] GET /env -  환경변수 조회 완료
2023-05-09 13:27:49 [noon-ai-dis-was] info: [NCP-API] GET /bucket/list -  버킷 목록 조회 완료
2023-05-09 13:27:49 [noon-ai-dis-was] info: [DIS-API] GET /tenant -  테넌트 목록 조회 완료
2023-05-09 13:27:49 [noon-ai-dis-was] info: [DIS-API] GET /user -  유저 정보조회 완료
2023-05-09 13:29:45 [noon-ai-dis-was] info: [DIS-API] GET /env -  환경변수 조회 완료
2023-05-09 13:29:45 [noon-ai-dis-was] info: [NCP-API] GET /bucket/list -  버킷 목록 조회 완료
2023-05-09 13:29:45 [noon-ai-dis-was] info: [DIS-API] GET /tenant -  테넌트 목록 조회 완료
2023-05-09 13:29:45 [noon-ai-dis-was] info: [DIS-API] GET /user -  유저 정보조회 완료
2023-05-09 13:30:05 [noon-ai-dis-was] info: [DIS-API] GET /env -  환경변수 조회 완료
2023-05-09 13:30:05 [noon-ai-dis-was] info: [NCP-API] GET /bucket/list -  버킷 목록 조회 완료
2023-05-09 13:30:05 [noon-ai-dis-was] info: [DIS-API] GET /tenant -  테넌트 목록 조회 완료
2023-05-09 13:30:05 [noon-ai-dis-was] info: [DIS-API] GET /user -  유저 정보조회 완료
2023-05-09 13:30:08 [noon-ai-dis-was] info: [NCP-API] GET /database/instanceNumber -  데이터베이스 Instance No 조회 완료
2023-05-09 13:30:08 [noon-ai-dis-was] info: [NCP-API] DELETE /tenant/database -  dev-dis-tenant-84 삭제 완료
2023-05-09 13:30:09 [noon-ai-dis-was] info: [NCP-API] DELETE /tenant/bucket -  dev-tenant-84 삭제 완료
2023-05-09 13:32:55 [noon-ai-dis-was] info: [DIS-API] GET /env -  환경변수 조회 완료
2023-05-09 13:32:55 [noon-ai-dis-was] info: [NCP-API] GET /bucket/list -  버킷 목록 조회 완료
2023-05-09 13:32:55 [noon-ai-dis-was] info: [DIS-API] GET /tenant -  테넌트 목록 조회 완료
2023-05-09 13:32:55 [noon-ai-dis-was] info: [DIS-API] GET /user -  유저 정보조회 완료
2023-05-09 13:32:57 [noon-ai-dis-was] info: [DIS-API] GET /user -  유저 정보조회 완료
2023-05-09 13:32:57 [noon-ai-dis-was] info: [DIS-API] GET /manager -  관리자 계정 정보 요청 완료
2023-05-09 13:32:57 [noon-ai-dis-was] info: [DIS-API] GET /user -  유저 정보조회 완료
2023-05-09 13:32:57 [noon-ai-dis-was] info: [DIS-API] GET /user -  유저 정보조회 완료
2023-05-09 13:34:44 [noon-ai-dis-was] info: [DIS-API] GET /user -  유저 정보조회 완료
2023-05-09 13:34:44 [noon-ai-dis-was] info: [DIS-API] GET /manager -  관리자 계정 정보 요청 완료
2023-05-09 13:34:44 [noon-ai-dis-was] info: [DIS-API] GET /user -  유저 정보조회 완료
2023-05-09 13:34:44 [noon-ai-dis-was] info: [DIS-API] GET /user -  유저 정보조회 완료
2023-05-09 13:34:45 [noon-ai-dis-was] info: [DIS-API] GET /env -  환경변수 조회 완료
2023-05-09 13:34:46 [noon-ai-dis-was] info: [NCP-API] GET /bucket/list -  버킷 목록 조회 완료
2023-05-09 13:34:46 [noon-ai-dis-was] info: [DIS-API] GET /tenant -  테넌트 목록 조회 완료
2023-05-09 13:34:46 [noon-ai-dis-was] info: [DIS-API] GET /user -  유저 정보조회 완료
2023-05-09 13:34:55 [noon-ai-dis-was] info: [NCP-API] GET /database/instanceNumber -  데이터베이스 Instance No 조회 완료
2023-05-09 13:34:55 [noon-ai-dis-was] info: [NCP-API] DELETE /tenant/database -  dev-dis-tenant-83 삭제 완료
2023-05-09 13:34:57 [noon-ai-dis-was] info: [NCP-API] DELETE /tenant/bucket -  dev-tenant-83 삭제 완료
2023-05-09 13:35:55 [noon-ai-dis-was] info: [DIS-API] GET /env -  환경변수 조회 완료
2023-05-09 13:35:55 [noon-ai-dis-was] info: [NCP-API] GET /bucket/list -  버킷 목록 조회 완료
2023-05-09 13:35:55 [noon-ai-dis-was] info: [DIS-API] GET /tenant -  테넌트 목록 조회 완료
2023-05-09 13:35:55 [noon-ai-dis-was] info: [DIS-API] GET /user -  유저 정보조회 완료
2023-05-09 13:36:30 [noon-ai-dis-was] info: [NCP-API] GET /database/instanceNumber -  데이터베이스 Instance No 조회 완료
2023-05-09 13:36:30 [noon-ai-dis-was] info: [NCP-API] DELETE /tenant/database -  dev-dis-tenant-82 삭제 완료
2023-05-09 13:36:32 [noon-ai-dis-was] info: [NCP-API] DELETE /tenant/bucket -  dev-tenant-82 삭제 완료
2023-05-09 13:38:58 [noon-ai-dis-was] info: [DIS-API] GET /env -  환경변수 조회 완료
2023-05-09 13:38:58 [noon-ai-dis-was] info: [NCP-API] GET /bucket/list -  버킷 목록 조회 완료
2023-05-09 13:38:58 [noon-ai-dis-was] info: [DIS-API] GET /tenant -  테넌트 목록 조회 완료
2023-05-09 13:38:58 [noon-ai-dis-was] info: [DIS-API] GET /user -  유저 정보조회 완료
2023-05-09 13:39:11 [noon-ai-dis-was] info: [NCP-API] GET /database/instanceNumber -  데이터베이스 Instance No 조회 완료
2023-05-09 13:39:11 [noon-ai-dis-was] info: [NCP-API] DELETE /tenant/database -  dev-dis-tenant-81 삭제 완료
2023-05-09 13:39:12 [noon-ai-dis-was] info: [NCP-API] DELETE /tenant/bucket -  dev-tenant-81 삭제 완료
2023-05-09 13:41:22 [noon-ai-dis-was] info: [DIS-API] GET /env -  환경변수 조회 완료
2023-05-09 13:41:22 [noon-ai-dis-was] info: [NCP-API] GET /bucket/list -  버킷 목록 조회 완료
2023-05-09 13:41:22 [noon-ai-dis-was] info: [DIS-API] GET /tenant -  테넌트 목록 조회 완료
2023-05-09 13:41:22 [noon-ai-dis-was] info: [DIS-API] GET /user -  유저 정보조회 완료
2023-05-09 13:41:28 [noon-ai-dis-was] info: [NCP-API] GET /database/instanceNumber -  데이터베이스 Instance No 조회 완료
2023-05-09 13:41:28 [noon-ai-dis-was] info: [NCP-API] DELETE /tenant/database -  dev-dis-tenant-80 삭제 완료
2023-05-09 13:41:30 [noon-ai-dis-was] info: [NCP-API] DELETE /tenant/bucket -  dev-tenant-80 삭제 완료
2023-05-09 13:46:40 [noon-ai-dis-was] info: [DIS-API] GET /env -  환경변수 조회 완료
2023-05-09 13:46:40 [noon-ai-dis-was] info: [NCP-API] GET /bucket/list -  버킷 목록 조회 완료
2023-05-09 13:46:41 [noon-ai-dis-was] info: [DIS-API] GET /tenant -  테넌트 목록 조회 완료
2023-05-09 13:46:41 [noon-ai-dis-was] info: [DIS-API] GET /user -  유저 정보조회 완료
2023-05-09 13:49:08 [noon-ai-dis-was] info: [DIS-API] GET /env -  환경변수 조회 완료
2023-05-09 13:49:08 [noon-ai-dis-was] info: [NCP-API] GET /bucket/list -  버킷 목록 조회 완료
2023-05-09 13:49:08 [noon-ai-dis-was] info: [DIS-API] GET /tenant -  테넌트 목록 조회 완료
2023-05-09 13:49:08 [noon-ai-dis-was] info: [DIS-API] GET /user -  유저 정보조회 완료
2023-05-09 13:49:13 [noon-ai-dis-was] info: [NCP-API] DELETE /tenant/bucket -  dev-tenant-86 삭제 완료
2023-05-09 13:49:25 [noon-ai-dis-was] info: [NCP-API] DELETE /tenant/account -  이용자 계정 삭제 완료
2023-05-09 13:49:25 [noon-ai-dis-was] info: [DIS-API] GET /env -  환경변수 조회 완료
2023-05-09 13:49:26 [noon-ai-dis-was] info: [NCP-API] GET /bucket/list -  버킷 목록 조회 완료
2023-05-09 13:49:26 [noon-ai-dis-was] info: [DIS-API] GET /tenant -  테넌트 목록 조회 완료
2023-05-09 13:49:26 [noon-ai-dis-was] info: [DIS-API] GET /user -  유저 정보조회 완료
2023-05-09 13:49:29 [noon-ai-dis-was] info: [NCP-API] DELETE /tenant/bucket -  dev-tenant-84 삭제 완료
2023-05-09 13:51:12 [noon-ai-dis-was] info: [DIS-API] GET /env -  환경변수 조회 완료
2023-05-09 13:51:12 [noon-ai-dis-was] info: [NCP-API] GET /bucket/list -  버킷 목록 조회 완료
2023-05-09 13:51:12 [noon-ai-dis-was] info: [DIS-API] GET /tenant -  테넌트 목록 조회 완료
2023-05-09 13:51:12 [noon-ai-dis-was] info: [DIS-API] GET /user -  유저 정보조회 완료
2023-05-09 13:52:27 [noon-ai-dis-was] info: [DIS-API] GET /env -  환경변수 조회 완료
2023-05-09 13:52:28 [noon-ai-dis-was] info: [NCP-API] GET /bucket/list -  버킷 목록 조회 완료
2023-05-09 13:52:28 [noon-ai-dis-was] info: [DIS-API] GET /tenant -  테넌트 목록 조회 완료
2023-05-09 13:52:28 [noon-ai-dis-was] info: [DIS-API] GET /user -  유저 정보조회 완료
2023-05-09 13:52:31 [noon-ai-dis-was] info: [NCP-API] DELETE /tenant/bucket -  dev-tenant-83 삭제 완료
2023-05-09 13:52:51 [noon-ai-dis-was] info: [DIS-API] GET /env -  환경변수 조회 완료
2023-05-09 13:52:51 [noon-ai-dis-was] info: [NCP-API] GET /bucket/list -  버킷 목록 조회 완료
2023-05-09 13:52:51 [noon-ai-dis-was] info: [DIS-API] GET /tenant -  테넌트 목록 조회 완료
2023-05-09 13:52:51 [noon-ai-dis-was] info: [DIS-API] GET /user -  유저 정보조회 완료
2023-05-09 13:52:59 [noon-ai-dis-was] info: [DIS-API] GET /env -  환경변수 조회 완료
2023-05-09 13:52:59 [noon-ai-dis-was] info: [NCP-API] GET /bucket/list -  버킷 목록 조회 완료
2023-05-09 13:53:00 [noon-ai-dis-was] info: [DIS-API] GET /tenant -  테넌트 목록 조회 완료
2023-05-09 13:53:00 [noon-ai-dis-was] info: [DIS-API] GET /user -  유저 정보조회 완료
2023-05-09 13:53:26 [noon-ai-dis-was] info: [DIS-API] GET /env -  환경변수 조회 완료
2023-05-09 13:53:27 [noon-ai-dis-was] info: [NCP-API] GET /bucket/list -  버킷 목록 조회 완료
2023-05-09 13:53:27 [noon-ai-dis-was] info: [DIS-API] GET /tenant -  테넌트 목록 조회 완료
2023-05-09 13:53:27 [noon-ai-dis-was] info: [DIS-API] GET /user -  유저 정보조회 완료
2023-05-09 13:53:47 [noon-ai-dis-was] info: [NCP-API] DELETE /tenant/bucket -  dev-tenant-82 삭제 완료
2023-05-09 13:55:05 [noon-ai-dis-was] info: [DIS-API] GET /env -  환경변수 조회 완료
2023-05-09 13:55:06 [noon-ai-dis-was] info: [NCP-API] GET /bucket/list -  버킷 목록 조회 완료
2023-05-09 13:55:06 [noon-ai-dis-was] info: [DIS-API] GET /tenant -  테넌트 목록 조회 완료
2023-05-09 13:55:06 [noon-ai-dis-was] info: [DIS-API] GET /user -  유저 정보조회 완료
2023-05-09 13:55:11 [noon-ai-dis-was] info: [NCP-API] DELETE /tenant/bucket -  dev-tenant-81 삭제 완료
2023-05-09 13:55:35 [noon-ai-dis-was] info: [DIS-API] GET /env -  환경변수 조회 완료
2023-05-09 13:55:35 [noon-ai-dis-was] info: [NCP-API] GET /bucket/list -  버킷 목록 조회 완료
2023-05-09 13:55:35 [noon-ai-dis-was] info: [DIS-API] GET /tenant -  테넌트 목록 조회 완료
2023-05-09 13:55:35 [noon-ai-dis-was] info: [DIS-API] GET /user -  유저 정보조회 완료
2023-05-09 13:55:42 [noon-ai-dis-was] info: [DIS-API] GET /env -  환경변수 조회 완료
2023-05-09 13:55:42 [noon-ai-dis-was] info: [NCP-API] GET /bucket/list -  버킷 목록 조회 완료
2023-05-09 13:55:42 [noon-ai-dis-was] info: [DIS-API] GET /tenant -  테넌트 목록 조회 완료
2023-05-09 13:55:42 [noon-ai-dis-was] info: [DIS-API] GET /user -  유저 정보조회 완료
2023-05-09 13:55:46 [noon-ai-dis-was] info: [NCP-API] DELETE /tenant/bucket -  dev-tenant-80 삭제 완료
2023-05-09 13:56:33 [noon-ai-dis-was] info: [DIS-API] GET /env -  환경변수 조회 완료
2023-05-09 13:56:33 [noon-ai-dis-was] info: [NCP-API] GET /bucket/list -  버킷 목록 조회 완료
2023-05-09 13:56:33 [noon-ai-dis-was] info: [DIS-API] GET /tenant -  테넌트 목록 조회 완료
2023-05-09 13:56:33 [noon-ai-dis-was] info: [DIS-API] GET /user -  유저 정보조회 완료
2023-05-09 13:58:04 [noon-ai-dis-was] info: [DIS-API] GET /env -  환경변수 조회 완료
2023-05-09 13:58:04 [noon-ai-dis-was] info: [NCP-API] GET /bucket/list -  버킷 목록 조회 완료
2023-05-09 13:58:04 [noon-ai-dis-was] info: [DIS-API] GET /tenant -  테넌트 목록 조회 완료
2023-05-09 13:58:04 [noon-ai-dis-was] info: [DIS-API] GET /user -  유저 정보조회 완료
2023-05-09 13:58:18 [noon-ai-dis-was] info: [DIS-API] GET /env -  환경변수 조회 완료
2023-05-09 13:58:19 [noon-ai-dis-was] info: [NCP-API] GET /bucket/list -  버킷 목록 조회 완료
2023-05-09 13:58:19 [noon-ai-dis-was] info: [DIS-API] GET /tenant -  테넌트 목록 조회 완료
2023-05-09 13:58:19 [noon-ai-dis-was] info: [DIS-API] GET /user -  유저 정보조회 완료
2023-05-09 13:58:25 [noon-ai-dis-was] info: [NCP-API] DELETE /tenant/bucket -  dev-tenant-84 삭제 완료
2023-05-09 14:00:14 [noon-ai-dis-was] info: [DIS-API] GET /env -  환경변수 조회 완료
2023-05-09 14:00:14 [noon-ai-dis-was] info: [NCP-API] GET /bucket/list -  버킷 목록 조회 완료
2023-05-09 14:00:14 [noon-ai-dis-was] info: [DIS-API] GET /tenant -  테넌트 목록 조회 완료
2023-05-09 14:00:15 [noon-ai-dis-was] info: [DIS-API] GET /user -  유저 정보조회 완료
2023-05-09 14:00:17 [noon-ai-dis-was] info: [NCP-API] DELETE /tenant/bucket -  dev-tenant-83 삭제 완료
2023-05-09 14:16:08 [noon-ai-dis-was] info: [DIS-API] GET /env -  환경변수 조회 완료
2023-05-09 14:16:12 [noon-ai-dis-was] info: [DIS-API] POST /first-login -  1차 로그인 완료
2023-05-09 14:16:14 [noon-ai-dis-was] info: [DIS-API] PUT /login/failCount/clear -  로그인 실패 횟수 0 초기화
2023-05-09 14:16:14 [noon-ai-dis-was] info: [DIS-API] POST /login -  관리자 MHNCity 로그인 완료
2023-05-09 14:16:14 [noon-ai-dis-was] info: [DIS-API] PUT /login/lockCount -  lock_count 0 초기화
2023-05-09 14:16:14 [noon-ai-dis-was] info: [DIS-API] GET /signup/request -  가입요청 목록 조회 완료
2023-05-09 14:16:14 [noon-ai-dis-was] info: [DIS-API] GET /user -  유저 정보조회 완료
2023-05-09 14:18:07 [noon-ai-dis-was] info: [DIS-API] GET /signup/request -  가입요청 목록 조회 완료
2023-05-09 14:18:07 [noon-ai-dis-was] info: [DIS-API] GET /user -  유저 정보조회 완료
2023-05-09 14:18:10 [noon-ai-dis-was] info: [DIS-API] GET /env -  환경변수 조회 완료
2023-05-09 14:18:11 [noon-ai-dis-was] info: [NCP-API] GET /bucket/list -  버킷 목록 조회 완료
2023-05-09 14:18:11 [noon-ai-dis-was] info: [DIS-API] GET /tenant -  테넌트 목록 조회 완료
2023-05-09 14:18:11 [noon-ai-dis-was] info: [DIS-API] GET /user -  유저 정보조회 완료
2023-05-09 14:18:16 [noon-ai-dis-was] info: [NCP-API] DELETE /tenant/bucket -  dev-tenant-82 삭제 완료
2023-05-09 14:19:43 [noon-ai-dis-was] info: [DIS-API] GET /env -  환경변수 조회 완료
2023-05-09 14:19:43 [noon-ai-dis-was] info: [NCP-API] GET /bucket/list -  버킷 목록 조회 완료
2023-05-09 14:19:43 [noon-ai-dis-was] info: [DIS-API] GET /tenant -  테넌트 목록 조회 완료
2023-05-09 14:19:43 [noon-ai-dis-was] info: [DIS-API] GET /user -  유저 정보조회 완료
2023-05-09 14:19:55 [noon-ai-dis-was] info: [DIS-API] GET /env -  환경변수 조회 완료
2023-05-09 14:19:55 [noon-ai-dis-was] info: [NCP-API] GET /bucket/list -  버킷 목록 조회 완료
2023-05-09 14:19:55 [noon-ai-dis-was] info: [DIS-API] GET /tenant -  테넌트 목록 조회 완료
2023-05-09 14:19:55 [noon-ai-dis-was] info: [DIS-API] GET /user -  유저 정보조회 완료
2023-05-09 14:19:58 [noon-ai-dis-was] info: [NCP-API] DELETE /tenant/bucket -  dev-tenant-81 삭제 완료
2023-05-09 14:21:22 [noon-ai-dis-was] info: [DIS-API] GET /env -  환경변수 조회 완료
2023-05-09 14:21:23 [noon-ai-dis-was] info: [NCP-API] GET /bucket/list -  버킷 목록 조회 완료
2023-05-09 14:21:23 [noon-ai-dis-was] info: [DIS-API] GET /tenant -  테넌트 목록 조회 완료
2023-05-09 14:21:23 [noon-ai-dis-was] info: [DIS-API] GET /user -  유저 정보조회 완료
2023-05-09 14:23:06 [noon-ai-dis-was] info: [DIS-API] GET /env -  환경변수 조회 완료
2023-05-09 14:23:06 [noon-ai-dis-was] info: [NCP-API] GET /bucket/list -  버킷 목록 조회 완료
2023-05-09 14:23:06 [noon-ai-dis-was] info: [DIS-API] GET /tenant -  테넌트 목록 조회 완료
2023-05-09 14:23:06 [noon-ai-dis-was] info: [DIS-API] GET /user -  유저 정보조회 완료
2023-05-09 14:23:09 [noon-ai-dis-was] info: [NCP-API] DELETE /tenant/bucket -  dev-tenant-84 삭제 완료
2023-05-09 14:23:21 [noon-ai-dis-was] info: [DIS-API] GET /env -  환경변수 조회 완료
2023-05-09 14:23:21 [noon-ai-dis-was] info: [NCP-API] GET /bucket/list -  버킷 목록 조회 완료
2023-05-09 14:23:21 [noon-ai-dis-was] info: [DIS-API] GET /tenant -  테넌트 목록 조회 완료
2023-05-09 14:23:21 [noon-ai-dis-was] info: [DIS-API] GET /user -  유저 정보조회 완료
2023-05-09 14:23:23 [noon-ai-dis-was] info: [NCP-API] DELETE /tenant/bucket -  dev-tenant-83 삭제 완료
2023-05-09 14:23:30 [noon-ai-dis-was] info: [DIS-API] GET /env -  환경변수 조회 완료
2023-05-09 14:23:30 [noon-ai-dis-was] info: [NCP-API] GET /bucket/list -  버킷 목록 조회 완료
2023-05-09 14:23:30 [noon-ai-dis-was] info: [DIS-API] GET /tenant -  테넌트 목록 조회 완료
2023-05-09 14:23:31 [noon-ai-dis-was] info: [DIS-API] GET /user -  유저 정보조회 완료
2023-05-09 14:26:11 [noon-ai-dis-was] info: [DIS-API] GET /env -  환경변수 조회 완료
2023-05-09 14:26:11 [noon-ai-dis-was] info: [NCP-API] GET /bucket/list -  버킷 목록 조회 완료
2023-05-09 14:26:11 [noon-ai-dis-was] info: [DIS-API] GET /tenant -  테넌트 목록 조회 완료
2023-05-09 14:26:11 [noon-ai-dis-was] info: [DIS-API] GET /user -  유저 정보조회 완료
2023-05-09 14:26:15 [noon-ai-dis-was] info: [NCP-API] DELETE /tenant/bucket -  dev-tenant-82 삭제 완료
2023-05-09 14:27:51 [noon-ai-dis-was] info: [DIS-API] GET /env -  환경변수 조회 완료
2023-05-09 14:27:51 [noon-ai-dis-was] info: [NCP-API] GET /bucket/list -  버킷 목록 조회 완료
2023-05-09 14:27:51 [noon-ai-dis-was] info: [DIS-API] GET /tenant -  테넌트 목록 조회 완료
2023-05-09 14:27:51 [noon-ai-dis-was] info: [DIS-API] GET /user -  유저 정보조회 완료
2023-05-09 14:27:55 [noon-ai-dis-was] info: [NCP-API] DELETE /tenant/bucket -  dev-tenant-81 삭제 완료
2023-05-09 14:28:04 [noon-ai-dis-was] info: [DIS-API] GET /env -  환경변수 조회 완료
2023-05-09 14:28:04 [noon-ai-dis-was] info: [NCP-API] GET /bucket/list -  버킷 목록 조회 완료
2023-05-09 14:28:04 [noon-ai-dis-was] info: [DIS-API] GET /tenant -  테넌트 목록 조회 완료
2023-05-09 14:28:04 [noon-ai-dis-was] info: [DIS-API] GET /user -  유저 정보조회 완료
2023-05-09 14:28:39 [noon-ai-dis-was] info: [DIS-API] GET /env -  환경변수 조회 완료
2023-05-09 14:28:39 [noon-ai-dis-was] info: [NCP-API] GET /bucket/list -  버킷 목록 조회 완료
2023-05-09 14:28:39 [noon-ai-dis-was] info: [DIS-API] GET /tenant -  테넌트 목록 조회 완료
2023-05-09 14:28:39 [noon-ai-dis-was] info: [DIS-API] GET /user -  유저 정보조회 완료
2023-05-09 14:28:43 [noon-ai-dis-was] info: [DIS-API] GET /env -  환경변수 조회 완료
2023-05-09 14:28:43 [noon-ai-dis-was] info: [NCP-API] GET /bucket/list -  버킷 목록 조회 완료
2023-05-09 14:28:43 [noon-ai-dis-was] info: [DIS-API] GET /tenant -  테넌트 목록 조회 완료
2023-05-09 14:28:43 [noon-ai-dis-was] info: [DIS-API] GET /user -  유저 정보조회 완료
2023-05-09 14:29:35 [noon-ai-dis-was] info: [DIS-API] GET /env -  환경변수 조회 완료
2023-05-09 14:29:36 [noon-ai-dis-was] info: [NCP-API] GET /bucket/list -  버킷 목록 조회 완료
2023-05-09 14:29:36 [noon-ai-dis-was] info: [DIS-API] GET /tenant -  테넌트 목록 조회 완료
2023-05-09 14:29:36 [noon-ai-dis-was] info: [DIS-API] GET /user -  유저 정보조회 완료
2023-05-09 14:29:42 [noon-ai-dis-was] info: [DIS-API] GET /env -  환경변수 조회 완료
2023-05-09 14:29:42 [noon-ai-dis-was] info: [NCP-API] GET /bucket/list -  버킷 목록 조회 완료
2023-05-09 14:29:42 [noon-ai-dis-was] info: [DIS-API] GET /tenant -  테넌트 목록 조회 완료
2023-05-09 14:29:42 [noon-ai-dis-was] info: [DIS-API] GET /user -  유저 정보조회 완료
2023-05-09 14:33:14 [noon-ai-dis-was] info: [DIS-API] GET /env -  환경변수 조회 완료
2023-05-09 14:33:14 [noon-ai-dis-was] info: [NCP-API] GET /bucket/list -  버킷 목록 조회 완료
2023-05-09 14:33:14 [noon-ai-dis-was] info: [DIS-API] GET /tenant -  테넌트 목록 조회 완료
2023-05-09 14:33:14 [noon-ai-dis-was] info: [DIS-API] GET /user -  유저 정보조회 완료
2023-05-09 14:47:13 [noon-ai-dis-was] info: [DIS-API] GET /env -  환경변수 조회 완료
2023-05-09 14:47:13 [noon-ai-dis-was] info: [NCP-API] GET /bucket/list -  버킷 목록 조회 완료
2023-05-09 14:47:13 [noon-ai-dis-was] info: [DIS-API] GET /tenant -  테넌트 목록 조회 완료
2023-05-09 14:47:13 [noon-ai-dis-was] info: [DIS-API] GET /user -  유저 정보조회 완료
2023-05-09 14:47:19 [noon-ai-dis-was] info: [DIS-API] GET /env -  환경변수 조회 완료
2023-05-09 14:47:19 [noon-ai-dis-was] info: [NCP-API] GET /bucket/list -  버킷 목록 조회 완료
2023-05-09 14:47:19 [noon-ai-dis-was] info: [DIS-API] GET /tenant -  테넌트 목록 조회 완료
2023-05-09 14:47:19 [noon-ai-dis-was] info: [DIS-API] GET /user -  유저 정보조회 완료
2023-05-09 14:47:30 [noon-ai-dis-was] info: [DIS-API] GET /env -  환경변수 조회 완료
2023-05-09 14:47:30 [noon-ai-dis-was] info: [NCP-API] GET /bucket/list -  버킷 목록 조회 완료
2023-05-09 14:47:31 [noon-ai-dis-was] info: [DIS-API] GET /tenant -  테넌트 목록 조회 완료
2023-05-09 14:47:31 [noon-ai-dis-was] info: [DIS-API] GET /user -  유저 정보조회 완료
2023-05-09 14:47:37 [noon-ai-dis-was] info: [DIS-API] GET /env -  환경변수 조회 완료
2023-05-09 14:47:37 [noon-ai-dis-was] info: [NCP-API] GET /bucket/list -  버킷 목록 조회 완료
2023-05-09 14:47:37 [noon-ai-dis-was] info: [DIS-API] GET /tenant -  테넌트 목록 조회 완료
2023-05-09 14:47:37 [noon-ai-dis-was] info: [DIS-API] GET /user -  유저 정보조회 완료
2023-05-09 14:52:22 [noon-ai-dis-was] info: [DIS-API] GET /env -  환경변수 조회 완료
2023-05-09 14:52:22 [noon-ai-dis-was] info: [NCP-API] GET /bucket/list -  버킷 목록 조회 완료
2023-05-09 14:52:22 [noon-ai-dis-was] info: [DIS-API] GET /tenant -  테넌트 목록 조회 완료
2023-05-09 14:52:22 [noon-ai-dis-was] info: [DIS-API] GET /user -  유저 정보조회 완료
2023-05-09 14:52:25 [noon-ai-dis-was] info: [DIS-API] GET /env -  환경변수 조회 완료
2023-05-09 14:52:26 [noon-ai-dis-was] info: [NCP-API] GET /bucket/list -  버킷 목록 조회 완료
2023-05-09 14:52:26 [noon-ai-dis-was] info: [DIS-API] GET /tenant -  테넌트 목록 조회 완료
2023-05-09 14:52:26 [noon-ai-dis-was] info: [DIS-API] GET /user -  유저 정보조회 완료
2023-05-09 14:52:26 [noon-ai-dis-was] info: [DIS-API] GET /env -  환경변수 조회 완료
2023-05-09 14:52:26 [noon-ai-dis-was] info: [NCP-API] GET /bucket/list -  버킷 목록 조회 완료
2023-05-09 14:52:26 [noon-ai-dis-was] info: [DIS-API] GET /tenant -  테넌트 목록 조회 완료
2023-05-09 14:52:26 [noon-ai-dis-was] info: [DIS-API] GET /user -  유저 정보조회 완료
2023-05-09 14:52:29 [noon-ai-dis-was] info: [DIS-API] GET /env -  환경변수 조회 완료
2023-05-09 14:52:30 [noon-ai-dis-was] info: [NCP-API] GET /bucket/list -  버킷 목록 조회 완료
2023-05-09 14:52:30 [noon-ai-dis-was] info: [DIS-API] GET /tenant -  테넌트 목록 조회 완료
2023-05-09 14:52:30 [noon-ai-dis-was] info: [DIS-API] GET /user -  유저 정보조회 완료
2023-05-09 14:52:37 [noon-ai-dis-was] info: [DIS-API] GET /env -  환경변수 조회 완료
2023-05-09 14:52:37 [noon-ai-dis-was] info: [NCP-API] GET /bucket/list -  버킷 목록 조회 완료
2023-05-09 14:52:37 [noon-ai-dis-was] info: [DIS-API] GET /tenant -  테넌트 목록 조회 완료
2023-05-09 14:52:37 [noon-ai-dis-was] info: [DIS-API] GET /user -  유저 정보조회 완료
2023-05-09 14:52:41 [noon-ai-dis-was] info: [DIS-API] GET /env -  환경변수 조회 완료
2023-05-09 14:52:41 [noon-ai-dis-was] info: [NCP-API] GET /bucket/list -  버킷 목록 조회 완료
2023-05-09 14:52:41 [noon-ai-dis-was] info: [DIS-API] GET /tenant -  테넌트 목록 조회 완료
2023-05-09 14:52:41 [noon-ai-dis-was] info: [DIS-API] GET /user -  유저 정보조회 완료
2023-05-09 14:52:49 [noon-ai-dis-was] info: [DIS-API] GET /env -  환경변수 조회 완료
2023-05-09 14:52:49 [noon-ai-dis-was] info: [NCP-API] GET /bucket/list -  버킷 목록 조회 완료
2023-05-09 14:52:49 [noon-ai-dis-was] info: [DIS-API] GET /tenant -  테넌트 목록 조회 완료
2023-05-09 14:52:49 [noon-ai-dis-was] info: [DIS-API] GET /user -  유저 정보조회 완료
2023-05-09 14:52:52 [noon-ai-dis-was] info: [DIS-API] GET /env -  환경변수 조회 완료
2023-05-09 14:52:52 [noon-ai-dis-was] info: [NCP-API] GET /bucket/list -  버킷 목록 조회 완료
2023-05-09 14:52:52 [noon-ai-dis-was] info: [DIS-API] GET /tenant -  테넌트 목록 조회 완료
2023-05-09 14:52:52 [noon-ai-dis-was] info: [DIS-API] GET /user -  유저 정보조회 완료
2023-05-09 14:52:59 [noon-ai-dis-was] info: [DIS-API] GET /env -  환경변수 조회 완료
2023-05-09 14:52:59 [noon-ai-dis-was] info: [NCP-API] GET /bucket/list -  버킷 목록 조회 완료
2023-05-09 14:52:59 [noon-ai-dis-was] info: [DIS-API] GET /tenant -  테넌트 목록 조회 완료
2023-05-09 14:52:59 [noon-ai-dis-was] info: [DIS-API] GET /user -  유저 정보조회 완료
2023-05-09 14:53:27 [noon-ai-dis-was] info: [DIS-API] GET /env -  환경변수 조회 완료
2023-05-09 14:53:27 [noon-ai-dis-was] info: [NCP-API] GET /bucket/list -  버킷 목록 조회 완료
2023-05-09 14:53:27 [noon-ai-dis-was] info: [DIS-API] GET /tenant -  테넌트 목록 조회 완료
2023-05-09 14:53:27 [noon-ai-dis-was] info: [DIS-API] GET /user -  유저 정보조회 완료
2023-05-09 14:53:44 [noon-ai-dis-was] info: [DIS-API] GET /env -  환경변수 조회 완료
2023-05-09 14:53:44 [noon-ai-dis-was] info: [NCP-API] GET /bucket/list -  버킷 목록 조회 완료
2023-05-09 14:53:44 [noon-ai-dis-was] info: [DIS-API] GET /tenant -  테넌트 목록 조회 완료
2023-05-09 14:53:44 [noon-ai-dis-was] info: [DIS-API] GET /user -  유저 정보조회 완료
2023-05-09 14:54:28 [noon-ai-dis-was] info: [DIS-API] GET /env -  환경변수 조회 완료
2023-05-09 14:54:28 [noon-ai-dis-was] info: [NCP-API] GET /bucket/list -  버킷 목록 조회 완료
2023-05-09 14:54:28 [noon-ai-dis-was] info: [DIS-API] GET /tenant -  테넌트 목록 조회 완료
2023-05-09 14:54:28 [noon-ai-dis-was] info: [DIS-API] GET /user -  유저 정보조회 완료
2023-05-09 14:54:57 [noon-ai-dis-was] info: [DIS-API] GET /env -  환경변수 조회 완료
2023-05-09 14:54:57 [noon-ai-dis-was] info: [NCP-API] GET /bucket/list -  버킷 목록 조회 완료
2023-05-09 14:54:57 [noon-ai-dis-was] info: [DIS-API] GET /tenant -  테넌트 목록 조회 완료
2023-05-09 14:54:58 [noon-ai-dis-was] info: [DIS-API] GET /user -  유저 정보조회 완료
2023-05-09 14:55:39 [noon-ai-dis-was] info: [DIS-API] GET /env -  환경변수 조회 완료
2023-05-09 14:55:39 [noon-ai-dis-was] info: [NCP-API] GET /bucket/list -  버킷 목록 조회 완료
2023-05-09 14:55:39 [noon-ai-dis-was] info: [DIS-API] GET /tenant -  테넌트 목록 조회 완료
2023-05-09 14:55:39 [noon-ai-dis-was] info: [DIS-API] GET /user -  유저 정보조회 완료
2023-05-09 14:56:10 [noon-ai-dis-was] info: [DIS-API] GET /env -  환경변수 조회 완료
2023-05-09 14:56:10 [noon-ai-dis-was] info: [NCP-API] GET /bucket/list -  버킷 목록 조회 완료
2023-05-09 14:56:10 [noon-ai-dis-was] info: [DIS-API] GET /tenant -  테넌트 목록 조회 완료
2023-05-09 14:56:10 [noon-ai-dis-was] info: [DIS-API] GET /user -  유저 정보조회 완료
2023-05-09 14:57:19 [noon-ai-dis-was] info: [DIS-API] GET /env -  환경변수 조회 완료
2023-05-09 14:57:19 [noon-ai-dis-was] info: [NCP-API] GET /bucket/list -  버킷 목록 조회 완료
2023-05-09 14:57:19 [noon-ai-dis-was] info: [DIS-API] GET /tenant -  테넌트 목록 조회 완료
2023-05-09 14:57:19 [noon-ai-dis-was] info: [DIS-API] GET /user -  유저 정보조회 완료
2023-05-09 14:57:19 [noon-ai-dis-was] info: [DIS-API] GET /env -  환경변수 조회 완료
2023-05-09 14:57:19 [noon-ai-dis-was] info: [NCP-API] GET /bucket/list -  버킷 목록 조회 완료
2023-05-09 14:57:19 [noon-ai-dis-was] info: [DIS-API] GET /tenant -  테넌트 목록 조회 완료
2023-05-09 14:57:19 [noon-ai-dis-was] info: [DIS-API] GET /user -  유저 정보조회 완료
2023-05-09 14:58:14 [noon-ai-dis-was] info: [DIS-API] GET /env -  환경변수 조회 완료
2023-05-09 14:58:14 [noon-ai-dis-was] info: [NCP-API] GET /bucket/list -  버킷 목록 조회 완료
2023-05-09 14:58:14 [noon-ai-dis-was] info: [DIS-API] GET /tenant -  테넌트 목록 조회 완료
2023-05-09 14:58:14 [noon-ai-dis-was] info: [DIS-API] GET /user -  유저 정보조회 완료
2023-05-09 14:58:30 [noon-ai-dis-was] info: [DIS-API] GET /env -  환경변수 조회 완료
2023-05-09 14:58:31 [noon-ai-dis-was] info: [NCP-API] GET /bucket/list -  버킷 목록 조회 완료
2023-05-09 14:58:31 [noon-ai-dis-was] info: [DIS-API] GET /tenant -  테넌트 목록 조회 완료
2023-05-09 14:58:31 [noon-ai-dis-was] info: [DIS-API] GET /user -  유저 정보조회 완료
2023-05-09 14:58:40 [noon-ai-dis-was] info: [DIS-API] GET /env -  환경변수 조회 완료
2023-05-09 14:58:40 [noon-ai-dis-was] info: [NCP-API] GET /bucket/list -  버킷 목록 조회 완료
2023-05-09 14:58:40 [noon-ai-dis-was] info: [DIS-API] GET /tenant -  테넌트 목록 조회 완료
2023-05-09 14:58:40 [noon-ai-dis-was] info: [DIS-API] GET /user -  유저 정보조회 완료
2023-05-09 15:00:51 [noon-ai-dis-was] info: [DIS-API] GET /env -  환경변수 조회 완료
2023-05-09 15:00:52 [noon-ai-dis-was] info: [NCP-API] GET /bucket/list -  버킷 목록 조회 완료
2023-05-09 15:00:52 [noon-ai-dis-was] info: [DIS-API] GET /tenant -  테넌트 목록 조회 완료
2023-05-09 15:00:52 [noon-ai-dis-was] info: [DIS-API] GET /user -  유저 정보조회 완료
2023-05-09 15:01:51 [noon-ai-dis-was] info: [DIS-API] GET /env -  환경변수 조회 완료
2023-05-09 15:01:51 [noon-ai-dis-was] info: [NCP-API] GET /bucket/list -  버킷 목록 조회 완료
2023-05-09 15:01:51 [noon-ai-dis-was] info: [DIS-API] GET /tenant -  테넌트 목록 조회 완료
2023-05-09 15:01:51 [noon-ai-dis-was] info: [DIS-API] GET /user -  유저 정보조회 완료
2023-05-09 15:04:20 [noon-ai-dis-was] info: [DIS-API] GET /env -  환경변수 조회 완료
2023-05-09 15:04:20 [noon-ai-dis-was] info: [NCP-API] GET /bucket/list -  버킷 목록 조회 완료
2023-05-09 15:04:20 [noon-ai-dis-was] info: [DIS-API] GET /tenant -  테넌트 목록 조회 완료
2023-05-09 15:04:20 [noon-ai-dis-was] info: [DIS-API] GET /user -  유저 정보조회 완료
2023-05-09 15:04:31 [noon-ai-dis-was] info: [DIS-API] GET /env -  환경변수 조회 완료
2023-05-09 15:04:32 [noon-ai-dis-was] info: [NCP-API] GET /bucket/list -  버킷 목록 조회 완료
2023-05-09 15:04:32 [noon-ai-dis-was] info: [DIS-API] GET /tenant -  테넌트 목록 조회 완료
2023-05-09 15:04:32 [noon-ai-dis-was] info: [DIS-API] GET /user -  유저 정보조회 완료
2023-05-09 15:04:55 [noon-ai-dis-was] info: [DIS-API] GET /env -  환경변수 조회 완료
2023-05-09 15:04:55 [noon-ai-dis-was] info: [NCP-API] GET /bucket/list -  버킷 목록 조회 완료
2023-05-09 15:04:55 [noon-ai-dis-was] info: [DIS-API] GET /tenant -  테넌트 목록 조회 완료
2023-05-09 15:04:55 [noon-ai-dis-was] info: [DIS-API] GET /user -  유저 정보조회 완료
2023-05-09 15:05:02 [noon-ai-dis-was] info: [DIS-API] GET /env -  환경변수 조회 완료
2023-05-09 15:05:02 [noon-ai-dis-was] info: [NCP-API] GET /bucket/list -  버킷 목록 조회 완료
2023-05-09 15:05:02 [noon-ai-dis-was] info: [DIS-API] GET /tenant -  테넌트 목록 조회 완료
2023-05-09 15:05:02 [noon-ai-dis-was] info: [DIS-API] GET /user -  유저 정보조회 완료
2023-05-09 15:07:28 [noon-ai-dis-was] info: [DIS-API] GET /env -  환경변수 조회 완료
2023-05-09 15:07:28 [noon-ai-dis-was] info: [NCP-API] GET /bucket/list -  버킷 목록 조회 완료
2023-05-09 15:07:28 [noon-ai-dis-was] info: [DIS-API] GET /tenant -  테넌트 목록 조회 완료
2023-05-09 15:07:28 [noon-ai-dis-was] info: [DIS-API] GET /user -  유저 정보조회 완료
2023-05-09 15:07:35 [noon-ai-dis-was] info: [DIS-API] GET /env -  환경변수 조회 완료
2023-05-09 15:07:35 [noon-ai-dis-was] info: [NCP-API] GET /bucket/list -  버킷 목록 조회 완료
2023-05-09 15:07:35 [noon-ai-dis-was] info: [DIS-API] GET /tenant -  테넌트 목록 조회 완료
2023-05-09 15:07:35 [noon-ai-dis-was] info: [DIS-API] GET /user -  유저 정보조회 완료
2023-05-09 15:07:51 [noon-ai-dis-was] info: [DIS-API] GET /env -  환경변수 조회 완료
2023-05-09 15:07:51 [noon-ai-dis-was] info: [NCP-API] GET /bucket/list -  버킷 목록 조회 완료
2023-05-09 15:07:51 [noon-ai-dis-was] info: [DIS-API] GET /tenant -  테넌트 목록 조회 완료
2023-05-09 15:07:51 [noon-ai-dis-was] info: [DIS-API] GET /user -  유저 정보조회 완료
2023-05-09 15:08:01 [noon-ai-dis-was] info: [DIS-API] GET /env -  환경변수 조회 완료
2023-05-09 15:08:01 [noon-ai-dis-was] info: [NCP-API] GET /bucket/list -  버킷 목록 조회 완료
2023-05-09 15:08:01 [noon-ai-dis-was] info: [DIS-API] GET /tenant -  테넌트 목록 조회 완료
2023-05-09 15:08:01 [noon-ai-dis-was] info: [DIS-API] GET /user -  유저 정보조회 완료
2023-05-09 15:09:04 [noon-ai-dis-was] info: [DIS-API] GET /env -  환경변수 조회 완료
2023-05-09 15:09:04 [noon-ai-dis-was] info: [NCP-API] GET /bucket/list -  버킷 목록 조회 완료
2023-05-09 15:09:04 [noon-ai-dis-was] info: [DIS-API] GET /tenant -  테넌트 목록 조회 완료
2023-05-09 15:09:04 [noon-ai-dis-was] info: [DIS-API] GET /user -  유저 정보조회 완료
2023-05-09 15:09:09 [noon-ai-dis-was] info: [DIS-API] GET /env -  환경변수 조회 완료
2023-05-09 15:09:09 [noon-ai-dis-was] info: [NCP-API] GET /bucket/list -  버킷 목록 조회 완료
2023-05-09 15:09:09 [noon-ai-dis-was] info: [DIS-API] GET /tenant -  테넌트 목록 조회 완료
2023-05-09 15:09:09 [noon-ai-dis-was] info: [DIS-API] GET /user -  유저 정보조회 완료
2023-05-09 15:09:22 [noon-ai-dis-was] info: [DIS-API] GET /env -  환경변수 조회 완료
2023-05-09 15:09:22 [noon-ai-dis-was] info: [NCP-API] GET /bucket/list -  버킷 목록 조회 완료
2023-05-09 15:09:22 [noon-ai-dis-was] info: [DIS-API] GET /tenant -  테넌트 목록 조회 완료
2023-05-09 15:09:22 [noon-ai-dis-was] info: [DIS-API] GET /user -  유저 정보조회 완료
2023-05-09 15:09:30 [noon-ai-dis-was] info: [DIS-API] GET /env -  환경변수 조회 완료
2023-05-09 15:09:30 [noon-ai-dis-was] info: [NCP-API] GET /bucket/list -  버킷 목록 조회 완료
2023-05-09 15:09:30 [noon-ai-dis-was] info: [DIS-API] GET /tenant -  테넌트 목록 조회 완료
2023-05-09 15:09:30 [noon-ai-dis-was] info: [DIS-API] GET /user -  유저 정보조회 완료
2023-05-09 15:11:01 [noon-ai-dis-was] info: [DIS-API] GET /env -  환경변수 조회 완료
2023-05-09 15:11:01 [noon-ai-dis-was] info: [NCP-API] GET /bucket/list -  버킷 목록 조회 완료
2023-05-09 15:11:01 [noon-ai-dis-was] info: [DIS-API] GET /tenant -  테넌트 목록 조회 완료
2023-05-09 15:11:01 [noon-ai-dis-was] info: [DIS-API] GET /user -  유저 정보조회 완료
2023-05-09 15:13:23 [noon-ai-dis-was] info: [DIS-API] GET /env -  환경변수 조회 완료
2023-05-09 15:13:23 [noon-ai-dis-was] info: [NCP-API] GET /bucket/list -  버킷 목록 조회 완료
2023-05-09 15:13:23 [noon-ai-dis-was] info: [DIS-API] GET /tenant -  테넌트 목록 조회 완료
2023-05-09 15:13:23 [noon-ai-dis-was] info: [DIS-API] GET /user -  유저 정보조회 완료
2023-05-09 15:19:33 [noon-ai-dis-was] info: [DIS-API] GET /env -  환경변수 조회 완료
2023-05-09 15:19:37 [noon-ai-dis-was] info: [DIS-API] POST /first-login -  1차 로그인 완료
2023-05-09 15:19:38 [noon-ai-dis-was] info: [DIS-API] PUT /login/failCount/clear -  로그인 실패 횟수 0 초기화
2023-05-09 15:19:38 [noon-ai-dis-was] info: [DIS-API] PUT /login/lockCount -  lock_count 0 초기화
2023-05-09 15:19:38 [noon-ai-dis-was] info: [DIS-API] POST /login -  관리자 MHNCity 로그인 완료
2023-05-09 15:19:39 [noon-ai-dis-was] info: [DIS-API] GET /signup/request -  가입요청 목록 조회 완료
2023-05-09 15:19:39 [noon-ai-dis-was] info: [DIS-API] GET /user -  유저 정보조회 완료
2023-05-09 15:19:40 [noon-ai-dis-was] info: [DIS-API] GET /env -  환경변수 조회 완료
2023-05-09 15:19:40 [noon-ai-dis-was] info: [NCP-API] GET /bucket/list -  버킷 목록 조회 완료
2023-05-09 15:19:40 [noon-ai-dis-was] info: [DIS-API] GET /tenant -  테넌트 목록 조회 완료
2023-05-09 15:19:40 [noon-ai-dis-was] info: [DIS-API] GET /user -  유저 정보조회 완료
2023-05-09 15:19:58 [noon-ai-dis-was] info: [DIS-API] GET /env -  환경변수 조회 완료
2023-05-09 15:19:58 [noon-ai-dis-was] info: [NCP-API] GET /bucket/list -  버킷 목록 조회 완료
2023-05-09 15:19:58 [noon-ai-dis-was] info: [DIS-API] GET /tenant -  테넌트 목록 조회 완료
2023-05-09 15:19:58 [noon-ai-dis-was] info: [DIS-API] GET /user -  유저 정보조회 완료
2023-05-09 15:20:28 [noon-ai-dis-was] info: [DIS-API] GET /env -  환경변수 조회 완료
2023-05-09 15:20:28 [noon-ai-dis-was] info: [NCP-API] GET /bucket/list -  버킷 목록 조회 완료
2023-05-09 15:20:28 [noon-ai-dis-was] info: [DIS-API] GET /tenant -  테넌트 목록 조회 완료
2023-05-09 15:20:28 [noon-ai-dis-was] info: [DIS-API] GET /user -  유저 정보조회 완료
2023-05-09 15:23:40 [noon-ai-dis-was] info: [DIS-API] GET /env -  환경변수 조회 완료
2023-05-09 15:23:40 [noon-ai-dis-was] info: [NCP-API] GET /bucket/list -  버킷 목록 조회 완료
2023-05-09 15:23:40 [noon-ai-dis-was] info: [DIS-API] GET /tenant -  테넌트 목록 조회 완료
2023-05-09 15:23:40 [noon-ai-dis-was] info: [DIS-API] GET /user -  유저 정보조회 완료
2023-05-09 15:23:46 [noon-ai-dis-was] info: [NCP-API] DELETE /tenant/account -  이용자 계정 삭제 완료
2023-05-09 15:23:47 [noon-ai-dis-was] info: [DIS-API] GET /env -  환경변수 조회 완료
2023-05-09 15:23:48 [noon-ai-dis-was] info: [NCP-API] GET /bucket/list -  버킷 목록 조회 완료
2023-05-09 15:23:48 [noon-ai-dis-was] info: [DIS-API] GET /tenant -  테넌트 목록 조회 완료
2023-05-09 15:23:48 [noon-ai-dis-was] info: [DIS-API] GET /user -  유저 정보조회 완료
2023-05-09 15:23:57 [noon-ai-dis-was] info: [NCP-API] DELETE /tenant/account -  이용자 계정 삭제 완료
2023-05-09 15:23:58 [noon-ai-dis-was] info: [DIS-API] GET /env -  환경변수 조회 완료
2023-05-09 15:23:58 [noon-ai-dis-was] info: [NCP-API] GET /bucket/list -  버킷 목록 조회 완료
2023-05-09 15:23:58 [noon-ai-dis-was] info: [DIS-API] GET /tenant -  테넌트 목록 조회 완료
2023-05-09 15:23:58 [noon-ai-dis-was] info: [DIS-API] GET /user -  유저 정보조회 완료
2023-05-09 15:24:30 [noon-ai-dis-was] info: [DIS-API] GET /env -  환경변수 조회 완료
2023-05-09 15:24:30 [noon-ai-dis-was] info: [NCP-API] GET /bucket/list -  버킷 목록 조회 완료
2023-05-09 15:24:30 [noon-ai-dis-was] info: [DIS-API] GET /tenant -  테넌트 목록 조회 완료
2023-05-09 15:24:30 [noon-ai-dis-was] info: [DIS-API] GET /user -  유저 정보조회 완료
2023-05-09 15:24:33 [noon-ai-dis-was] info: [NCP-API] DELETE /tenant/bucket -  dev-tenant-80 삭제 완료
2023-05-09 15:24:36 [noon-ai-dis-was] info: [NCP-API] DELETE /tenant/account -  이용자 계정 삭제 완료
2023-05-09 15:24:38 [noon-ai-dis-was] info: [DIS-API] GET /env -  환경변수 조회 완료
2023-05-09 15:24:38 [noon-ai-dis-was] info: [NCP-API] GET /bucket/list -  버킷 목록 조회 완료
2023-05-09 15:24:38 [noon-ai-dis-was] info: [DIS-API] GET /tenant -  테넌트 목록 조회 완료
2023-05-09 15:24:38 [noon-ai-dis-was] info: [DIS-API] GET /user -  유저 정보조회 완료
2023-05-09 15:26:28 [noon-ai-dis-was] info: [DIS-API] GET /env -  환경변수 조회 완료
2023-05-09 15:26:28 [noon-ai-dis-was] info: [NCP-API] GET /bucket/list -  버킷 목록 조회 완료
2023-05-09 15:26:28 [noon-ai-dis-was] info: [DIS-API] GET /tenant -  테넌트 목록 조회 완료
2023-05-09 15:26:28 [noon-ai-dis-was] info: [DIS-API] GET /user -  유저 정보조회 완료
2023-05-09 19:01:52 [noon-ai-dis-was] info: [DIS-API] GET /env -  환경변수 조회 완료
2023-05-09 19:01:55 [noon-ai-dis-was] info: [DIS-API] POST /first-login -  1차 로그인 완료
2023-05-09 19:01:56 [noon-ai-dis-was] info: [DIS-API] PUT /login/failCount/clear -  로그인 실패 횟수 0 초기화
2023-05-09 19:01:56 [noon-ai-dis-was] info: [DIS-API] PUT /login/lockCount -  lock_count 0 초기화
2023-05-09 19:01:56 [noon-ai-dis-was] info: [DIS-API] POST /login -  관리자 MHNCity 로그인 완료
2023-05-09 19:01:56 [noon-ai-dis-was] info: [DIS-API] GET /signup/request -  가입요청 목록 조회 완료
2023-05-09 19:01:56 [noon-ai-dis-was] info: [DIS-API] GET /user -  유저 정보조회 완료
2023-05-09 19:01:59 [noon-ai-dis-was] info: [DIS-API] GET /env -  환경변수 조회 완료
2023-05-09 19:01:59 [noon-ai-dis-was] info: [NCP-API] GET /bucket/list -  버킷 목록 조회 완료
2023-05-09 19:01:59 [noon-ai-dis-was] info: [DIS-API] GET /tenant -  테넌트 목록 조회 완료
2023-05-09 19:01:59 [noon-ai-dis-was] info: [DIS-API] GET /user -  유저 정보조회 완료
2023-05-09 19:02:01 [noon-ai-dis-was] info: [NCP-API] GET /usage -  월간 미터링 정보 조회 완료
2023-05-09 19:02:01 [noon-ai-dis-was] info: [DIS-API] GET /user -  유저 정보조회 완료
2023-05-09 19:02:03 [noon-ai-dis-was] info: [DIS-API] GET /user -  유저 정보조회 완료
2023-05-09 19:02:03 [noon-ai-dis-was] info: [DIS-API] GET /manager -  관리자 계정 정보 요청 완료
2023-05-09 19:02:03 [noon-ai-dis-was] info: [DIS-API] GET /user -  유저 정보조회 완료
2023-05-09 19:02:03 [noon-ai-dis-was] info: [DIS-API] GET /user -  유저 정보조회 완료
2023-05-09 19:02:04 [noon-ai-dis-was] info: [NCP-API] GET /usage -  월간 미터링 정보 조회 완료
2023-05-09 19:02:04 [noon-ai-dis-was] info: [DIS-API] GET /user -  유저 정보조회 완료
2023-05-09 19:02:09 [noon-ai-dis-was] info: [NCP-API] GET /usage -  월간 미터링 정보 조회 완료
2023-05-09 19:02:09 [noon-ai-dis-was] info: [DIS-API] GET /user -  유저 정보조회 완료
